Scenario - FeedLearn_MRI_5x8_fullRand.sce
Logfile written - 05/29/2019 09:40:53

Subject	Trial	Event Type	Code	Time	TTime	Uncertainty	Duration	Uncertainty	ReqTime	ReqDur	Stim Type	Pair Index

biokurs19-09	1	Response	32	250194	240017	0
biokurs19-09	2	Response	16	305994	55785	0
biokurs19-09	2	Pulse	199	1215556	965347	0
biokurs19-09	2	Pulse	199	1225556	975346	0
biokurs19-09	2	Pulse	199	1235556	985346	0
biokurs19-09	2	Pulse	199	1245556	995346	0
biokurs19-09	2	Pulse	199	1255556	1005346	0
biokurs19-09	2	Pulse	199	1265556	1015346	0
biokurs19-09	3	Picture	fix	1266192	0	1	39467	1	0	next	other	0
biokurs19-09	3	Pulse	199	1275556	9363	0
biokurs19-09	3	Pulse	199	1285555	19363	0
biokurs19-09	3	Pulse	199	1295556	29363	0
biokurs19-09	3	Pulse	199	1305491	39299	65
biokurs19-09	5	Picture	stim	1305660	0	1	20089	1	0	20000	hit	16
biokurs19-09	5	Pulse	199	1315556	9896	0
biokurs19-09	5	Response	16	1324895	19236	0
biokurs19-09	5	Pulse	199	1325556	19896	0
biokurs19-09	6	Picture	fix2	1325926	0	1	10134	1	0	next	other	0
biokurs19-09	6	Pulse	199	1335556	9630	0
biokurs19-09	7	Picture	feedback	1336060	0	1	20183	262	0	next	other	0
biokurs19-09	7	Pulse	199	1345556	9496	0
biokurs19-09	7	Pulse	199	1355555	19495	0
biokurs19-09	8	Picture	fix	1356243	0	262	25328	263	0	next	other	0
biokurs19-09	8	Pulse	199	1365556	9313	0
biokurs19-09	8	Pulse	199	1375556	19313	0
biokurs19-09	10	Picture	stim	1381571	0	1	20089	1	0	20000	incorrect	28
biokurs19-09	10	Pulse	199	1385556	3984	0
biokurs19-09	10	Response	32	1394856	13284	0
biokurs19-09	10	Pulse	199	1395565	13994	0
biokurs19-09	11	Picture	fix2	1401661	0	1	27200	1	0	next	other	0
biokurs19-09	11	Pulse	199	1405556	3895	0
biokurs19-09	11	Pulse	199	1415566	13905	0
biokurs19-09	11	Pulse	199	1425566	23905	0
biokurs19-09	12	Picture	feedback	1428861	0	1	20267	1	0	next	other	0
biokurs19-09	12	Pulse	199	1435556	6695	0
biokurs19-09	12	Pulse	199	1445556	16695	0
biokurs19-09	13	Picture	fix	1449128	0	1	28800	1	0	next	other	0
biokurs19-09	13	Pulse	199	1455565	6438	0
biokurs19-09	13	Pulse	199	1465565	16437	0
biokurs19-09	13	Pulse	199	1475566	26438	0
biokurs19-09	15	Picture	stim	1477928	0	1	20089	1	0	20000	hit	43
biokurs19-09	15	Pulse	199	1485565	7637	1
biokurs19-09	15	Response	16	1493206	15278	0
biokurs19-09	15	Pulse	199	1495565	17637	0
biokurs19-09	16	Picture	fix2	1498017	0	1	16000	1	0	next	other	0
biokurs19-09	16	Pulse	199	1505566	7548	0
biokurs19-09	17	Picture	feedback	1514018	0	1	20445	1	0	next	other	0
biokurs19-09	17	Pulse	199	1515566	1548	0
biokurs19-09	17	Pulse	199	1525566	11548	0
biokurs19-09	18	Picture	fix	1534462	0	1	31823	1	0	next	other	0
biokurs19-09	18	Pulse	199	1535566	1104	0
biokurs19-09	18	Pulse	199	1545566	11103	0
biokurs19-09	18	Pulse	199	1555566	21104	0
biokurs19-09	18	Pulse	199	1565566	31104	0
biokurs19-09	20	Picture	stim	1566285	0	1	20089	1	0	20000	incorrect	57
biokurs19-09	20	Pulse	199	1575566	9281	0
biokurs19-09	20	Response	32	1579076	12792	0
biokurs19-09	20	Pulse	199	1585566	19281	0
biokurs19-09	21	Picture	fix2	1586552	0	1	21867	1	0	next	other	0
biokurs19-09	21	Pulse	199	1595566	9014	0
biokurs19-09	21	Pulse	199	1605566	19014	0
biokurs19-09	22	Picture	feedback	1608419	0	1	20089	1	0	next	other	0
biokurs19-09	22	Pulse	199	1615566	7148	0
biokurs19-09	22	Pulse	199	1625566	17147	0
biokurs19-09	23	Picture	fix	1628508	0	1	22045	1	0	next	other	0
biokurs19-09	23	Pulse	199	1635566	7059	0
biokurs19-09	23	Pulse	199	1645566	17058	0
biokurs19-09	25	Picture	stim	1650552	0	1	20089	1	0	20000	incorrect	71
biokurs19-09	25	Pulse	199	1655567	5014	0
biokurs19-09	25	Pulse	199	1665566	15014	0
biokurs19-09	25	Response	32	1665646	15094	0
biokurs19-09	26	Picture	fix2	1670819	0	1	17422	1	0	next	other	0
biokurs19-09	26	Pulse	199	1675566	4746	0
biokurs19-09	26	Pulse	199	1685566	14747	0
biokurs19-09	27	Picture	feedback	1688242	0	1	20089	1	0	next	other	0
biokurs19-09	27	Pulse	199	1695566	7325	0
biokurs19-09	27	Pulse	199	1705566	17324	0
biokurs19-09	28	Picture	fix	1708331	0	1	23111	1	0	next	other	0
biokurs19-09	28	Pulse	199	1715566	7235	0
biokurs19-09	28	Pulse	199	1725566	17235	0
biokurs19-09	30	Picture	stim	1731442	0	1	20089	1	0	20000	incorrect	84
biokurs19-09	30	Pulse	199	1735566	4124	0
biokurs19-09	30	Pulse	199	1745566	14124	1
biokurs19-09	30	Response	32	1745676	14234	0
biokurs19-09	31	Picture	fix2	1751531	0	1	18667	1	0	next	other	0
biokurs19-09	31	Pulse	199	1755567	4035	0
biokurs19-09	31	Pulse	199	1765567	14035	0
biokurs19-09	32	Picture	feedback	1770198	0	1	20089	1	0	next	other	0
biokurs19-09	32	Pulse	199	1775567	5369	0
biokurs19-09	32	Pulse	199	1785566	15368	0
biokurs19-09	33	Picture	fix	1790287	0	1	27734	1	0	next	other	0
biokurs19-09	33	Pulse	199	1795566	5279	0
biokurs19-09	33	Pulse	199	1805567	15279	0
biokurs19-09	33	Pulse	199	1815566	25279	0
biokurs19-09	35	Picture	stim	1818021	0	1	20089	1	0	20000	hit	97
biokurs19-09	35	Pulse	199	1825566	7545	0
biokurs19-09	35	Response	16	1831586	13565	0
biokurs19-09	35	Pulse	199	1835566	17545	0
biokurs19-09	36	Picture	fix2	1838110	0	1	16534	1	0	next	other	0
biokurs19-09	36	Pulse	199	1845566	7456	0
biokurs19-09	37	Picture	feedback	1854644	0	1	20089	1	0	next	other	0
biokurs19-09	37	Pulse	199	1855567	923	0
biokurs19-09	37	Pulse	199	1865567	10923	0
biokurs19-09	38	Picture	fix	1874733	0	1	41067	1	0	next	other	0
biokurs19-09	38	Pulse	199	1875566	834	0
biokurs19-09	38	Pulse	199	1885566	10833	0
biokurs19-09	38	Pulse	199	1895566	20833	0
biokurs19-09	38	Pulse	199	1905566	30833	0
biokurs19-09	38	Pulse	199	1915566	40833	0
biokurs19-09	40	Picture	stim	1915800	0	1	20089	1	0	20000	incorrect	112
biokurs19-09	40	Pulse	199	1925567	9767	0
biokurs19-09	40	Response	32	1928936	13136	0
biokurs19-09	40	Pulse	199	1935567	19767	0
biokurs19-09	41	Picture	fix2	1935889	0	1	22578	1	0	next	other	0
biokurs19-09	41	Pulse	199	1945567	9678	0
biokurs19-09	41	Pulse	199	1955566	19677	0
biokurs19-09	42	Picture	feedback	1958467	0	1	20089	1	0	next	other	0
biokurs19-09	42	Pulse	199	1965567	7100	0
biokurs19-09	42	Pulse	199	1975566	17099	0
biokurs19-09	43	Picture	fix	1978556	0	1	33778	1	0	next	other	0
biokurs19-09	43	Pulse	199	1985566	7010	0
biokurs19-09	43	Pulse	199	1995567	17010	0
biokurs19-09	43	Pulse	199	2005567	27010	0
biokurs19-09	45	Picture	stim	2012334	0	1	20089	1	0	20000	hit	126
biokurs19-09	45	Pulse	199	2015567	3232	0
biokurs19-09	45	Response	16	2024307	11973	0
biokurs19-09	45	Pulse	199	2025566	13231	0
biokurs19-09	46	Picture	fix2	2032424	0	1	19378	1	0	next	other	0
biokurs19-09	46	Pulse	199	2035567	3143	0
biokurs19-09	46	Pulse	199	2045567	13143	0
biokurs19-09	47	Picture	feedback	2051802	0	1	20267	1	0	next	other	0
biokurs19-09	47	Pulse	199	2055566	3765	0
biokurs19-09	47	Pulse	199	2065567	13765	0
biokurs19-09	48	Picture	fix	2072068	0	1	30756	1	0	next	other	0
biokurs19-09	48	Pulse	199	2075567	3498	0
biokurs19-09	48	Pulse	199	2085566	13498	0
biokurs19-09	48	Pulse	199	2095567	23498	0
biokurs19-09	50	Picture	stim	2102824	0	1	20089	1	0	20000	hit	141
biokurs19-09	50	Pulse	199	2105567	2742	0
biokurs19-09	50	Pulse	199	2115567	12743	0
biokurs19-09	50	Response	16	2116557	13732	0
biokurs19-09	51	Picture	fix2	2122914	0	1	15289	1	0	next	other	0
biokurs19-09	51	Pulse	199	2125567	2653	0
biokurs19-09	51	Pulse	199	2135567	12654	0
biokurs19-09	52	Picture	feedback	2138203	0	1	20089	1	0	next	other	0
biokurs19-09	52	Pulse	199	2145567	7365	0
biokurs19-09	52	Pulse	199	2155567	17364	0
biokurs19-09	53	Picture	fix	2158292	0	1	28800	1	0	next	other	0
biokurs19-09	53	Pulse	199	2165566	7275	0
biokurs19-09	53	Pulse	199	2175567	17275	0
biokurs19-09	53	Pulse	199	2185567	27275	0
biokurs19-09	55	Picture	stim	2187092	0	1	20089	1	0	20000	hit	154
biokurs19-09	55	Pulse	199	2195567	8475	0
biokurs19-09	55	Response	16	2200357	13265	0
biokurs19-09	55	Pulse	199	2205567	18475	0
biokurs19-09	56	Picture	fix2	2207181	0	1	25600	1	0	next	other	0
biokurs19-09	56	Pulse	199	2215567	8386	0
biokurs19-09	56	Pulse	199	2225567	18386	0
biokurs19-09	57	Picture	feedback	2232781	0	1	20089	1	0	next	other	0
biokurs19-09	57	Pulse	199	2235567	2785	0
biokurs19-09	57	Pulse	199	2245567	12786	0
biokurs19-09	58	Picture	fix	2252871	0	1	32889	1	0	next	other	0
biokurs19-09	58	Pulse	199	2255567	2697	0
biokurs19-09	58	Pulse	199	2265567	12696	0
biokurs19-09	58	Pulse	199	2275567	22697	0
biokurs19-09	58	Pulse	199	2285567	32697	0
biokurs19-09	60	Picture	stim	2285760	0	1	20089	1	0	20000	incorrect	169
biokurs19-09	60	Pulse	199	2295567	9807	0
biokurs19-09	60	Response	32	2299277	13517	0
biokurs19-09	60	Pulse	199	2305567	19807	0
biokurs19-09	61	Picture	fix2	2305849	0	1	18667	1	0	next	other	0
biokurs19-09	61	Pulse	199	2315567	9718	0
biokurs19-09	62	Picture	feedback	2324516	0	1	20089	1	0	next	other	0
biokurs19-09	62	Pulse	199	2325567	1051	0
biokurs19-09	62	Pulse	199	2335567	11051	0
biokurs19-09	63	Picture	fix	2344605	0	1	21156	1	0	next	other	0
biokurs19-09	63	Pulse	199	2345568	962	0
biokurs19-09	63	Pulse	199	2355567	10962	0
biokurs19-09	63	Pulse	199	2365567	20962	0
biokurs19-09	65	Picture	stim	2365761	0	1	20089	1	0	20000	hit	182
biokurs19-09	65	Pulse	199	2375567	9806	0
biokurs19-09	65	Response	16	2381187	15426	0
biokurs19-09	65	Pulse	199	2385567	19806	0
biokurs19-09	66	Picture	fix2	2385850	0	1	21867	1	0	next	other	0
biokurs19-09	66	Pulse	199	2395567	9717	0
biokurs19-09	66	Pulse	199	2405568	19718	0
biokurs19-09	67	Picture	feedback	2407717	0	1	20089	1	0	next	other	0
biokurs19-09	67	Pulse	199	2415567	7850	0
biokurs19-09	67	Pulse	199	2425567	17850	0
biokurs19-09	68	Picture	fix	2427806	0	1	22934	1	0	next	other	0
biokurs19-09	68	Pulse	199	2435567	7761	0
biokurs19-09	68	Pulse	199	2445567	17761	0
biokurs19-09	70	Picture	stim	2450740	0	1	20089	1	0	20000	incorrect	195
biokurs19-09	70	Pulse	199	2455567	4828	0
biokurs19-09	70	Response	32	2463267	12528	0
biokurs19-09	70	Pulse	199	2465567	14828	0
biokurs19-09	71	Picture	fix2	2470829	0	1	19911	1	0	next	other	0
biokurs19-09	71	Pulse	199	2475567	4738	0
biokurs19-09	71	Pulse	199	2485567	14739	0
biokurs19-09	72	Picture	feedback	2490740	0	1	20089	1	0	next	other	0
biokurs19-09	72	Pulse	199	2495567	4827	0
biokurs19-09	72	Pulse	199	2505567	14827	0
biokurs19-09	73	Picture	fix	2510829	0	1	24534	1	0	next	other	0
biokurs19-09	73	Pulse	199	2515567	4738	0
biokurs19-09	73	Pulse	199	2525568	14738	0
biokurs19-09	75	Picture	stim	2535363	0	1	20089	1	0	20000	incorrect	209
biokurs19-09	75	Pulse	199	2535567	204	0
biokurs19-09	75	Pulse	199	2545567	10204	0
biokurs19-09	75	Response	32	2554388	19025	0
biokurs19-09	76	Picture	fix2	2555452	0	1	22756	1	0	next	other	0
biokurs19-09	76	Pulse	199	2555567	115	0
biokurs19-09	76	Pulse	199	2565568	10116	0
biokurs19-09	76	Pulse	199	2575567	20115	0
biokurs19-09	77	Picture	feedback	2578208	0	1	20089	1	0	next	other	0
biokurs19-09	77	Pulse	199	2585568	7360	0
biokurs19-09	77	Pulse	199	2595568	17360	0
biokurs19-09	78	Picture	fix	2598297	0	1	27023	1	0	next	other	0
biokurs19-09	78	Pulse	199	2605567	7270	0
biokurs19-09	78	Pulse	199	2615568	17271	0
biokurs19-09	80	Picture	stim	2625320	0	1	20089	1	0	20000	incorrect	223
biokurs19-09	80	Pulse	199	2625568	248	0
biokurs19-09	80	Pulse	199	2635568	10248	0
biokurs19-09	80	Response	32	2638328	13008	0
biokurs19-09	81	Picture	fix2	2645409	0	1	24889	1	0	next	other	0
biokurs19-09	81	Pulse	199	2645567	159	0
biokurs19-09	81	Pulse	199	2655568	10159	0
biokurs19-09	81	Pulse	199	2665568	20159	0
biokurs19-09	82	Picture	feedback	2670298	0	1	20089	1	0	next	other	0
biokurs19-09	82	Pulse	199	2675568	5270	0
biokurs19-09	82	Pulse	199	2685568	15270	0
biokurs19-09	83	Picture	fix	2690387	0	1	25600	1	0	next	other	0
biokurs19-09	83	Pulse	199	2695568	5181	0
biokurs19-09	83	Pulse	199	2705568	15181	0
biokurs19-09	83	Pulse	199	2715568	25181	0
biokurs19-09	85	Picture	stim	2715987	0	1	20089	1	0	20000	incorrect	237
biokurs19-09	85	Pulse	199	2725568	9581	0
biokurs19-09	85	Response	32	2730467	14480	0
biokurs19-09	85	Pulse	199	2735568	19581	0
biokurs19-09	86	Picture	fix2	2736076	0	1	20267	1	0	next	other	0
biokurs19-09	86	Pulse	199	2745568	9491	0
biokurs19-09	86	Pulse	199	2755568	19492	0
biokurs19-09	87	Picture	feedback	2756343	0	1	20089	1	0	next	other	0
biokurs19-09	87	Pulse	199	2765568	9225	0
biokurs19-09	87	Pulse	199	2775568	19225	0
biokurs19-09	88	Picture	fix	2776432	0	1	30578	1	0	next	other	0
biokurs19-09	88	Pulse	199	2785567	9135	0
biokurs19-09	88	Pulse	199	2795568	19136	0
biokurs19-09	88	Pulse	199	2805568	29136	0
biokurs19-09	90	Picture	stim	2807010	0	1	20089	1	0	20000	incorrect	251
biokurs19-09	90	Pulse	199	2815567	8557	0
biokurs19-09	90	Response	32	2822508	15498	0
biokurs19-09	90	Pulse	199	2825568	18557	0
biokurs19-09	91	Picture	fix2	2827100	0	1	16000	1	0	next	other	0
biokurs19-09	91	Pulse	199	2835568	8468	0
biokurs19-09	92	Picture	feedback	2843100	0	1	20089	1	0	next	other	0
biokurs19-09	92	Pulse	199	2845568	2468	0
biokurs19-09	92	Pulse	199	2855568	12468	0
biokurs19-09	93	Picture	fix	2863189	0	1	34489	1	0	next	other	0
biokurs19-09	93	Pulse	199	2865568	2379	0
biokurs19-09	93	Pulse	199	2875568	12379	0
biokurs19-09	93	Pulse	199	2885568	22379	0
biokurs19-09	93	Pulse	199	2895568	32379	0
biokurs19-09	95	Picture	stim	2897678	0	1	20089	1	0	20000	incorrect	265
biokurs19-09	95	Pulse	199	2905568	7890	0
biokurs19-09	95	Response	32	2915108	17429	0
biokurs19-09	95	Pulse	199	2915578	17900	0
biokurs19-09	96	Picture	fix2	2917767	0	1	13511	1	0	next	other	0
biokurs19-09	96	Pulse	199	2925568	7800	0
biokurs19-09	97	Picture	feedback	2931279	0	1	20089	1	0	next	other	0
biokurs19-09	97	Pulse	199	2935568	4290	0
biokurs19-09	97	Pulse	199	2945568	14290	0
biokurs19-09	98	Picture	fix	2951368	0	1	30223	1	0	next	other	0
biokurs19-09	98	Pulse	199	2955568	4200	0
biokurs19-09	98	Pulse	199	2965569	14201	0
biokurs19-09	98	Pulse	199	2975568	24201	0
biokurs19-09	100	Picture	stim	2981590	0	1	20089	1	0	20000	hit	279
biokurs19-09	100	Pulse	199	2985578	3988	0
biokurs19-09	100	Pulse	199	2995578	13988	0
biokurs19-09	100	Response	16	2995639	14048	0
biokurs19-09	101	Picture	fix2	3001857	0	1	25245	1	0	next	other	0
biokurs19-09	101	Pulse	199	3005578	3721	0
biokurs19-09	101	Pulse	199	3015579	13721	0
biokurs19-09	101	Pulse	199	3025578	23721	0
biokurs19-09	102	Picture	feedback	3027102	0	1	20089	1	0	next	other	0
biokurs19-09	102	Pulse	199	3035578	8476	0
biokurs19-09	102	Pulse	199	3045579	18477	0
biokurs19-09	103	Picture	fix	3047191	0	1	26134	1	0	next	other	0
biokurs19-09	103	Pulse	199	3055578	8387	0
biokurs19-09	103	Pulse	199	3065578	18387	0
biokurs19-09	105	Picture	stim	3073325	0	1	20089	1	0	20000	incorrect	293
biokurs19-09	105	Pulse	199	3075578	2254	0
biokurs19-09	105	Pulse	199	3085578	12254	0
biokurs19-09	105	Response	32	3090538	17214	0
biokurs19-09	106	Picture	fix2	3093592	0	1	16356	1	0	next	other	0
biokurs19-09	106	Pulse	199	3095578	1987	0
biokurs19-09	106	Pulse	199	3105578	11987	0
biokurs19-09	107	Picture	feedback	3109947	0	1	20089	1	0	next	other	0
biokurs19-09	107	Pulse	199	3115578	5631	0
biokurs19-09	107	Pulse	199	3125578	15631	0
biokurs19-09	108	Picture	fix	3130036	0	1	35734	1	0	next	other	0
biokurs19-09	108	Pulse	199	3135579	5542	0
biokurs19-09	108	Pulse	199	3145578	15542	0
biokurs19-09	108	Pulse	199	3155578	25542	0
biokurs19-09	108	Pulse	199	3165578	35542	0
biokurs19-09	110	Picture	stim	3165770	0	1	20089	1	0	20000	hit	306
biokurs19-09	110	Response	16	3174749	8979	0
biokurs19-09	110	Pulse	199	3175578	9808	0
biokurs19-09	110	Pulse	199	3185578	19808	0
biokurs19-09	111	Picture	fix2	3185859	0	1	21511	1	0	next	other	0
biokurs19-09	111	Pulse	199	3195578	9719	0
biokurs19-09	111	Pulse	199	3205578	19719	0
biokurs19-09	112	Picture	feedback	3207371	0	1	20089	1	0	next	other	0
biokurs19-09	112	Pulse	199	3215579	8208	0
biokurs19-09	112	Pulse	199	3225578	18208	0
biokurs19-09	113	Picture	fix	3227460	0	1	17600	1	0	next	other	0
biokurs19-09	113	Pulse	199	3235578	8118	0
biokurs19-09	115	Picture	stim	3245060	0	1	20089	1	0	20000	incorrect	320
biokurs19-09	115	Pulse	199	3245578	518	0
biokurs19-09	115	Pulse	199	3255578	10518	0
biokurs19-09	115	Response	32	3259519	14459	0
biokurs19-09	116	Picture	fix2	3265149	0	1	12267	1	0	next	other	0
biokurs19-09	116	Pulse	199	3265578	429	0
biokurs19-09	116	Pulse	199	3275578	10429	0
biokurs19-09	117	Picture	feedback	3277416	0	1	20089	1	0	next	other	0
biokurs19-09	117	Pulse	199	3285578	8162	0
biokurs19-09	117	Pulse	199	3295579	18162	0
biokurs19-09	118	Picture	fix	3297505	0	1	30578	1	0	next	other	0
biokurs19-09	118	Pulse	199	3305579	8073	0
biokurs19-09	118	Pulse	199	3315578	18073	0
biokurs19-09	118	Pulse	199	3325578	28073	0
biokurs19-09	120	Picture	stim	3328083	0	1	20089	1	0	20000	hit	333
biokurs19-09	120	Pulse	199	3335579	7495	0
biokurs19-09	120	Response	16	3340258	12175	0
biokurs19-09	120	Pulse	199	3345579	17495	0
biokurs19-09	121	Picture	fix2	3348172	0	1	19733	1	0	next	other	0
biokurs19-09	121	Pulse	199	3355578	7406	0
biokurs19-09	121	Pulse	199	3365579	17406	0
biokurs19-09	122	Picture	feedback	3367906	0	1	20089	1	0	next	other	0
biokurs19-09	122	Pulse	199	3375579	7673	0
biokurs19-09	122	Pulse	199	3385579	17673	0
biokurs19-09	123	Picture	fix	3387995	0	1	28800	1	0	next	other	0
biokurs19-09	123	Pulse	199	3395579	7584	0
biokurs19-09	123	Pulse	199	3405579	17584	0
biokurs19-09	123	Pulse	199	3415579	27584	0
biokurs19-09	125	Picture	stim	3416795	0	1	20089	2	0	20000	miss	0
biokurs19-09	125	Pulse	199	3425579	8784	0
biokurs19-09	125	Pulse	199	3435579	18784	0
biokurs19-09	126	Picture	fix2	3436884	0	2	23112	2	0	next	other	0
biokurs19-09	126	Response	16	3437168	284	0
biokurs19-09	126	Pulse	199	3445579	8695	0
biokurs19-09	126	Pulse	199	3455579	18695	0
biokurs19-09	127	Picture	feedback	3459996	0	1	20089	1	0	next	other	0
biokurs19-09	127	Pulse	199	3465579	5583	0
biokurs19-09	127	Pulse	199	3475579	15583	0
biokurs19-09	128	Picture	fix	3480085	0	1	38045	1	0	next	other	0
biokurs19-09	128	Pulse	199	3485579	5494	0
biokurs19-09	128	Pulse	199	3495579	15494	0
biokurs19-09	128	Pulse	199	3505579	25494	0
biokurs19-09	128	Pulse	199	3515579	35494	0
biokurs19-09	130	Picture	stim	3518130	0	1	20089	1	0	20000	incorrect	362
biokurs19-09	130	Pulse	199	3525579	7450	0
biokurs19-09	130	Response	32	3532618	14489	0
biokurs19-09	130	Pulse	199	3535579	17449	0
biokurs19-09	131	Picture	fix2	3538219	0	1	18667	1	0	next	other	0
biokurs19-09	131	Pulse	199	3545579	7360	0
biokurs19-09	131	Pulse	199	3555579	17360	0
biokurs19-09	132	Picture	feedback	3556886	0	1	20089	1	0	next	other	0
biokurs19-09	132	Pulse	199	3565579	8694	0
biokurs19-09	132	Pulse	199	3575579	18693	0
biokurs19-09	133	Picture	fix	3576975	0	1	30934	1	0	next	other	0
biokurs19-09	133	Pulse	199	3585579	8604	0
biokurs19-09	133	Pulse	199	3595579	18604	0
biokurs19-09	133	Pulse	199	3605579	28604	0
biokurs19-09	135	Picture	stim	3607909	0	1	20089	1	0	20000	incorrect	377
biokurs19-09	135	Pulse	199	3615579	7670	0
biokurs19-09	135	Pulse	199	3625579	17670	0
biokurs19-09	135	Response	32	3626019	18110	0
biokurs19-09	136	Picture	fix2	3628176	0	1	20267	1	0	next	other	0
biokurs19-09	136	Pulse	199	3635579	7404	0
biokurs19-09	136	Pulse	199	3645579	17403	0
biokurs19-09	137	Picture	feedback	3648443	0	1	20089	1	0	next	other	0
biokurs19-09	137	Pulse	199	3655579	7137	0
biokurs19-09	137	Pulse	199	3665579	17137	0
biokurs19-09	138	Picture	fix	3668532	0	1	27023	1	0	next	other	0
biokurs19-09	138	Pulse	199	3675579	7048	0
biokurs19-09	138	Pulse	199	3685579	17048	0
biokurs19-09	140	Picture	stim	3695554	0	1	20089	1	0	20000	incorrect	390
biokurs19-09	140	Pulse	199	3695580	25	0
biokurs19-09	140	Pulse	199	3705579	10025	0
biokurs19-09	140	Response	32	3705989	10435	0
biokurs19-09	140	Pulse	199	3715571	20017	8
biokurs19-09	141	Picture	fix2	3715643	0	1	26845	1	0	next	other	0
biokurs19-09	141	Pulse	199	3725580	9936	0
biokurs19-09	141	Pulse	199	3735579	19936	0
biokurs19-09	142	Picture	feedback	3742488	0	1	20089	1	0	next	other	0
biokurs19-09	142	Pulse	199	3745579	3091	0
biokurs19-09	142	Pulse	199	3755579	13091	0
biokurs19-09	143	Picture	fix	3762577	0	1	23986	193	0	next	other	0
biokurs19-09	143	Pulse	199	3765579	3002	0
biokurs19-09	143	Pulse	199	3775579	13002	0
biokurs19-09	143	Pulse	199	3785579	23002	0
biokurs19-09	145	Picture	stim	3786564	0	192	20103	193	0	20000	hit	404
biokurs19-09	145	Pulse	199	3795580	9016	0
biokurs19-09	145	Response	16	3801169	14606	0
biokurs19-09	145	Pulse	199	3805579	19015	0
biokurs19-09	146	Picture	fix2	3806667	0	1	23645	1	0	next	other	0
biokurs19-09	146	Pulse	199	3815579	8912	0
biokurs19-09	146	Pulse	199	3825579	18912	0
biokurs19-09	147	Picture	feedback	3830311	0	1	20089	1	0	next	other	0
biokurs19-09	147	Pulse	199	3835580	5268	0
biokurs19-09	147	Pulse	199	3845580	15268	0
biokurs19-09	148	Picture	fix	3850400	0	1	32356	1	0	next	other	0
biokurs19-09	148	Pulse	199	3855579	5179	0
biokurs19-09	148	Pulse	199	3865580	15179	0
biokurs19-09	148	Pulse	199	3875580	25179	0
biokurs19-09	150	Picture	stim	3882756	0	1	20089	1	0	20000	incorrect	419
biokurs19-09	150	Pulse	199	3885579	2823	0
biokurs19-09	150	Pulse	199	3895580	12823	0
biokurs19-09	150	Response	32	3901549	18793	0
biokurs19-09	151	Picture	fix2	3903023	0	1	23645	1	0	next	other	0
biokurs19-09	151	Pulse	199	3905580	2556	0
biokurs19-09	151	Pulse	199	3915580	12556	0
biokurs19-09	151	Pulse	199	3925579	22556	0
biokurs19-09	152	Picture	feedback	3926668	0	1	20089	1	0	next	other	0
biokurs19-09	152	Pulse	199	3935580	8912	0
biokurs19-09	152	Pulse	199	3945580	18912	0
biokurs19-09	153	Picture	fix	3946757	0	1	19022	1	0	next	other	0
biokurs19-09	153	Pulse	199	3955579	8822	0
biokurs19-09	153	Pulse	199	3965580	18823	0
biokurs19-09	155	Picture	stim	3965780	0	1	20089	1	0	20000	hit	431
biokurs19-09	155	Response	16	3974429	8650	0
biokurs19-09	155	Pulse	199	3975579	9800	0
biokurs19-09	155	Pulse	199	3985580	19800	0
biokurs19-09	156	Picture	fix2	3985869	0	1	11378	1	0	next	other	0
biokurs19-09	156	Pulse	199	3995580	9711	0
biokurs19-09	157	Picture	feedback	3997247	0	1	20089	1	0	next	other	0
biokurs19-09	157	Pulse	199	4005580	8333	0
biokurs19-09	157	Pulse	199	4015580	18333	0
biokurs19-09	158	Picture	fix	4017336	0	1	30578	1	0	next	other	0
biokurs19-09	158	Pulse	199	4025580	8244	0
biokurs19-09	158	Pulse	199	4035580	18244	0
biokurs19-09	158	Pulse	199	4045580	28244	0
biokurs19-09	160	Picture	stim	4047914	0	1	20089	1	0	20000	hit	445
biokurs19-09	160	Pulse	199	4055580	7666	0
biokurs19-09	160	Response	16	4056279	8366	0
biokurs19-09	160	Pulse	199	4065580	17666	0
biokurs19-09	161	Picture	fix2	4068181	0	1	19911	1	0	next	other	0
biokurs19-09	161	Pulse	199	4075580	7399	0
biokurs19-09	161	Pulse	199	4085580	17399	0
biokurs19-09	162	Picture	feedback	4088092	0	1	20089	1	0	next	other	0
biokurs19-09	162	Pulse	199	4095580	7487	0
biokurs19-09	162	Pulse	199	4105580	17488	0
biokurs19-09	163	Picture	fix	4108181	0	1	22933	1	0	next	other	0
biokurs19-09	163	Pulse	199	4115580	7399	0
biokurs19-09	163	Pulse	199	4125580	17398	0
biokurs19-09	165	Picture	stim	4131115	0	1	20089	1	0	20000	incorrect	459
biokurs19-09	165	Pulse	199	4135580	4465	0
biokurs19-09	165	Pulse	199	4145580	14465	0
biokurs19-09	165	Response	32	4145890	14775	0
biokurs19-09	166	Picture	fix2	4151382	0	1	14400	1	0	next	other	0
biokurs19-09	166	Pulse	199	4155580	4198	0
biokurs19-09	166	Pulse	199	4165580	14198	0
biokurs19-09	167	Picture	feedback	4165782	0	1	20089	1	0	next	other	0
biokurs19-09	167	Pulse	199	4175580	9798	0
biokurs19-09	167	Pulse	199	4185580	19798	0
biokurs19-09	168	Picture	fix	4185871	0	1	33423	1	0	next	other	0
biokurs19-09	168	Pulse	199	4195580	9709	0
biokurs19-09	168	Pulse	199	4205580	19709	0
biokurs19-09	168	Pulse	199	4215580	29709	0
biokurs19-09	170	Picture	stim	4219294	0	1	20089	1	0	20000	incorrect	472
biokurs19-09	170	Pulse	199	4225580	6287	0
biokurs19-09	170	Response	32	4233370	14076	0
biokurs19-09	170	Pulse	199	4235579	16285	0
biokurs19-09	171	Picture	fix2	4239383	0	1	25778	1	0	next	other	0
biokurs19-09	171	Pulse	199	4245580	6197	0
biokurs19-09	171	Pulse	199	4255580	16197	0
biokurs19-09	172	Picture	feedback	4265161	0	1	20089	1	0	next	other	0
biokurs19-09	172	Pulse	199	4265580	419	0
biokurs19-09	172	Pulse	199	4275580	10419	0
biokurs19-09	173	Picture	fix	4285250	0	1	30045	1	0	next	other	0
biokurs19-09	173	Pulse	199	4285580	330	0
biokurs19-09	173	Pulse	199	4295580	10330	0
biokurs19-09	173	Pulse	199	4305580	20330	0
biokurs19-09	175	Picture	stim	4315295	0	1	20089	1	0	20000	incorrect	487
biokurs19-09	175	Pulse	199	4315580	285	0
biokurs19-09	175	Pulse	199	4325580	10286	0
biokurs19-09	175	Response	32	4325800	10505	0
biokurs19-09	176	Picture	fix2	4335384	0	1	13511	1	0	next	other	0
biokurs19-09	176	Pulse	199	4335580	196	0
biokurs19-09	176	Pulse	199	4345580	10196	0
biokurs19-09	177	Picture	feedback	4348895	0	1	20089	1	0	next	other	0
biokurs19-09	177	Pulse	199	4355580	6685	0
biokurs19-09	177	Pulse	199	4365580	16685	0
biokurs19-09	178	Picture	fix	4368984	0	1	28800	1	0	next	other	0
biokurs19-09	178	Pulse	199	4375580	6596	0
biokurs19-09	178	Pulse	199	4385580	16595	0
biokurs19-09	178	Pulse	199	4395581	26596	0
biokurs19-09	180	Picture	stim	4397785	0	1	20089	1	0	20000	incorrect	500
biokurs19-09	180	Pulse	199	4405580	7795	0
biokurs19-09	180	Response	32	4414850	17066	0
biokurs19-09	180	Pulse	199	4415580	17796	0
biokurs19-09	181	Picture	fix2	4417874	0	1	18311	1	0	next	other	0
biokurs19-09	181	Pulse	199	4425581	7707	0
biokurs19-09	181	Pulse	199	4435580	17707	0
biokurs19-09	182	Picture	feedback	4436185	0	1	20089	1	0	next	other	0
biokurs19-09	182	Pulse	199	4445581	9395	0
biokurs19-09	182	Pulse	199	4455581	19396	0
biokurs19-09	183	Picture	fix	4456274	0	1	31645	1	0	next	other	0
biokurs19-09	183	Pulse	199	4465581	9307	0
biokurs19-09	183	Pulse	199	4475580	19306	0
biokurs19-09	183	Pulse	199	4485590	29316	0
biokurs19-09	185	Picture	stim	4487919	0	1	20089	1	0	20000	hit	514
biokurs19-09	185	Pulse	199	4495581	7662	0
biokurs19-09	185	Response	16	4498521	10602	0
biokurs19-09	185	Pulse	199	4505581	17661	0
biokurs19-09	186	Picture	fix2	4508008	0	1	14211	190	0	next	other	0
biokurs19-09	186	Pulse	199	4515590	7582	0
biokurs19-09	187	Picture	feedback	4522220	0	189	20100	190	0	next	other	0
biokurs19-09	187	Pulse	199	4525591	3371	0
biokurs19-09	187	Pulse	199	4535591	13371	0
biokurs19-09	188	Picture	fix	4542320	0	1	27378	1	0	next	other	0
biokurs19-09	188	Pulse	199	4545591	3271	0
biokurs19-09	188	Pulse	199	4555591	13271	0
biokurs19-09	188	Pulse	199	4565591	23271	0
biokurs19-09	190	Picture	stim	4569698	0	1	20089	1	0	20000	hit	528
biokurs19-09	190	Pulse	199	4575591	5893	0
biokurs19-09	190	Pulse	199	4585591	15893	0
biokurs19-09	190	Response	16	4585671	15973	0
biokurs19-09	191	Picture	fix2	4589787	0	1	18845	1	0	next	other	0
biokurs19-09	191	Pulse	199	4595591	5804	0
biokurs19-09	191	Pulse	199	4605591	15804	0
biokurs19-09	192	Picture	feedback	4608632	0	1	20089	1	0	next	other	0
biokurs19-09	192	Pulse	199	4615590	6959	0
biokurs19-09	192	Pulse	199	4625591	16959	0
biokurs19-09	193	Picture	fix	4628721	0	1	23289	1	0	next	other	0
biokurs19-09	193	Pulse	199	4635591	6870	0
biokurs19-09	193	Pulse	199	4645590	16870	0
biokurs19-09	195	Picture	stim	4652010	0	1	20089	1	0	20000	hit	541
biokurs19-09	195	Pulse	199	4655591	3581	0
biokurs19-09	195	Pulse	199	4665591	13581	0
biokurs19-09	195	Response	16	4666150	14141	0
biokurs19-09	196	Picture	fix2	4672099	0	1	16178	1	0	next	other	0
biokurs19-09	196	Pulse	199	4675591	3492	0
biokurs19-09	196	Pulse	199	4685591	13492	0
biokurs19-09	197	Picture	feedback	4688277	0	1	20089	1	0	next	other	0
biokurs19-09	197	Pulse	199	4695591	7314	0
biokurs19-09	197	Pulse	199	4705591	17314	0
biokurs19-09	198	Picture	fix	4708366	0	1	32889	1	0	next	other	0
biokurs19-09	198	Pulse	199	4715590	7224	0
biokurs19-09	198	Pulse	199	4725591	17225	0
biokurs19-09	198	Pulse	199	4735591	27225	0
biokurs19-09	200	Picture	stim	4741255	0	1	20089	1	0	20000	incorrect	554
biokurs19-09	200	Pulse	199	4745591	4336	0
biokurs19-09	200	Response	32	4754241	12985	0
biokurs19-09	200	Pulse	199	4755590	14335	0
biokurs19-09	201	Picture	fix2	4761345	0	1	22756	1	0	next	other	0
biokurs19-09	201	Pulse	199	4765591	4247	0
biokurs19-09	201	Pulse	199	4775591	14246	0
biokurs19-09	202	Picture	feedback	4784100	0	1	20089	1	0	next	other	0
biokurs19-09	202	Pulse	199	4785591	1490	0
biokurs19-09	202	Pulse	199	4795591	11491	0
biokurs19-09	203	Picture	100	4804189	0	1	80179	1	0	80000	other	0
biokurs19-09	203	Pulse	199	4805591	1401	0
biokurs19-09	203	Pulse	199	4815591	11402	0
biokurs19-09	203	Pulse	199	4825591	21401	0
biokurs19-09	203	Pulse	199	4835591	31401	0
biokurs19-09	203	Pulse	199	4845591	41402	0
biokurs19-09	203	Pulse	199	4855591	51401	0
biokurs19-09	203	Pulse	199	4865591	61402	0
biokurs19-09	203	Pulse	199	4875591	71401	0
