Scenario - FeedLearn_MRI_5x8_fullRand.sce
Logfile written - 05/29/2019 09:47:48

Subject	Trial	Event Type	Code	Time	TTime	Uncertainty	Duration	Uncertainty	ReqTime	ReqDur	Stim Type	Pair Index

biokurs19-09	1	Response	32	33610	23432	0
biokurs19-09	2	Pulse	199	219560	185946	0
biokurs19-09	2	Pulse	199	229561	195946	0
biokurs19-09	2	Pulse	199	239561	205946	0
biokurs19-09	2	Pulse	199	249561	215946	0
biokurs19-09	2	Pulse	199	259560	225946	0
biokurs19-09	2	Pulse	199	269561	235947	0
biokurs19-09	3	Picture	fix	270092	0	1	17778	1	0	next	other	0
biokurs19-09	3	Pulse	199	279561	9469	0
biokurs19-09	5	Picture	stim	287870	0	1	20089	1	0	20000	hit	13
biokurs19-09	5	Pulse	199	289560	1691	0
biokurs19-09	5	Pulse	199	299560	11691	0
biokurs19-09	5	Response	16	302610	14740	0
biokurs19-09	6	Picture	fix2	308136	0	1	22756	1	0	next	other	0
biokurs19-09	6	Pulse	199	309561	1424	0
biokurs19-09	6	Pulse	199	319560	11424	0
biokurs19-09	6	Pulse	199	329560	21423	0
biokurs19-09	7	Picture	feedback	330892	0	1	20445	1	0	next	other	0
biokurs19-09	7	Pulse	199	339560	8668	0
biokurs19-09	7	Pulse	199	349560	18668	0
biokurs19-09	8	Picture	fix	351337	0	1	32889	1	0	next	other	0
biokurs19-09	8	Pulse	199	359560	8223	0
biokurs19-09	8	Pulse	199	369560	18223	0
biokurs19-09	8	Pulse	199	379560	28223	0
biokurs19-09	10	Picture	stim	384226	0	1	20089	1	0	20000	incorrect	28
biokurs19-09	10	Pulse	199	389561	5334	0
biokurs19-09	10	Pulse	199	399560	15333	0
biokurs19-09	10	Response	32	400590	16363	0
biokurs19-09	11	Picture	fix2	404493	0	1	12267	1	0	next	other	0
biokurs19-09	11	Pulse	199	409560	5067	0
biokurs19-09	12	Picture	feedback	416760	0	1	20267	1	0	next	other	0
biokurs19-09	12	Pulse	199	419561	2801	0
biokurs19-09	12	Pulse	199	429560	12800	0
biokurs19-09	13	Picture	fix	437027	0	1	31645	1	0	next	other	0
biokurs19-09	13	Pulse	199	439560	2533	0
biokurs19-09	13	Pulse	199	449560	12533	0
biokurs19-09	13	Pulse	199	459560	22533	0
biokurs19-09	15	Picture	stim	468672	0	1	20089	1	0	20000	hit	41
biokurs19-09	15	Pulse	199	469560	888	0
biokurs19-09	15	Pulse	199	479560	10889	0
biokurs19-09	15	Response	16	486230	17559	0
biokurs19-09	16	Picture	fix2	488761	0	1	13511	1	0	next	other	0
biokurs19-09	16	Pulse	199	489561	800	0
biokurs19-09	16	Pulse	199	499561	10800	0
biokurs19-09	17	Picture	feedback	502272	0	1	20267	1	0	next	other	0
biokurs19-09	17	Pulse	199	509560	7288	0
biokurs19-09	17	Pulse	199	519561	17289	0
biokurs19-09	18	Picture	fix	522539	0	1	32356	1	0	next	other	0
biokurs19-09	18	Pulse	199	529561	7022	0
biokurs19-09	18	Pulse	199	539561	17022	0
biokurs19-09	18	Pulse	199	549561	27022	0
biokurs19-09	20	Picture	stim	554895	0	1	20089	1	0	20000	hit	54
biokurs19-09	20	Pulse	199	559561	4666	0
biokurs19-09	20	Response	16	567470	12575	0
biokurs19-09	20	Pulse	199	569561	14666	0
biokurs19-09	21	Picture	fix2	574984	0	1	23645	1	0	next	other	0
biokurs19-09	21	Pulse	199	579560	4576	0
biokurs19-09	21	Pulse	199	589561	14577	0
biokurs19-09	22	Picture	feedback	598629	0	1	20089	1	0	next	other	0
biokurs19-09	22	Pulse	199	599561	932	0
biokurs19-09	22	Pulse	199	609561	10932	0
biokurs19-09	23	Picture	fix	618718	0	1	23111	1	0	next	other	0
biokurs19-09	23	Pulse	199	619561	843	0
biokurs19-09	23	Pulse	199	629561	10843	0
biokurs19-09	23	Pulse	199	639561	20843	0
biokurs19-09	25	Picture	stim	641829	0	1	20089	1	0	20000	hit	68
biokurs19-09	25	Pulse	199	649560	7731	0
biokurs19-09	25	Response	16	655101	13272	0
biokurs19-09	25	Pulse	199	659561	17731	0
biokurs19-09	26	Picture	fix2	662096	0	1	15289	1	0	next	other	0
biokurs19-09	26	Pulse	199	669562	7465	0
biokurs19-09	27	Picture	feedback	677385	0	1	20089	1	0	next	other	0
biokurs19-09	27	Pulse	199	679561	2175	0
biokurs19-09	27	Pulse	199	689562	12176	0
biokurs19-09	28	Picture	fix	697475	0	1	33423	1	0	next	other	0
biokurs19-09	28	Pulse	199	699561	2087	0
biokurs19-09	28	Pulse	199	709561	12087	0
biokurs19-09	28	Pulse	199	719561	22086	0
biokurs19-09	28	Pulse	199	729561	32086	0
biokurs19-09	30	Picture	stim	730897	0	1	20089	1	0	20000	incorrect	82
biokurs19-09	30	Pulse	199	739561	8664	0
biokurs19-09	30	Response	32	743841	12944	0
biokurs19-09	30	Pulse	199	749561	18664	0
biokurs19-09	31	Picture	fix2	750986	0	1	17422	1	0	next	other	0
biokurs19-09	31	Pulse	199	759561	8575	0
biokurs19-09	32	Picture	feedback	768409	0	1	20089	1	0	next	other	0
biokurs19-09	32	Pulse	199	769561	1153	0
biokurs19-09	32	Pulse	199	779561	11153	0
biokurs19-09	33	Picture	fix	788498	0	1	25245	1	0	next	other	0
biokurs19-09	33	Pulse	199	789561	1063	0
biokurs19-09	33	Pulse	199	799561	11064	0
biokurs19-09	33	Pulse	199	809561	21063	0
biokurs19-09	35	Picture	stim	813742	0	1	20089	1	0	20000	incorrect	96
biokurs19-09	35	Pulse	199	819561	5818	0
biokurs19-09	35	Pulse	199	829561	15819	0
biokurs19-09	35	Response	32	831141	17398	0
biokurs19-09	36	Picture	fix2	833832	0	1	23111	1	0	next	other	0
biokurs19-09	36	Pulse	199	839561	5730	0
biokurs19-09	36	Pulse	199	849561	15729	0
biokurs19-09	37	Picture	feedback	856943	0	1	20089	1	0	next	other	0
biokurs19-09	37	Pulse	199	859562	2619	0
biokurs19-09	37	Pulse	199	869571	12629	0
biokurs19-09	38	Picture	fix	877032	0	1	34489	1	0	next	other	0
biokurs19-09	38	Pulse	199	879562	2529	0
biokurs19-09	38	Pulse	199	889561	12529	0
biokurs19-09	38	Pulse	199	899571	22539	0
biokurs19-09	38	Pulse	199	909571	32539	0
biokurs19-09	40	Picture	stim	911521	0	1	20089	1	0	20000	hit	110
biokurs19-09	40	Pulse	199	919561	8040	0
biokurs19-09	40	Response	16	926202	14680	0
biokurs19-09	40	Pulse	199	929572	18050	0
biokurs19-09	41	Picture	fix2	931610	0	1	14400	1	0	next	other	0
biokurs19-09	41	Pulse	199	939572	7961	0
biokurs19-09	42	Picture	feedback	946011	0	1	20267	1	0	next	other	0
biokurs19-09	42	Pulse	199	949571	3561	0
biokurs19-09	42	Pulse	199	959571	13560	0
biokurs19-09	43	Picture	fix	966278	0	1	23986	193	0	next	other	0
biokurs19-09	43	Pulse	199	969572	3294	0
biokurs19-09	43	Pulse	199	979572	13294	0
biokurs19-09	43	Pulse	199	989571	23294	0
biokurs19-09	45	Picture	stim	990264	0	193	20103	193	0	20000	hit	123
biokurs19-09	45	Pulse	199	999572	9308	0
biokurs19-09	45	Response	16	1000981	10717	0
biokurs19-09	45	Pulse	199	1009571	19307	0
biokurs19-09	46	Picture	fix2	1010367	0	1	18667	1	0	next	other	0
biokurs19-09	46	Pulse	199	1019572	9205	0
biokurs19-09	47	Picture	feedback	1029034	0	1	20089	1	0	next	other	0
biokurs19-09	47	Pulse	199	1029571	537	0
biokurs19-09	47	Pulse	199	1039572	10538	0
biokurs19-09	48	Picture	fix	1049123	0	1	28800	1	0	next	other	0
biokurs19-09	48	Pulse	199	1049572	449	0
biokurs19-09	48	Pulse	199	1059571	10448	0
biokurs19-09	48	Pulse	199	1069571	20448	0
biokurs19-09	50	Picture	stim	1077923	0	1	20089	1	0	20000	hit	136
biokurs19-09	50	Pulse	199	1079572	1649	0
biokurs19-09	50	Response	16	1088931	11008	0
biokurs19-09	50	Pulse	199	1089571	11648	0
biokurs19-09	51	Picture	fix2	1098012	0	1	21867	1	0	next	other	0
biokurs19-09	51	Pulse	199	1099571	1559	0
biokurs19-09	51	Pulse	199	1109572	11559	0
biokurs19-09	51	Pulse	199	1119571	21559	0
biokurs19-09	52	Picture	feedback	1119879	0	1	20089	1	0	next	other	0
biokurs19-09	52	Pulse	199	1129571	9692	0
biokurs19-09	52	Pulse	199	1139572	19692	0
biokurs19-09	53	Picture	fix	1139969	0	1	26134	1	0	next	other	0
biokurs19-09	53	Pulse	199	1149572	9603	0
biokurs19-09	53	Pulse	199	1159572	19603	0
biokurs19-09	55	Picture	stim	1166102	0	1	20089	1	0	20000	incorrect	150
biokurs19-09	55	Pulse	199	1169572	3469	0
biokurs19-09	55	Response	32	1177202	11100	0
biokurs19-09	55	Pulse	199	1179571	13469	0
biokurs19-09	56	Picture	fix2	1186369	0	1	22756	1	0	next	other	0
biokurs19-09	56	Pulse	199	1189572	3203	0
biokurs19-09	56	Pulse	199	1199571	13202	0
biokurs19-09	57	Picture	feedback	1209125	0	1	20089	1	0	next	other	0
biokurs19-09	57	Pulse	199	1209572	447	0
biokurs19-09	57	Pulse	199	1219572	10447	0
biokurs19-09	58	Picture	fix	1229214	0	1	35734	1	0	next	other	0
biokurs19-09	58	Pulse	199	1229571	357	0
biokurs19-09	58	Pulse	199	1239571	10357	0
biokurs19-09	58	Pulse	199	1249572	20358	0
biokurs19-09	58	Pulse	199	1259572	30358	0
biokurs19-09	60	Picture	stim	1264948	0	1	20089	1	0	20000	incorrect	165
biokurs19-09	60	Pulse	199	1269571	4623	0
biokurs19-09	60	Response	32	1274452	9504	0
biokurs19-09	60	Pulse	199	1279572	14624	0
biokurs19-09	61	Picture	fix2	1285037	0	1	10134	1	0	next	other	0
biokurs19-09	61	Pulse	199	1289572	4535	0
biokurs19-09	62	Picture	feedback	1295170	0	1	20089	1	0	next	other	0
biokurs19-09	62	Pulse	199	1299572	4402	0
biokurs19-09	62	Pulse	199	1309572	14402	0
biokurs19-09	63	Picture	fix	1315259	0	1	23289	1	0	next	other	0
biokurs19-09	63	Pulse	199	1319572	4313	0
biokurs19-09	63	Pulse	199	1329572	14313	0
biokurs19-09	65	Picture	stim	1338549	0	1	20089	1	0	20000	hit	178
biokurs19-09	65	Pulse	199	1339571	1023	0
biokurs19-09	65	Pulse	199	1349572	11023	0
biokurs19-09	65	Response	16	1352532	13984	0
biokurs19-09	66	Picture	fix2	1358638	0	1	16178	1	0	next	other	0
biokurs19-09	66	Pulse	199	1359572	934	0
biokurs19-09	66	Pulse	199	1369572	10934	0
biokurs19-09	67	Picture	feedback	1374816	0	1	20089	1	0	next	other	0
biokurs19-09	67	Pulse	199	1379572	4756	0
biokurs19-09	67	Pulse	199	1389572	14757	0
biokurs19-09	68	Picture	fix	1394905	0	1	27023	1	0	next	other	0
biokurs19-09	68	Pulse	199	1399572	4667	0
biokurs19-09	68	Pulse	199	1409572	14667	0
biokurs19-09	68	Pulse	199	1419572	24667	0
biokurs19-09	70	Picture	stim	1421927	0	1	20089	1	0	20000	incorrect	191
biokurs19-09	70	Pulse	199	1429572	7645	0
biokurs19-09	70	Response	32	1438722	16794	0
biokurs19-09	70	Pulse	199	1439572	17644	0
biokurs19-09	71	Picture	fix2	1442017	0	1	20267	1	0	next	other	0
biokurs19-09	71	Pulse	199	1449573	7556	0
biokurs19-09	71	Pulse	199	1459572	17556	0
biokurs19-09	72	Picture	feedback	1462283	0	1	20089	1	0	next	other	0
biokurs19-09	72	Pulse	199	1469572	7289	0
biokurs19-09	72	Pulse	199	1479572	17288	0
biokurs19-09	73	Picture	fix	1482373	0	1	30045	1	0	next	other	0
biokurs19-09	73	Pulse	199	1489573	7200	0
biokurs19-09	73	Pulse	199	1499572	17200	0
biokurs19-09	73	Pulse	199	1509572	27199	0
biokurs19-09	75	Picture	stim	1512417	0	1	20089	1	0	20000	hit	205
biokurs19-09	75	Pulse	199	1519572	7155	0
biokurs19-09	75	Response	16	1522492	10074	0
biokurs19-09	75	Pulse	199	1529572	17155	0
biokurs19-09	76	Picture	fix2	1532506	0	1	19734	1	0	next	other	0
biokurs19-09	76	Pulse	199	1539573	7066	0
biokurs19-09	76	Pulse	199	1549572	17065	0
biokurs19-09	77	Picture	feedback	1552240	0	1	20089	1	0	next	other	0
biokurs19-09	77	Pulse	199	1559572	7332	0
biokurs19-09	77	Pulse	199	1569573	17333	0
biokurs19-09	78	Picture	fix	1572329	0	1	27022	1	0	next	other	0
biokurs19-09	78	Pulse	199	1579572	7243	0
biokurs19-09	78	Pulse	199	1589572	17243	0
biokurs19-09	80	Picture	stim	1599352	0	1	20089	1	0	20000	incorrect	218
biokurs19-09	80	Pulse	199	1599572	221	0
biokurs19-09	80	Response	32	1609472	10120	0
biokurs19-09	80	Pulse	199	1609572	10221	0
biokurs19-09	81	Picture	fix2	1619441	0	1	25245	1	0	next	other	0
biokurs19-09	81	Pulse	199	1619572	131	0
biokurs19-09	81	Pulse	199	1629573	10132	0
biokurs19-09	81	Pulse	199	1639573	20132	0
biokurs19-09	82	Picture	feedback	1644686	0	1	20089	1	0	next	other	0
biokurs19-09	82	Pulse	199	1649572	4886	0
biokurs19-09	82	Pulse	199	1659573	14887	0
biokurs19-09	83	Picture	fix	1664775	0	1	27378	1	0	next	other	0
biokurs19-09	83	Pulse	199	1669572	4798	0
biokurs19-09	83	Pulse	199	1679572	14798	0
biokurs19-09	83	Pulse	199	1689572	24797	0
biokurs19-09	85	Picture	stim	1692153	0	1	20089	1	0	20000	incorrect	233
biokurs19-09	85	Pulse	199	1699573	7420	0
biokurs19-09	85	Response	32	1708703	16550	0
biokurs19-09	85	Pulse	199	1709572	17420	0
biokurs19-09	86	Picture	fix2	1712420	0	1	19911	1	0	next	other	0
biokurs19-09	86	Pulse	199	1719572	7152	0
biokurs19-09	86	Pulse	199	1729573	17153	0
biokurs19-09	87	Picture	feedback	1732331	0	1	20089	1	0	next	other	0
biokurs19-09	87	Pulse	199	1739573	7242	0
biokurs19-09	87	Pulse	199	1749572	17242	0
biokurs19-09	88	Picture	fix	1752420	0	1	28800	1	0	next	other	0
biokurs19-09	88	Pulse	199	1759573	7153	0
biokurs19-09	88	Pulse	199	1769573	17153	0
biokurs19-09	88	Pulse	199	1779573	27152	0
biokurs19-09	90	Picture	stim	1781220	0	1	20089	1	0	20000	hit	247
biokurs19-09	90	Pulse	199	1789572	8352	0
biokurs19-09	90	Response	16	1795283	14062	0
biokurs19-09	90	Pulse	199	1799573	18352	0
biokurs19-09	91	Picture	fix2	1801487	0	1	13511	1	0	next	other	0
biokurs19-09	91	Pulse	199	1809573	8086	0
biokurs19-09	92	Picture	feedback	1814999	0	1	20089	1	0	next	other	0
biokurs19-09	92	Pulse	199	1819573	4574	0
biokurs19-09	92	Pulse	199	1829573	14574	0
biokurs19-09	93	Picture	fix	1835088	0	1	25600	1	0	next	other	0
biokurs19-09	93	Pulse	199	1839573	4485	0
biokurs19-09	93	Pulse	199	1849573	14485	0
biokurs19-09	93	Pulse	199	1859572	24485	0
biokurs19-09	95	Picture	stim	1860688	0	1	20089	1	0	20000	hit	260
biokurs19-09	95	Pulse	199	1869573	8885	0
biokurs19-09	95	Response	16	1874172	13484	0
biokurs19-09	95	Pulse	199	1879573	18885	0
biokurs19-09	96	Picture	fix2	1880777	0	1	16000	1	0	next	other	0
biokurs19-09	96	Pulse	199	1889572	8795	0
biokurs19-09	97	Picture	feedback	1896777	0	1	20089	1	0	next	other	0
biokurs19-09	97	Pulse	199	1899573	2796	0
biokurs19-09	97	Pulse	199	1909573	12795	0
biokurs19-09	98	Picture	fix	1916867	0	1	21156	1	0	next	other	0
biokurs19-09	98	Pulse	199	1919573	2707	0
biokurs19-09	98	Pulse	199	1929573	12706	0
biokurs19-09	100	Picture	stim	1938022	0	1	20089	1	0	20000	incorrect	272
biokurs19-09	100	Pulse	199	1939573	1551	0
biokurs19-09	100	Response	32	1948893	10871	0
biokurs19-09	100	Pulse	199	1949573	11550	0
biokurs19-09	101	Picture	fix2	1958111	0	1	23645	1	0	next	other	0
biokurs19-09	101	Pulse	199	1959572	1461	0
biokurs19-09	101	Pulse	199	1969573	11462	0
biokurs19-09	101	Pulse	199	1979573	21462	0
biokurs19-09	102	Picture	feedback	1981756	0	1	20089	1	0	next	other	0
biokurs19-09	102	Pulse	199	1989573	7817	0
biokurs19-09	102	Pulse	199	1999573	17817	0
biokurs19-09	103	Picture	fix	2001845	0	1	22934	1	0	next	other	0
biokurs19-09	103	Pulse	199	2009573	7728	0
biokurs19-09	103	Pulse	199	2019573	17728	0
biokurs19-09	105	Picture	stim	2024779	0	1	20089	1	0	20000	hit	286
biokurs19-09	105	Pulse	199	2029572	4794	0
biokurs19-09	105	Response	16	2036283	11504	0
biokurs19-09	105	Pulse	199	2039573	14794	0
biokurs19-09	106	Picture	fix2	2045046	0	1	24889	1	0	next	other	0
biokurs19-09	106	Pulse	199	2049573	4528	0
biokurs19-09	106	Pulse	199	2059573	14527	0
biokurs19-09	106	Pulse	199	2069573	24527	0
biokurs19-09	107	Picture	feedback	2069935	0	1	20089	1	0	next	other	0
biokurs19-09	107	Pulse	199	2079573	9638	0
biokurs19-09	107	Pulse	199	2089573	19638	0
biokurs19-09	108	Picture	fix	2090024	0	1	33778	1	0	next	other	0
biokurs19-09	108	Pulse	199	2099573	9549	0
biokurs19-09	108	Pulse	199	2109573	19549	0
biokurs19-09	108	Pulse	199	2119573	29549	0
biokurs19-09	110	Picture	stim	2123802	0	1	20089	1	0	20000	hit	301
biokurs19-09	110	Pulse	199	2129573	5771	0
biokurs19-09	110	Response	16	2136523	12721	0
biokurs19-09	110	Pulse	199	2139573	15770	0
biokurs19-09	111	Picture	fix2	2143891	0	1	21867	1	0	next	other	0
biokurs19-09	111	Pulse	199	2149573	5682	0
biokurs19-09	111	Pulse	199	2159573	15682	0
biokurs19-09	112	Picture	feedback	2165758	0	1	20089	1	0	next	other	0
biokurs19-09	112	Pulse	199	2169573	3814	0
biokurs19-09	112	Pulse	199	2179573	13815	0
biokurs19-09	113	Picture	fix	2185847	0	1	22045	1	0	next	other	0
biokurs19-09	113	Pulse	199	2189573	3726	0
biokurs19-09	113	Pulse	199	2199573	13725	0
biokurs19-09	115	Picture	stim	2207892	0	1	20089	1	0	20000	hit	315
biokurs19-09	115	Pulse	199	2209573	1681	0
biokurs19-09	115	Pulse	199	2219573	11681	0
biokurs19-09	115	Response	16	2222883	14991	0
biokurs19-09	116	Picture	fix2	2228159	0	1	25600	1	0	next	other	0
biokurs19-09	116	Pulse	199	2229573	1414	0
biokurs19-09	116	Pulse	199	2239573	11414	0
biokurs19-09	116	Pulse	199	2249573	21414	0
biokurs19-09	117	Picture	feedback	2253759	0	1	20089	1	0	next	other	0
biokurs19-09	117	Pulse	199	2259573	5814	0
biokurs19-09	117	Pulse	199	2269573	15814	0
biokurs19-09	118	Picture	fix	2273848	0	1	32889	1	0	next	other	0
biokurs19-09	118	Pulse	199	2279574	5725	0
biokurs19-09	118	Pulse	199	2289574	15725	0
biokurs19-09	118	Pulse	199	2299574	25725	0
biokurs19-09	120	Picture	stim	2306738	0	1	20089	1	0	20000	incorrect	329
biokurs19-09	120	Pulse	199	2309573	2836	0
biokurs19-09	120	Response	32	2318164	11426	0
biokurs19-09	120	Pulse	199	2319574	12836	0
biokurs19-09	121	Picture	fix2	2326827	0	1	18311	1	0	next	other	0
biokurs19-09	121	Pulse	199	2329574	2747	0
biokurs19-09	121	Pulse	199	2339573	12746	0
biokurs19-09	122	Picture	feedback	2345138	0	1	20089	1	0	next	other	0
biokurs19-09	122	Pulse	199	2349574	4436	0
biokurs19-09	122	Pulse	199	2359574	14436	0
biokurs19-09	123	Picture	fix	2365227	0	1	24534	1	0	next	other	0
biokurs19-09	123	Pulse	199	2369573	4346	0
biokurs19-09	123	Pulse	199	2379573	14346	0
biokurs19-09	123	Pulse	199	2389573	24346	0
biokurs19-09	125	Picture	stim	2389761	0	1	20089	1	0	20000	hit	343
biokurs19-09	125	Pulse	199	2399573	9813	0
biokurs19-09	125	Response	16	2401363	11603	0
biokurs19-09	125	Pulse	199	2409573	19812	0
biokurs19-09	126	Picture	fix2	2409850	0	1	11378	1	0	next	other	0
biokurs19-09	126	Pulse	199	2419584	9734	0
biokurs19-09	127	Picture	feedback	2421228	0	1	20089	1	0	next	other	0
biokurs19-09	127	Pulse	199	2429574	8346	0
biokurs19-09	127	Pulse	199	2439574	18346	0
biokurs19-09	128	Picture	fix	2441317	0	1	19022	1	0	next	other	0
biokurs19-09	128	Pulse	199	2449574	8256	0
biokurs19-09	128	Pulse	199	2459574	18257	0
biokurs19-09	130	Picture	stim	2460339	0	1	20089	1	0	20000	hit	355
biokurs19-09	130	Pulse	199	2469574	9234	0
biokurs19-09	130	Response	16	2475923	15584	0
biokurs19-09	130	Pulse	199	2479583	19244	0
biokurs19-09	131	Picture	fix2	2480429	0	1	27200	1	0	next	other	0
biokurs19-09	131	Pulse	199	2489584	9155	0
biokurs19-09	131	Pulse	199	2499583	19155	0
biokurs19-09	132	Picture	feedback	2507629	0	1	20089	1	0	next	other	0
biokurs19-09	132	Pulse	199	2509584	1955	0
biokurs19-09	132	Pulse	199	2519583	11954	0
biokurs19-09	133	Picture	fix	2527718	0	1	30578	1	0	next	other	0
biokurs19-09	133	Pulse	199	2529584	1866	0
biokurs19-09	133	Pulse	199	2539584	11866	0
biokurs19-09	133	Pulse	199	2549583	21865	0
biokurs19-09	135	Picture	stim	2558296	0	1	20089	1	0	20000	incorrect	369
biokurs19-09	135	Pulse	199	2559584	1288	0
biokurs19-09	135	Response	32	2567924	9628	0
biokurs19-09	135	Pulse	199	2569584	11288	0
biokurs19-09	136	Picture	fix2	2578385	0	1	18667	1	0	next	other	0
biokurs19-09	136	Pulse	199	2579584	1198	0
biokurs19-09	136	Pulse	199	2589584	11199	0
biokurs19-09	137	Picture	feedback	2597052	0	1	20089	1	0	next	other	0
biokurs19-09	137	Pulse	199	2599584	2532	0
biokurs19-09	137	Pulse	199	2609584	12532	0
biokurs19-09	138	Picture	fix	2617141	0	1	27734	1	0	next	other	0
biokurs19-09	138	Pulse	199	2619584	2442	0
biokurs19-09	138	Pulse	199	2629584	12443	0
biokurs19-09	138	Pulse	199	2639584	22443	0
biokurs19-09	140	Picture	stim	2644875	0	1	20089	1	0	20000	incorrect	383
biokurs19-09	140	Pulse	199	2649584	4709	0
biokurs19-09	140	Response	32	2655784	10909	0
biokurs19-09	140	Pulse	199	2659584	14709	0
biokurs19-09	141	Picture	fix2	2665142	0	1	18845	1	0	next	other	0
biokurs19-09	141	Pulse	199	2669584	4442	0
biokurs19-09	141	Pulse	199	2679584	14442	0
biokurs19-09	142	Picture	feedback	2683987	0	1	20089	1	0	next	other	0
biokurs19-09	142	Pulse	199	2689583	5597	0
biokurs19-09	142	Pulse	199	2699584	15598	0
biokurs19-09	143	Picture	fix	2704076	0	1	30756	1	0	next	other	0
biokurs19-09	143	Pulse	199	2709584	5508	0
biokurs19-09	143	Pulse	199	2719584	15508	0
biokurs19-09	143	Pulse	199	2729584	25509	0
biokurs19-09	145	Picture	stim	2734832	0	1	20089	1	0	20000	incorrect	397
biokurs19-09	145	Pulse	199	2739584	4753	0
biokurs19-09	145	Response	32	2747094	12262	0
biokurs19-09	145	Pulse	199	2749584	14752	0
biokurs19-09	146	Picture	fix2	2754921	0	1	20267	1	0	next	other	0
biokurs19-09	146	Pulse	199	2759584	4663	0
biokurs19-09	146	Pulse	199	2769584	14664	0
biokurs19-09	147	Picture	feedback	2775188	0	1	20089	1	0	next	other	0
biokurs19-09	147	Pulse	199	2779584	4396	0
biokurs19-09	147	Pulse	199	2789583	14396	0
biokurs19-09	148	Picture	fix	2795277	0	1	22934	1	0	next	other	0
biokurs19-09	148	Pulse	199	2799584	4308	0
biokurs19-09	148	Pulse	199	2809584	14308	0
biokurs19-09	150	Picture	stim	2818210	0	1	20089	1	0	20000	hit	411
biokurs19-09	150	Pulse	199	2819584	1374	0
biokurs19-09	150	Pulse	199	2829584	11374	0
biokurs19-09	150	Response	16	2830514	12304	0
biokurs19-09	151	Picture	fix2	2838477	0	1	16356	1	0	next	other	0
biokurs19-09	151	Pulse	199	2839584	1107	0
biokurs19-09	151	Pulse	199	2849584	11107	0
biokurs19-09	152	Picture	feedback	2854833	0	1	20089	1	0	next	other	0
biokurs19-09	152	Pulse	199	2859584	4751	0
biokurs19-09	152	Pulse	199	2869584	14751	0
biokurs19-09	153	Picture	fix	2874922	0	1	28800	1	0	next	other	0
biokurs19-09	153	Pulse	199	2879584	4662	0
biokurs19-09	153	Pulse	199	2889584	14662	0
biokurs19-09	153	Pulse	199	2899584	24662	0
biokurs19-09	155	Picture	stim	2903722	0	1	20089	1	0	20000	incorrect	424
biokurs19-09	155	Pulse	199	2909584	5862	0
biokurs19-09	155	Response	32	2917464	13742	0
biokurs19-09	155	Pulse	199	2919584	15862	0
biokurs19-09	156	Picture	fix2	2923989	0	1	25778	1	0	next	other	0
biokurs19-09	156	Pulse	199	2929584	5595	0
biokurs19-09	156	Pulse	199	2939584	15595	0
biokurs19-09	156	Pulse	199	2949584	25595	0
biokurs19-09	157	Picture	feedback	2949767	0	1	20089	1	0	next	other	0
biokurs19-09	157	Pulse	199	2959584	9817	0
biokurs19-09	157	Pulse	199	2969584	19816	0
biokurs19-09	158	Picture	fix	2969856	0	1	28800	1	0	next	other	0
biokurs19-09	158	Pulse	199	2979584	9728	0
biokurs19-09	158	Pulse	199	2989584	19728	0
biokurs19-09	160	Picture	stim	2998657	0	1	20089	1	0	20000	hit	438
biokurs19-09	160	Pulse	199	2999585	928	0
biokurs19-09	160	Response	16	3009485	10828	0
biokurs19-09	160	Pulse	199	3009584	10927	0
biokurs19-09	161	Picture	fix2	3018746	0	1	26845	1	0	next	other	0
biokurs19-09	161	Pulse	199	3019584	838	0
biokurs19-09	161	Pulse	199	3029584	10838	0
biokurs19-09	161	Pulse	199	3039585	20839	0
biokurs19-09	162	Picture	feedback	3045591	0	1	20089	1	0	next	other	0
biokurs19-09	162	Pulse	199	3049585	3994	0
biokurs19-09	162	Pulse	199	3059585	13994	0
biokurs19-09	163	Picture	fix	3065680	0	1	31822	1	0	next	other	0
biokurs19-09	163	Pulse	199	3069584	3904	0
biokurs19-09	163	Pulse	199	3079585	13905	0
biokurs19-09	163	Pulse	199	3089584	23904	0
biokurs19-09	165	Picture	stim	3097502	0	1	20089	1	0	20000	hit	453
biokurs19-09	165	Pulse	199	3099585	2082	0
biokurs19-09	165	Response	16	3108725	11222	0
biokurs19-09	165	Pulse	199	3109585	12082	0
biokurs19-09	166	Picture	fix2	3117592	0	1	18667	1	0	next	other	0
biokurs19-09	166	Pulse	199	3119585	1993	0
biokurs19-09	166	Pulse	199	3129585	11993	0
biokurs19-09	167	Picture	feedback	3136258	0	1	20089	1	0	next	other	0
biokurs19-09	167	Pulse	199	3139585	3327	0
biokurs19-09	167	Pulse	199	3149585	13326	0
biokurs19-09	168	Picture	fix	3156348	0	1	38045	1	0	next	other	0
biokurs19-09	168	Pulse	199	3159585	3237	0
biokurs19-09	168	Pulse	199	3169584	13237	0
biokurs19-09	168	Pulse	199	3179585	23237	0
biokurs19-09	168	Pulse	199	3189585	33237	0
biokurs19-09	170	Picture	stim	3194392	0	1	20089	1	0	20000	hit	468
biokurs19-09	170	Pulse	199	3199585	5192	0
biokurs19-09	170	Response	16	3202515	8122	0
biokurs19-09	170	Pulse	199	3209585	15193	0
biokurs19-09	171	Picture	fix2	3214482	0	1	19378	1	0	next	other	0
biokurs19-09	171	Pulse	199	3219585	5103	0
biokurs19-09	171	Pulse	199	3229585	15103	0
biokurs19-09	172	Picture	feedback	3233860	0	1	20089	1	0	next	other	0
biokurs19-09	172	Pulse	199	3239584	5725	0
biokurs19-09	172	Pulse	199	3249585	15725	0
biokurs19-09	173	Picture	fix	3253949	0	1	30223	1	0	next	other	0
biokurs19-09	173	Pulse	199	3259585	5636	0
biokurs19-09	173	Pulse	199	3269585	15636	0
biokurs19-09	173	Pulse	199	3279585	25636	0
biokurs19-09	175	Picture	stim	3284171	0	1	20089	1	0	20000	hit	482
biokurs19-09	175	Pulse	199	3289585	5414	0
biokurs19-09	175	Response	16	3298295	14123	0
biokurs19-09	175	Pulse	199	3299585	15413	0
biokurs19-09	176	Picture	fix2	3304260	0	1	21511	1	0	next	other	0
biokurs19-09	176	Pulse	199	3309584	5324	0
biokurs19-09	176	Pulse	199	3319585	15324	0
biokurs19-09	177	Picture	feedback	3325772	0	1	20089	1	0	next	other	0
biokurs19-09	177	Pulse	199	3329585	3813	0
biokurs19-09	177	Pulse	199	3339585	13813	0
biokurs19-09	178	Picture	fix	3345861	0	1	30578	1	0	next	other	0
biokurs19-09	178	Pulse	199	3349585	3724	0
biokurs19-09	178	Pulse	199	3359585	13724	0
biokurs19-09	178	Pulse	199	3369585	23724	0
biokurs19-09	180	Picture	stim	3376439	0	1	20089	1	0	20000	incorrect	496
biokurs19-09	180	Pulse	199	3379585	3146	0
biokurs19-09	180	Response	32	3387205	10766	0
biokurs19-09	180	Pulse	199	3389585	13146	0
biokurs19-09	181	Picture	fix2	3396528	0	1	19911	1	0	next	other	0
biokurs19-09	181	Pulse	199	3399585	3057	0
biokurs19-09	181	Pulse	199	3409585	13057	0
biokurs19-09	182	Picture	feedback	3416440	0	1	20089	1	0	next	other	0
biokurs19-09	182	Pulse	199	3419585	3146	0
biokurs19-09	182	Pulse	199	3429585	13146	0
biokurs19-09	183	Picture	fix	3436529	0	1	39467	1	0	next	other	0
biokurs19-09	183	Pulse	199	3439586	3057	0
biokurs19-09	183	Pulse	199	3449585	13056	0
biokurs19-09	183	Pulse	199	3459585	23056	0
biokurs19-09	183	Pulse	199	3469585	33056	0
biokurs19-09	185	Picture	stim	3475996	0	1	20089	1	0	20000	hit	511
biokurs19-09	185	Pulse	199	3479585	3589	0
biokurs19-09	185	Response	16	3487995	12000	0
biokurs19-09	185	Pulse	199	3489585	13590	0
biokurs19-09	186	Picture	fix2	3496085	0	1	22578	1	0	next	other	0
biokurs19-09	186	Pulse	199	3499586	3501	0
biokurs19-09	186	Pulse	199	3509585	13500	0
biokurs19-09	187	Picture	feedback	3518663	0	1	20089	1	0	next	other	0
biokurs19-09	187	Pulse	199	3519585	922	0
biokurs19-09	187	Pulse	199	3529585	10922	0
biokurs19-09	188	Picture	fix	3538752	0	1	30934	1	0	next	other	0
biokurs19-09	188	Pulse	199	3539586	833	0
biokurs19-09	188	Pulse	199	3549585	10833	0
biokurs19-09	188	Pulse	199	3559585	20833	0
biokurs19-09	189	Pulse	199	3569578	6	7
biokurs19-09	190	Picture	stim	3569686	0	1	20089	1	0	20000	hit	526
biokurs19-09	190	Pulse	199	3579585	9899	0
biokurs19-09	190	Response	16	3581505	11819	0
biokurs19-09	190	Pulse	199	3589586	19900	0
biokurs19-09	191	Picture	fix2	3589775	0	1	14211	190	0	next	other	0
biokurs19-09	191	Pulse	199	3599586	9811	0
biokurs19-09	192	Picture	feedback	3603986	0	190	20100	190	0	next	other	0
biokurs19-09	192	Pulse	199	3609586	5600	0
biokurs19-09	192	Pulse	199	3619585	15599	0
biokurs19-09	193	Picture	fix	3624086	0	1	41067	1	0	next	other	0
biokurs19-09	193	Pulse	199	3629586	5499	0
biokurs19-09	193	Pulse	199	3639586	15499	0
biokurs19-09	193	Pulse	199	3649585	25499	0
biokurs19-09	193	Pulse	199	3659585	35499	0
biokurs19-09	195	Picture	stim	3665154	0	1	20089	1	0	20000	incorrect	541
biokurs19-09	195	Pulse	199	3669586	4432	0
biokurs19-09	195	Pulse	199	3679586	14432	0
biokurs19-09	195	Response	32	3682045	16892	0
biokurs19-09	196	Picture	fix2	3685243	0	1	16534	1	0	next	other	0
biokurs19-09	196	Pulse	199	3689586	4343	0
biokurs19-09	196	Pulse	199	3699586	14343	0
biokurs19-09	197	Picture	feedback	3701776	0	1	20089	1	0	next	other	0
biokurs19-09	197	Pulse	199	3709586	7809	0
biokurs19-09	197	Pulse	199	3719585	17809	0
biokurs19-09	198	Picture	fix	3721865	0	1	30579	1	0	next	other	0
biokurs19-09	198	Pulse	199	3729586	7721	0
biokurs19-09	198	Pulse	199	3739585	17720	0
biokurs19-09	198	Pulse	199	3749585	27720	0
biokurs19-09	200	Picture	stim	3752444	0	1	20089	1	0	20000	hit	554
biokurs19-09	200	Pulse	199	3759585	7142	0
biokurs19-09	200	Response	16	3765826	13382	0
biokurs19-09	200	Pulse	199	3769586	17142	0
biokurs19-09	201	Picture	fix2	3772533	0	1	16000	1	0	next	other	0
biokurs19-09	201	Pulse	199	3779586	7053	0
biokurs19-09	202	Picture	feedback	3788533	0	1	20089	1	0	next	other	0
biokurs19-09	202	Pulse	199	3789585	1052	0
biokurs19-09	202	Pulse	199	3799586	11053	0
biokurs19-09	203	Picture	100	3808622	0	1	80179	1	0	80000	other	0
biokurs19-09	203	Pulse	199	3809586	964	0
biokurs19-09	203	Pulse	199	3819586	10964	0
biokurs19-09	203	Pulse	199	3829586	20964	0
biokurs19-09	203	Pulse	199	3839586	30964	0
biokurs19-09	203	Pulse	199	3849586	40964	0
biokurs19-09	203	Pulse	199	3859585	50963	0
biokurs19-09	203	Pulse	199	3869586	60964	0
biokurs19-09	203	Pulse	199	3879586	70964	0
