Scenario - FeedLearn_MRI_5x8_fullRand.sce
Logfile written - 05/29/2019 10:55:33

Subject	Trial	Event Type	Code	Time	TTime	Uncertainty	Duration	Uncertainty	ReqTime	ReqDur	Stim Type	Pair Index

biokurs19-10	1	Response	16	111919	101905	0
biokurs19-10	2	Response	32	144429	32494	0
biokurs19-10	2	Response	16	175299	63364	0
biokurs19-10	2	Response	16	218569	106634	0
biokurs19-10	2	Response	16	232119	120184	0
biokurs19-10	2	Response	16	279089	167154	0
biokurs19-10	2	Response	16	281868	169933	0
biokurs19-10	2	Response	16	285449	173514	0
biokurs19-10	2	Response	16	295189	183254	0
biokurs19-10	2	Response	16	345359	233424	0
biokurs19-10	2	Response	16	349408	237474	0
biokurs19-10	2	Response	16	369299	257364	0
biokurs19-10	2	Response	16	371699	259764	0
biokurs19-10	2	Response	16	374819	262884	0
biokurs19-10	2	Response	16	406919	294984	0
biokurs19-10	2	Response	16	428589	316654	0
biokurs19-10	2	Response	16	437678	325744	0
biokurs19-10	2	Response	16	440139	328204	0
biokurs19-10	2	Response	16	442449	330514	0
biokurs19-10	2	Response	16	512350	400415	0
biokurs19-10	2	Response	32	526169	414235	0
biokurs19-10	2	Response	16	547400	435465	0
biokurs19-10	2	Response	16	554839	442904	0
biokurs19-10	2	Response	16	559109	447175	0
biokurs19-10	2	Response	32	572890	460955	0
biokurs19-10	2	Response	16	603900	491965	0
biokurs19-10	2	Response	16	656060	544125	0
biokurs19-10	2	Response	16	671299	559365	0
biokurs19-10	2	Response	16	673509	561574	0
biokurs19-10	2	Response	16	675679	563744	0
biokurs19-10	2	Response	16	680769	568835	0
biokurs19-10	2	Pulse	199	2062042	1950107	0
biokurs19-10	2	Pulse	199	2072041	1960107	0
biokurs19-10	2	Pulse	199	2082042	1970107	0
biokurs19-10	2	Pulse	199	2092042	1980107	0
biokurs19-10	2	Pulse	199	2102042	1990107	0
biokurs19-10	2	Pulse	199	2112041	2000106	0
biokurs19-10	3	Picture	fix	2112424	0	1	25423	1	0	next	other	0
biokurs19-10	3	Pulse	199	2122042	9618	0
biokurs19-10	3	Pulse	199	2132042	19618	0
biokurs19-10	5	Picture	stim	2137847	0	1	20089	1	0	20000	hit	43
biokurs19-10	5	Pulse	199	2142041	4195	0
biokurs19-10	5	Response	16	2148941	11095	0
biokurs19-10	5	Pulse	199	2152041	14195	0
biokurs19-10	6	Picture	fix2	2157936	0	1	16000	1	0	next	other	0
biokurs19-10	6	Pulse	199	2162042	4106	0
biokurs19-10	6	Pulse	199	2172042	14106	0
biokurs19-10	7	Picture	feedback	2173936	0	1	20070	198	0	next	other	0
biokurs19-10	7	Pulse	199	2182042	8106	0
biokurs19-10	7	Pulse	199	2192042	18106	0
biokurs19-10	8	Picture	fix	2194006	0	198	35753	198	0	next	other	0
biokurs19-10	8	Pulse	199	2202042	8036	0
biokurs19-10	8	Pulse	199	2212041	18035	0
biokurs19-10	8	Pulse	199	2222042	28036	0
biokurs19-10	10	Picture	stim	2229759	0	1	20089	1	0	20000	hit	58
biokurs19-10	10	Pulse	199	2232042	2283	0
biokurs19-10	10	Pulse	199	2242042	12283	0
biokurs19-10	10	Response	16	2243772	14013	0
biokurs19-10	11	Picture	fix2	2250025	0	1	19734	1	0	next	other	0
biokurs19-10	11	Pulse	199	2252041	2016	0
biokurs19-10	11	Pulse	199	2262042	12016	0
biokurs19-10	12	Picture	feedback	2269759	0	1	20075	193	0	next	other	0
biokurs19-10	12	Pulse	199	2272042	2283	0
biokurs19-10	12	Pulse	199	2282041	12282	0
biokurs19-10	13	Picture	fix	2289834	0	193	30592	193	0	next	other	0
biokurs19-10	13	Pulse	199	2292042	2208	0
biokurs19-10	13	Pulse	199	2302042	12208	0
biokurs19-10	13	Pulse	199	2312042	22208	0
biokurs19-10	15	Picture	stim	2320426	0	1	20089	1	0	20000	incorrect	71
biokurs19-10	15	Pulse	199	2322042	1616	0
biokurs19-10	15	Response	32	2331512	11086	0
biokurs19-10	15	Pulse	199	2332042	11616	0
biokurs19-10	16	Picture	fix2	2340515	0	1	13511	1	0	next	other	0
biokurs19-10	16	Pulse	199	2342042	1527	0
biokurs19-10	16	Pulse	199	2352042	11527	0
biokurs19-10	17	Picture	feedback	2354027	0	1	20077	191	0	next	other	0
biokurs19-10	17	Pulse	199	2362042	8015	0
biokurs19-10	17	Pulse	199	2372042	18016	0
biokurs19-10	18	Picture	fix	2374104	0	191	28812	191	0	next	other	0
biokurs19-10	18	Pulse	199	2382042	7939	0
biokurs19-10	18	Pulse	199	2392042	17939	0
biokurs19-10	18	Pulse	199	2402043	27939	0
biokurs19-10	20	Picture	stim	2402916	0	1	20089	1	0	20000	hit	85
biokurs19-10	20	Pulse	199	2412042	9126	0
biokurs19-10	20	Response	16	2412752	9836	0
biokurs19-10	20	Pulse	199	2422042	19126	0
biokurs19-10	21	Picture	fix2	2423005	0	1	11378	1	0	next	other	0
biokurs19-10	21	Pulse	199	2432043	9037	0
biokurs19-10	22	Picture	feedback	2434383	0	1	20089	1	0	next	other	0
biokurs19-10	22	Pulse	199	2442043	7659	0
biokurs19-10	22	Pulse	199	2452042	17659	0
biokurs19-10	23	Picture	fix	2454472	0	1	27378	1	0	next	other	0
biokurs19-10	23	Pulse	199	2462042	7570	0
biokurs19-10	23	Pulse	199	2472042	17570	0
biokurs19-10	25	Picture	stim	2481851	0	1	20089	1	0	20000	hit	98
biokurs19-10	25	Pulse	199	2482044	194	0
biokurs19-10	25	Pulse	199	2492042	10192	0
biokurs19-10	25	Response	16	2499592	17742	0
biokurs19-10	26	Picture	fix2	2501940	0	1	21511	1	0	next	other	0
biokurs19-10	26	Pulse	199	2502041	102	0
biokurs19-10	26	Pulse	199	2512043	10103	0
biokurs19-10	26	Pulse	199	2522042	20103	0
biokurs19-10	27	Picture	feedback	2523451	0	1	20089	1	0	next	other	0
biokurs19-10	27	Pulse	199	2532042	8592	0
biokurs19-10	27	Pulse	199	2542042	18591	0
biokurs19-10	28	Picture	fix	2543540	0	1	30578	1	0	next	other	0
biokurs19-10	28	Pulse	199	2552043	8503	0
biokurs19-10	28	Pulse	199	2562042	18502	0
biokurs19-10	28	Pulse	199	2572043	28503	0
biokurs19-10	30	Picture	stim	2574118	0	1	20089	1	0	20000	hit	112
biokurs19-10	30	Pulse	199	2582043	7925	0
biokurs19-10	30	Response	16	2585442	11324	0
biokurs19-10	30	Pulse	199	2592042	17924	0
biokurs19-10	31	Picture	fix2	2594207	0	1	15289	1	0	next	other	0
biokurs19-10	31	Pulse	199	2602043	7835	0
biokurs19-10	32	Picture	feedback	2609496	0	1	20089	1	0	next	other	0
biokurs19-10	32	Pulse	199	2612043	2546	0
biokurs19-10	32	Pulse	199	2622042	12546	0
biokurs19-10	33	Picture	fix	2629585	0	1	32889	1	0	next	other	0
biokurs19-10	33	Pulse	199	2632043	2457	0
biokurs19-10	33	Pulse	199	2642043	12457	0
biokurs19-10	33	Pulse	199	2652042	22457	0
biokurs19-10	33	Pulse	199	2662042	32457	0
biokurs19-10	35	Picture	stim	2662475	0	1	20089	1	0	20000	incorrect	126
biokurs19-10	35	Pulse	199	2672043	9568	0
biokurs19-10	35	Response	32	2674062	11587	0
biokurs19-10	35	Pulse	199	2682043	19568	0
biokurs19-10	36	Picture	fix2	2682564	0	1	12267	1	0	next	other	0
biokurs19-10	36	Pulse	199	2692043	9479	0
biokurs19-10	37	Picture	feedback	2694831	0	1	20089	1	0	next	other	0
biokurs19-10	37	Pulse	199	2702042	7211	0
biokurs19-10	37	Pulse	199	2712043	17212	0
biokurs19-10	38	Picture	fix	2714920	0	1	38045	1	0	next	other	0
biokurs19-10	38	Pulse	199	2722043	7123	0
biokurs19-10	38	Pulse	199	2732043	17123	0
biokurs19-10	38	Pulse	199	2742043	27123	0
biokurs19-10	38	Pulse	199	2752043	37123	0
biokurs19-10	40	Picture	stim	2752965	0	1	20089	1	0	20000	incorrect	139
biokurs19-10	40	Response	32	2762002	9038	0
biokurs19-10	40	Pulse	199	2762042	9078	0
biokurs19-10	40	Pulse	199	2772043	19078	0
biokurs19-10	41	Picture	fix2	2773054	0	1	19911	1	0	next	other	0
biokurs19-10	41	Pulse	199	2782043	8989	0
biokurs19-10	41	Pulse	199	2792043	18989	0
biokurs19-10	42	Picture	feedback	2792965	0	1	20089	1	0	next	other	0
biokurs19-10	42	Pulse	199	2802043	9077	0
biokurs19-10	42	Pulse	199	2812043	19078	0
biokurs19-10	43	Picture	fix	2813054	0	1	31823	1	0	next	other	0
biokurs19-10	43	Pulse	199	2822043	8989	0
biokurs19-10	43	Pulse	199	2832043	18989	0
biokurs19-10	43	Pulse	199	2842043	28989	0
biokurs19-10	45	Picture	stim	2844877	0	1	20089	1	0	20000	hit	154
biokurs19-10	45	Pulse	199	2852043	7166	0
biokurs19-10	45	Response	16	2859803	14926	0
biokurs19-10	45	Pulse	199	2862043	17166	0
biokurs19-10	46	Picture	fix2	2864966	0	1	16356	1	0	next	other	0
biokurs19-10	46	Pulse	199	2872043	7077	0
biokurs19-10	47	Picture	feedback	2881322	0	1	20089	1	0	next	other	0
biokurs19-10	47	Pulse	199	2882043	721	0
biokurs19-10	47	Pulse	199	2892043	10721	0
biokurs19-10	48	Picture	fix	2901411	0	1	30934	1	0	next	other	0
biokurs19-10	48	Pulse	199	2902043	632	0
biokurs19-10	48	Pulse	199	2912043	10632	0
biokurs19-10	48	Pulse	199	2922043	20632	0
biokurs19-10	48	Pulse	199	2932043	30632	0
biokurs19-10	50	Picture	stim	2932345	0	1	20089	1	0	20000	miss	0
biokurs19-10	50	Pulse	199	2942043	9698	0
biokurs19-10	50	Pulse	199	2952043	19698	0
biokurs19-10	51	Picture	fix2	2952434	0	1	20267	1	0	next	other	0
biokurs19-10	51	Response	16	2955093	2659	0
biokurs19-10	51	Pulse	199	2962043	9609	0
biokurs19-10	51	Pulse	199	2972042	19609	0
biokurs19-10	52	Picture	feedback	2972700	0	1	20089	1	0	next	other	0
biokurs19-10	52	Pulse	199	2982043	9343	0
biokurs19-10	52	Pulse	199	2992043	19343	0
biokurs19-10	53	Picture	fix	2992790	0	1	28800	1	0	next	other	0
biokurs19-10	53	Pulse	199	3002043	9254	0
biokurs19-10	53	Pulse	199	3012043	19253	0
biokurs19-10	55	Picture	stim	3021590	0	1	20089	1	0	20000	incorrect	181
biokurs19-10	55	Pulse	199	3022043	453	0
biokurs19-10	55	Response	32	3028153	6563	0
biokurs19-10	55	Pulse	199	3032043	10453	0
biokurs19-10	56	Picture	fix2	3041679	0	1	23645	1	0	next	other	0
biokurs19-10	56	Pulse	199	3042043	364	0
biokurs19-10	56	Pulse	199	3052043	10364	0
biokurs19-10	56	Pulse	199	3062043	20364	0
biokurs19-10	57	Picture	feedback	3065324	0	1	20089	1	0	next	other	0
biokurs19-10	57	Pulse	199	3072043	6719	0
biokurs19-10	57	Pulse	199	3082043	16719	0
biokurs19-10	58	Picture	fix	3085413	0	1	33778	1	0	next	other	0
biokurs19-10	58	Pulse	199	3092043	6630	0
biokurs19-10	58	Pulse	199	3102043	16630	0
biokurs19-10	58	Pulse	199	3112043	26630	0
biokurs19-10	60	Picture	stim	3119191	0	1	20089	1	0	20000	incorrect	196
biokurs19-10	60	Pulse	199	3122043	2852	0
biokurs19-10	60	Response	32	3125563	6372	0
biokurs19-10	60	Pulse	199	3132043	12852	0
biokurs19-10	61	Picture	fix2	3139280	0	1	16178	1	0	next	other	0
biokurs19-10	61	Pulse	199	3142043	2763	0
biokurs19-10	61	Pulse	199	3152053	12773	0
biokurs19-10	62	Picture	feedback	3155458	0	1	20089	1	0	next	other	0
biokurs19-10	62	Pulse	199	3162043	6585	0
biokurs19-10	62	Pulse	199	3172043	16585	0
biokurs19-10	63	Picture	fix	3175547	0	1	39467	1	0	next	other	0
biokurs19-10	63	Pulse	199	3182043	6496	0
biokurs19-10	63	Pulse	199	3192043	16496	0
biokurs19-10	63	Pulse	199	3202053	26506	0
biokurs19-10	63	Pulse	199	3212054	36506	0
biokurs19-10	65	Picture	stim	3215014	0	1	20089	1	0	20000	incorrect	210
biokurs19-10	65	Response	32	3221894	6879	0
biokurs19-10	65	Pulse	199	3222053	7039	0
biokurs19-10	65	Pulse	199	3232054	17039	0
biokurs19-10	66	Picture	fix2	3235104	0	1	16533	1	0	next	other	0
biokurs19-10	66	Pulse	199	3242053	6950	0
biokurs19-10	67	Picture	feedback	3251637	0	1	20089	1	0	next	other	0
biokurs19-10	67	Pulse	199	3252053	416	0
biokurs19-10	67	Pulse	199	3262053	10417	0
biokurs19-10	68	Picture	fix	3271726	0	1	30045	1	0	next	other	0
biokurs19-10	68	Pulse	199	3272054	327	0
biokurs19-10	68	Pulse	199	3282053	10327	0
biokurs19-10	68	Pulse	199	3292053	20327	0
biokurs19-10	70	Picture	stim	3301771	0	1	20089	1	0	20000	incorrect	225
biokurs19-10	70	Pulse	199	3302054	283	0
biokurs19-10	70	Pulse	199	3312054	10283	0
biokurs19-10	70	Response	32	3312723	10952	0
biokurs19-10	71	Picture	fix2	3321860	0	1	17422	1	0	next	other	0
biokurs19-10	71	Pulse	199	3322053	193	0
biokurs19-10	71	Pulse	199	3332054	10194	0
biokurs19-10	72	Picture	feedback	3339282	0	1	20089	1	0	next	other	0
biokurs19-10	72	Pulse	199	3342054	2771	0
biokurs19-10	72	Pulse	199	3352053	12771	0
biokurs19-10	73	Picture	fix	3359372	0	1	17600	1	0	next	other	0
biokurs19-10	73	Pulse	199	3362054	2682	0
biokurs19-10	73	Pulse	199	3372054	12682	0
biokurs19-10	75	Picture	stim	3376972	0	1	20089	1	0	20000	hit	237
biokurs19-10	75	Pulse	199	3382054	5082	0
biokurs19-10	75	Response	16	3390013	13042	0
biokurs19-10	75	Pulse	199	3392053	15082	0
biokurs19-10	76	Picture	fix2	3397061	0	1	23645	1	0	next	other	0
biokurs19-10	76	Pulse	199	3402054	4993	0
biokurs19-10	76	Pulse	199	3412054	14993	0
biokurs19-10	77	Picture	feedback	3420706	0	1	20089	1	0	next	other	0
biokurs19-10	77	Pulse	199	3422053	1348	0
biokurs19-10	77	Pulse	199	3432054	11348	0
biokurs19-10	78	Picture	fix	3440795	0	1	30578	1	0	next	other	0
biokurs19-10	78	Pulse	199	3442054	1259	0
biokurs19-10	78	Pulse	199	3452054	11259	0
biokurs19-10	78	Pulse	199	3462054	21259	0
biokurs19-10	80	Picture	stim	3471373	0	1	20089	1	0	20000	incorrect	252
biokurs19-10	80	Pulse	199	3472054	681	0
biokurs19-10	80	Pulse	199	3482054	10681	0
biokurs19-10	80	Response	32	3489204	17831	0
biokurs19-10	81	Picture	fix2	3491462	0	1	16000	1	0	next	other	0
biokurs19-10	81	Pulse	199	3492053	591	0
biokurs19-10	81	Pulse	199	3502054	10592	0
biokurs19-10	82	Picture	feedback	3507462	0	1	20089	1	0	next	other	0
biokurs19-10	82	Pulse	199	3512054	4592	0
biokurs19-10	82	Pulse	199	3522054	14592	0
biokurs19-10	83	Picture	fix	3527551	0	1	30222	1	0	next	other	0
biokurs19-10	83	Pulse	199	3532054	4502	0
biokurs19-10	83	Pulse	199	3542054	14503	0
biokurs19-10	83	Pulse	199	3552054	24503	0
biokurs19-10	85	Picture	stim	3557774	0	1	20089	1	0	20000	incorrect	265
biokurs19-10	85	Pulse	199	3562053	4280	0
biokurs19-10	85	Response	32	3565094	7320	0
biokurs19-10	85	Pulse	199	3572054	14280	0
biokurs19-10	86	Picture	fix2	3577863	0	1	13511	1	0	next	other	0
biokurs19-10	86	Pulse	199	3582054	4191	0
biokurs19-10	87	Picture	feedback	3591374	0	1	20089	1	0	next	other	0
biokurs19-10	87	Pulse	199	3592054	679	0
biokurs19-10	87	Pulse	199	3602054	10680	0
biokurs19-10	88	Picture	fix	3611463	0	1	33423	1	0	next	other	0
biokurs19-10	88	Pulse	199	3612054	591	0
biokurs19-10	88	Pulse	199	3622054	10591	0
biokurs19-10	88	Pulse	199	3632053	20590	0
biokurs19-10	88	Pulse	199	3642054	30591	0
biokurs19-10	90	Picture	stim	3644886	0	1	20089	1	0	20000	incorrect	278
biokurs19-10	90	Response	32	3651234	6348	0
biokurs19-10	90	Pulse	199	3652054	7168	0
biokurs19-10	90	Pulse	199	3662054	17168	0
biokurs19-10	91	Picture	fix2	3664975	0	1	21867	1	0	next	other	0
biokurs19-10	91	Pulse	199	3672054	7079	0
biokurs19-10	91	Pulse	199	3682054	17079	0
biokurs19-10	92	Picture	feedback	3686842	0	1	20089	1	0	next	other	0
biokurs19-10	92	Pulse	199	3692054	5212	0
biokurs19-10	92	Pulse	199	3702053	15211	0
biokurs19-10	93	Picture	fix	3706931	0	1	22045	1	0	next	other	0
biokurs19-10	93	Pulse	199	3712054	5123	0
biokurs19-10	93	Pulse	199	3722054	15123	0
biokurs19-10	95	Picture	stim	3728976	0	1	20089	1	0	20000	hit	293
biokurs19-10	95	Pulse	199	3732054	3078	0
biokurs19-10	95	Pulse	199	3742054	13079	0
biokurs19-10	95	Response	16	3743564	14588	0
biokurs19-10	96	Picture	fix2	3749065	0	1	23112	1	0	next	other	0
biokurs19-10	96	Pulse	199	3752054	2990	0
biokurs19-10	96	Pulse	199	3762054	12989	0
biokurs19-10	96	Pulse	199	3772054	22989	0
biokurs19-10	97	Picture	feedback	3772176	0	1	20089	1	0	next	other	0
biokurs19-10	97	Pulse	199	3782054	9878	0
biokurs19-10	97	Pulse	199	3792055	19878	0
biokurs19-10	98	Picture	fix	3792265	0	1	27023	1	0	next	other	0
biokurs19-10	98	Pulse	199	3802054	9789	0
biokurs19-10	98	Pulse	199	3812055	19789	0
biokurs19-10	100	Picture	stim	3819288	0	1	20089	1	0	20000	incorrect	306
biokurs19-10	100	Pulse	199	3822055	2767	0
biokurs19-10	100	Response	32	3825454	6166	0
biokurs19-10	100	Pulse	199	3832054	12766	0
biokurs19-10	101	Picture	fix2	3839377	0	1	25778	1	0	next	other	0
biokurs19-10	101	Pulse	199	3842055	2678	0
biokurs19-10	101	Pulse	199	3852055	12677	0
biokurs19-10	101	Pulse	199	3862055	22678	0
biokurs19-10	102	Picture	feedback	3865155	0	1	20089	1	0	next	other	0
biokurs19-10	102	Pulse	199	3872054	6899	0
biokurs19-10	102	Pulse	199	3882054	16899	0
biokurs19-10	103	Picture	fix	3885244	0	1	27022	1	0	next	other	0
biokurs19-10	103	Pulse	199	3892054	6810	0
biokurs19-10	103	Pulse	199	3902054	16810	0
biokurs19-10	103	Pulse	199	3912054	26810	0
biokurs19-10	105	Picture	stim	3912267	0	1	20089	1	0	20000	incorrect	320
biokurs19-10	105	Response	32	3918995	6728	0
biokurs19-10	105	Pulse	199	3922054	9787	0
biokurs19-10	105	Pulse	199	3932054	19788	0
biokurs19-10	106	Picture	fix2	3932356	0	1	27200	1	0	next	other	0
biokurs19-10	106	Pulse	199	3942054	9698	0
biokurs19-10	106	Pulse	199	3952054	19698	0
biokurs19-10	107	Picture	feedback	3959556	0	1	20089	1	0	next	other	0
biokurs19-10	107	Pulse	199	3962054	2498	0
biokurs19-10	107	Pulse	199	3972054	12498	0
biokurs19-10	108	Picture	fix	3979645	0	1	30756	1	0	next	other	0
biokurs19-10	108	Pulse	199	3982054	2409	0
biokurs19-10	108	Pulse	199	3992054	12409	0
biokurs19-10	108	Pulse	199	4002054	22409	0
biokurs19-10	110	Picture	stim	4010401	0	1	20089	1	0	20000	hit	335
biokurs19-10	110	Pulse	199	4012054	1653	0
biokurs19-10	110	Response	16	4017325	6923	0
biokurs19-10	110	Pulse	199	4022054	11653	0
biokurs19-10	111	Picture	fix2	4030490	0	1	18667	1	0	next	other	0
biokurs19-10	111	Pulse	199	4032054	1564	0
biokurs19-10	111	Pulse	199	4042054	11563	0
biokurs19-10	112	Picture	feedback	4049157	0	1	20089	1	0	next	other	0
biokurs19-10	112	Pulse	199	4052054	2897	0
biokurs19-10	112	Pulse	199	4062054	12897	0
biokurs19-10	113	Picture	fix	4069246	0	1	31645	1	0	next	other	0
biokurs19-10	113	Pulse	199	4072054	2808	0
biokurs19-10	113	Pulse	199	4082054	12808	0
biokurs19-10	113	Pulse	199	4092054	22808	0
biokurs19-10	115	Picture	stim	4100891	0	1	20089	1	0	20000	hit	350
biokurs19-10	115	Pulse	199	4102055	1163	0
biokurs19-10	115	Pulse	199	4112055	11163	0
biokurs19-10	115	Response	16	4116545	15654	0
biokurs19-10	116	Picture	fix2	4120980	0	1	22756	1	0	next	other	0
biokurs19-10	116	Pulse	199	4122055	1074	0
biokurs19-10	116	Pulse	199	4132055	11075	0
biokurs19-10	116	Pulse	199	4142055	21075	0
biokurs19-10	117	Picture	feedback	4143736	0	1	20089	1	0	next	other	0
biokurs19-10	117	Pulse	199	4152054	8318	0
biokurs19-10	117	Pulse	199	4162055	18319	0
biokurs19-10	118	Picture	fix	4163825	0	1	23986	193	0	next	other	0
biokurs19-10	118	Pulse	199	4172055	8230	0
biokurs19-10	118	Pulse	199	4182054	18229	0
biokurs19-10	120	Picture	stim	4187811	0	193	20103	193	0	20000	hit	363
biokurs19-10	120	Pulse	199	4192055	4244	0
biokurs19-10	120	Response	16	4198345	10534	0
biokurs19-10	120	Pulse	199	4202055	14243	0
biokurs19-10	121	Picture	fix2	4207915	0	1	14400	1	0	next	other	0
biokurs19-10	121	Pulse	199	4212055	4140	0
biokurs19-10	121	Pulse	199	4222055	14140	0
biokurs19-10	122	Picture	feedback	4222315	0	1	20089	1	0	next	other	0
biokurs19-10	122	Pulse	199	4232055	9740	0
biokurs19-10	122	Pulse	199	4242055	19740	0
biokurs19-10	123	Picture	fix	4242404	0	1	23289	1	0	next	other	0
biokurs19-10	123	Pulse	199	4252054	9651	0
biokurs19-10	123	Pulse	199	4262055	19651	0
biokurs19-10	125	Picture	stim	4265693	0	1	20089	1	0	20000	hit	377
biokurs19-10	125	Pulse	199	4272055	6362	0
biokurs19-10	125	Pulse	199	4282056	16363	0
biokurs19-10	125	Response	16	4283095	17402	0
biokurs19-10	126	Picture	fix2	4285782	0	1	26845	1	0	next	other	0
biokurs19-10	126	Pulse	199	4292055	6273	0
biokurs19-10	126	Pulse	199	4302055	16273	0
biokurs19-10	126	Pulse	199	4312055	26273	0
biokurs19-10	127	Picture	feedback	4312627	0	1	20089	1	0	next	other	0
biokurs19-10	127	Pulse	199	4322055	9428	0
biokurs19-10	127	Pulse	199	4332055	19428	0
biokurs19-10	128	Picture	fix	4332716	0	1	22933	1	0	next	other	0
biokurs19-10	128	Pulse	199	4342055	9339	0
biokurs19-10	128	Pulse	199	4352055	19339	0
biokurs19-10	130	Picture	stim	4355650	0	1	20089	1	0	20000	incorrect	391
biokurs19-10	130	Pulse	199	4362055	6405	0
biokurs19-10	130	Pulse	199	4372055	16405	0
biokurs19-10	130	Response	32	4372105	16456	0
biokurs19-10	131	Picture	fix2	4375739	0	1	24889	1	0	next	other	0
biokurs19-10	131	Pulse	199	4382055	6316	0
biokurs19-10	131	Pulse	199	4392055	16316	0
biokurs19-10	132	Picture	feedback	4400628	0	1	20089	1	0	next	other	0
biokurs19-10	132	Pulse	199	4402056	1428	0
biokurs19-10	132	Pulse	199	4412055	11428	0
biokurs19-10	133	Picture	fix	4420717	0	1	24534	1	0	next	other	0
biokurs19-10	133	Pulse	199	4422055	1338	0
biokurs19-10	133	Pulse	199	4432055	11338	0
biokurs19-10	133	Pulse	199	4442056	21339	0
biokurs19-10	135	Picture	stim	4445251	0	1	20089	1	0	20000	incorrect	404
biokurs19-10	135	Pulse	199	4452055	6805	0
biokurs19-10	135	Response	32	4452745	7495	0
biokurs19-10	135	Pulse	199	4462055	16804	0
biokurs19-10	136	Picture	fix2	4465340	0	1	10133	1	0	next	other	0
biokurs19-10	136	Pulse	199	4472055	6715	0
biokurs19-10	137	Picture	feedback	4475473	0	1	20089	1	0	next	other	0
biokurs19-10	137	Pulse	199	4482055	6582	0
biokurs19-10	137	Pulse	199	4492055	16581	0
biokurs19-10	138	Picture	fix	4495562	0	1	27734	1	0	next	other	0
biokurs19-10	138	Pulse	199	4502055	6493	0
biokurs19-10	138	Pulse	199	4512055	16493	0
biokurs19-10	138	Pulse	199	4522055	26493	0
biokurs19-10	140	Picture	stim	4523296	0	1	20089	1	0	20000	hit	417
biokurs19-10	140	Pulse	199	4532055	8759	0
biokurs19-10	140	Response	16	4533075	9779	0
biokurs19-10	140	Pulse	199	4542056	18760	0
biokurs19-10	141	Picture	fix2	4543385	0	1	21867	1	0	next	other	0
biokurs19-10	141	Pulse	199	4552056	8670	0
biokurs19-10	141	Pulse	199	4562055	18670	0
biokurs19-10	142	Picture	feedback	4565252	0	1	20089	1	0	next	other	0
biokurs19-10	142	Pulse	199	4572056	6804	0
biokurs19-10	142	Pulse	199	4582056	16803	0
biokurs19-10	143	Picture	fix	4585341	0	1	22934	1	0	next	other	0
biokurs19-10	143	Pulse	199	4592056	6714	0
biokurs19-10	143	Pulse	199	4602055	16714	0
biokurs19-10	145	Picture	stim	4608275	0	1	20089	1	0	20000	hit	431
biokurs19-10	145	Pulse	199	4612056	3781	0
biokurs19-10	145	Pulse	199	4622056	13781	0
biokurs19-10	145	Response	16	4624996	16721	0
biokurs19-10	146	Picture	fix2	4628364	0	1	22578	1	0	next	other	0
biokurs19-10	146	Pulse	199	4632055	3691	0
biokurs19-10	146	Pulse	199	4642056	13692	0
biokurs19-10	147	Picture	feedback	4650942	0	1	20089	1	0	next	other	0
biokurs19-10	147	Pulse	199	4652055	1114	0
biokurs19-10	147	Pulse	199	4662055	11113	0
biokurs19-10	148	Picture	fix	4671031	0	1	28800	1	0	next	other	0
biokurs19-10	148	Pulse	199	4672055	1024	0
biokurs19-10	148	Pulse	199	4682056	11025	0
biokurs19-10	148	Pulse	199	4692056	21025	0
biokurs19-10	150	Picture	stim	4699831	0	1	20089	1	0	20000	hit	444
biokurs19-10	150	Pulse	199	4702055	2224	0
biokurs19-10	150	Response	16	4708006	8174	0
biokurs19-10	150	Pulse	199	4712056	12224	0
biokurs19-10	151	Picture	fix2	4719921	0	1	18311	1	0	next	other	0
biokurs19-10	151	Pulse	199	4722056	2135	0
biokurs19-10	151	Pulse	199	4732055	12135	0
biokurs19-10	152	Picture	feedback	4738232	0	1	20089	1	0	next	other	0
biokurs19-10	152	Pulse	199	4742056	3824	0
biokurs19-10	152	Pulse	199	4752056	13824	0
biokurs19-10	153	Picture	fix	4758321	0	1	26134	1	0	next	other	0
biokurs19-10	153	Pulse	199	4762056	3735	0
biokurs19-10	153	Pulse	199	4772055	13734	0
biokurs19-10	153	Pulse	199	4782065	23744	0
biokurs19-10	155	Picture	stim	4784455	0	1	20089	1	0	20000	hit	457
biokurs19-10	155	Response	16	4791936	7481	0
biokurs19-10	155	Pulse	199	4792055	7601	0
biokurs19-10	155	Pulse	199	4802055	17601	0
biokurs19-10	156	Picture	fix2	4804721	0	1	20267	1	0	next	other	0
biokurs19-10	156	Pulse	199	4812055	7334	0
biokurs19-10	156	Pulse	199	4822066	17344	0
biokurs19-10	157	Picture	feedback	4824988	0	1	20089	1	0	next	other	0
biokurs19-10	157	Pulse	199	4832066	7077	0
biokurs19-10	157	Pulse	199	4842065	17077	0
biokurs19-10	158	Picture	fix	4845078	0	1	34489	1	0	next	other	0
biokurs19-10	158	Pulse	199	4852066	6988	0
biokurs19-10	158	Pulse	199	4862065	16988	0
biokurs19-10	158	Pulse	199	4872065	26988	0
biokurs19-10	160	Picture	stim	4879567	0	1	20089	1	0	20000	hit	472
biokurs19-10	160	Pulse	199	4882066	2499	0
biokurs19-10	160	Response	16	4886996	7429	0
biokurs19-10	160	Pulse	199	4892066	12499	0
biokurs19-10	161	Picture	fix2	4899656	0	1	19911	1	0	next	other	0
biokurs19-10	161	Pulse	199	4902066	2410	0
biokurs19-10	161	Pulse	199	4912066	12410	0
biokurs19-10	162	Picture	feedback	4919567	0	1	20089	1	0	next	other	0
biokurs19-10	162	Pulse	199	4922067	2499	0
biokurs19-10	162	Pulse	199	4932066	12499	0
biokurs19-10	163	Picture	fix	4939656	0	1	41067	1	0	next	other	0
biokurs19-10	163	Pulse	199	4942066	2409	0
biokurs19-10	163	Pulse	199	4952066	12410	0
biokurs19-10	163	Pulse	199	4962066	22409	0
biokurs19-10	163	Pulse	199	4972066	32410	0
biokurs19-10	165	Picture	stim	4980724	0	1	20089	1	0	20000	incorrect	488
biokurs19-10	165	Pulse	199	4982065	1342	0
biokurs19-10	165	Pulse	199	4992066	11342	0
biokurs19-10	165	Response	32	4995746	15022	0
biokurs19-10	166	Picture	fix2	5000813	0	1	14211	189	0	next	other	0
biokurs19-10	166	Pulse	199	5002066	1253	0
biokurs19-10	166	Pulse	199	5012066	11253	0
biokurs19-10	167	Picture	feedback	5015024	0	189	20100	190	0	next	other	0
biokurs19-10	167	Pulse	199	5022066	7042	0
biokurs19-10	167	Pulse	199	5032066	17042	0
biokurs19-10	168	Picture	fix	5035124	0	1	32889	1	0	next	other	0
biokurs19-10	168	Pulse	199	5042066	6942	0
biokurs19-10	168	Pulse	199	5052066	16942	0
biokurs19-10	168	Pulse	199	5062066	26942	0
biokurs19-10	170	Picture	stim	5068013	0	1	20089	1	0	20000	hit	501
biokurs19-10	170	Pulse	199	5072066	4053	0
biokurs19-10	170	Response	16	5077816	9803	0
biokurs19-10	170	Pulse	199	5082066	14052	0
biokurs19-10	171	Picture	fix2	5088280	0	1	18667	1	0	next	other	0
biokurs19-10	171	Pulse	199	5092066	3786	0
biokurs19-10	171	Pulse	199	5102066	13786	0
biokurs19-10	172	Picture	feedback	5106947	0	1	20089	1	0	next	other	0
biokurs19-10	172	Pulse	199	5112066	5119	0
biokurs19-10	172	Pulse	199	5122066	15118	0
biokurs19-10	173	Picture	fix	5127036	0	1	23111	1	0	next	other	0
biokurs19-10	173	Pulse	199	5132066	5030	0
biokurs19-10	173	Pulse	199	5142066	15030	0
biokurs19-10	175	Picture	stim	5150148	0	1	20089	1	0	20000	hit	514
biokurs19-10	175	Pulse	199	5152066	1919	0
biokurs19-10	175	Response	16	5159866	9719	0
biokurs19-10	175	Pulse	199	5162066	11918	0
biokurs19-10	176	Picture	fix2	5170415	0	1	19378	1	0	next	other	0
biokurs19-10	176	Pulse	199	5172066	1652	0
biokurs19-10	176	Pulse	199	5182066	11652	0
biokurs19-10	177	Picture	feedback	5189793	0	1	20089	1	0	next	other	0
biokurs19-10	177	Pulse	199	5192066	2273	0
biokurs19-10	177	Pulse	199	5202066	12274	0
biokurs19-10	178	Picture	fix	5209882	0	1	25600	1	0	next	other	0
biokurs19-10	178	Pulse	199	5212067	2185	0
biokurs19-10	178	Pulse	199	5222066	12185	0
biokurs19-10	178	Pulse	199	5232066	22185	0
biokurs19-10	180	Picture	stim	5235482	0	1	20089	1	0	20000	incorrect	528
biokurs19-10	180	Pulse	199	5242067	6585	0
biokurs19-10	180	Response	32	5244846	9364	0
biokurs19-10	180	Pulse	199	5252067	16585	0
biokurs19-10	181	Picture	fix2	5255571	0	1	18667	1	0	next	other	0
biokurs19-10	181	Pulse	199	5262067	6496	0
biokurs19-10	181	Pulse	199	5272066	16495	0
biokurs19-10	182	Picture	feedback	5274238	0	1	20089	1	0	next	other	0
biokurs19-10	182	Pulse	199	5282067	7829	0
biokurs19-10	182	Pulse	199	5292066	17828	0
biokurs19-10	183	Picture	fix	5294327	0	1	32356	1	0	next	other	0
biokurs19-10	183	Pulse	199	5302068	7740	0
biokurs19-10	183	Pulse	199	5312066	17739	0
biokurs19-10	183	Pulse	199	5322066	27739	0
biokurs19-10	185	Picture	stim	5326683	0	1	20089	1	0	20000	incorrect	543
biokurs19-10	185	Pulse	199	5332067	5384	0
biokurs19-10	185	Pulse	199	5342067	15384	0
biokurs19-10	185	Response	32	5346357	19674	0
biokurs19-10	186	Picture	fix2	5346772	0	1	18845	1	0	next	other	0
biokurs19-10	186	Pulse	199	5352067	5295	0
biokurs19-10	186	Pulse	199	5362066	15294	0
biokurs19-10	187	Picture	feedback	5365617	0	1	20089	1	0	next	other	0
biokurs19-10	187	Pulse	199	5372067	6450	0
biokurs19-10	187	Pulse	199	5382067	16450	0
biokurs19-10	188	Picture	fix	5385706	0	1	21156	1	0	next	other	0
biokurs19-10	188	Pulse	199	5392066	6360	0
biokurs19-10	188	Pulse	199	5402067	16361	0
biokurs19-10	190	Picture	stim	5406862	0	1	20089	1	0	20000	incorrect	555
biokurs19-10	190	Pulse	199	5412067	5205	0
biokurs19-10	190	Response	32	5417616	10754	0
biokurs19-10	190	Pulse	199	5422066	15205	0
biokurs19-10	191	Picture	fix2	5426951	0	1	22756	1	0	next	other	0
biokurs19-10	191	Pulse	199	5432066	5115	0
biokurs19-10	191	Pulse	199	5442066	15116	0
biokurs19-10	192	Picture	feedback	5449707	0	1	20089	1	0	next	other	0
biokurs19-10	192	Pulse	199	5452067	2360	0
biokurs19-10	192	Pulse	199	5462066	12359	0
biokurs19-10	193	Picture	fix	5469796	0	1	19022	1	0	next	other	0
biokurs19-10	193	Pulse	199	5472067	2271	0
biokurs19-10	193	Pulse	199	5482067	12271	0
biokurs19-10	195	Picture	stim	5488818	0	1	20089	1	0	20000	incorrect	568
biokurs19-10	195	Pulse	199	5492067	3249	0
biokurs19-10	195	Response	32	5499017	10199	0
biokurs19-10	195	Pulse	199	5502067	13248	0
biokurs19-10	196	Picture	fix2	5509085	0	1	25600	1	0	next	other	0
biokurs19-10	196	Pulse	199	5512067	2982	0
biokurs19-10	196	Pulse	199	5522067	12982	0
biokurs19-10	196	Pulse	199	5532067	22982	0
biokurs19-10	197	Picture	feedback	5534685	0	1	20089	1	0	next	other	0
biokurs19-10	197	Pulse	199	5542067	7382	0
biokurs19-10	197	Pulse	199	5552067	17382	0
biokurs19-10	198	Picture	fix	5554774	0	1	28800	1	0	next	other	0
biokurs19-10	198	Pulse	199	5562067	7292	0
biokurs19-10	198	Pulse	199	5572067	17293	0
biokurs19-10	198	Pulse	199	5582067	27293	0
biokurs19-10	200	Picture	stim	5583575	0	1	20089	1	0	20000	incorrect	583
biokurs19-10	200	Pulse	199	5592067	8492	0
biokurs19-10	200	Response	32	5595937	12362	0
biokurs19-10	200	Pulse	199	5602067	18492	0
biokurs19-10	201	Picture	fix2	5603664	0	1	25245	1	0	next	other	0
biokurs19-10	201	Pulse	199	5612067	8403	0
biokurs19-10	201	Pulse	199	5622067	18403	0
biokurs19-10	202	Picture	feedback	5628909	0	1	20089	1	0	next	other	0
biokurs19-10	202	Pulse	199	5632067	3158	0
biokurs19-10	202	Pulse	199	5642067	13159	0
biokurs19-10	203	Picture	100	5648998	0	1	80179	1	0	80000	other	0
biokurs19-10	203	Pulse	199	5652067	3069	0
biokurs19-10	203	Pulse	199	5662067	13069	0
biokurs19-10	203	Pulse	199	5672067	23069	0
biokurs19-10	203	Pulse	199	5682067	33069	0
biokurs19-10	203	Pulse	199	5692067	43069	0
biokurs19-10	203	Pulse	199	5702067	53069	0
biokurs19-10	203	Pulse	199	5712067	63069	0
biokurs19-10	203	Pulse	199	5722067	73069	0
