Scenario - FeedLearn_MRI_5x8_fullRand.sce
Logfile written - 05/29/2019 11:02:22

Subject	Trial	Event Type	Code	Time	TTime	Uncertainty	Duration	Uncertainty	ReqTime	ReqDur	Stim Type	Pair Index

biokurs19-10	1	Response	16	53248	43070	0
biokurs19-10	2	Response	32	81088	27836	0
biokurs19-10	2	Pulse	199	202229	148976	0
biokurs19-10	2	Pulse	199	212228	158976	0
biokurs19-10	2	Pulse	199	222228	168976	0
biokurs19-10	2	Pulse	199	232228	178976	0
biokurs19-10	2	Pulse	199	242228	188976	0
biokurs19-10	2	Pulse	199	252228	198976	0
biokurs19-10	3	Picture	fix	252669	0	1	22934	1	0	next	other	0
biokurs19-10	3	Pulse	199	262228	9559	0
biokurs19-10	3	Pulse	199	272228	19559	0
biokurs19-10	5	Picture	stim	275603	0	1	20089	1	0	20000	incorrect	14
biokurs19-10	5	Pulse	199	282229	6626	0
biokurs19-10	5	Response	32	284908	9305	0
biokurs19-10	5	Pulse	199	292228	16625	0
biokurs19-10	6	Picture	fix2	295692	0	1	26845	1	0	next	other	0
biokurs19-10	6	Pulse	199	302228	6536	0
biokurs19-10	6	Pulse	199	312228	16536	0
biokurs19-10	6	Pulse	199	322228	26537	0
biokurs19-10	7	Picture	feedback	322537	0	1	20070	198	0	next	other	0
biokurs19-10	7	Pulse	199	332228	9691	0
biokurs19-10	7	Pulse	199	342229	19692	0
biokurs19-10	8	Picture	fix	342606	0	198	32375	198	0	next	other	0
biokurs19-10	8	Pulse	199	352229	9622	0
biokurs19-10	8	Pulse	199	362228	19622	0
biokurs19-10	8	Pulse	199	372229	29622	0
biokurs19-10	10	Picture	stim	374982	0	1	20089	1	0	20000	hit	29
biokurs19-10	10	Pulse	199	382229	7247	0
biokurs19-10	10	Response	16	388489	13507	0
biokurs19-10	10	Pulse	199	392228	17247	0
biokurs19-10	11	Picture	fix2	395071	0	1	25600	1	0	next	other	0
biokurs19-10	11	Pulse	199	402228	7157	0
biokurs19-10	11	Pulse	199	412229	17158	0
biokurs19-10	12	Picture	feedback	420671	0	1	20267	1	0	next	other	0
biokurs19-10	12	Pulse	199	422239	1568	0
biokurs19-10	12	Pulse	199	432228	11557	0
biokurs19-10	13	Picture	fix	440938	0	1	27378	1	0	next	other	0
biokurs19-10	13	Pulse	199	442229	1291	0
biokurs19-10	13	Pulse	199	452239	11301	0
biokurs19-10	13	Pulse	199	462229	21291	0
biokurs19-10	15	Picture	stim	468316	0	1	20089	1	0	20000	hit	43
biokurs19-10	15	Pulse	199	472238	3922	0
biokurs19-10	15	Response	16	482209	13892	0
biokurs19-10	15	Pulse	199	482228	13912	0
biokurs19-10	16	Picture	fix2	488405	0	1	16000	1	0	next	other	0
biokurs19-10	16	Pulse	199	492239	3834	0
biokurs19-10	16	Pulse	199	502238	13833	0
biokurs19-10	17	Picture	feedback	504405	0	1	20051	217	0	next	other	0
biokurs19-10	17	Pulse	199	512239	7834	0
biokurs19-10	17	Pulse	199	522239	17834	0
biokurs19-10	18	Picture	fix	524456	0	217	23327	217	0	next	other	0
biokurs19-10	18	Pulse	199	532239	7782	0
biokurs19-10	18	Pulse	199	542239	17782	0
biokurs19-10	20	Picture	stim	547784	0	1	20089	1	0	20000	incorrect	56
biokurs19-10	20	Pulse	199	552239	4455	0
biokurs19-10	20	Response	32	560069	12285	0
biokurs19-10	20	Pulse	199	562239	14455	0
biokurs19-10	21	Picture	fix2	567873	0	1	19734	1	0	next	other	0
biokurs19-10	21	Pulse	199	572239	4366	0
biokurs19-10	21	Pulse	199	582239	14366	0
biokurs19-10	22	Picture	feedback	587606	0	1	20089	1	0	next	other	0
biokurs19-10	22	Pulse	199	592239	4633	0
biokurs19-10	22	Pulse	199	602239	14633	0
biokurs19-10	23	Picture	fix	607696	0	1	33423	1	0	next	other	0
biokurs19-10	23	Pulse	199	612239	4544	0
biokurs19-10	23	Pulse	199	622239	14544	0
biokurs19-10	23	Pulse	199	632239	24544	0
biokurs19-10	25	Picture	stim	641118	0	1	20089	1	0	20000	hit	71
biokurs19-10	25	Pulse	199	642239	1121	0
biokurs19-10	25	Pulse	199	652239	11121	0
biokurs19-10	25	Response	16	655719	14601	0
biokurs19-10	26	Picture	fix2	661385	0	1	13511	1	0	next	other	0
biokurs19-10	26	Pulse	199	662239	854	0
biokurs19-10	26	Pulse	199	672239	10854	0
biokurs19-10	27	Picture	feedback	674896	0	1	20089	1	0	next	other	0
biokurs19-10	27	Pulse	199	682239	7343	0
biokurs19-10	27	Pulse	199	692239	17343	0
biokurs19-10	28	Picture	fix	694985	0	1	22934	1	0	next	other	0
biokurs19-10	28	Pulse	199	702239	7254	0
biokurs19-10	28	Pulse	199	712239	17253	0
biokurs19-10	30	Picture	stim	717919	0	1	20089	1	0	20000	incorrect	83
biokurs19-10	30	Pulse	199	722239	4320	0
biokurs19-10	30	Response	32	723139	5220	0
biokurs19-10	30	Pulse	199	732239	14320	0
biokurs19-10	31	Picture	fix2	738008	0	1	11378	1	0	next	other	0
biokurs19-10	31	Pulse	199	742239	4231	0
biokurs19-10	32	Picture	feedback	749386	0	1	20089	1	0	next	other	0
biokurs19-10	32	Pulse	199	752239	2853	0
biokurs19-10	32	Pulse	199	762239	12853	0
biokurs19-10	33	Picture	fix	769475	0	1	30934	1	0	next	other	0
biokurs19-10	33	Pulse	199	772239	2764	0
biokurs19-10	33	Pulse	199	782239	12764	0
biokurs19-10	33	Pulse	199	792239	22764	0
biokurs19-10	35	Picture	stim	800409	0	1	20089	1	0	20000	hit	96
biokurs19-10	35	Pulse	199	802239	1830	0
biokurs19-10	35	Response	16	809659	9250	0
biokurs19-10	35	Pulse	199	812238	11830	0
biokurs19-10	36	Picture	fix2	820498	0	1	15289	1	0	next	other	0
biokurs19-10	36	Pulse	199	822240	1742	0
biokurs19-10	36	Pulse	199	832239	11741	0
biokurs19-10	37	Picture	feedback	835787	0	1	20089	1	0	next	other	0
biokurs19-10	37	Pulse	199	842240	6453	0
biokurs19-10	37	Pulse	199	852239	16452	0
biokurs19-10	38	Picture	fix	855876	0	1	23111	1	0	next	other	0
biokurs19-10	38	Pulse	199	862240	6363	0
biokurs19-10	38	Pulse	199	872240	16363	0
biokurs19-10	40	Picture	stim	878987	0	1	20089	1	0	20000	incorrect	109
biokurs19-10	40	Pulse	199	882239	3252	0
biokurs19-10	40	Response	32	887660	8672	0
biokurs19-10	40	Pulse	199	892240	13252	0
biokurs19-10	41	Picture	fix2	899077	0	1	18667	1	0	next	other	0
biokurs19-10	41	Pulse	199	902240	3163	0
biokurs19-10	41	Pulse	199	912240	13163	0
biokurs19-10	42	Picture	feedback	917744	0	1	20075	193	0	next	other	0
biokurs19-10	42	Pulse	199	922239	4496	0
biokurs19-10	42	Pulse	199	932240	14496	0
biokurs19-10	43	Picture	fix	937819	0	193	32903	193	0	next	other	0
biokurs19-10	43	Pulse	199	942240	4421	0
biokurs19-10	43	Pulse	199	952239	14420	0
biokurs19-10	43	Pulse	199	962240	24421	0
biokurs19-10	45	Picture	stim	970722	0	1	20089	1	0	20000	hit	124
biokurs19-10	45	Pulse	199	972240	1518	0
biokurs19-10	45	Pulse	199	982239	11517	0
biokurs19-10	45	Response	16	986149	15427	0
biokurs19-10	46	Picture	fix2	990811	0	1	17423	1	0	next	other	0
biokurs19-10	46	Pulse	199	992240	1429	0
biokurs19-10	46	Pulse	199	1002240	11429	0
biokurs19-10	47	Picture	feedback	1008233	0	1	20089	1	0	next	other	0
biokurs19-10	47	Pulse	199	1012240	4006	0
biokurs19-10	47	Pulse	199	1022239	14006	0
biokurs19-10	48	Picture	fix	1028323	0	1	30578	1	0	next	other	0
biokurs19-10	48	Pulse	199	1032240	3917	0
biokurs19-10	48	Pulse	199	1042240	13917	0
biokurs19-10	48	Pulse	199	1052239	23917	0
biokurs19-10	50	Picture	stim	1058901	0	1	20089	1	0	20000	hit	137
biokurs19-10	50	Pulse	199	1062240	3339	0
biokurs19-10	50	Response	16	1067340	8439	0
biokurs19-10	50	Pulse	199	1072240	13339	0
biokurs19-10	51	Picture	fix2	1078990	0	1	19378	1	0	next	other	0
biokurs19-10	51	Pulse	199	1082239	3250	0
biokurs19-10	51	Pulse	199	1092239	13249	0
biokurs19-10	52	Picture	feedback	1098368	0	1	20089	1	0	next	other	0
biokurs19-10	52	Pulse	199	1102240	3872	0
biokurs19-10	52	Pulse	199	1112240	13872	0
biokurs19-10	53	Picture	fix	1118457	0	1	28800	1	0	next	other	0
biokurs19-10	53	Pulse	199	1122240	3783	0
biokurs19-10	53	Pulse	199	1132240	13783	0
biokurs19-10	53	Pulse	199	1142240	23783	0
biokurs19-10	55	Picture	stim	1147257	0	1	20089	1	0	20000	incorrect	151
biokurs19-10	55	Pulse	199	1152240	4982	0
biokurs19-10	55	Response	32	1157370	10113	0
biokurs19-10	55	Pulse	199	1162239	14982	0
biokurs19-10	56	Picture	fix2	1167346	0	1	10133	1	0	next	other	0
biokurs19-10	56	Pulse	199	1172240	4893	0
biokurs19-10	57	Picture	feedback	1177480	0	1	20089	1	0	next	other	0
biokurs19-10	57	Pulse	199	1182240	4760	0
biokurs19-10	57	Pulse	199	1192240	14760	0
biokurs19-10	58	Picture	fix	1197569	0	1	25245	1	0	next	other	0
biokurs19-10	58	Pulse	199	1202240	4671	0
biokurs19-10	58	Pulse	199	1212240	14671	0
biokurs19-10	58	Pulse	199	1222240	24671	0
biokurs19-10	60	Picture	stim	1222814	0	1	20089	1	0	20000	incorrect	163
biokurs19-10	60	Response	32	1231740	8926	0
biokurs19-10	60	Pulse	199	1232239	9426	0
biokurs19-10	60	Pulse	199	1242240	19426	0
biokurs19-10	61	Picture	fix2	1242903	0	1	16534	1	0	next	other	0
biokurs19-10	61	Pulse	199	1252240	9338	0
biokurs19-10	62	Picture	feedback	1259436	0	1	20089	1	0	next	other	0
biokurs19-10	62	Pulse	199	1262240	2804	0
biokurs19-10	62	Pulse	199	1272240	12803	0
biokurs19-10	63	Picture	fix	1279525	0	1	31645	1	0	next	other	0
biokurs19-10	63	Pulse	199	1282241	2715	0
biokurs19-10	63	Pulse	199	1292240	12715	0
biokurs19-10	63	Pulse	199	1302240	22715	0
biokurs19-10	65	Picture	stim	1311170	0	1	20089	1	0	20000	incorrect	177
biokurs19-10	65	Pulse	199	1312240	1070	0
biokurs19-10	65	Response	32	1320720	9550	0
biokurs19-10	65	Pulse	199	1322240	11070	0
biokurs19-10	66	Picture	fix2	1331259	0	1	21867	1	0	next	other	0
biokurs19-10	66	Pulse	199	1332240	980	0
biokurs19-10	66	Pulse	199	1342240	10981	0
biokurs19-10	66	Pulse	199	1352240	20981	0
biokurs19-10	67	Picture	feedback	1353126	0	1	20089	1	0	next	other	0
biokurs19-10	67	Pulse	199	1362240	9114	0
biokurs19-10	67	Pulse	199	1372240	19114	0
biokurs19-10	68	Picture	fix	1373215	0	1	39467	1	0	next	other	0
biokurs19-10	68	Pulse	199	1382240	9025	0
biokurs19-10	68	Pulse	199	1392240	19025	0
biokurs19-10	68	Pulse	199	1402240	29025	0
biokurs19-10	68	Pulse	199	1412240	39025	0
biokurs19-10	70	Picture	stim	1412682	0	1	20089	1	0	20000	incorrect	192
biokurs19-10	70	Response	32	1420090	7408	0
biokurs19-10	70	Pulse	199	1422240	9558	0
biokurs19-10	70	Pulse	199	1432240	19557	0
biokurs19-10	71	Picture	fix2	1432772	0	1	24889	1	0	next	other	0
biokurs19-10	71	Pulse	199	1442241	9469	0
biokurs19-10	71	Pulse	199	1452240	19468	0
biokurs19-10	72	Picture	feedback	1457661	0	1	20089	1	0	next	other	0
biokurs19-10	72	Pulse	199	1462240	4579	0
biokurs19-10	72	Pulse	199	1472240	14579	0
biokurs19-10	73	Picture	fix	1477750	0	1	27023	1	0	next	other	0
biokurs19-10	73	Pulse	199	1482240	4490	0
biokurs19-10	73	Pulse	199	1492240	14491	0
biokurs19-10	73	Pulse	199	1502240	24490	0
biokurs19-10	75	Picture	stim	1504772	0	1	20089	1	0	20000	hit	207
biokurs19-10	75	Pulse	199	1512240	7468	0
biokurs19-10	75	Response	16	1516230	11457	0
biokurs19-10	75	Pulse	199	1522240	17468	0
biokurs19-10	76	Picture	fix2	1524862	0	1	18845	1	0	next	other	0
biokurs19-10	76	Pulse	199	1532240	7379	0
biokurs19-10	76	Pulse	199	1542239	17378	0
biokurs19-10	77	Picture	feedback	1543706	0	1	20089	1	0	next	other	0
biokurs19-10	77	Pulse	199	1552241	8534	0
biokurs19-10	77	Pulse	199	1562241	18534	0
biokurs19-10	78	Picture	fix	1563795	0	1	38045	1	0	next	other	0
biokurs19-10	78	Pulse	199	1572240	8445	0
biokurs19-10	78	Pulse	199	1582241	18445	0
biokurs19-10	78	Pulse	199	1592241	28445	0
biokurs19-10	80	Picture	stim	1601840	0	1	20089	1	0	20000	incorrect	222
biokurs19-10	80	Pulse	199	1602240	400	0
biokurs19-10	80	Pulse	199	1612240	10400	0
biokurs19-10	80	Response	32	1612480	10640	0
biokurs19-10	80	Response	16	1620820	18980	0
biokurs19-10	81	Picture	fix2	1621929	0	1	18311	1	0	next	other	0
biokurs19-10	81	Pulse	199	1622241	311	0
biokurs19-10	81	Pulse	199	1632241	10311	0
biokurs19-10	82	Picture	feedback	1640241	0	1	20089	1	0	next	other	0
biokurs19-10	82	Pulse	199	1642240	2000	0
biokurs19-10	82	Pulse	199	1652241	12000	0
biokurs19-10	83	Picture	fix	1660330	0	1	30222	1	0	next	other	0
biokurs19-10	83	Pulse	199	1662241	1911	0
biokurs19-10	83	Pulse	199	1672241	11911	0
biokurs19-10	83	Pulse	199	1682240	21910	0
biokurs19-10	85	Picture	stim	1690552	0	1	20089	1	0	20000	hit	237
biokurs19-10	85	Pulse	199	1692241	1689	0
biokurs19-10	85	Pulse	199	1702241	11689	0
biokurs19-10	85	Response	16	1706241	15688	0
biokurs19-10	86	Picture	fix2	1710819	0	1	21867	1	0	next	other	0
biokurs19-10	86	Pulse	199	1712240	1421	0
biokurs19-10	86	Pulse	199	1722240	11421	0
biokurs19-10	86	Pulse	199	1732240	21421	0
biokurs19-10	87	Picture	feedback	1732686	0	1	20089	1	0	next	other	0
biokurs19-10	87	Pulse	199	1742240	9554	0
biokurs19-10	87	Pulse	199	1752241	19555	0
biokurs19-10	88	Picture	fix	1752775	0	1	33778	1	0	next	other	0
biokurs19-10	88	Pulse	199	1762241	9466	0
biokurs19-10	88	Pulse	199	1772241	19465	0
biokurs19-10	88	Pulse	199	1782241	29465	0
biokurs19-10	90	Picture	stim	1786553	0	1	20089	1	0	20000	hit	251
biokurs19-10	90	Pulse	199	1792241	5688	0
biokurs19-10	90	Response	16	1798210	11657	0
biokurs19-10	90	Pulse	199	1802241	15687	0
biokurs19-10	91	Picture	fix2	1806643	0	1	12267	1	0	next	other	0
biokurs19-10	91	Pulse	199	1812241	5598	0
biokurs19-10	92	Picture	feedback	1818909	0	1	20089	1	0	next	other	0
biokurs19-10	92	Pulse	199	1822241	3332	0
biokurs19-10	92	Pulse	199	1832241	13331	0
biokurs19-10	93	Picture	fix	1838999	0	1	23986	193	0	next	other	0
biokurs19-10	93	Pulse	199	1842241	3242	0
biokurs19-10	93	Pulse	199	1852240	13242	0
biokurs19-10	93	Pulse	199	1862241	23242	0
biokurs19-10	95	Picture	stim	1862984	0	193	20103	193	0	20000	hit	264
biokurs19-10	95	Pulse	199	1872241	9257	0
biokurs19-10	95	Response	16	1874061	11076	0
biokurs19-10	95	Pulse	199	1882240	19256	0
biokurs19-10	96	Picture	fix2	1883088	0	1	16000	1	0	next	other	0
biokurs19-10	96	Pulse	199	1892241	9153	0
biokurs19-10	97	Picture	feedback	1899088	0	1	20089	1	0	next	other	0
biokurs19-10	97	Pulse	199	1902241	3153	0
biokurs19-10	97	Pulse	199	1912241	13153	0
biokurs19-10	98	Picture	fix	1919177	0	1	17600	1	0	next	other	0
biokurs19-10	98	Pulse	199	1922241	3064	0
biokurs19-10	98	Pulse	199	1932241	13064	0
biokurs19-10	100	Picture	stim	1936777	0	1	20089	1	0	20000	hit	276
biokurs19-10	100	Pulse	199	1942241	5464	0
biokurs19-10	100	Response	16	1948111	11333	0
biokurs19-10	100	Pulse	199	1952240	15463	0
biokurs19-10	100	Response	32	1953200	16423	0
biokurs19-10	101	Picture	fix2	1956867	0	1	23645	1	0	next	other	0
biokurs19-10	101	Pulse	199	1962241	5374	0
biokurs19-10	101	Pulse	199	1972240	15374	0
biokurs19-10	102	Picture	feedback	1980511	0	1	20089	1	0	next	other	0
biokurs19-10	102	Pulse	199	1982241	1730	0
biokurs19-10	102	Pulse	199	1992240	11729	0
biokurs19-10	103	Picture	fix	2000600	0	1	27734	1	0	next	other	0
biokurs19-10	103	Pulse	199	2002241	1641	0
biokurs19-10	103	Pulse	199	2012241	11641	0
biokurs19-10	103	Pulse	199	2022250	21650	0
biokurs19-10	105	Picture	stim	2028334	0	1	20089	1	0	20000	hit	291
biokurs19-10	105	Pulse	199	2032241	3907	0
biokurs19-10	105	Response	16	2037971	9637	0
biokurs19-10	105	Pulse	199	2042241	13907	0
biokurs19-10	106	Picture	fix2	2048423	0	1	14211	190	0	next	other	0
biokurs19-10	106	Pulse	199	2052251	3828	0
biokurs19-10	106	Pulse	199	2062251	13828	0
biokurs19-10	107	Picture	feedback	2062634	0	189	20100	190	0	next	other	0
biokurs19-10	107	Pulse	199	2072251	9617	0
biokurs19-10	107	Pulse	199	2082251	19617	0
biokurs19-10	108	Picture	fix	2082735	0	1	27022	1	0	next	other	0
biokurs19-10	108	Pulse	199	2092241	9506	0
biokurs19-10	108	Pulse	199	2102251	19517	0
biokurs19-10	110	Picture	stim	2109757	0	1	20089	1	0	20000	miss	0
biokurs19-10	110	Pulse	199	2112251	2494	0
biokurs19-10	110	Pulse	199	2122251	12494	0
biokurs19-10	110	Response	16	2129921	20164	0
biokurs19-10	111	Picture	fix2	2130024	0	1	27200	1	0	next	other	0
biokurs19-10	111	Pulse	199	2132251	2227	0
biokurs19-10	111	Pulse	199	2142251	12227	0
biokurs19-10	111	Pulse	199	2152251	22227	0
biokurs19-10	112	Picture	feedback	2157224	0	1	20089	1	0	next	other	0
biokurs19-10	112	Pulse	199	2162251	5027	0
biokurs19-10	112	Pulse	199	2172251	15027	0
biokurs19-10	113	Picture	fix	2177313	0	1	31822	1	0	next	other	0
biokurs19-10	113	Pulse	199	2182251	4938	0
biokurs19-10	113	Pulse	199	2192251	14938	0
biokurs19-10	113	Pulse	199	2202251	24938	0
biokurs19-10	115	Picture	stim	2209136	0	1	20089	1	0	20000	incorrect	320
biokurs19-10	115	Pulse	199	2212252	3116	0
biokurs19-10	115	Pulse	199	2222251	13115	0
biokurs19-10	115	Response	32	2224381	15245	0
biokurs19-10	116	Picture	fix2	2229225	0	1	20267	1	0	next	other	0
biokurs19-10	116	Pulse	199	2232251	3026	0
biokurs19-10	116	Response	16	2236511	7286	0
biokurs19-10	116	Pulse	199	2242252	13026	0
biokurs19-10	117	Picture	feedback	2249492	0	1	20089	1	0	next	other	0
biokurs19-10	117	Pulse	199	2252252	2760	0
biokurs19-10	117	Pulse	199	2262251	12759	0
biokurs19-10	118	Picture	fix	2269581	0	1	26134	1	0	next	other	0
biokurs19-10	118	Pulse	199	2272252	2671	0
biokurs19-10	118	Pulse	199	2282251	12670	0
biokurs19-10	118	Pulse	199	2292251	22670	0
biokurs19-10	120	Picture	stim	2295715	0	1	20089	1	0	20000	miss	0
biokurs19-10	120	Pulse	199	2302251	6536	0
biokurs19-10	120	Pulse	199	2312252	16537	0
biokurs19-10	121	Picture	fix2	2315804	0	1	19911	1	0	next	other	0
biokurs19-10	121	Response	32	2316251	447	0
biokurs19-10	121	Pulse	199	2322252	6448	0
biokurs19-10	121	Pulse	199	2332251	16447	0
biokurs19-10	122	Picture	feedback	2335715	0	1	20089	1	0	next	other	0
biokurs19-10	122	Pulse	199	2342252	6537	0
biokurs19-10	122	Pulse	199	2352252	16536	0
biokurs19-10	123	Picture	fix	2355804	0	1	25600	1	0	next	other	0
biokurs19-10	123	Pulse	199	2362252	6447	0
biokurs19-10	123	Pulse	199	2372251	16447	0
biokurs19-10	125	Picture	stim	2381405	0	1	20089	1	0	20000	incorrect	347
biokurs19-10	125	Pulse	199	2382252	847	0
biokurs19-10	125	Response	32	2391152	9747	0
biokurs19-10	125	Pulse	199	2392252	10847	0
biokurs19-10	126	Picture	fix2	2401672	0	1	22532	225	0	next	other	0
biokurs19-10	126	Pulse	199	2402251	580	0
biokurs19-10	126	Pulse	199	2412252	10580	0
biokurs19-10	126	Pulse	199	2422252	20580	0
biokurs19-10	127	Picture	feedback	2424203	0	225	20136	225	0	next	other	0
biokurs19-10	127	Pulse	199	2432252	8049	0
biokurs19-10	127	Pulse	199	2442251	18048	0
biokurs19-10	128	Picture	fix	2444339	0	1	21156	1	0	next	other	0
biokurs19-10	128	Pulse	199	2452252	7913	0
biokurs19-10	128	Pulse	199	2462252	17913	0
biokurs19-10	130	Picture	stim	2465494	0	1	20089	1	0	20000	hit	361
biokurs19-10	130	Pulse	199	2472251	6757	0
biokurs19-10	130	Response	16	2474351	8857	0
biokurs19-10	130	Pulse	199	2482252	16757	0
biokurs19-10	131	Picture	fix2	2485584	0	1	22756	1	0	next	other	0
biokurs19-10	131	Pulse	199	2492252	6668	0
biokurs19-10	131	Pulse	199	2502252	16668	0
biokurs19-10	132	Picture	feedback	2508339	0	1	20089	1	0	next	other	0
biokurs19-10	132	Pulse	199	2512252	3912	0
biokurs19-10	132	Pulse	199	2522252	13912	0
biokurs19-10	133	Picture	fix	2528428	0	1	35734	1	0	next	other	0
biokurs19-10	133	Pulse	199	2532251	3823	0
biokurs19-10	133	Pulse	199	2542251	13823	0
biokurs19-10	133	Pulse	199	2552252	23824	0
biokurs19-10	133	Pulse	199	2562252	33824	0
biokurs19-10	135	Picture	stim	2564162	0	1	20089	1	0	20000	hit	376
biokurs19-10	135	Pulse	199	2572252	8089	0
biokurs19-10	135	Response	16	2581872	17709	0
biokurs19-10	135	Pulse	199	2582251	18089	0
biokurs19-10	136	Picture	fix2	2584251	0	1	23645	1	0	next	other	0
biokurs19-10	136	Pulse	199	2592252	8000	0
biokurs19-10	136	Pulse	199	2602252	18001	0
biokurs19-10	137	Picture	feedback	2607896	0	1	20089	1	0	next	other	0
biokurs19-10	137	Pulse	199	2612251	4355	0
biokurs19-10	137	Pulse	199	2622252	14356	0
biokurs19-10	138	Picture	fix	2627985	0	1	28800	1	0	next	other	0
biokurs19-10	138	Pulse	199	2632252	4267	0
biokurs19-10	138	Pulse	199	2642251	14266	0
biokurs19-10	138	Pulse	199	2652252	24267	0
biokurs19-10	140	Picture	stim	2656786	0	1	20089	1	0	20000	incorrect	390
biokurs19-10	140	Pulse	199	2662252	5467	0
biokurs19-10	140	Response	32	2664272	7486	0
biokurs19-10	140	Pulse	199	2672252	15466	0
biokurs19-10	141	Picture	fix2	2676875	0	1	23111	1	0	next	other	0
biokurs19-10	141	Pulse	199	2682252	5377	0
biokurs19-10	141	Pulse	199	2692252	15377	0
biokurs19-10	142	Picture	feedback	2699986	0	1	20089	1	0	next	other	0
biokurs19-10	142	Pulse	199	2702252	2266	0
biokurs19-10	142	Pulse	199	2712251	12265	0
biokurs19-10	143	Picture	fix	2720075	0	1	30578	1	0	next	other	0
biokurs19-10	143	Pulse	199	2722252	2177	0
biokurs19-10	143	Pulse	199	2732252	12177	0
biokurs19-10	143	Pulse	199	2742253	22178	0
biokurs19-10	145	Picture	stim	2750653	0	1	20089	1	0	20000	incorrect	405
biokurs19-10	145	Pulse	199	2752252	1599	0
biokurs19-10	145	Pulse	199	2762252	11599	0
biokurs19-10	145	Response	32	2765122	14468	0
biokurs19-10	146	Picture	fix2	2770742	0	1	18667	1	0	next	other	0
biokurs19-10	146	Pulse	199	2772253	1510	0
biokurs19-10	146	Pulse	199	2782251	11509	0
biokurs19-10	147	Picture	feedback	2789409	0	1	20089	1	0	next	other	0
biokurs19-10	147	Pulse	199	2792252	2843	0
biokurs19-10	147	Pulse	199	2802252	12843	0
biokurs19-10	148	Picture	fix	2809498	0	1	19022	1	0	next	other	0
biokurs19-10	148	Pulse	199	2812252	2754	0
biokurs19-10	148	Pulse	199	2822252	12753	0
biokurs19-10	150	Picture	stim	2828521	0	1	20089	1	0	20000	incorrect	417
biokurs19-10	150	Pulse	199	2832252	3731	0
biokurs19-10	150	Response	32	2840832	12311	0
biokurs19-10	150	Pulse	199	2842252	13731	0
biokurs19-10	151	Picture	fix2	2848610	0	1	18667	1	0	next	other	0
biokurs19-10	151	Pulse	199	2852252	3642	0
biokurs19-10	151	Pulse	199	2862252	13642	0
biokurs19-10	152	Picture	feedback	2867277	0	1	20089	1	0	next	other	0
biokurs19-10	152	Pulse	199	2872252	4975	0
biokurs19-10	152	Pulse	199	2882252	14975	0
biokurs19-10	153	Picture	fix	2887366	0	1	30756	1	0	next	other	0
biokurs19-10	153	Pulse	199	2892252	4886	0
biokurs19-10	153	Pulse	199	2902252	14886	0
biokurs19-10	153	Pulse	199	2912252	24886	0
biokurs19-10	155	Picture	stim	2918122	0	1	20089	1	0	20000	incorrect	431
biokurs19-10	155	Pulse	199	2922252	4130	0
biokurs19-10	155	Response	32	2927873	9751	0
biokurs19-10	155	Pulse	199	2932252	14130	0
biokurs19-10	156	Picture	fix2	2938389	0	1	19911	1	0	next	other	0
biokurs19-10	156	Pulse	199	2942252	3864	0
biokurs19-10	156	Pulse	199	2952252	13863	0
biokurs19-10	157	Picture	feedback	2958300	0	1	20089	1	0	next	other	0
biokurs19-10	157	Pulse	199	2962252	3952	0
biokurs19-10	157	Pulse	199	2972252	13952	0
biokurs19-10	158	Picture	fix	2978389	0	1	22045	1	0	next	other	0
biokurs19-10	158	Pulse	199	2982253	3863	0
biokurs19-10	158	Pulse	199	2992252	13863	0
biokurs19-10	160	Picture	stim	3000434	0	1	20089	1	0	20000	hit	444
biokurs19-10	160	Pulse	199	3002253	1819	0
biokurs19-10	160	Response	16	3010683	10249	0
biokurs19-10	160	Pulse	199	3012252	11818	0
biokurs19-10	161	Picture	fix2	3020523	0	1	14400	1	0	next	other	0
biokurs19-10	161	Pulse	199	3022252	1729	0
biokurs19-10	161	Pulse	199	3032252	11729	0
biokurs19-10	162	Picture	feedback	3034923	0	1	20089	1	0	next	other	0
biokurs19-10	162	Pulse	199	3042253	7330	0
biokurs19-10	162	Pulse	199	3052253	17330	0
biokurs19-10	163	Picture	fix	3055012	0	1	41067	1	0	next	other	0
biokurs19-10	163	Pulse	199	3062252	7240	0
biokurs19-10	163	Pulse	199	3072253	17241	0
biokurs19-10	163	Pulse	199	3082253	27241	0
biokurs19-10	163	Pulse	199	3092252	37240	0
biokurs19-10	165	Picture	stim	3096079	0	1	20089	1	0	20000	hit	459
biokurs19-10	165	Pulse	199	3102254	6174	0
biokurs19-10	165	Response	16	3104072	7992	0
biokurs19-10	165	Response	32	3109623	13544	0
biokurs19-10	165	Pulse	199	3112253	16173	0
biokurs19-10	166	Picture	fix2	3116169	0	1	25245	1	0	next	other	0
biokurs19-10	166	Pulse	199	3122253	6084	0
biokurs19-10	166	Pulse	199	3132252	16084	0
biokurs19-10	167	Picture	feedback	3141413	0	1	20089	1	0	next	other	0
biokurs19-10	167	Pulse	199	3142253	840	0
biokurs19-10	167	Pulse	199	3152253	10840	0
biokurs19-10	168	Picture	fix	3161502	0	1	28800	1	0	next	other	0
biokurs19-10	168	Pulse	199	3162252	750	0
biokurs19-10	168	Pulse	199	3172252	10750	0
biokurs19-10	168	Pulse	199	3182252	20750	0
biokurs19-10	170	Picture	stim	3190303	0	1	20089	1	0	20000	hit	474
biokurs19-10	170	Pulse	199	3192253	1950	0
biokurs19-10	170	Response	16	3202132	11829	0
biokurs19-10	170	Pulse	199	3202252	11949	0
biokurs19-10	170	Response	32	3209693	19390	0
biokurs19-10	171	Picture	fix2	3210392	0	1	16356	1	0	next	other	0
biokurs19-10	171	Pulse	199	3212253	1861	0
biokurs19-10	171	Pulse	199	3222253	11861	0
biokurs19-10	172	Picture	feedback	3226748	0	1	20089	1	0	next	other	0
biokurs19-10	172	Pulse	199	3232252	5505	0
biokurs19-10	172	Pulse	199	3242253	15506	0
biokurs19-10	173	Picture	fix	3246837	0	1	32889	1	0	next	other	0
biokurs19-10	173	Pulse	199	3252253	5416	0
biokurs19-10	173	Pulse	199	3262253	15416	0
biokurs19-10	173	Pulse	199	3272253	25416	0
biokurs19-10	175	Picture	stim	3279726	0	1	20089	1	0	20000	hit	489
biokurs19-10	175	Pulse	199	3282253	2527	0
biokurs19-10	175	Response	16	3291033	11307	0
biokurs19-10	175	Pulse	199	3292253	12527	0
biokurs19-10	176	Picture	fix2	3299993	0	1	25778	1	0	next	other	0
biokurs19-10	176	Pulse	199	3302253	2260	0
biokurs19-10	176	Pulse	199	3312253	12260	0
biokurs19-10	176	Pulse	199	3322253	22260	0
biokurs19-10	177	Picture	feedback	3325771	0	1	20089	1	0	next	other	0
biokurs19-10	177	Pulse	199	3332253	6482	0
biokurs19-10	177	Pulse	199	3342253	16482	0
biokurs19-10	178	Picture	fix	3345860	0	1	30045	1	0	next	other	0
biokurs19-10	178	Pulse	199	3352253	6393	0
biokurs19-10	178	Pulse	199	3362253	16393	0
biokurs19-10	178	Pulse	199	3372252	26392	0
biokurs19-10	180	Picture	stim	3375905	0	1	20089	1	0	20000	hit	505
biokurs19-10	180	Pulse	199	3382253	6348	0
biokurs19-10	180	Pulse	199	3392253	16348	0
biokurs19-10	180	Response	16	3393843	17938	0
biokurs19-10	181	Picture	fix2	3396172	0	1	16178	1	0	next	other	0
biokurs19-10	181	Pulse	199	3402252	6081	0
biokurs19-10	181	Pulse	199	3412253	16081	0
biokurs19-10	182	Picture	feedback	3412350	0	1	20089	1	0	next	other	0
biokurs19-10	182	Pulse	199	3422253	9903	0
biokurs19-10	182	Pulse	199	3432253	19903	0
biokurs19-10	183	Picture	fix	3432439	0	1	28800	1	0	next	other	0
biokurs19-10	183	Pulse	199	3442252	9814	0
biokurs19-10	183	Pulse	199	3452253	19814	0
biokurs19-10	185	Picture	stim	3461239	0	1	20089	1	0	20000	hit	517
biokurs19-10	185	Pulse	199	3462253	1014	0
biokurs19-10	185	Response	16	3469792	8553	0
biokurs19-10	185	Pulse	199	3472252	11013	0
biokurs19-10	186	Picture	fix2	3481506	0	1	21511	1	0	next	other	0
biokurs19-10	186	Pulse	199	3482254	748	0
biokurs19-10	186	Pulse	199	3492253	10747	0
biokurs19-10	186	Pulse	199	3502253	20747	0
biokurs19-10	187	Picture	feedback	3503018	0	1	20089	1	0	next	other	0
biokurs19-10	187	Pulse	199	3512253	9236	0
biokurs19-10	187	Pulse	199	3522253	19236	0
biokurs19-10	188	Picture	fix	3523107	0	1	34489	1	0	next	other	0
biokurs19-10	188	Pulse	199	3532254	9147	0
biokurs19-10	188	Pulse	199	3542253	19146	0
biokurs19-10	188	Pulse	199	3552253	29146	0
biokurs19-10	190	Picture	stim	3557596	0	1	20089	1	0	20000	hit	533
biokurs19-10	190	Pulse	199	3562253	4658	0
biokurs19-10	190	Pulse	199	3572253	14657	0
biokurs19-10	190	Response	16	3572793	15197	0
biokurs19-10	191	Picture	fix2	3577685	0	1	22756	1	0	next	other	0
biokurs19-10	191	Pulse	199	3582253	4568	0
biokurs19-10	191	Pulse	199	3592253	14568	0
biokurs19-10	192	Picture	feedback	3600441	0	1	20089	1	0	next	other	0
biokurs19-10	192	Pulse	199	3602254	1813	0
biokurs19-10	192	Pulse	199	3612253	11812	0
biokurs19-10	193	Picture	fix	3620530	0	1	30578	1	0	next	other	0
biokurs19-10	193	Pulse	199	3622254	1724	0
biokurs19-10	193	Pulse	199	3632254	11724	0
biokurs19-10	193	Pulse	199	3642253	21723	0
biokurs19-10	195	Picture	stim	3651108	0	1	20089	1	0	20000	hit	546
biokurs19-10	195	Pulse	199	3652253	1145	0
biokurs19-10	195	Response	16	3659634	8526	0
biokurs19-10	195	Pulse	199	3662263	11155	0
biokurs19-10	196	Picture	fix2	3671375	0	1	13511	1	0	next	other	0
biokurs19-10	196	Pulse	199	3672264	889	0
biokurs19-10	196	Pulse	199	3682253	10878	0
biokurs19-10	197	Picture	feedback	3684886	0	1	20089	1	0	next	other	0
biokurs19-10	197	Pulse	199	3692254	7368	0
biokurs19-10	197	Pulse	199	3702264	17377	0
biokurs19-10	198	Picture	fix	3704975	0	1	24534	1	0	next	other	0
biokurs19-10	198	Pulse	199	3712263	7288	0
biokurs19-10	198	Pulse	199	3722263	17288	0
biokurs19-10	200	Picture	stim	3729509	0	1	20089	1	0	20000	hit	560
biokurs19-10	200	Pulse	199	3732264	2755	0
biokurs19-10	200	Pulse	199	3742264	12755	0
biokurs19-10	200	Response	16	3744724	15215	0
biokurs19-10	201	Picture	fix2	3749598	0	1	20267	1	0	next	other	0
biokurs19-10	201	Pulse	199	3752264	2666	0
biokurs19-10	201	Pulse	199	3762264	12665	0
biokurs19-10	202	Picture	feedback	3769865	0	1	20089	1	0	next	other	0
biokurs19-10	202	Pulse	199	3772264	2399	0
biokurs19-10	202	Pulse	199	3782263	12398	0
biokurs19-10	203	Picture	100	3789954	0	1	80179	1	0	80000	other	0
biokurs19-10	203	Pulse	199	3792263	2309	0
biokurs19-10	203	Pulse	199	3802264	12310	0
biokurs19-10	203	Pulse	199	3812264	22310	0
biokurs19-10	203	Pulse	199	3822263	32309	0
biokurs19-10	203	Pulse	199	3832264	42310	0
biokurs19-10	203	Pulse	199	3842264	52310	0
biokurs19-10	203	Pulse	199	3852263	62309	0
biokurs19-10	203	Pulse	199	3862264	72310	0
