Scenario - FeedLearn_MRI_5x8_fullRand.sce
Logfile written - 05/29/2019 11:09:13

Subject	Trial	Event Type	Code	Time	TTime	Uncertainty	Duration	Uncertainty	ReqTime	ReqDur	Stim Type	Pair Index

biokurs19-10	1	Response	16	52264	42086	0
biokurs19-10	2	Pulse	199	220925	168657	0
biokurs19-10	2	Pulse	199	230924	178656	0
biokurs19-10	2	Pulse	199	240925	188656	0
biokurs19-10	2	Pulse	199	250924	198656	0
biokurs19-10	2	Pulse	199	260925	208657	0
biokurs19-10	2	Pulse	199	270925	218657	1
biokurs19-10	3	Picture	fix	271336	0	1	23289	1	0	next	other	0
biokurs19-10	3	Pulse	199	280925	9589	0
biokurs19-10	3	Pulse	199	290925	19589	0
biokurs19-10	5	Picture	stim	294625	0	1	20089	1	0	20000	hit	13
biokurs19-10	5	Pulse	199	300925	6299	0
biokurs19-10	5	Response	16	305654	11029	0
biokurs19-10	5	Pulse	199	310924	16299	0
biokurs19-10	6	Picture	fix2	314714	0	1	15289	1	0	next	other	0
biokurs19-10	6	Pulse	199	320924	6210	0
biokurs19-10	7	Picture	feedback	330003	0	1	20267	1	0	next	other	0
biokurs19-10	7	Pulse	199	330925	921	0
biokurs19-10	7	Pulse	199	340925	10921	0
biokurs19-10	8	Picture	fix	350270	0	1	30578	1	0	next	other	0
biokurs19-10	8	Pulse	199	350925	655	0
biokurs19-10	8	Pulse	199	360925	10654	0
biokurs19-10	8	Pulse	199	370924	20654	0
biokurs19-10	10	Picture	stim	380848	0	1	20089	1	0	20000	hit	27
biokurs19-10	10	Pulse	199	380924	76	0
biokurs19-10	10	Pulse	199	390924	10076	0
biokurs19-10	10	Response	16	392425	11576	0
biokurs19-10	10	Pulse	199	400925	20076	0
biokurs19-10	11	Picture	fix2	400938	0	1	21867	1	0	next	other	0
biokurs19-10	11	Pulse	199	410925	9987	0
biokurs19-10	11	Pulse	199	420925	19987	0
biokurs19-10	12	Picture	feedback	422804	0	1	20267	1	0	next	other	0
biokurs19-10	12	Pulse	199	430925	8120	0
biokurs19-10	12	Pulse	199	440925	18120	0
biokurs19-10	13	Picture	fix	443071	0	1	28800	1	0	next	other	0
biokurs19-10	13	Pulse	199	450925	7854	0
biokurs19-10	13	Pulse	199	460925	17853	0
biokurs19-10	13	Pulse	199	470925	27853	0
biokurs19-10	15	Picture	stim	471872	0	1	20089	1	0	20000	hit	41
biokurs19-10	15	Pulse	199	480925	9053	0
biokurs19-10	15	Response	16	482824	10953	0
biokurs19-10	15	Pulse	199	490925	19053	0
biokurs19-10	16	Picture	fix2	491961	0	1	18311	1	0	next	other	0
biokurs19-10	16	Pulse	199	500925	8964	0
biokurs19-10	17	Picture	feedback	510272	0	1	20267	1	0	next	other	0
biokurs19-10	17	Pulse	199	510925	653	0
biokurs19-10	17	Pulse	199	520925	10653	0
biokurs19-10	18	Picture	fix	530539	0	1	30578	1	0	next	other	0
biokurs19-10	18	Pulse	199	530925	386	0
biokurs19-10	18	Pulse	199	540925	10386	0
biokurs19-10	18	Pulse	199	550925	20386	0
biokurs19-10	18	Pulse	199	560925	30386	0
biokurs19-10	20	Picture	stim	561117	0	1	20089	1	0	20000	hit	55
biokurs19-10	20	Pulse	199	570925	9807	0
biokurs19-10	20	Response	16	576915	15798	0
biokurs19-10	20	Pulse	199	580925	19808	0
biokurs19-10	21	Picture	fix2	581384	0	1	18667	1	0	next	other	0
biokurs19-10	21	Pulse	199	590925	9541	0
biokurs19-10	22	Picture	feedback	600051	0	1	20089	1	0	next	other	0
biokurs19-10	22	Pulse	199	600925	874	0
biokurs19-10	22	Pulse	199	610925	10874	0
biokurs19-10	23	Picture	fix	620140	0	1	25600	1	0	next	other	0
biokurs19-10	23	Pulse	199	620925	785	0
biokurs19-10	23	Pulse	199	630925	10785	0
biokurs19-10	23	Pulse	199	640925	20785	0
biokurs19-10	25	Picture	stim	645740	0	1	20089	1	0	20000	incorrect	68
biokurs19-10	25	Pulse	199	650925	5184	0
biokurs19-10	25	Response	32	653865	8125	0
biokurs19-10	25	Pulse	199	660925	15184	0
biokurs19-10	26	Picture	fix2	666007	0	1	16000	1	0	next	other	0
biokurs19-10	26	Pulse	199	670925	4918	0
biokurs19-10	26	Pulse	199	680925	14918	0
biokurs19-10	27	Picture	feedback	682007	0	1	20089	1	0	next	other	0
biokurs19-10	27	Pulse	199	690925	8918	0
biokurs19-10	27	Pulse	199	700925	18917	0
biokurs19-10	28	Picture	fix	702097	0	1	33778	1	0	next	other	0
biokurs19-10	28	Pulse	199	710925	8829	0
biokurs19-10	28	Pulse	199	720925	18828	0
biokurs19-10	28	Pulse	199	730924	28828	0
biokurs19-10	30	Picture	stim	735875	0	1	20089	1	0	20000	hit	82
biokurs19-10	30	Pulse	199	740925	5050	0
biokurs19-10	30	Response	16	747455	11580	0
biokurs19-10	30	Pulse	199	750925	15051	0
biokurs19-10	31	Picture	fix2	755964	0	1	18845	1	0	next	other	0
biokurs19-10	31	Pulse	199	760926	4962	0
biokurs19-10	31	Pulse	199	770925	14961	0
biokurs19-10	32	Picture	feedback	774808	0	1	20267	1	0	next	other	0
biokurs19-10	32	Pulse	199	780925	6117	0
biokurs19-10	32	Pulse	199	790925	16117	0
biokurs19-10	33	Picture	fix	795075	0	1	17600	1	0	next	other	0
biokurs19-10	33	Pulse	199	800926	5850	0
biokurs19-10	33	Pulse	199	810925	15849	0
biokurs19-10	35	Picture	stim	812676	0	1	20089	1	0	20000	hit	95
biokurs19-10	35	Pulse	199	820925	8250	0
biokurs19-10	35	Response	16	824884	12209	0
biokurs19-10	35	Pulse	199	830925	18250	0
biokurs19-10	36	Picture	fix2	832765	0	1	19911	1	0	next	other	0
biokurs19-10	36	Pulse	199	840925	8161	0
biokurs19-10	36	Pulse	199	850926	18161	0
biokurs19-10	37	Picture	feedback	852676	0	1	20089	1	0	next	other	0
biokurs19-10	37	Pulse	199	860926	8250	0
biokurs19-10	37	Pulse	199	870925	18249	0
biokurs19-10	38	Picture	fix	872765	0	1	35703	209	0	next	other	0
biokurs19-10	38	Pulse	199	880926	8161	0
biokurs19-10	38	Pulse	199	890926	18161	0
biokurs19-10	38	Pulse	199	900926	28161	0
biokurs19-10	40	Picture	stim	908468	0	209	20120	209	0	20000	incorrect	109
biokurs19-10	40	Pulse	199	910926	2457	0
biokurs19-10	40	Response	32	917625	9157	0
biokurs19-10	40	Pulse	199	920925	12457	0
biokurs19-10	41	Picture	fix2	928588	0	1	11378	1	0	next	other	0
biokurs19-10	41	Pulse	199	930926	2338	0
biokurs19-10	42	Picture	feedback	939966	0	1	20089	1	0	next	other	0
biokurs19-10	42	Pulse	199	940926	960	0
biokurs19-10	42	Pulse	199	950925	10959	0
biokurs19-10	43	Picture	fix	960055	0	1	30756	1	0	next	other	0
biokurs19-10	43	Pulse	199	960926	871	0
biokurs19-10	43	Pulse	199	970925	10870	0
biokurs19-10	43	Pulse	199	980925	20870	0
biokurs19-10	45	Picture	stim	990811	0	1	20089	1	0	20000	hit	123
biokurs19-10	45	Pulse	199	990925	114	0
biokurs19-10	45	Pulse	199	1000926	10115	0
biokurs19-10	45	Response	16	1008515	17704	0
biokurs19-10	46	Picture	fix2	1010900	0	1	16533	1	0	next	other	0
biokurs19-10	46	Pulse	199	1010925	25	0
biokurs19-10	46	Pulse	199	1020925	10025	0
biokurs19-10	47	Picture	feedback	1027434	0	1	20089	1	0	next	other	0
biokurs19-10	47	Pulse	199	1030926	3492	0
biokurs19-10	47	Pulse	199	1040926	13492	0
biokurs19-10	48	Picture	fix	1047523	0	1	23289	1	0	next	other	0
biokurs19-10	48	Pulse	199	1050925	3403	0
biokurs19-10	48	Pulse	199	1060926	13403	0
biokurs19-10	50	Picture	stim	1070812	0	1	20089	1	0	20000	incorrect	135
biokurs19-10	50	Pulse	199	1070926	114	0
biokurs19-10	50	Response	32	1076925	6113	0
biokurs19-10	50	Pulse	199	1080926	10114	0
biokurs19-10	51	Picture	fix2	1090901	0	1	23112	1	0	next	other	0
biokurs19-10	51	Pulse	199	1090926	25	0
biokurs19-10	51	Pulse	199	1100926	10025	0
biokurs19-10	51	Pulse	199	1110926	20025	0
biokurs19-10	52	Picture	feedback	1114012	0	1	20089	1	0	next	other	0
biokurs19-10	52	Pulse	199	1120925	6913	0
biokurs19-10	52	Pulse	199	1130926	16913	0
biokurs19-10	53	Picture	fix	1134101	0	1	32889	1	0	next	other	0
biokurs19-10	53	Pulse	199	1140926	6824	0
biokurs19-10	53	Pulse	199	1150926	16824	0
biokurs19-10	53	Pulse	199	1160925	26824	0
biokurs19-10	55	Picture	stim	1166991	0	1	20089	1	0	20000	incorrect	150
biokurs19-10	55	Pulse	199	1170926	3935	0
biokurs19-10	55	Response	32	1174366	7375	0
biokurs19-10	55	Pulse	199	1180926	13935	0
biokurs19-10	56	Picture	fix2	1187080	0	1	12267	1	0	next	other	0
biokurs19-10	56	Pulse	199	1190926	3846	0
biokurs19-10	57	Picture	feedback	1199347	0	1	20089	1	0	next	other	0
biokurs19-10	57	Pulse	199	1200936	1589	0
biokurs19-10	57	Pulse	199	1210936	11589	0
biokurs19-10	58	Picture	fix	1219436	0	1	25245	1	0	next	other	0
biokurs19-10	58	Pulse	199	1220936	1500	0
biokurs19-10	58	Pulse	199	1230936	11500	0
biokurs19-10	58	Pulse	199	1240936	21500	0
biokurs19-10	60	Picture	stim	1244680	0	1	20089	1	0	20000	hit	163
biokurs19-10	60	Pulse	199	1250936	6256	0
biokurs19-10	60	Response	16	1256956	12276	0
biokurs19-10	60	Pulse	199	1260936	16256	0
biokurs19-10	61	Picture	fix2	1264947	0	1	20267	1	0	next	other	0
biokurs19-10	61	Pulse	199	1270936	5989	0
biokurs19-10	61	Pulse	199	1280936	15989	0
biokurs19-10	62	Picture	feedback	1285214	0	1	20089	1	0	next	other	0
biokurs19-10	62	Pulse	199	1290936	5721	0
biokurs19-10	62	Pulse	199	1300936	15721	0
biokurs19-10	63	Picture	fix	1305303	0	1	41067	1	0	next	other	0
biokurs19-10	63	Pulse	199	1310936	5633	0
biokurs19-10	63	Pulse	199	1320936	15632	0
biokurs19-10	63	Pulse	199	1330936	25632	0
biokurs19-10	63	Pulse	199	1340936	35633	0
biokurs19-10	65	Picture	stim	1346371	0	1	20089	1	0	20000	hit	178
biokurs19-10	65	Pulse	199	1350936	4565	0
biokurs19-10	65	Response	16	1355406	9036	0
biokurs19-10	65	Pulse	199	1360936	14565	0
biokurs19-10	66	Picture	fix2	1366460	0	1	16356	1	0	next	other	0
biokurs19-10	66	Pulse	199	1370936	4476	0
biokurs19-10	66	Pulse	199	1380936	14476	0
biokurs19-10	67	Picture	feedback	1382815	0	1	20089	1	0	next	other	0
biokurs19-10	67	Pulse	199	1390936	8121	0
biokurs19-10	67	Pulse	199	1400936	18121	0
biokurs19-10	68	Picture	fix	1402905	0	1	27734	1	0	next	other	0
biokurs19-10	68	Pulse	199	1410936	8031	0
biokurs19-10	68	Pulse	199	1420937	18032	0
biokurs19-10	70	Picture	stim	1430638	0	1	20089	1	0	20000	hit	191
biokurs19-10	70	Pulse	199	1430936	297	0
biokurs19-10	70	Response	16	1438476	7838	0
biokurs19-10	70	Pulse	199	1440936	10298	0
biokurs19-10	71	Picture	fix2	1450727	0	1	20267	1	0	next	other	0
biokurs19-10	71	Pulse	199	1450936	209	0
biokurs19-10	71	Pulse	199	1460936	10209	0
biokurs19-10	71	Pulse	199	1470936	20208	0
biokurs19-10	72	Picture	feedback	1470994	0	1	20089	1	0	next	other	0
biokurs19-10	72	Pulse	199	1480936	9942	0
biokurs19-10	72	Pulse	199	1490936	19942	0
biokurs19-10	73	Picture	fix	1491083	0	1	26134	1	0	next	other	0
biokurs19-10	73	Pulse	199	1500936	9853	0
biokurs19-10	73	Pulse	199	1510936	19853	0
biokurs19-10	75	Picture	stim	1517217	0	1	20089	1	0	20000	hit	205
biokurs19-10	75	Pulse	199	1520937	3720	0
biokurs19-10	75	Response	16	1525606	8389	0
biokurs19-10	75	Pulse	199	1530936	13719	0
biokurs19-10	76	Picture	fix2	1537306	0	1	21511	1	0	next	other	0
biokurs19-10	76	Pulse	199	1540937	3631	0
biokurs19-10	76	Pulse	199	1550937	13631	0
biokurs19-10	77	Picture	feedback	1558817	0	1	20089	1	0	next	other	0
biokurs19-10	77	Pulse	199	1560937	2119	0
biokurs19-10	77	Pulse	199	1570936	12119	0
biokurs19-10	78	Picture	fix	1578907	0	1	39467	1	0	next	other	0
biokurs19-10	78	Pulse	199	1580937	2030	0
biokurs19-10	78	Pulse	199	1590937	12030	0
biokurs19-10	78	Pulse	199	1600936	22030	0
biokurs19-10	78	Pulse	199	1610937	32030	0
biokurs19-10	80	Picture	stim	1618374	0	1	20089	1	0	20000	incorrect	220
biokurs19-10	80	Pulse	199	1620937	2563	0
biokurs19-10	80	Response	32	1627816	9442	0
biokurs19-10	80	Pulse	199	1630937	12563	0
biokurs19-10	81	Picture	fix2	1638463	0	1	18667	1	0	next	other	0
biokurs19-10	81	Pulse	199	1640936	2474	0
biokurs19-10	81	Pulse	199	1650937	12474	0
biokurs19-10	82	Picture	feedback	1657130	0	1	20089	1	0	next	other	0
biokurs19-10	82	Pulse	199	1660937	3807	0
biokurs19-10	82	Pulse	199	1670936	13807	0
biokurs19-10	83	Picture	fix	1677219	0	1	31645	1	0	next	other	0
biokurs19-10	83	Pulse	199	1680937	3718	0
biokurs19-10	83	Pulse	199	1690936	13718	0
biokurs19-10	83	Pulse	199	1700937	23718	0
biokurs19-10	85	Picture	stim	1708864	0	1	20089	1	0	20000	hit	234
biokurs19-10	85	Pulse	199	1710936	2072	0
biokurs19-10	85	Response	16	1720276	11413	0
biokurs19-10	85	Pulse	199	1720936	12073	0
biokurs19-10	85	Response	32	1722786	13923	0
biokurs19-10	86	Picture	fix2	1728953	0	1	19378	1	0	next	other	0
biokurs19-10	86	Pulse	199	1730937	1984	0
biokurs19-10	86	Pulse	199	1740936	11984	0
biokurs19-10	87	Picture	feedback	1748331	0	1	20089	1	0	next	other	0
biokurs19-10	87	Pulse	199	1750936	2606	0
biokurs19-10	87	Pulse	199	1760937	12606	0
biokurs19-10	88	Picture	fix	1768420	0	1	33423	1	0	next	other	0
biokurs19-10	88	Pulse	199	1770937	2517	0
biokurs19-10	88	Pulse	199	1780937	12517	0
biokurs19-10	88	Pulse	199	1790937	22517	0
biokurs19-10	88	Pulse	199	1800937	32517	0
biokurs19-10	90	Picture	stim	1801842	0	1	20089	1	0	20000	hit	249
biokurs19-10	90	Response	16	1809636	7794	0
biokurs19-10	90	Pulse	199	1810936	9094	0
biokurs19-10	90	Pulse	199	1820937	19094	0
biokurs19-10	91	Picture	fix2	1821932	0	1	21867	1	0	next	other	0
biokurs19-10	91	Pulse	199	1830937	9005	0
biokurs19-10	91	Pulse	199	1840937	19005	0
biokurs19-10	92	Picture	feedback	1843798	0	1	20089	1	0	next	other	0
biokurs19-10	92	Pulse	199	1850937	7138	0
biokurs19-10	92	Pulse	199	1860937	17138	0
biokurs19-10	93	Picture	fix	1863888	0	1	31822	1	0	next	other	0
biokurs19-10	93	Pulse	199	1870937	7049	0
biokurs19-10	93	Pulse	199	1880936	17049	0
biokurs19-10	93	Pulse	199	1890937	27049	0
biokurs19-10	95	Picture	stim	1895710	0	1	20089	1	0	20000	incorrect	264
biokurs19-10	95	Pulse	199	1900937	5227	0
biokurs19-10	95	Response	32	1904777	9067	0
biokurs19-10	95	Pulse	199	1910937	15227	0
biokurs19-10	96	Picture	fix2	1915799	0	1	18667	1	0	next	other	0
biokurs19-10	96	Pulse	199	1920937	5138	0
biokurs19-10	96	Pulse	199	1930937	15138	0
biokurs19-10	97	Picture	feedback	1934466	0	1	20089	1	0	next	other	0
biokurs19-10	97	Pulse	199	1940937	6471	0
biokurs19-10	97	Pulse	199	1950937	16470	0
biokurs19-10	98	Picture	fix	1954555	0	1	38045	1	0	next	other	0
biokurs19-10	98	Pulse	199	1960937	6382	0
biokurs19-10	98	Pulse	199	1970937	16382	0
biokurs19-10	98	Pulse	199	1980937	26382	0
biokurs19-10	98	Pulse	199	1990937	36382	0
biokurs19-10	100	Picture	stim	1992600	0	1	20089	1	0	20000	hit	279
biokurs19-10	100	Pulse	199	2000937	8337	0
biokurs19-10	100	Response	16	2004627	12027	0
biokurs19-10	100	Pulse	199	2010937	18337	0
biokurs19-10	101	Picture	fix2	2012689	0	1	16000	1	0	next	other	0
biokurs19-10	101	Response	32	2019237	6548	0
biokurs19-10	101	Pulse	199	2020936	8247	0
biokurs19-10	102	Picture	feedback	2028689	0	1	20089	1	0	next	other	0
biokurs19-10	102	Pulse	199	2030937	2248	0
biokurs19-10	102	Pulse	199	2040937	12248	0
biokurs19-10	103	Picture	fix	2048779	0	1	19022	1	0	next	other	0
biokurs19-10	103	Pulse	199	2050937	2158	0
biokurs19-10	103	Pulse	199	2060937	12158	0
biokurs19-10	105	Picture	stim	2067801	0	1	20089	1	0	20000	incorrect	292
biokurs19-10	105	Pulse	199	2070937	3136	0
biokurs19-10	105	Response	32	2077627	9826	0
biokurs19-10	105	Pulse	199	2080937	13136	0
biokurs19-10	106	Picture	fix2	2087890	0	1	19912	1	0	next	other	0
biokurs19-10	106	Pulse	199	2090937	3047	0
biokurs19-10	106	Pulse	199	2100937	13047	0
biokurs19-10	107	Picture	feedback	2107802	0	1	20089	1	0	next	other	0
biokurs19-10	107	Pulse	199	2110937	3136	0
biokurs19-10	107	Pulse	199	2120937	13135	0
biokurs19-10	108	Picture	fix	2127891	0	1	22045	1	0	next	other	0
biokurs19-10	108	Pulse	199	2130937	3047	0
biokurs19-10	108	Pulse	199	2140937	13046	0
biokurs19-10	110	Picture	stim	2149935	0	1	20089	1	0	20000	hit	306
biokurs19-10	110	Pulse	199	2150937	1002	0
biokurs19-10	110	Pulse	199	2160937	11002	0
biokurs19-10	110	Response	16	2162067	12131	0
biokurs19-10	111	Picture	fix2	2170202	0	1	10133	1	0	next	other	0
biokurs19-10	111	Pulse	199	2170937	735	0
biokurs19-10	112	Picture	feedback	2180336	0	1	20089	1	0	next	other	0
biokurs19-10	112	Pulse	199	2180937	602	0
biokurs19-10	112	Pulse	199	2190937	10601	0
biokurs19-10	113	Picture	fix	2200425	0	1	30578	1	0	next	other	0
biokurs19-10	113	Pulse	199	2200938	513	0
biokurs19-10	113	Pulse	199	2210937	10513	0
biokurs19-10	113	Pulse	199	2220937	20512	0
biokurs19-10	113	Pulse	199	2230937	30513	0
biokurs19-10	115	Picture	stim	2231003	0	1	20089	1	0	20000	hit	319
biokurs19-10	115	Pulse	199	2240937	9935	0
biokurs19-10	115	Response	16	2241797	10794	0
biokurs19-10	115	Pulse	199	2250937	19934	0
biokurs19-10	116	Picture	fix2	2251270	0	1	22756	1	0	next	other	0
biokurs19-10	116	Pulse	199	2260937	9667	0
biokurs19-10	116	Pulse	199	2270938	19668	0
biokurs19-10	117	Picture	feedback	2274026	0	1	20089	1	0	next	other	0
biokurs19-10	117	Pulse	199	2280938	6912	0
biokurs19-10	117	Pulse	199	2290937	16912	0
biokurs19-10	118	Picture	fix	2294115	0	1	30934	1	0	next	other	0
biokurs19-10	118	Pulse	199	2300938	6823	0
biokurs19-10	118	Pulse	199	2310937	16823	0
biokurs19-10	118	Pulse	199	2320938	26823	0
biokurs19-10	120	Picture	stim	2325048	0	1	20089	1	0	20000	hit	333
biokurs19-10	120	Pulse	199	2330937	5889	0
biokurs19-10	120	Response	16	2335917	10869	0
biokurs19-10	120	Pulse	199	2340938	15889	0
biokurs19-10	121	Picture	fix2	2345138	0	1	23645	1	0	next	other	0
biokurs19-10	121	Pulse	199	2350937	5800	0
biokurs19-10	121	Pulse	199	2360937	15800	0
biokurs19-10	122	Picture	feedback	2368782	0	1	20089	1	0	next	other	0
biokurs19-10	122	Pulse	199	2370937	2155	0
biokurs19-10	122	Pulse	199	2380938	12155	0
biokurs19-10	123	Picture	fix	2388871	0	1	24534	1	0	next	other	0
biokurs19-10	123	Pulse	199	2390938	2066	0
biokurs19-10	123	Pulse	199	2400937	12066	0
biokurs19-10	123	Pulse	199	2410937	22066	0
biokurs19-10	125	Picture	stim	2413405	0	1	20089	1	0	20000	hit	347
biokurs19-10	125	Pulse	199	2420937	7533	0
biokurs19-10	125	Response	16	2421387	7983	0
biokurs19-10	125	Pulse	199	2430937	17532	0
biokurs19-10	126	Picture	fix2	2433494	0	1	14211	190	0	next	other	0
biokurs19-10	126	Pulse	199	2440938	7444	0
biokurs19-10	127	Picture	feedback	2447705	0	190	20100	190	0	next	other	0
biokurs19-10	127	Pulse	199	2450938	3232	0
biokurs19-10	127	Pulse	199	2460938	13232	0
biokurs19-10	128	Picture	fix	2467806	0	1	28800	1	0	next	other	0
biokurs19-10	128	Pulse	199	2470937	3132	0
biokurs19-10	128	Pulse	199	2480938	13132	0
biokurs19-10	128	Pulse	199	2490938	23132	0
biokurs19-10	130	Picture	stim	2496606	0	1	20089	1	0	20000	hit	361
biokurs19-10	130	Pulse	199	2500937	4331	0
biokurs19-10	130	Pulse	199	2510938	14332	0
biokurs19-10	130	Response	16	2514447	17841	0
biokurs19-10	131	Picture	fix2	2516873	0	1	17422	1	0	next	other	0
biokurs19-10	131	Pulse	199	2520938	4065	0
biokurs19-10	131	Pulse	199	2530938	14065	0
biokurs19-10	132	Picture	feedback	2534295	0	1	20089	1	0	next	other	0
biokurs19-10	132	Pulse	199	2540938	6642	0
biokurs19-10	132	Pulse	199	2550938	16643	0
biokurs19-10	133	Picture	fix	2554384	0	1	23986	193	0	next	other	0
biokurs19-10	133	Pulse	199	2560938	6554	0
biokurs19-10	133	Pulse	199	2570938	16553	0
biokurs19-10	135	Picture	stim	2578371	0	193	20103	193	0	20000	incorrect	373
biokurs19-10	135	Pulse	199	2580938	2568	0
biokurs19-10	135	Response	32	2586238	7867	0
biokurs19-10	135	Pulse	199	2590938	12568	0
biokurs19-10	136	Picture	fix2	2598652	0	1	13511	1	0	next	other	0
biokurs19-10	136	Pulse	199	2600938	2287	0
biokurs19-10	136	Pulse	199	2610938	12287	0
biokurs19-10	137	Picture	feedback	2612163	0	1	20089	1	0	next	other	0
biokurs19-10	137	Pulse	199	2620938	8775	0
biokurs19-10	137	Pulse	199	2630938	18775	0
biokurs19-10	138	Picture	fix	2632252	0	1	22933	1	0	next	other	0
biokurs19-10	138	Pulse	199	2640938	8686	0
biokurs19-10	138	Pulse	199	2650938	18686	0
biokurs19-10	140	Picture	stim	2655185	0	1	20089	1	0	20000	incorrect	386
biokurs19-10	140	Pulse	199	2660938	5753	0
biokurs19-10	140	Response	32	2664378	9193	0
biokurs19-10	140	Pulse	199	2670938	15752	0
biokurs19-10	141	Picture	fix2	2675275	0	1	22756	1	0	next	other	0
biokurs19-10	141	Pulse	199	2680938	5663	0
biokurs19-10	141	Pulse	199	2690937	15663	0
biokurs19-10	142	Picture	feedback	2698030	0	1	20089	1	0	next	other	0
biokurs19-10	142	Pulse	199	2700938	2908	0
biokurs19-10	142	Pulse	199	2710938	12908	0
biokurs19-10	143	Picture	fix	2718120	0	1	27023	1	0	next	other	0
biokurs19-10	143	Pulse	199	2720938	2819	0
biokurs19-10	143	Pulse	199	2730938	12819	0
biokurs19-10	143	Pulse	199	2740938	22818	0
biokurs19-10	145	Picture	stim	2745142	0	1	20089	1	0	20000	incorrect	400
biokurs19-10	145	Pulse	199	2750938	5796	0
biokurs19-10	145	Response	32	2757248	12106	0
biokurs19-10	145	Pulse	199	2760938	15796	0
biokurs19-10	146	Picture	fix2	2765409	0	1	27200	1	0	next	other	0
biokurs19-10	146	Pulse	199	2770938	5529	0
biokurs19-10	146	Pulse	199	2780938	15529	0
biokurs19-10	146	Pulse	199	2790938	25529	0
biokurs19-10	147	Picture	feedback	2792609	0	1	20089	1	0	next	other	0
biokurs19-10	147	Pulse	199	2800938	8329	0
biokurs19-10	147	Pulse	199	2810938	18329	0
biokurs19-10	148	Picture	fix	2812698	0	1	34489	1	0	next	other	0
biokurs19-10	148	Pulse	199	2820948	8249	0
biokurs19-10	148	Pulse	199	2830948	18250	0
biokurs19-10	148	Pulse	199	2840948	28250	0
biokurs19-10	150	Picture	stim	2847188	0	1	20089	1	0	20000	hit	415
biokurs19-10	150	Pulse	199	2850948	3760	0
biokurs19-10	150	Response	16	2854148	6960	0
biokurs19-10	150	Pulse	199	2860948	13761	0
biokurs19-10	151	Picture	fix2	2867277	0	1	16178	1	0	next	other	0
biokurs19-10	151	Pulse	199	2870949	3672	0
biokurs19-10	151	Pulse	199	2880948	13671	0
biokurs19-10	152	Picture	feedback	2883455	0	1	20089	1	0	next	other	0
biokurs19-10	152	Pulse	199	2890948	7493	0
biokurs19-10	152	Pulse	199	2900948	17494	0
biokurs19-10	153	Picture	fix	2903544	0	1	28800	1	0	next	other	0
biokurs19-10	153	Pulse	199	2910948	7405	0
biokurs19-10	153	Pulse	199	2920948	17404	0
biokurs19-10	153	Pulse	199	2930948	27405	0
biokurs19-10	155	Picture	stim	2932344	0	1	20089	1	0	20000	hit	428
biokurs19-10	155	Response	16	2940299	7955	0
biokurs19-10	155	Pulse	199	2940948	8604	0
biokurs19-10	155	Pulse	199	2950948	18604	0
biokurs19-10	156	Picture	fix2	2952433	0	1	23645	1	0	next	other	0
biokurs19-10	156	Pulse	199	2960949	8515	0
biokurs19-10	156	Pulse	199	2970948	18515	0
biokurs19-10	157	Picture	feedback	2976078	0	1	20089	1	0	next	other	0
biokurs19-10	157	Pulse	199	2980949	4871	0
biokurs19-10	157	Pulse	199	2990948	14870	0
biokurs19-10	158	Picture	fix	2996167	0	1	22934	1	0	next	other	0
biokurs19-10	158	Pulse	199	3000948	4781	0
biokurs19-10	158	Pulse	199	3010948	14781	0
biokurs19-10	160	Picture	stim	3019101	0	1	20089	1	0	20000	hit	442
biokurs19-10	160	Pulse	199	3020948	1847	0
biokurs19-10	160	Response	16	3030029	10928	0
biokurs19-10	160	Pulse	199	3030949	11848	0
biokurs19-10	161	Picture	fix2	3039190	0	1	25245	1	0	next	other	0
biokurs19-10	161	Pulse	199	3040949	1759	0
biokurs19-10	161	Pulse	199	3050948	11759	0
biokurs19-10	161	Pulse	199	3060948	21758	0
biokurs19-10	162	Picture	feedback	3064435	0	1	20089	1	0	next	other	0
biokurs19-10	162	Pulse	199	3070949	6514	0
biokurs19-10	162	Pulse	199	3080949	16514	0
biokurs19-10	163	Picture	fix	3084524	0	1	28800	1	0	next	other	0
biokurs19-10	163	Pulse	199	3090948	6425	0
biokurs19-10	163	Pulse	199	3100949	16425	0
biokurs19-10	163	Pulse	199	3110948	26425	0
biokurs19-10	165	Picture	stim	3113324	0	1	20089	1	0	20000	incorrect	457
biokurs19-10	165	Pulse	199	3120948	7624	0
biokurs19-10	165	Response	32	3125859	12535	0
biokurs19-10	165	Pulse	199	3130948	17624	0
biokurs19-10	166	Picture	fix2	3133591	0	1	25778	1	0	next	other	0
biokurs19-10	166	Pulse	199	3140949	7358	0
biokurs19-10	166	Pulse	199	3150949	17358	0
biokurs19-10	167	Picture	feedback	3159369	0	1	20089	1	0	next	other	0
biokurs19-10	167	Pulse	199	3160948	1579	0
biokurs19-10	167	Pulse	199	3170949	11580	0
biokurs19-10	168	Picture	fix	3179458	0	1	32356	1	0	next	other	0
biokurs19-10	168	Pulse	199	3180949	1491	0
biokurs19-10	168	Pulse	199	3190948	11490	0
biokurs19-10	168	Pulse	199	3200948	21490	0
biokurs19-10	168	Pulse	199	3210949	31491	0
biokurs19-10	170	Picture	stim	3211814	0	1	20089	1	0	20000	hit	471
biokurs19-10	170	Response	16	3219168	7354	0
biokurs19-10	170	Pulse	199	3220949	9135	0
biokurs19-10	170	Pulse	199	3230948	19134	0
biokurs19-10	171	Picture	fix2	3231903	0	1	19734	1	0	next	other	0
biokurs19-10	171	Pulse	199	3240949	9046	0
biokurs19-10	171	Pulse	199	3250949	19046	0
biokurs19-10	172	Picture	feedback	3251637	0	1	20089	1	0	next	other	0
biokurs19-10	172	Pulse	199	3260949	9312	0
biokurs19-10	172	Pulse	199	3270948	19312	0
biokurs19-10	173	Picture	fix	3271726	0	1	30045	1	0	next	other	0
biokurs19-10	173	Pulse	199	3280949	9223	0
biokurs19-10	173	Pulse	199	3290949	19223	0
biokurs19-10	173	Pulse	199	3300948	29222	0
biokurs19-10	175	Picture	stim	3301771	0	1	20089	1	0	20000	incorrect	486
biokurs19-10	175	Pulse	199	3310949	9178	0
biokurs19-10	175	Response	32	3312259	10488	0
biokurs19-10	175	Pulse	199	3320949	19178	0
biokurs19-10	176	Picture	fix2	3321860	0	1	24889	1	0	next	other	0
biokurs19-10	176	Pulse	199	3330949	9089	0
biokurs19-10	176	Pulse	199	3340949	19089	0
biokurs19-10	177	Picture	feedback	3346749	0	1	20089	1	0	next	other	0
biokurs19-10	177	Pulse	199	3350949	4201	0
biokurs19-10	177	Pulse	199	3360949	14201	0
biokurs19-10	178	Picture	fix	3366838	0	1	30223	1	0	next	other	0
biokurs19-10	178	Pulse	199	3370949	4111	0
biokurs19-10	178	Pulse	199	3380949	14111	0
biokurs19-10	178	Pulse	199	3390950	24112	0
biokurs19-10	180	Picture	stim	3397061	0	1	20089	1	0	20000	hit	500
biokurs19-10	180	Pulse	199	3400949	3888	0
biokurs19-10	180	Response	16	3406329	9268	0
biokurs19-10	180	Pulse	199	3410949	13888	0
biokurs19-10	181	Picture	fix2	3417150	0	1	25600	1	0	next	other	0
biokurs19-10	181	Pulse	199	3420949	3799	0
biokurs19-10	181	Pulse	199	3430949	13799	0
biokurs19-10	181	Pulse	199	3440949	23799	0
biokurs19-10	182	Picture	feedback	3442750	0	1	20089	1	0	next	other	0
biokurs19-10	182	Pulse	199	3450949	8199	0
biokurs19-10	182	Pulse	199	3460949	18199	0
biokurs19-10	183	Picture	fix	3462839	0	1	27023	1	0	next	other	0
biokurs19-10	183	Pulse	199	3470950	8111	0
biokurs19-10	183	Pulse	199	3480949	18110	0
biokurs19-10	185	Picture	stim	3489862	0	1	20089	1	0	20000	incorrect	514
biokurs19-10	185	Pulse	199	3490949	1088	0
biokurs19-10	185	Response	32	3499579	9717	0
biokurs19-10	185	Pulse	199	3500949	11087	0
biokurs19-10	186	Picture	fix2	3509951	0	1	22578	1	0	next	other	0
biokurs19-10	186	Pulse	199	3510949	998	0
biokurs19-10	186	Pulse	199	3520949	10999	0
biokurs19-10	186	Pulse	199	3530950	20999	0
biokurs19-10	187	Picture	feedback	3532529	0	1	20089	1	0	next	other	0
biokurs19-10	187	Pulse	199	3540949	8420	0
biokurs19-10	187	Pulse	199	3550949	18421	0
biokurs19-10	188	Picture	fix	3552618	0	1	27378	1	0	next	other	0
biokurs19-10	188	Pulse	199	3560949	8332	0
biokurs19-10	188	Pulse	199	3570949	18331	0
biokurs19-10	190	Picture	stim	3579996	0	1	20089	1	0	20000	hit	528
biokurs19-10	190	Pulse	199	3580949	953	0
biokurs19-10	190	Response	16	3590519	10523	0
biokurs19-10	190	Pulse	199	3590949	10953	0
biokurs19-10	191	Picture	fix2	3600085	0	1	14400	1	0	next	other	0
biokurs19-10	191	Pulse	199	3600950	865	0
biokurs19-10	191	Pulse	199	3610949	10864	0
biokurs19-10	192	Picture	feedback	3614485	0	1	20089	1	0	next	other	0
biokurs19-10	192	Pulse	199	3620950	6464	0
biokurs19-10	192	Pulse	199	3630949	16464	0
biokurs19-10	193	Picture	fix	3634574	0	1	32889	1	0	next	other	0
biokurs19-10	193	Pulse	199	3640949	6375	0
biokurs19-10	193	Pulse	199	3650949	16375	0
biokurs19-10	193	Pulse	199	3660950	26375	0
biokurs19-10	195	Picture	stim	3667464	0	1	20089	1	0	20000	hit	542
biokurs19-10	195	Pulse	199	3670950	3486	0
biokurs19-10	195	Response	16	3677200	9736	0
biokurs19-10	195	Pulse	199	3680949	13485	0
biokurs19-10	196	Picture	fix2	3687553	0	1	13511	1	0	next	other	0
biokurs19-10	196	Pulse	199	3690950	3397	0
biokurs19-10	196	Pulse	199	3700950	13397	0
biokurs19-10	197	Picture	feedback	3701064	0	1	20089	1	0	next	other	0
biokurs19-10	197	Pulse	199	3710949	9885	0
biokurs19-10	197	Pulse	199	3720950	19885	0
biokurs19-10	198	Picture	fix	3721153	0	1	21156	1	0	next	other	0
biokurs19-10	198	Pulse	199	3730950	9797	0
biokurs19-10	198	Pulse	199	3740950	19797	0
biokurs19-10	200	Picture	stim	3742309	0	1	20089	1	0	20000	incorrect	555
biokurs19-10	200	Pulse	199	3750949	8640	0
biokurs19-10	200	Response	32	3753089	10780	0
biokurs19-10	200	Pulse	199	3760950	18641	0
biokurs19-10	201	Picture	fix2	3762398	0	1	26845	1	0	next	other	0
biokurs19-10	201	Pulse	199	3770950	8552	0
biokurs19-10	201	Pulse	199	3780949	18551	0
biokurs19-10	202	Picture	feedback	3789243	0	1	20089	1	0	next	other	0
biokurs19-10	202	Pulse	199	3790950	1707	0
biokurs19-10	202	Pulse	199	3800950	11707	0
biokurs19-10	203	Picture	100	3809332	0	1	80179	1	0	80000	other	0
biokurs19-10	203	Pulse	199	3810950	1618	0
biokurs19-10	203	Pulse	199	3820949	11617	0
biokurs19-10	203	Pulse	199	3830950	21618	0
biokurs19-10	203	Pulse	199	3840949	31618	0
biokurs19-10	203	Pulse	199	3850949	41617	0
biokurs19-10	203	Pulse	199	3860950	51618	0
biokurs19-10	203	Pulse	199	3870950	61618	0
biokurs19-10	203	Pulse	199	3880949	71617	0
