Scenario - FeedLearn_MRI_5x8_fullRand.sce
Logfile written - 06/11/2019 09:49:26

Subject	Trial	Event Type	Code	Time	TTime	Uncertainty	Duration	Uncertainty	ReqTime	ReqDur	Stim Type	Pair Index

2ndgrade_kloten_2x3-12	0	Pulse	199	0	0	NA
2ndgrade_kloten_2x3-12	0	Pulse	199	10000	10000	NA
2ndgrade_kloten_2x3-12	1	Picture	intro	10166	0	1	41499	1	0	next	other	0
2ndgrade_kloten_2x3-12	1	Pulse	199	20000	9834	NA
2ndgrade_kloten_2x3-12	1	Pulse	199	30000	19834	NA
2ndgrade_kloten_2x3-12	1	Pulse	199	40000	29834	NA
2ndgrade_kloten_2x3-12	1	Pulse	199	50000	39834	NA
2ndgrade_kloten_2x3-12	1	Response	16	51591	41424	0
2ndgrade_kloten_2x3-12	2	Picture	start	51666	0	1	50165	1	0	next	other	0
2ndgrade_kloten_2x3-12	2	Pulse	199	60000	8334	NA
2ndgrade_kloten_2x3-12	2	Pulse	199	70000	18334	NA
2ndgrade_kloten_2x3-12	2	Pulse	199	80000	28334	NA
2ndgrade_kloten_2x3-12	2	Pulse	199	90000	38334	NA
2ndgrade_kloten_2x3-12	2	Pulse	199	100000	48334	NA
2ndgrade_kloten_2x3-12	3	Pulse	199	110000	8330	NA
2ndgrade_kloten_2x3-12	3	Pulse	199	120000	18330	NA
2ndgrade_kloten_2x3-12	3	Pulse	199	130000	28330	NA
2ndgrade_kloten_2x3-12	3	Response	32	134291	32621	0
2ndgrade_kloten_2x3-12	3	Pulse	199	140000	38330	NA
2ndgrade_kloten_2x3-12	3	Response	16	143763	42092	0
2ndgrade_kloten_2x3-12	3	Pulse	199	150000	48330	NA
2ndgrade_kloten_2x3-12	4	Picture	fix	152163	0	1	27999	1	0	next	other	0
2ndgrade_kloten_2x3-12	4	Pulse	199	160000	7837	NA
2ndgrade_kloten_2x3-12	4	Pulse	199	170000	17837	NA
2ndgrade_kloten_2x3-12	5	Pulse	199	180000	225	NA
2ndgrade_kloten_2x3-12	6	Picture	stim	180162	0	1	20166	1	0	20000	hit	28
2ndgrade_kloten_2x3-12	6	Pulse	199	190000	9838	NA
2ndgrade_kloten_2x3-12	6	Response	16	192279	12116	0
2ndgrade_kloten_2x3-12	6	Pulse	199	200000	19838	NA
2ndgrade_kloten_2x3-12	7	Picture	fix2	200329	0	1	16000	1	0	next	other	0
2ndgrade_kloten_2x3-12	7	Pulse	199	210000	9671	NA
2ndgrade_kloten_2x3-12	8	Picture	feedback	216328	0	1	20166	1	0	next	other	0
2ndgrade_kloten_2x3-12	8	Pulse	199	220000	3672	NA
2ndgrade_kloten_2x3-12	8	Pulse	199	230000	13672	NA
2ndgrade_kloten_2x3-12	9	Picture	fix	236495	0	1	32333	1	0	next	other	0
2ndgrade_kloten_2x3-12	9	Pulse	199	240000	3505	NA
2ndgrade_kloten_2x3-12	9	Pulse	199	250000	13505	NA
2ndgrade_kloten_2x3-12	9	Pulse	199	260000	23505	NA
2ndgrade_kloten_2x3-12	11	Picture	stim	268827	0	1	20166	1	0	20000	incorrect	42
2ndgrade_kloten_2x3-12	11	Pulse	199	270000	1173	NA
2ndgrade_kloten_2x3-12	11	Pulse	199	280000	11173	NA
2ndgrade_kloten_2x3-12	11	Response	32	286488	17661	0
2ndgrade_kloten_2x3-12	12	Picture	fix2	288993	0	1	17500	1	0	next	other	0
2ndgrade_kloten_2x3-12	12	Pulse	199	290000	1007	NA
2ndgrade_kloten_2x3-12	12	Pulse	199	300000	11007	NA
2ndgrade_kloten_2x3-12	13	Picture	feedback	306493	0	1	20166	1	0	next	other	0
2ndgrade_kloten_2x3-12	13	Pulse	199	310000	3507	NA
2ndgrade_kloten_2x3-12	13	Pulse	199	320000	13507	NA
2ndgrade_kloten_2x3-12	14	Picture	fix	326659	0	1	27333	1	0	next	other	0
2ndgrade_kloten_2x3-12	14	Pulse	199	330000	3341	NA
2ndgrade_kloten_2x3-12	14	Pulse	199	340000	13341	NA
2ndgrade_kloten_2x3-12	14	Pulse	199	350000	23341	NA
2ndgrade_kloten_2x3-12	16	Picture	stim	353992	0	1	20166	1	0	20000	miss	0
2ndgrade_kloten_2x3-12	16	Pulse	199	360000	6008	NA
2ndgrade_kloten_2x3-12	16	Pulse	199	370000	16008	NA
2ndgrade_kloten_2x3-12	17	Picture	fix2	374158	0	1	18833	1	0	next	other	0
2ndgrade_kloten_2x3-12	17	Response	16	377869	3711	0
2ndgrade_kloten_2x3-12	17	Pulse	199	380000	5842	NA
2ndgrade_kloten_2x3-12	17	Pulse	199	390000	15842	NA
2ndgrade_kloten_2x3-12	18	Picture	feedback	392991	0	1	20166	1	0	next	other	0
2ndgrade_kloten_2x3-12	18	Pulse	199	400000	7009	NA
2ndgrade_kloten_2x3-12	18	Response	32	403923	10932	0
2ndgrade_kloten_2x3-12	18	Pulse	199	410000	17009	NA
2ndgrade_kloten_2x3-12	19	Picture	fix	413157	0	1	31833	1	0	next	other	0
2ndgrade_kloten_2x3-12	19	Pulse	199	420000	6843	NA
2ndgrade_kloten_2x3-12	19	Pulse	199	430000	16843	NA
2ndgrade_kloten_2x3-12	19	Pulse	199	440000	26843	NA
2ndgrade_kloten_2x3-12	21	Picture	stim	444990	0	1	20166	1	0	20000	incorrect	70
2ndgrade_kloten_2x3-12	21	Pulse	199	450000	5010	NA
2ndgrade_kloten_2x3-12	21	Response	32	453697	8707	0
2ndgrade_kloten_2x3-12	21	Pulse	199	460000	15010	NA
2ndgrade_kloten_2x3-12	22	Picture	fix2	465156	0	1	25666	1	0	next	other	0
2ndgrade_kloten_2x3-12	22	Pulse	199	470000	4844	NA
2ndgrade_kloten_2x3-12	22	Pulse	199	480000	14844	NA
2ndgrade_kloten_2x3-12	22	Pulse	199	490000	24844	NA
2ndgrade_kloten_2x3-12	23	Picture	feedback	490822	0	1	20166	1	0	next	other	0
2ndgrade_kloten_2x3-12	23	Pulse	199	500000	9178	NA
2ndgrade_kloten_2x3-12	23	Pulse	199	510000	19178	NA
2ndgrade_kloten_2x3-12	24	Picture	fix	510988	0	1	35832	1	0	next	other	0
2ndgrade_kloten_2x3-12	24	Pulse	199	520000	9012	NA
2ndgrade_kloten_2x3-12	24	Pulse	199	530000	19012	NA
2ndgrade_kloten_2x3-12	24	Pulse	199	540000	29012	NA
2ndgrade_kloten_2x3-12	26	Picture	stim	546821	0	1	20166	1	0	20000	hit	85
2ndgrade_kloten_2x3-12	26	Pulse	199	550000	3179	NA
2ndgrade_kloten_2x3-12	26	Response	16	559200	12379	0
2ndgrade_kloten_2x3-12	26	Pulse	199	560000	13179	NA
2ndgrade_kloten_2x3-12	27	Picture	fix2	566987	0	1	18833	1	0	next	other	0
2ndgrade_kloten_2x3-12	27	Pulse	199	570000	3013	NA
2ndgrade_kloten_2x3-12	27	Pulse	199	580000	13013	NA
2ndgrade_kloten_2x3-12	28	Picture	feedback	585820	0	1	20166	1	0	next	other	0
2ndgrade_kloten_2x3-12	28	Pulse	199	590000	4180	NA
2ndgrade_kloten_2x3-12	28	Pulse	199	600000	14180	NA
2ndgrade_kloten_2x3-12	29	Picture	fix	605986	0	1	21166	1	0	next	other	0
2ndgrade_kloten_2x3-12	29	Pulse	199	610000	4014	NA
2ndgrade_kloten_2x3-12	29	Pulse	199	620000	14014	NA
2ndgrade_kloten_2x3-12	31	Picture	stim	627152	0	1	20166	1	0	20000	hit	98
2ndgrade_kloten_2x3-12	31	Pulse	199	630000	2848	NA
2ndgrade_kloten_2x3-12	31	Response	16	638468	11316	0
2ndgrade_kloten_2x3-12	31	Pulse	199	640000	12848	NA
2ndgrade_kloten_2x3-12	32	Picture	fix2	647318	0	1	15166	1	0	next	other	0
2ndgrade_kloten_2x3-12	32	Pulse	199	650000	2682	NA
2ndgrade_kloten_2x3-12	32	Pulse	199	660000	12682	NA
2ndgrade_kloten_2x3-12	33	Picture	feedback	662485	0	1	20166	1	0	next	other	0
2ndgrade_kloten_2x3-12	33	Pulse	199	670000	7515	NA
2ndgrade_kloten_2x3-12	33	Pulse	199	680000	17515	NA
2ndgrade_kloten_2x3-12	34	Picture	fix	682651	0	1	33499	1	0	next	other	0
2ndgrade_kloten_2x3-12	34	Pulse	199	690000	7349	NA
2ndgrade_kloten_2x3-12	34	Pulse	199	700000	17349	NA
2ndgrade_kloten_2x3-12	34	Pulse	199	710000	27349	NA
2ndgrade_kloten_2x3-12	36	Picture	stim	716150	0	1	20166	1	0	20000	hit	112
2ndgrade_kloten_2x3-12	36	Pulse	199	720000	3850	NA
2ndgrade_kloten_2x3-12	36	Response	16	726099	9949	0
2ndgrade_kloten_2x3-12	36	Pulse	199	730000	13850	NA
2ndgrade_kloten_2x3-12	37	Picture	fix2	736483	0	1	13666	1	0	next	other	0
2ndgrade_kloten_2x3-12	37	Pulse	199	740000	3517	NA
2ndgrade_kloten_2x3-12	37	Pulse	199	750000	13517	NA
2ndgrade_kloten_2x3-12	38	Picture	feedback	750149	0	1	20166	1	0	next	other	0
2ndgrade_kloten_2x3-12	38	Pulse	199	760000	9851	NA
2ndgrade_kloten_2x3-12	38	Pulse	199	770000	19851	NA
2ndgrade_kloten_2x3-12	39	Picture	fix	770315	0	1	28833	1	0	next	other	0
2ndgrade_kloten_2x3-12	39	Pulse	199	780000	9685	NA
2ndgrade_kloten_2x3-12	39	Pulse	199	790000	19685	NA
2ndgrade_kloten_2x3-12	41	Picture	stim	799148	0	1	20166	1	0	20000	hit	126
2ndgrade_kloten_2x3-12	41	Pulse	199	800000	852	NA
2ndgrade_kloten_2x3-12	41	Pulse	199	810000	10852	NA
2ndgrade_kloten_2x3-12	41	Response	16	811028	11880	0
2ndgrade_kloten_2x3-12	42	Picture	fix2	819481	0	1	11333	1	0	next	other	0
2ndgrade_kloten_2x3-12	42	Pulse	199	820000	519	NA
2ndgrade_kloten_2x3-12	42	Pulse	199	830000	10519	NA
2ndgrade_kloten_2x3-12	43	Picture	feedback	830814	0	1	20166	1	0	next	other	0
2ndgrade_kloten_2x3-12	43	Pulse	199	840000	9186	NA
2ndgrade_kloten_2x3-12	43	Pulse	199	850000	19186	NA
2ndgrade_kloten_2x3-12	44	Picture	fix	850980	0	1	26999	1	0	next	other	0
2ndgrade_kloten_2x3-12	44	Pulse	199	860000	9020	NA
2ndgrade_kloten_2x3-12	44	Pulse	199	870000	19020	NA
2ndgrade_kloten_2x3-12	46	Picture	stim	877979	0	1	20166	1	0	20000	incorrect	139
2ndgrade_kloten_2x3-12	46	Pulse	199	880000	2021	NA
2ndgrade_kloten_2x3-12	46	Pulse	199	890000	12021	NA
2ndgrade_kloten_2x3-12	46	Response	32	890667	12687	0
2ndgrade_kloten_2x3-12	47	Picture	fix2	898146	0	1	16000	1	0	next	other	0
2ndgrade_kloten_2x3-12	47	Pulse	199	900000	1854	NA
2ndgrade_kloten_2x3-12	47	Pulse	199	910000	11854	NA
2ndgrade_kloten_2x3-12	48	Picture	feedback	914145	0	1	20166	1	0	next	other	0
2ndgrade_kloten_2x3-12	48	Pulse	199	920000	5855	NA
2ndgrade_kloten_2x3-12	48	Pulse	199	930000	15855	NA
2ndgrade_kloten_2x3-12	49	Picture	fix	934312	0	1	28833	1	0	next	other	0
2ndgrade_kloten_2x3-12	49	Pulse	199	940000	5689	NA
2ndgrade_kloten_2x3-12	49	Pulse	199	950000	15689	NA
2ndgrade_kloten_2x3-12	49	Pulse	199	960000	25689	NA
2ndgrade_kloten_2x3-12	51	Picture	stim	963144	0	1	20166	1	0	20000	hit	152
2ndgrade_kloten_2x3-12	51	Pulse	199	970000	6856	NA
2ndgrade_kloten_2x3-12	51	Response	16	976470	13326	0
2ndgrade_kloten_2x3-12	51	Pulse	199	980000	16856	NA
2ndgrade_kloten_2x3-12	52	Picture	fix2	983310	0	1	23666	1	0	next	other	0
2ndgrade_kloten_2x3-12	52	Pulse	199	990000	6690	NA
2ndgrade_kloten_2x3-12	52	Pulse	199	1000000	16690	NA
2ndgrade_kloten_2x3-12	53	Picture	feedback	1006976	0	1	20166	1	0	next	other	0
2ndgrade_kloten_2x3-12	53	Pulse	199	1010000	3024	NA
2ndgrade_kloten_2x3-12	53	Pulse	199	1020000	13024	NA
2ndgrade_kloten_2x3-12	54	Picture	fix	1027143	0	1	30499	1	0	next	other	0
2ndgrade_kloten_2x3-12	54	Pulse	199	1030000	2857	NA
2ndgrade_kloten_2x3-12	54	Pulse	199	1040000	12857	NA
2ndgrade_kloten_2x3-12	54	Pulse	199	1050000	22857	NA
2ndgrade_kloten_2x3-12	56	Picture	stim	1057642	0	1	20166	1	0	20000	incorrect	166
2ndgrade_kloten_2x3-12	56	Pulse	199	1060000	2358	NA
2ndgrade_kloten_2x3-12	56	Response	32	1068787	11145	0
2ndgrade_kloten_2x3-12	56	Pulse	199	1070000	12358	NA
2ndgrade_kloten_2x3-12	57	Picture	fix2	1077808	0	1	20333	1	0	next	other	0
2ndgrade_kloten_2x3-12	57	Pulse	199	1080000	2192	NA
2ndgrade_kloten_2x3-12	57	Pulse	199	1090000	12192	NA
2ndgrade_kloten_2x3-12	58	Picture	feedback	1098141	0	1	20166	1	0	next	other	0
2ndgrade_kloten_2x3-12	58	Pulse	199	1100000	1859	NA
2ndgrade_kloten_2x3-12	58	Pulse	199	1110000	11859	NA
2ndgrade_kloten_2x3-12	59	Picture	fix	1118307	0	1	24166	1	0	next	other	0
2ndgrade_kloten_2x3-12	59	Pulse	199	1120000	1693	NA
2ndgrade_kloten_2x3-12	59	Pulse	199	1130000	11693	NA
2ndgrade_kloten_2x3-12	59	Pulse	199	1140000	21693	NA
2ndgrade_kloten_2x3-12	61	Picture	stim	1142473	0	1	20166	1	0	20000	hit	180
2ndgrade_kloten_2x3-12	61	Pulse	199	1150000	7527	NA
2ndgrade_kloten_2x3-12	61	Response	16	1155758	13285	0
2ndgrade_kloten_2x3-12	61	Pulse	199	1160000	17527	NA
2ndgrade_kloten_2x3-12	62	Picture	fix2	1162639	0	1	20333	1	0	next	other	0
2ndgrade_kloten_2x3-12	62	Pulse	199	1170000	7361	NA
2ndgrade_kloten_2x3-12	62	Pulse	199	1180000	17361	NA
2ndgrade_kloten_2x3-12	63	Picture	feedback	1182972	0	1	20166	1	0	next	other	0
2ndgrade_kloten_2x3-12	63	Pulse	199	1190000	7028	NA
2ndgrade_kloten_2x3-12	63	Pulse	199	1200000	17028	NA
2ndgrade_kloten_2x3-12	64	Picture	fix	1203139	0	1	31833	1	0	next	other	0
2ndgrade_kloten_2x3-12	64	Pulse	199	1210000	6861	NA
2ndgrade_kloten_2x3-12	64	Pulse	199	1220000	16861	NA
2ndgrade_kloten_2x3-12	64	Pulse	199	1230000	26861	NA
2ndgrade_kloten_2x3-12	66	Picture	stim	1234971	0	1	20166	1	0	20000	hit	195
2ndgrade_kloten_2x3-12	66	Pulse	199	1240000	5029	NA
2ndgrade_kloten_2x3-12	66	Pulse	199	1250000	15029	NA
2ndgrade_kloten_2x3-12	66	Response	16	1250119	15148	0
2ndgrade_kloten_2x3-12	67	Picture	fix2	1255137	0	1	18666	1	0	next	other	0
2ndgrade_kloten_2x3-12	67	Pulse	199	1260000	4863	NA
2ndgrade_kloten_2x3-12	67	Pulse	199	1270000	14863	NA
2ndgrade_kloten_2x3-12	68	Picture	feedback	1273804	0	1	20166	1	0	next	other	0
2ndgrade_kloten_2x3-12	68	Pulse	199	1280000	6196	NA
2ndgrade_kloten_2x3-12	68	Pulse	199	1290000	16196	NA
2ndgrade_kloten_2x3-12	69	Picture	fix	1293970	0	1	29999	1	0	next	other	0
2ndgrade_kloten_2x3-12	69	Pulse	199	1300000	6030	NA
2ndgrade_kloten_2x3-12	69	Pulse	199	1310000	16030	NA
2ndgrade_kloten_2x3-12	69	Pulse	199	1320000	26030	NA
2ndgrade_kloten_2x3-12	71	Picture	stim	1323969	0	1	20166	1	0	20000	miss	0
2ndgrade_kloten_2x3-12	71	Pulse	199	1330000	6031	NA
2ndgrade_kloten_2x3-12	71	Pulse	199	1340000	16031	NA
2ndgrade_kloten_2x3-12	72	Picture	fix2	1344135	0	1	14333	1	0	next	other	0
2ndgrade_kloten_2x3-12	72	Response	32	1345042	907	0
2ndgrade_kloten_2x3-12	72	Pulse	199	1350000	5865	NA
2ndgrade_kloten_2x3-12	73	Picture	feedback	1358468	0	1	20166	1	0	next	other	0
2ndgrade_kloten_2x3-12	73	Pulse	199	1360000	1532	NA
2ndgrade_kloten_2x3-12	73	Pulse	199	1370000	11532	NA
2ndgrade_kloten_2x3-12	74	Picture	fix	1378634	0	1	37999	1	0	next	other	0
2ndgrade_kloten_2x3-12	74	Pulse	199	1380000	1366	NA
2ndgrade_kloten_2x3-12	74	Pulse	199	1390000	11366	NA
2ndgrade_kloten_2x3-12	74	Pulse	199	1400000	21366	NA
2ndgrade_kloten_2x3-12	74	Pulse	199	1410000	31366	NA
2ndgrade_kloten_2x3-12	76	Picture	stim	1416634	0	1	20166	1	0	20000	incorrect	222
2ndgrade_kloten_2x3-12	76	Pulse	199	1420000	3366	NA
2ndgrade_kloten_2x3-12	76	Response	32	1427979	11346	0
2ndgrade_kloten_2x3-12	76	Pulse	199	1430000	13366	NA
2ndgrade_kloten_2x3-12	77	Picture	fix2	1436800	0	1	13500	1	0	next	other	0
2ndgrade_kloten_2x3-12	77	Pulse	199	1440000	3200	NA
2ndgrade_kloten_2x3-12	77	Pulse	199	1450000	13200	NA
2ndgrade_kloten_2x3-12	78	Picture	feedback	1450299	0	1	20166	1	0	next	other	0
2ndgrade_kloten_2x3-12	78	Pulse	199	1460000	9701	NA
2ndgrade_kloten_2x3-12	78	Pulse	199	1470000	19701	NA
2ndgrade_kloten_2x3-12	79	Picture	fix	1470466	0	1	30999	1	0	next	other	0
2ndgrade_kloten_2x3-12	79	Pulse	199	1480000	9534	NA
2ndgrade_kloten_2x3-12	79	Pulse	199	1490000	19534	NA
2ndgrade_kloten_2x3-12	79	Pulse	199	1500000	29534	NA
2ndgrade_kloten_2x3-12	81	Picture	stim	1501465	0	1	20166	1	0	20000	hit	236
2ndgrade_kloten_2x3-12	81	Pulse	199	1510000	8535	NA
2ndgrade_kloten_2x3-12	81	Response	16	1510710	9245	0
2ndgrade_kloten_2x3-12	81	Pulse	199	1520000	18535	NA
2ndgrade_kloten_2x3-12	82	Picture	fix2	1521631	0	1	21833	1	0	next	other	0
2ndgrade_kloten_2x3-12	82	Pulse	199	1530000	8369	NA
2ndgrade_kloten_2x3-12	82	Pulse	199	1540000	18369	NA
2ndgrade_kloten_2x3-12	83	Picture	feedback	1543464	0	1	20166	1	0	next	other	0
2ndgrade_kloten_2x3-12	83	Pulse	199	1550000	6536	NA
2ndgrade_kloten_2x3-12	83	Pulse	199	1560000	16536	NA
2ndgrade_kloten_2x3-12	84	Picture	fix	1563630	0	1	33833	1	0	next	other	0
2ndgrade_kloten_2x3-12	84	Pulse	199	1570000	6370	NA
2ndgrade_kloten_2x3-12	84	Pulse	199	1580000	16370	NA
2ndgrade_kloten_2x3-12	84	Pulse	199	1590000	26370	NA
2ndgrade_kloten_2x3-12	86	Picture	stim	1597463	0	1	20166	1	0	20000	incorrect	250
2ndgrade_kloten_2x3-12	86	Pulse	199	1600000	2537	NA
2ndgrade_kloten_2x3-12	86	Response	32	1605787	8324	0
2ndgrade_kloten_2x3-12	86	Pulse	199	1610000	12537	NA
2ndgrade_kloten_2x3-12	87	Picture	fix2	1617629	0	1	12333	1	0	next	other	0
2ndgrade_kloten_2x3-12	87	Pulse	199	1620000	2371	NA
2ndgrade_kloten_2x3-12	88	Picture	feedback	1629962	0	1	20166	1	0	next	other	0
2ndgrade_kloten_2x3-12	88	Pulse	199	1630000	38	NA
2ndgrade_kloten_2x3-12	88	Pulse	199	1640000	10038	NA
2ndgrade_kloten_2x3-12	88	Pulse	199	1650000	20038	NA
2ndgrade_kloten_2x3-12	89	Picture	fix	1650128	0	1	26166	1	0	next	other	0
2ndgrade_kloten_2x3-12	89	Pulse	199	1660000	9872	NA
2ndgrade_kloten_2x3-12	89	Pulse	199	1670000	19872	NA
2ndgrade_kloten_2x3-12	91	Picture	stim	1676294	0	1	20166	1	0	20000	incorrect	263
2ndgrade_kloten_2x3-12	91	Pulse	199	1680000	3706	NA
2ndgrade_kloten_2x3-12	91	Response	32	1688002	11708	0
2ndgrade_kloten_2x3-12	91	Pulse	199	1690000	13706	NA
2ndgrade_kloten_2x3-12	92	Picture	fix2	1696460	0	1	22666	1	0	next	other	0
2ndgrade_kloten_2x3-12	92	Pulse	199	1700000	3540	NA
2ndgrade_kloten_2x3-12	92	Pulse	199	1710000	13540	NA
2ndgrade_kloten_2x3-12	93	Picture	feedback	1719126	0	1	20166	1	0	next	other	0
2ndgrade_kloten_2x3-12	93	Pulse	199	1720000	874	NA
2ndgrade_kloten_2x3-12	93	Pulse	199	1730000	10874	NA
2ndgrade_kloten_2x3-12	94	Picture	fix	1739293	0	1	40999	1	0	next	other	0
2ndgrade_kloten_2x3-12	94	Pulse	199	1740000	707	NA
2ndgrade_kloten_2x3-12	94	Pulse	199	1750000	10707	NA
2ndgrade_kloten_2x3-12	94	Pulse	199	1760000	20707	NA
2ndgrade_kloten_2x3-12	94	Pulse	199	1770000	30707	NA
2ndgrade_kloten_2x3-12	94	Pulse	199	1780000	40707	NA
2ndgrade_kloten_2x3-12	96	Picture	stim	1780292	0	1	20166	1	0	20000	hit	279
2ndgrade_kloten_2x3-12	96	Pulse	199	1790000	9708	NA
2ndgrade_kloten_2x3-12	96	Response	16	1797070	16778	0
2ndgrade_kloten_2x3-12	96	Pulse	199	1800000	19708	NA
2ndgrade_kloten_2x3-12	97	Picture	fix2	1800458	0	1	18666	1	0	next	other	0
2ndgrade_kloten_2x3-12	97	Pulse	199	1810000	9542	NA
2ndgrade_kloten_2x3-12	98	Picture	feedback	1819124	0	1	20166	1	0	next	other	0
2ndgrade_kloten_2x3-12	98	Pulse	199	1820000	876	NA
2ndgrade_kloten_2x3-12	98	Pulse	199	1830000	10876	NA
2ndgrade_kloten_2x3-12	99	Picture	fix	1839290	0	1	34499	1	0	next	other	0
2ndgrade_kloten_2x3-12	99	Pulse	199	1840000	710	NA
2ndgrade_kloten_2x3-12	99	Pulse	199	1850000	10710	NA
2ndgrade_kloten_2x3-12	99	Pulse	199	1860000	20710	NA
2ndgrade_kloten_2x3-12	99	Pulse	199	1870000	30710	NA
2ndgrade_kloten_2x3-12	101	Picture	stim	1873789	0	1	20166	1	0	20000	incorrect	293
2ndgrade_kloten_2x3-12	101	Pulse	199	1880000	6211	NA
2ndgrade_kloten_2x3-12	101	Response	32	1885960	12170	0
2ndgrade_kloten_2x3-12	101	Pulse	199	1890000	16211	NA
2ndgrade_kloten_2x3-12	102	Picture	fix2	1893956	0	1	25833	1	0	next	other	0
2ndgrade_kloten_2x3-12	102	Pulse	199	1900000	6044	NA
2ndgrade_kloten_2x3-12	102	Pulse	199	1910000	16044	NA
2ndgrade_kloten_2x3-12	103	Picture	feedback	1919788	0	1	20166	1	0	next	other	0
2ndgrade_kloten_2x3-12	103	Pulse	199	1920000	212	NA
2ndgrade_kloten_2x3-12	103	Pulse	199	1930000	10212	NA
2ndgrade_kloten_2x3-12	104	Picture	fix	1939955	0	1	22999	1	0	next	other	0
2ndgrade_kloten_2x3-12	104	Pulse	199	1940000	45	NA
2ndgrade_kloten_2x3-12	104	Pulse	199	1950000	10045	NA
2ndgrade_kloten_2x3-12	104	Pulse	199	1960000	20045	NA
2ndgrade_kloten_2x3-12	106	Picture	stim	1962954	0	1	20166	1	0	20000	hit	307
2ndgrade_kloten_2x3-12	106	Pulse	199	1970000	7046	NA
2ndgrade_kloten_2x3-12	106	Response	16	1975353	12399	0
2ndgrade_kloten_2x3-12	106	Pulse	199	1980000	17046	NA
2ndgrade_kloten_2x3-12	107	Picture	fix2	1983287	0	1	10166	1	0	next	other	0
2ndgrade_kloten_2x3-12	107	Pulse	199	1990000	6713	NA
2ndgrade_kloten_2x3-12	108	Picture	feedback	1993453	0	1	20166	1	0	next	other	0
2ndgrade_kloten_2x3-12	108	Pulse	199	2000000	6547	NA
2ndgrade_kloten_2x3-12	108	Pulse	199	2010000	16547	NA
2ndgrade_kloten_2x3-12	109	Picture	fix	2013620	0	1	28833	1	0	next	other	0
2ndgrade_kloten_2x3-12	109	Pulse	199	2020000	6380	NA
2ndgrade_kloten_2x3-12	109	Pulse	199	2030000	16380	NA
2ndgrade_kloten_2x3-12	109	Pulse	199	2040000	26380	NA
2ndgrade_kloten_2x3-12	111	Picture	stim	2042452	0	1	20166	1	0	20000	incorrect	320
2ndgrade_kloten_2x3-12	111	Pulse	199	2050000	7548	NA
2ndgrade_kloten_2x3-12	111	Response	32	2057865	15413	0
2ndgrade_kloten_2x3-12	111	Pulse	199	2060000	17548	NA
2ndgrade_kloten_2x3-12	112	Picture	fix2	2062618	0	1	24999	1	0	next	other	0
2ndgrade_kloten_2x3-12	112	Pulse	199	2070000	7382	NA
2ndgrade_kloten_2x3-12	112	Pulse	199	2080000	17382	NA
2ndgrade_kloten_2x3-12	113	Picture	feedback	2087618	0	1	20166	1	0	next	other	0
2ndgrade_kloten_2x3-12	113	Pulse	199	2090000	2382	NA
2ndgrade_kloten_2x3-12	113	Pulse	199	2100000	12382	NA
2ndgrade_kloten_2x3-12	114	Picture	fix	2107784	0	1	23166	1	0	next	other	0
2ndgrade_kloten_2x3-12	114	Pulse	199	2110000	2216	NA
2ndgrade_kloten_2x3-12	114	Pulse	199	2120000	12216	NA
2ndgrade_kloten_2x3-12	114	Pulse	199	2130000	22216	NA
2ndgrade_kloten_2x3-12	116	Picture	stim	2130950	0	1	20166	1	0	20000	hit	334
2ndgrade_kloten_2x3-12	116	Pulse	199	2140000	9050	NA
2ndgrade_kloten_2x3-12	116	Response	16	2144383	13433	0
2ndgrade_kloten_2x3-12	116	Pulse	199	2150000	19050	NA
2ndgrade_kloten_2x3-12	117	Picture	fix2	2151116	0	1	18333	1	0	next	other	0
2ndgrade_kloten_2x3-12	117	Pulse	199	2160000	8884	NA
2ndgrade_kloten_2x3-12	118	Picture	feedback	2169449	0	1	20166	1	0	next	other	0
2ndgrade_kloten_2x3-12	118	Pulse	199	2170000	551	NA
2ndgrade_kloten_2x3-12	118	Pulse	199	2180000	10551	NA
2ndgrade_kloten_2x3-12	119	Picture	fix	2189615	0	1	17666	1	0	next	other	0
2ndgrade_kloten_2x3-12	119	Pulse	199	2190000	385	NA
2ndgrade_kloten_2x3-12	119	Pulse	199	2200000	10385	NA
2ndgrade_kloten_2x3-12	121	Picture	stim	2207282	0	1	20166	1	0	20000	hit	347
2ndgrade_kloten_2x3-12	121	Pulse	199	2210000	2718	NA
2ndgrade_kloten_2x3-12	121	Pulse	199	2220000	12718	NA
2ndgrade_kloten_2x3-12	121	Response	16	2225076	17794	0
2ndgrade_kloten_2x3-12	122	Picture	fix2	2227448	0	1	21500	1	0	next	other	0
2ndgrade_kloten_2x3-12	122	Pulse	199	2230000	2552	NA
2ndgrade_kloten_2x3-12	122	Pulse	199	2240000	12552	NA
2ndgrade_kloten_2x3-12	123	Picture	feedback	2248947	0	1	20166	1	0	next	other	0
2ndgrade_kloten_2x3-12	123	Pulse	199	2250000	1053	NA
2ndgrade_kloten_2x3-12	123	Pulse	199	2260000	11053	NA
2ndgrade_kloten_2x3-12	124	Picture	100	2269114	0	1	80165	1	0	80000	other	0
2ndgrade_kloten_2x3-12	124	Pulse	199	2270000	886	NA
2ndgrade_kloten_2x3-12	124	Pulse	199	2280000	10886	NA
2ndgrade_kloten_2x3-12	124	Pulse	199	2290000	20886	NA
2ndgrade_kloten_2x3-12	124	Pulse	199	2300000	30886	NA
2ndgrade_kloten_2x3-12	124	Pulse	199	2310000	40886	NA
2ndgrade_kloten_2x3-12	124	Pulse	199	2320000	50886	NA
2ndgrade_kloten_2x3-12	124	Pulse	199	2330000	60886	NA
2ndgrade_kloten_2x3-12	124	Pulse	199	2340000	70886	NA
