Scenario - FeedLearn_MRI_5x8_fullRand.sce
Logfile written - 06/11/2019 10:36:41

Subject	Trial	Event Type	Code	Time	TTime	Uncertainty	Duration	Uncertainty	ReqTime	ReqDur	Stim Type	Pair Index

2ndgr_kloten_2x3-14	0	Pulse	199	0	0	NA
2ndgr_kloten_2x3-14	0	Pulse	199	10000	10000	NA
2ndgr_kloten_2x3-14	1	Picture	intro	10166	0	1	56332	1	0	next	other	0
2ndgr_kloten_2x3-14	1	Pulse	199	20000	9834	NA
2ndgr_kloten_2x3-14	1	Pulse	199	30000	19834	NA
2ndgr_kloten_2x3-14	1	Pulse	199	40000	29834	NA
2ndgr_kloten_2x3-14	1	Pulse	199	50000	39834	NA
2ndgr_kloten_2x3-14	1	Pulse	199	60000	49834	NA
2ndgr_kloten_2x3-14	1	Response	16	66384	56217	0
2ndgr_kloten_2x3-14	2	Picture	start	66498	0	1	50165	1	0	next	other	0
2ndgr_kloten_2x3-14	2	Pulse	199	70000	3502	NA
2ndgr_kloten_2x3-14	2	Pulse	199	80000	13502	NA
2ndgr_kloten_2x3-14	2	Pulse	199	90000	23502	NA
2ndgr_kloten_2x3-14	2	Pulse	199	100000	33502	NA
2ndgr_kloten_2x3-14	2	Pulse	199	110000	43502	NA
2ndgr_kloten_2x3-14	3	Pulse	199	120000	3497	NA
2ndgr_kloten_2x3-14	3	Pulse	199	130000	13497	NA
2ndgr_kloten_2x3-14	3	Pulse	199	140000	23497	NA
2ndgr_kloten_2x3-14	3	Pulse	199	150000	33497	NA
2ndgr_kloten_2x3-14	3	Pulse	199	160000	43497	NA
2ndgr_kloten_2x3-14	4	Picture	fix	166996	0	1	30333	1	0	next	other	0
2ndgr_kloten_2x3-14	4	Pulse	199	170000	3004	NA
2ndgr_kloten_2x3-14	4	Pulse	199	180000	13004	NA
2ndgr_kloten_2x3-14	4	Pulse	199	190000	23004	NA
2ndgr_kloten_2x3-14	6	Picture	stim	197329	0	1	20166	1	0	20000	miss	0
2ndgr_kloten_2x3-14	6	Pulse	199	200000	2671	NA
2ndgr_kloten_2x3-14	6	Pulse	199	210000	12671	NA
2ndgr_kloten_2x3-14	7	Picture	fix2	217495	0	1	18666	1	0	next	other	0
2ndgr_kloten_2x3-14	7	Response	16	219330	1835	0
2ndgr_kloten_2x3-14	7	Pulse	199	220000	2505	NA
2ndgr_kloten_2x3-14	7	Pulse	199	230000	12505	NA
2ndgr_kloten_2x3-14	8	Picture	feedback	236161	0	1	20166	1	0	next	other	0
2ndgr_kloten_2x3-14	8	Pulse	199	240000	3839	NA
2ndgr_kloten_2x3-14	8	Pulse	199	250000	13839	NA
2ndgr_kloten_2x3-14	9	Picture	fix	256327	0	1	27333	1	0	next	other	0
2ndgr_kloten_2x3-14	9	Response	16	256502	175	0
2ndgr_kloten_2x3-14	9	Pulse	199	260000	3673	NA
2ndgr_kloten_2x3-14	9	Pulse	199	270000	13673	NA
2ndgr_kloten_2x3-14	9	Pulse	199	280000	23673	NA
2ndgr_kloten_2x3-14	11	Picture	stim	283660	0	1	20166	1	0	20000	hit	42
2ndgr_kloten_2x3-14	11	Pulse	199	290000	6340	NA
2ndgr_kloten_2x3-14	11	Response	16	294751	11091	0
2ndgr_kloten_2x3-14	11	Pulse	199	300000	16340	NA
2ndgr_kloten_2x3-14	12	Picture	fix2	303826	0	1	10167	1	0	next	other	0
2ndgr_kloten_2x3-14	12	Pulse	199	310000	6174	NA
2ndgr_kloten_2x3-14	13	Picture	feedback	313993	0	1	20166	1	0	next	other	0
2ndgr_kloten_2x3-14	13	Pulse	199	320000	6007	NA
2ndgr_kloten_2x3-14	13	Pulse	199	330000	16007	NA
2ndgr_kloten_2x3-14	14	Picture	fix	334159	0	1	26999	1	0	next	other	0
2ndgr_kloten_2x3-14	14	Pulse	199	340000	5841	NA
2ndgr_kloten_2x3-14	14	Pulse	199	350000	15841	NA
2ndgr_kloten_2x3-14	14	Pulse	199	360000	25841	NA
2ndgr_kloten_2x3-14	16	Picture	stim	361158	0	1	20166	1	0	20000	incorrect	55
2ndgr_kloten_2x3-14	16	Pulse	199	370000	8842	NA
2ndgr_kloten_2x3-14	16	Response	32	374637	13478	0
2ndgr_kloten_2x3-14	16	Pulse	199	380000	18842	NA
2ndgr_kloten_2x3-14	17	Picture	fix2	381324	0	1	20333	1	0	next	other	0
2ndgr_kloten_2x3-14	17	Pulse	199	390000	8676	NA
2ndgr_kloten_2x3-14	17	Pulse	199	400000	18676	NA
2ndgr_kloten_2x3-14	18	Picture	feedback	401657	0	1	20166	1	0	next	other	0
2ndgr_kloten_2x3-14	18	Pulse	199	410000	8343	NA
2ndgr_kloten_2x3-14	18	Pulse	199	420000	18343	NA
2ndgr_kloten_2x3-14	19	Picture	fix	421823	0	1	31833	1	0	next	other	0
2ndgr_kloten_2x3-14	19	Pulse	199	430000	8177	NA
2ndgr_kloten_2x3-14	19	Pulse	199	440000	18177	NA
2ndgr_kloten_2x3-14	19	Pulse	199	450000	28177	NA
2ndgr_kloten_2x3-14	21	Picture	stim	453656	0	1	20166	1	0	20000	incorrect	69
2ndgr_kloten_2x3-14	21	Pulse	199	460000	6344	NA
2ndgr_kloten_2x3-14	21	Response	32	468616	14960	0
2ndgr_kloten_2x3-14	21	Pulse	199	470000	16344	NA
2ndgr_kloten_2x3-14	22	Picture	fix2	473822	0	1	12333	1	0	next	other	0
2ndgr_kloten_2x3-14	22	Pulse	199	480000	6178	NA
2ndgr_kloten_2x3-14	23	Picture	feedback	486155	0	1	20166	1	0	next	other	0
2ndgr_kloten_2x3-14	23	Pulse	199	490000	3845	NA
2ndgr_kloten_2x3-14	23	Pulse	199	500000	13845	NA
2ndgr_kloten_2x3-14	24	Picture	fix	506321	0	1	33499	1	0	next	other	0
2ndgr_kloten_2x3-14	24	Pulse	199	510000	3679	NA
2ndgr_kloten_2x3-14	24	Pulse	199	520000	13679	NA
2ndgr_kloten_2x3-14	24	Pulse	199	530000	23679	NA
2ndgr_kloten_2x3-14	26	Picture	stim	539821	0	1	20166	1	0	20000	hit	83
2ndgr_kloten_2x3-14	26	Pulse	199	540000	179	NA
2ndgr_kloten_2x3-14	26	Pulse	199	550000	10179	NA
2ndgr_kloten_2x3-14	26	Response	16	555017	15196	0
2ndgr_kloten_2x3-14	27	Picture	fix2	559987	0	1	16000	1	0	next	other	0
2ndgr_kloten_2x3-14	27	Pulse	199	560000	13	NA
2ndgr_kloten_2x3-14	27	Pulse	199	570000	10013	NA
2ndgr_kloten_2x3-14	28	Picture	feedback	575986	0	1	20166	1	0	next	other	0
2ndgr_kloten_2x3-14	28	Pulse	199	580000	4014	NA
2ndgr_kloten_2x3-14	28	Pulse	199	590000	14014	NA
2ndgr_kloten_2x3-14	29	Picture	fix	596153	0	1	26166	1	0	next	other	0
2ndgr_kloten_2x3-14	29	Pulse	199	600000	3847	NA
2ndgr_kloten_2x3-14	29	Pulse	199	610000	13847	NA
2ndgr_kloten_2x3-14	29	Pulse	199	620000	23847	NA
2ndgr_kloten_2x3-14	31	Picture	stim	622319	0	1	20166	1	0	20000	incorrect	96
2ndgr_kloten_2x3-14	31	Pulse	199	630000	7681	NA
2ndgr_kloten_2x3-14	31	Response	32	638492	16173	0
2ndgr_kloten_2x3-14	31	Pulse	199	640000	17681	NA
2ndgr_kloten_2x3-14	32	Picture	fix2	642485	0	1	13500	1	0	next	other	0
2ndgr_kloten_2x3-14	32	Pulse	199	650000	7515	NA
2ndgr_kloten_2x3-14	33	Picture	feedback	655985	0	1	20166	1	0	next	other	0
2ndgr_kloten_2x3-14	33	Pulse	199	660000	4015	NA
2ndgr_kloten_2x3-14	33	Pulse	199	670000	14015	NA
2ndgr_kloten_2x3-14	34	Picture	fix	676151	0	1	17666	1	0	next	other	0
2ndgr_kloten_2x3-14	34	Pulse	199	680000	3849	NA
2ndgr_kloten_2x3-14	34	Pulse	199	690000	13849	NA
2ndgr_kloten_2x3-14	36	Picture	stim	693817	0	1	20166	1	0	20000	hit	108
2ndgr_kloten_2x3-14	36	Pulse	199	700000	6183	NA
2ndgr_kloten_2x3-14	36	Response	16	709258	15441	0
2ndgr_kloten_2x3-14	36	Pulse	199	710000	16183	NA
2ndgr_kloten_2x3-14	37	Picture	fix2	714150	0	1	21833	1	0	next	other	0
2ndgr_kloten_2x3-14	37	Pulse	199	720000	5850	NA
2ndgr_kloten_2x3-14	37	Pulse	199	730000	15850	NA
2ndgr_kloten_2x3-14	38	Picture	feedback	735983	0	1	20166	1	0	next	other	0
2ndgr_kloten_2x3-14	38	Pulse	199	740000	4017	NA
2ndgr_kloten_2x3-14	38	Pulse	199	750000	14017	NA
2ndgr_kloten_2x3-14	39	Picture	fix	756149	0	1	21166	1	0	next	other	0
2ndgr_kloten_2x3-14	39	Pulse	199	760000	3851	NA
2ndgr_kloten_2x3-14	39	Pulse	199	770000	13851	NA
2ndgr_kloten_2x3-14	41	Picture	stim	777315	0	1	20166	1	0	20000	hit	121
2ndgr_kloten_2x3-14	41	Pulse	199	780000	2685	NA
2ndgr_kloten_2x3-14	41	Response	16	787238	9923	0
2ndgr_kloten_2x3-14	41	Pulse	199	790000	12685	NA
2ndgr_kloten_2x3-14	42	Picture	fix2	797648	0	1	18833	1	0	next	other	0
2ndgr_kloten_2x3-14	42	Pulse	199	800000	2352	NA
2ndgr_kloten_2x3-14	42	Pulse	199	810000	12352	NA
2ndgr_kloten_2x3-14	43	Picture	feedback	816481	0	1	20166	1	0	next	other	0
2ndgr_kloten_2x3-14	43	Pulse	199	820000	3519	NA
2ndgr_kloten_2x3-14	43	Pulse	199	830000	13519	NA
2ndgr_kloten_2x3-14	44	Picture	fix	836647	0	1	32333	1	0	next	other	0
2ndgr_kloten_2x3-14	44	Pulse	199	840000	3353	NA
2ndgr_kloten_2x3-14	44	Pulse	199	850000	13353	NA
2ndgr_kloten_2x3-14	44	Pulse	199	860000	23353	NA
2ndgr_kloten_2x3-14	46	Picture	stim	868980	0	1	20166	1	0	20000	incorrect	136
2ndgr_kloten_2x3-14	46	Pulse	199	870000	1020	NA
2ndgr_kloten_2x3-14	46	Pulse	199	880000	11020	NA
2ndgr_kloten_2x3-14	46	Response	32	883127	14147	0
2ndgr_kloten_2x3-14	47	Picture	fix2	889146	0	1	18333	1	0	next	other	0
2ndgr_kloten_2x3-14	47	Pulse	199	890000	854	NA
2ndgr_kloten_2x3-14	47	Pulse	199	900000	10854	NA
2ndgr_kloten_2x3-14	48	Picture	feedback	907479	0	1	20166	1	0	next	other	0
2ndgr_kloten_2x3-14	48	Pulse	199	910000	2521	NA
2ndgr_kloten_2x3-14	48	Pulse	199	920000	12521	NA
2ndgr_kloten_2x3-14	49	Picture	fix	927645	0	1	27666	1	0	next	other	0
2ndgr_kloten_2x3-14	49	Pulse	199	930000	2355	NA
2ndgr_kloten_2x3-14	49	Pulse	199	940000	12355	NA
2ndgr_kloten_2x3-14	49	Pulse	199	950000	22355	NA
2ndgr_kloten_2x3-14	51	Picture	stim	955311	0	1	20166	1	0	20000	hit	149
2ndgr_kloten_2x3-14	51	Pulse	199	960000	4689	NA
2ndgr_kloten_2x3-14	51	Response	16	969815	14504	0
2ndgr_kloten_2x3-14	51	Pulse	199	970000	14689	NA
2ndgr_kloten_2x3-14	52	Picture	fix2	975477	0	1	18833	1	0	next	other	0
2ndgr_kloten_2x3-14	52	Pulse	199	980000	4523	NA
2ndgr_kloten_2x3-14	52	Pulse	199	990000	14523	NA
2ndgr_kloten_2x3-14	53	Picture	feedback	994310	0	1	20166	1	0	next	other	0
2ndgr_kloten_2x3-14	53	Pulse	199	1000000	5690	NA
2ndgr_kloten_2x3-14	53	Pulse	199	1010000	15690	NA
2ndgr_kloten_2x3-14	54	Picture	fix	1014476	0	1	34499	1	0	next	other	0
2ndgr_kloten_2x3-14	54	Pulse	199	1020000	5524	NA
2ndgr_kloten_2x3-14	54	Pulse	199	1030000	15524	NA
2ndgr_kloten_2x3-14	54	Pulse	199	1040000	25524	NA
2ndgr_kloten_2x3-14	56	Picture	stim	1048975	0	1	20166	1	0	20000	incorrect	164
2ndgr_kloten_2x3-14	56	Pulse	199	1050000	1025	NA
2ndgr_kloten_2x3-14	56	Pulse	199	1060000	11025	NA
2ndgr_kloten_2x3-14	56	Response	32	1064899	15924	0
2ndgr_kloten_2x3-14	57	Picture	fix2	1069142	0	1	18666	1	0	next	other	0
2ndgr_kloten_2x3-14	57	Pulse	199	1070000	858	NA
2ndgr_kloten_2x3-14	57	Pulse	199	1080000	10858	NA
2ndgr_kloten_2x3-14	58	Picture	feedback	1087808	0	1	20166	1	0	next	other	0
2ndgr_kloten_2x3-14	58	Pulse	199	1090000	2192	NA
2ndgr_kloten_2x3-14	58	Pulse	199	1100000	12192	NA
2ndgr_kloten_2x3-14	59	Picture	fix	1107974	0	1	37999	1	0	next	other	0
2ndgr_kloten_2x3-14	59	Pulse	199	1110000	2026	NA
2ndgr_kloten_2x3-14	59	Pulse	199	1120000	12026	NA
2ndgr_kloten_2x3-14	59	Pulse	199	1130000	22026	NA
2ndgr_kloten_2x3-14	59	Pulse	199	1140000	32026	NA
2ndgr_kloten_2x3-14	61	Picture	stim	1145973	0	1	20166	1	0	20000	hit	179
2ndgr_kloten_2x3-14	61	Pulse	199	1150000	4027	NA
2ndgr_kloten_2x3-14	61	Pulse	199	1160000	14027	NA
2ndgr_kloten_2x3-14	61	Response	16	1161561	15588	0
2ndgr_kloten_2x3-14	62	Picture	fix2	1166139	0	1	22666	1	0	next	other	0
2ndgr_kloten_2x3-14	62	Pulse	199	1170000	3861	NA
2ndgr_kloten_2x3-14	62	Pulse	199	1180000	13861	NA
2ndgr_kloten_2x3-14	63	Picture	feedback	1188805	0	1	20166	1	0	next	other	0
2ndgr_kloten_2x3-14	63	Pulse	199	1190000	1195	NA
2ndgr_kloten_2x3-14	63	Pulse	199	1200000	11195	NA
2ndgr_kloten_2x3-14	64	Picture	fix	1208972	0	1	28833	1	0	next	other	0
2ndgr_kloten_2x3-14	64	Pulse	199	1210000	1028	NA
2ndgr_kloten_2x3-14	64	Pulse	199	1220000	11028	NA
2ndgr_kloten_2x3-14	64	Pulse	199	1230000	21028	NA
2ndgr_kloten_2x3-14	66	Picture	stim	1237804	0	1	20166	1	0	20000	hit	193
2ndgr_kloten_2x3-14	66	Pulse	199	1240000	2196	NA
2ndgr_kloten_2x3-14	66	Pulse	199	1250000	12196	NA
2ndgr_kloten_2x3-14	66	Response	16	1253924	16120	0
2ndgr_kloten_2x3-14	67	Picture	fix2	1257971	0	1	16000	1	0	next	other	0
2ndgr_kloten_2x3-14	67	Pulse	199	1260000	2029	NA
2ndgr_kloten_2x3-14	67	Pulse	199	1270000	12029	NA
2ndgr_kloten_2x3-14	68	Picture	feedback	1273970	0	1	20166	1	0	next	other	0
2ndgr_kloten_2x3-14	68	Pulse	199	1280000	6030	NA
2ndgr_kloten_2x3-14	68	Pulse	199	1290000	16030	NA
2ndgr_kloten_2x3-14	69	Picture	fix	1294136	0	1	30999	1	0	next	other	0
2ndgr_kloten_2x3-14	69	Pulse	199	1300000	5864	NA
2ndgr_kloten_2x3-14	69	Pulse	199	1310000	15864	NA
2ndgr_kloten_2x3-14	69	Pulse	199	1320000	25864	NA
2ndgr_kloten_2x3-14	71	Picture	stim	1325136	0	1	20166	1	0	20000	hit	206
2ndgr_kloten_2x3-14	71	Pulse	199	1330000	4864	NA
2ndgr_kloten_2x3-14	71	Response	16	1338108	12972	0
2ndgr_kloten_2x3-14	71	Pulse	199	1340000	14864	NA
2ndgr_kloten_2x3-14	72	Picture	fix2	1345302	0	1	14423	1	0	next	other	0
2ndgr_kloten_2x3-14	72	Pulse	199	1350000	4698	NA
2ndgr_kloten_2x3-14	72	Pause		1358687	13386	NA	360068
2ndgr_kloten_2x3-14	72	Resume		1358687	13386	NA
2ndgr_kloten_2x3-14	73	Picture	feedback	1359725	0	1	20166	1	0	next	other	0
2ndgr_kloten_2x3-14	73	Pulse	199	1360000	275	NA
2ndgr_kloten_2x3-14	73	Pulse	199	1370000	10275	NA
2ndgr_kloten_2x3-14	74	Picture	fix	1379891	0	1	28833	1	0	next	other	0
2ndgr_kloten_2x3-14	74	Pulse	199	1380000	109	NA
2ndgr_kloten_2x3-14	74	Pulse	199	1390000	10109	NA
2ndgr_kloten_2x3-14	74	Pulse	199	1400000	20109	NA
2ndgr_kloten_2x3-14	76	Picture	stim	1408724	0	1	20166	1	0	20000	incorrect	222
2ndgr_kloten_2x3-14	76	Pulse	199	1410000	1276	NA
2ndgr_kloten_2x3-14	76	Pulse	199	1420000	11276	NA
2ndgr_kloten_2x3-14	76	Response	32	1420403	11679	0
2ndgr_kloten_2x3-14	77	Picture	fix2	1428890	0	1	11333	1	0	next	other	0
2ndgr_kloten_2x3-14	77	Pulse	199	1430000	1110	NA
2ndgr_kloten_2x3-14	77	Pulse	199	1440000	11110	NA
2ndgr_kloten_2x3-14	78	Picture	feedback	1440223	0	1	20166	1	0	next	other	0
2ndgr_kloten_2x3-14	78	Pulse	199	1450000	9777	NA
2ndgr_kloten_2x3-14	78	Pulse	199	1460000	19777	NA
2ndgr_kloten_2x3-14	79	Picture	fix	1460389	0	1	35833	1	0	next	other	0
2ndgr_kloten_2x3-14	79	Pulse	199	1470000	9611	NA
2ndgr_kloten_2x3-14	79	Pulse	199	1480000	19611	NA
2ndgr_kloten_2x3-14	79	Pulse	199	1490000	29611	NA
2ndgr_kloten_2x3-14	81	Picture	stim	1496222	0	1	20166	1	0	20000	incorrect	235
2ndgr_kloten_2x3-14	81	Pulse	199	1500000	3778	NA
2ndgr_kloten_2x3-14	81	Response	32	1509085	12863	0
2ndgr_kloten_2x3-14	81	Pulse	199	1510000	13778	NA
2ndgr_kloten_2x3-14	82	Picture	fix2	1516388	0	1	15166	1	0	next	other	0
2ndgr_kloten_2x3-14	82	Pulse	199	1520000	3612	NA
2ndgr_kloten_2x3-14	82	Pulse	199	1530000	13612	NA
2ndgr_kloten_2x3-14	83	Picture	feedback	1531554	0	1	20166	1	0	next	other	0
2ndgr_kloten_2x3-14	83	Pulse	199	1540000	8446	NA
2ndgr_kloten_2x3-14	83	Pulse	199	1550000	18446	NA
2ndgr_kloten_2x3-14	84	Picture	fix	1551721	0	1	33833	1	0	next	other	0
2ndgr_kloten_2x3-14	84	Pulse	199	1560000	8279	NA
2ndgr_kloten_2x3-14	84	Pulse	199	1570000	18279	NA
2ndgr_kloten_2x3-14	84	Pulse	199	1580000	28279	NA
2ndgr_kloten_2x3-14	86	Picture	stim	1585553	0	1	20166	1	0	20000	incorrect	249
2ndgr_kloten_2x3-14	86	Pulse	199	1590000	4447	NA
2ndgr_kloten_2x3-14	86	Response	32	1596513	10960	0
2ndgr_kloten_2x3-14	86	Pulse	199	1600000	14447	NA
2ndgr_kloten_2x3-14	87	Picture	fix2	1605719	0	1	20333	1	0	next	other	0
2ndgr_kloten_2x3-14	87	Pulse	199	1610000	4281	NA
2ndgr_kloten_2x3-14	87	Pulse	199	1620000	14281	NA
2ndgr_kloten_2x3-14	88	Picture	feedback	1626052	0	1	20166	1	0	next	other	0
2ndgr_kloten_2x3-14	88	Pulse	199	1630000	3948	NA
2ndgr_kloten_2x3-14	88	Pulse	199	1640000	13948	NA
2ndgr_kloten_2x3-14	89	Picture	fix	1646218	0	1	28833	1	0	next	other	0
2ndgr_kloten_2x3-14	89	Pulse	199	1650000	3782	NA
2ndgr_kloten_2x3-14	89	Pulse	199	1660000	13782	NA
2ndgr_kloten_2x3-14	89	Pulse	199	1670000	23782	NA
2ndgr_kloten_2x3-14	91	Picture	stim	1675051	0	1	20166	1	0	20000	incorrect	264
2ndgr_kloten_2x3-14	91	Pulse	199	1680000	4949	NA
2ndgr_kloten_2x3-14	91	Pulse	199	1690000	14949	NA
2ndgr_kloten_2x3-14	91	Response	32	1692128	17077	0
2ndgr_kloten_2x3-14	92	Picture	fix2	1695217	0	1	25666	1	0	next	other	0
2ndgr_kloten_2x3-14	92	Pulse	199	1700000	4783	NA
2ndgr_kloten_2x3-14	92	Pulse	199	1710000	14783	NA
2ndgr_kloten_2x3-14	92	Pulse	199	1720000	24783	NA
2ndgr_kloten_2x3-14	93	Picture	feedback	1720883	0	1	20166	1	0	next	other	0
2ndgr_kloten_2x3-14	93	Pulse	199	1730000	9117	NA
2ndgr_kloten_2x3-14	93	Pulse	199	1740000	19117	NA
2ndgr_kloten_2x3-14	94	Picture	fix	1741049	0	1	24166	1	0	next	other	0
2ndgr_kloten_2x3-14	94	Pulse	199	1750000	8951	NA
2ndgr_kloten_2x3-14	94	Pulse	199	1760000	18951	NA
2ndgr_kloten_2x3-14	96	Picture	stim	1765216	0	1	20166	1	0	20000	hit	278
2ndgr_kloten_2x3-14	96	Pulse	199	1770000	4784	NA
2ndgr_kloten_2x3-14	96	Pulse	199	1780000	14784	NA
2ndgr_kloten_2x3-14	96	Response	16	1783045	17830	0
2ndgr_kloten_2x3-14	97	Picture	fix2	1785382	0	1	13666	1	0	next	other	0
2ndgr_kloten_2x3-14	97	Pulse	199	1790000	4618	NA
2ndgr_kloten_2x3-14	98	Picture	feedback	1799048	0	1	20166	1	0	next	other	0
2ndgr_kloten_2x3-14	98	Pulse	199	1800000	952	NA
2ndgr_kloten_2x3-14	98	Pulse	199	1810000	10952	NA
2ndgr_kloten_2x3-14	99	Picture	fix	1819214	0	1	30499	1	0	next	other	0
2ndgr_kloten_2x3-14	99	Pulse	199	1820000	786	NA
2ndgr_kloten_2x3-14	99	Pulse	199	1830000	10786	NA
2ndgr_kloten_2x3-14	99	Pulse	199	1840000	20786	NA
2ndgr_kloten_2x3-14	101	Picture	stim	1849714	0	1	20166	1	0	20000	incorrect	291
2ndgr_kloten_2x3-14	101	Pulse	199	1850000	286	NA
2ndgr_kloten_2x3-14	101	Pulse	199	1860000	10286	NA
2ndgr_kloten_2x3-14	101	Response	32	1865276	15562	0
2ndgr_kloten_2x3-14	102	Picture	fix2	1869880	0	1	24999	1	0	next	other	0
2ndgr_kloten_2x3-14	102	Pulse	199	1870000	120	NA
2ndgr_kloten_2x3-14	102	Pulse	199	1880000	10120	NA
2ndgr_kloten_2x3-14	102	Pulse	199	1890000	20120	NA
2ndgr_kloten_2x3-14	103	Picture	feedback	1894879	0	1	20166	1	0	next	other	0
2ndgr_kloten_2x3-14	103	Pulse	199	1900000	5121	NA
2ndgr_kloten_2x3-14	103	Pulse	199	1910000	15121	NA
2ndgr_kloten_2x3-14	104	Picture	fix	1915045	0	1	40999	1	0	next	other	0
2ndgr_kloten_2x3-14	104	Pulse	199	1920000	4955	NA
2ndgr_kloten_2x3-14	104	Pulse	199	1930000	14955	NA
2ndgr_kloten_2x3-14	104	Pulse	199	1940000	24955	NA
2ndgr_kloten_2x3-14	104	Pulse	199	1950000	34955	NA
2ndgr_kloten_2x3-14	106	Picture	stim	1956044	0	1	20166	1	0	20000	hit	306
2ndgr_kloten_2x3-14	106	Pulse	199	1960000	3956	NA
2ndgr_kloten_2x3-14	106	Response	16	1969401	13357	0
2ndgr_kloten_2x3-14	106	Pulse	199	1970000	13956	NA
2ndgr_kloten_2x3-14	107	Picture	fix2	1976211	0	1	25833	1	0	next	other	0
2ndgr_kloten_2x3-14	107	Pulse	199	1980000	3789	NA
2ndgr_kloten_2x3-14	107	Pulse	199	1990000	13789	NA
2ndgr_kloten_2x3-14	107	Pulse	199	2000000	23789	NA
2ndgr_kloten_2x3-14	108	Picture	feedback	2002043	0	1	20166	1	0	next	other	0
2ndgr_kloten_2x3-14	108	Pulse	199	2010000	7957	NA
2ndgr_kloten_2x3-14	108	Pulse	199	2020000	17957	NA
2ndgr_kloten_2x3-14	109	Picture	fix	2022210	0	1	23166	1	0	next	other	0
2ndgr_kloten_2x3-14	109	Pulse	199	2030000	7790	NA
2ndgr_kloten_2x3-14	109	Pulse	199	2040000	17790	NA
2ndgr_kloten_2x3-14	111	Picture	stim	2045376	0	1	20166	1	0	20000	incorrect	320
2ndgr_kloten_2x3-14	111	Pulse	199	2050000	4624	NA
2ndgr_kloten_2x3-14	111	Response	32	2059187	13812	0
2ndgr_kloten_2x3-14	111	Pulse	199	2060000	14624	NA
2ndgr_kloten_2x3-14	112	Picture	fix2	2065709	0	1	23666	1	0	next	other	0
2ndgr_kloten_2x3-14	112	Pulse	199	2070000	4291	NA
2ndgr_kloten_2x3-14	112	Pulse	199	2080000	14291	NA
2ndgr_kloten_2x3-14	113	Picture	feedback	2089375	0	1	20166	1	0	next	other	0
2ndgr_kloten_2x3-14	113	Pulse	199	2090000	625	NA
2ndgr_kloten_2x3-14	113	Pulse	199	2100000	10625	NA
2ndgr_kloten_2x3-14	114	Picture	fix	2109541	0	1	22999	1	0	next	other	0
2ndgr_kloten_2x3-14	114	Pulse	199	2110000	459	NA
2ndgr_kloten_2x3-14	114	Pulse	199	2120000	10459	NA
2ndgr_kloten_2x3-14	114	Pulse	199	2130000	20459	NA
2ndgr_kloten_2x3-14	116	Picture	stim	2132540	0	1	20166	1	0	20000	hit	334
2ndgr_kloten_2x3-14	116	Pulse	199	2140000	7460	NA
2ndgr_kloten_2x3-14	116	Response	16	2145973	13433	0
2ndgr_kloten_2x3-14	116	Pulse	199	2150000	17460	NA
2ndgr_kloten_2x3-14	117	Picture	fix2	2152873	0	1	21500	1	0	next	other	0
2ndgr_kloten_2x3-14	117	Pulse	199	2160000	7127	NA
2ndgr_kloten_2x3-14	117	Pulse	199	2170000	17127	NA
2ndgr_kloten_2x3-14	118	Picture	feedback	2174373	0	1	20166	1	0	next	other	0
2ndgr_kloten_2x3-14	118	Pulse	199	2180000	5627	NA
2ndgr_kloten_2x3-14	118	Pulse	199	2190000	15627	NA
2ndgr_kloten_2x3-14	119	Picture	fix	2194539	0	1	31833	1	0	next	other	0
2ndgr_kloten_2x3-14	119	Pulse	199	2200000	5461	NA
2ndgr_kloten_2x3-14	119	Pulse	199	2210000	15461	NA
2ndgr_kloten_2x3-14	119	Pulse	199	2220000	25461	NA
2ndgr_kloten_2x3-14	121	Picture	stim	2226371	0	1	20166	1	0	20000	hit	349
2ndgr_kloten_2x3-14	121	Pulse	199	2230000	3629	NA
2ndgr_kloten_2x3-14	121	Pulse	199	2240000	13629	NA
2ndgr_kloten_2x3-14	121	Response	16	2242041	15669	0
2ndgr_kloten_2x3-14	122	Picture	fix2	2246538	0	1	17500	1	0	next	other	0
2ndgr_kloten_2x3-14	122	Pulse	199	2250000	3462	NA
2ndgr_kloten_2x3-14	122	Pulse	199	2260000	13462	NA
2ndgr_kloten_2x3-14	123	Picture	feedback	2264037	0	1	20166	1	0	next	other	0
2ndgr_kloten_2x3-14	123	Pulse	199	2270000	5963	NA
2ndgr_kloten_2x3-14	123	Pulse	199	2280000	15963	NA
2ndgr_kloten_2x3-14	124	Picture	100	2284203	0	1	80165	1	0	80000	other	0
2ndgr_kloten_2x3-14	124	Pulse	199	2290000	5797	NA
2ndgr_kloten_2x3-14	124	Pulse	199	2300000	15797	NA
2ndgr_kloten_2x3-14	124	Pulse	199	2310000	25797	NA
2ndgr_kloten_2x3-14	124	Pulse	199	2320000	35797	NA
2ndgr_kloten_2x3-14	124	Pulse	199	2330000	45797	NA
2ndgr_kloten_2x3-14	124	Pulse	199	2340000	55797	NA
2ndgr_kloten_2x3-14	124	Pulse	199	2350000	65797	NA
2ndgr_kloten_2x3-14	124	Pulse	199	2360000	75797	NA
