Scenario - FeedbacklearningMRI_GFG.sce
Logfile written - 02/21/2019 17:45:34

Subject	Trial	Event Type	Code	Time	TTime	Uncertainty	Duration	Uncertainty	ReqTime	ReqDur	Stim Type	Pair Index

Christina	0	Pulse	199	0	0	NA
Christina	0	Pulse	199	10000	10000	NA
Christina	1	Pulse	199	20000	493	NA
Christina	1	Pulse	199	30000	10493	NA
Christina	1	Pulse	199	40000	20493	NA
Christina	1	Pulse	199	50000	30493	NA
Christina	1	Pulse	199	60000	40493	NA
Christina	1	Pulse	199	70000	50493	NA
Christina	1	Pulse	199	80000	60493	NA
Christina	1	Pulse	199	90000	70493	NA
Christina	1	Pulse	199	100000	80493	NA
Christina	1	Pulse	199	110000	90493	NA
Christina	1	Pulse	199	120000	100493	NA
Christina	1	Pulse	199	130000	110493	NA
Christina	1	Pulse	199	140000	120493	NA
Christina	1	Pulse	199	150000	130493	NA
Christina	1	Pulse	199	160000	140493	NA
Christina	1	Pulse	199	170000	150493	NA
Christina	1	Pulse	199	180000	160493	NA
Christina	1	Pulse	199	190000	170493	NA
Christina	1	Pulse	199	200000	180493	NA
Christina	1	Pulse	199	210000	190493	NA
Christina	1	Response	16	212667	193160	0
Christina	2	Pulse	199	220000	7318	NA
Christina	2	Pulse	199	230000	17318	NA
Christina	2	Pulse	199	240000	27318	NA
Christina	2	Pulse	199	250000	37318	NA
Christina	2	Pulse	199	260000	47318	NA
Christina	3	Picture	fix	263363	0	1	19182	1	0	next	other	0
Christina	3	Response	16	263467	104	0
Christina	3	Pulse	199	270000	6637	NA
Christina	3	Pulse	199	280000	16637	NA
Christina	4	Picture	stim	282545	0	1	19989	397	0	20000	miss	0
Christina	4	Pulse	199	290000	7455	NA
Christina	4	Pulse	199	300000	17455	NA
Christina	4	Response	16	303147	20603	0
Christina	5	Picture	fix2	303218	0	37	19523	39	0	next	other	0
Christina	5	Pulse	199	310000	6782	NA
Christina	5	Pulse	199	320000	16782	NA
Christina	6	Picture	feedback	322741	0	2	20016	366	0	20000	other	0
Christina	6	Pulse	199	330000	7259	NA
Christina	6	Pulse	199	340000	17259	NA
Christina	7	Picture	fix	343592	0	1	19014	280	0	next	other	0
Christina	7	Pulse	199	350000	6408	NA
Christina	7	Pulse	199	360000	16408	NA
Christina	8	Picture	stim	362607	0	280	20016	636	0	20000	hit	48
Christina	8	Pulse	199	370000	7393	NA
Christina	8	Response	32	370266	7660	0
Christina	8	Pulse	199	380000	17393	NA
Christina	9	Picture	fix2	383290	0	1	14983	397	0	next	other	0
Christina	9	Pulse	199	390000	6710	NA
Christina	10	Picture	feedback	398273	0	397	20211	397	0	20000	other	0
Christina	10	Pulse	199	400000	1727	NA
Christina	10	Pulse	199	410000	11727	NA
Christina	11	Picture	fix	418545	0	143	32939	242	0	next	other	0
Christina	11	Pulse	199	420000	1455	NA
Christina	11	Pulse	199	430000	11455	NA
Christina	11	Pulse	199	440000	21455	NA
Christina	11	Pulse	199	450000	31455	NA
Christina	12	Picture	stim	451484	0	99	20041	358	0	20000	miss	0
Christina	12	Pulse	199	460000	8516	NA
Christina	12	Pulse	199	470000	18516	NA
Christina	13	Picture	fix2	472017	0	42	14841	260	0	next	other	0
Christina	13	Pulse	199	480000	7983	NA
Christina	14	Picture	feedback	486858	0	219	20195	219	0	20000	other	0
Christina	14	Pulse	199	490000	3142	NA
Christina	14	Pulse	199	500000	13142	NA
Christina	15	Picture	fix	507220	0	1	13981	403	0	next	other	0
Christina	15	Pulse	199	510000	2780	NA
Christina	15	Pulse	199	520000	12780	NA
Christina	16	Picture	stim	521201	0	403	20045	710	0	20000	miss	0
Christina	16	Pulse	199	530000	8799	NA
Christina	16	Pulse	199	540000	18799	NA
Christina	17	Picture	fix2	542080	0	1	12717	385	0	next	other	0
Christina	17	Pulse	199	550000	7920	NA
Christina	18	Picture	feedback	554797	0	385	20142	385	0	20000	other	0
Christina	18	Response	16	557068	2271	0
Christina	18	Pulse	199	560000	5203	NA
Christina	18	Pulse	199	570000	15203	NA
Christina	19	Picture	fix	575085	0	144	21037	144	0	next	other	0
Christina	19	Pulse	199	580000	4915	NA
Christina	19	Pulse	199	590000	14915	NA
Christina	20	Picture	stim	596122	0	1	19981	405	0	20000	incorrect	85
Christina	20	Pulse	199	600000	3878	NA
Christina	20	Response	16	604588	8466	0
Christina	20	Pulse	199	610000	13878	NA
Christina	21	Picture	fix2	616805	0	1	23312	251	0	next	other	0
Christina	21	Pulse	199	620000	3195	NA
Christina	21	Pulse	199	630000	13195	NA
Christina	21	Pulse	199	640000	23195	NA
Christina	22	Picture	feedback	640117	0	251	20222	251	0	20000	other	0
Christina	22	Pulse	199	650000	9883	NA
Christina	22	Pulse	199	660000	19883	NA
Christina	23	Picture	fix	660672	0	1	17060	157	0	next	other	0
Christina	23	Pulse	199	670000	9328	NA
Christina	24	Picture	stim	677732	0	157	20025	475	0	20000	incorrect	98
Christina	24	Pulse	199	680000	2268	NA
Christina	24	Response	16	687548	9816	0
Christina	24	Pulse	199	690000	12268	NA
Christina	25	Picture	fix2	698359	0	38	16475	361	0	next	other	0
Christina	25	Pulse	199	700000	1641	NA
Christina	25	Pulse	199	710000	11641	NA
Christina	26	Picture	feedback	714834	0	324	20229	324	0	20000	other	0
Christina	26	Pulse	199	720000	5166	NA
Christina	26	Pulse	199	730000	15166	NA
Christina	27	Picture	fix	735397	0	1	14511	1	0	next	other	0
Christina	27	Pulse	199	740000	4603	NA
Christina	28	Picture	stim	749908	0	1	20182	1	0	20000	hit	110
Christina	28	Pulse	199	750000	92	NA
Christina	28	Response	16	757628	7720	0
Christina	28	Pulse	199	760000	10092	NA
Christina	28	Pulse	199	770000	20092	NA
Christina	29	Picture	fix2	770424	0	1	17180	1	0	next	other	0
Christina	29	Pulse	199	780000	9576	NA
Christina	30	Picture	feedback	787604	0	1	20349	1	0	20000	other	0
Christina	30	Pulse	199	790000	2396	NA
Christina	30	Pulse	199	800000	12396	NA
Christina	31	Picture	fix	808287	0	1	27354	1	0	next	other	0
Christina	31	Pulse	199	810000	1713	NA
Christina	31	Pulse	199	820000	11713	NA
Christina	31	Pulse	199	830000	21713	NA
Christina	32	Picture	stim	835641	0	1	20182	1	0	20000	hit	124
Christina	32	Pulse	199	840000	4359	NA
Christina	32	Response	16	844908	9267	0
Christina	32	Pulse	199	850000	14359	NA
Christina	33	Picture	fix2	855991	0	1	20182	1	0	next	other	0
Christina	33	Pulse	199	860000	4009	NA
Christina	33	Pulse	199	870000	14009	NA
Christina	34	Picture	feedback	876173	0	1	20182	1	0	20000	other	0
Christina	34	Pulse	199	880000	3827	NA
Christina	34	Pulse	199	890000	13827	NA
Christina	35	Picture	fix	896689	0	1	18014	1	0	next	other	0
Christina	35	Pulse	199	900000	3311	NA
Christina	35	Pulse	199	910000	13311	NA
Christina	36	Picture	stim	914703	0	1	20182	1	0	20000	incorrect	137
Christina	36	Pulse	199	920000	5297	NA
Christina	36	Response	16	923628	8926	0
Christina	36	Pulse	199	930000	15297	NA
Christina	37	Picture	fix2	935052	0	1	14178	1	0	next	other	0
Christina	37	Pulse	199	940000	4948	NA
Christina	38	Picture	feedback	949230	0	1	20182	1	0	20000	other	0
Christina	38	Pulse	199	950000	770	NA
Christina	38	Pulse	199	960000	10770	NA
Christina	39	Picture	fix	969913	0	1	28856	1	0	next	other	0
Christina	39	Pulse	199	970000	87	NA
Christina	39	Pulse	199	980000	10087	NA
Christina	39	Pulse	199	990000	20087	NA
Christina	40	Picture	stim	998768	0	1	20182	1	0	20000	incorrect	151
Christina	40	Pulse	199	1000000	1232	NA
Christina	40	Pulse	199	1010000	11232	NA
Christina	40	Response	32	1010269	11500	0
Christina	41	Picture	fix2	1019117	0	1	14511	1	0	next	other	0
Christina	41	Pulse	199	1020000	883	NA
Christina	41	Pulse	199	1030000	10883	NA
Christina	42	Picture	feedback	1033629	0	1	20182	1	0	20000	other	0
Christina	42	Pulse	199	1040000	6371	NA
Christina	42	Pulse	199	1050000	16371	NA
Christina	43	Picture	fix	1054311	0	1	9674	1	0	next	other	0
Christina	43	Pulse	199	1060000	5689	NA
Christina	44	Picture	stim	1063986	0	1	20516	1	0	20000	hit	163
Christina	44	Pulse	199	1070000	6014	NA
Christina	44	Pulse	199	1080000	16014	NA
Christina	44	Response	16	1082829	18843	0
Christina	45	Picture	fix2	1084668	0	1	22017	1	0	next	other	0
Christina	45	Pulse	199	1090000	5332	NA
Christina	45	Pulse	199	1100000	15332	NA
Christina	46	Picture	feedback	1106686	0	1	20182	1	0	20000	other	0
Christina	46	Pulse	199	1110000	3314	NA
Christina	46	Pulse	199	1120000	13314	NA
Christina	47	Picture	fix	1127368	0	1	10508	1	0	next	other	0
Christina	47	Pulse	199	1130000	2632	NA
Christina	48	Picture	stim	1137876	0	1	20182	1	0	20000	incorrect	175
Christina	48	Pulse	199	1140000	2124	NA
Christina	48	Pulse	199	1150000	12124	NA
Christina	48	Response	32	1152269	14393	0
Christina	49	Picture	fix2	1158226	0	1	9507	1	0	next	other	0
Christina	49	Pulse	199	1160000	1774	NA
Christina	50	Picture	feedback	1167733	0	1	20182	1	0	20000	other	0
Christina	50	Pulse	199	1170000	2267	NA
Christina	50	Pulse	199	1180000	12267	NA
Christina	51	Picture	fix	1188249	0	1	23852	1	0	next	other	0
Christina	51	Pulse	199	1190000	1751	NA
Christina	51	Pulse	199	1200000	11751	NA
Christina	51	Pulse	199	1210000	21751	NA
Christina	52	Picture	stim	1212101	0	1	20182	1	0	20000	hit	187
Christina	52	Pulse	199	1220000	7899	NA
Christina	52	Response	32	1225949	13848	0
Christina	52	Pulse	199	1230000	17899	NA
Christina	53	Picture	fix2	1233618	0	1	10842	1	0	next	other	0
Christina	53	Pulse	199	1240000	6382	NA
Christina	54	Picture	feedback	1244459	0	1	20182	1	0	20000	other	0
Christina	54	Pulse	199	1250000	5541	NA
Christina	54	Pulse	199	1260000	15541	NA
Christina	55	Picture	fix	1264975	0	1	16012	1	0	next	other	0
Christina	55	Pulse	199	1270000	5025	NA
Christina	55	Pulse	199	1280000	15025	NA
Christina	56	Picture	stim	1280988	0	1	20182	1	0	20000	hit	199
Christina	56	Pulse	199	1290000	9012	NA
Christina	56	Response	32	1292830	11842	0
Christina	56	Pulse	199	1300000	19012	NA
Christina	57	Picture	fix2	1301337	0	1	17680	1	0	next	other	0
Christina	57	Pulse	199	1310000	8663	NA
Christina	58	Picture	feedback	1319017	0	1	20182	1	0	20000	other	0
Christina	58	Pulse	199	1320000	983	NA
Christina	58	Pulse	199	1330000	10983	NA
Christina	59	Picture	fix	1339533	0	1	19849	1	0	next	other	0
Christina	59	Pulse	199	1340000	467	NA
Christina	59	Pulse	199	1350000	10467	NA
Christina	60	Picture	stim	1359382	0	1	20182	1	0	20000	incorrect	211
Christina	60	Pulse	199	1360000	618	NA
Christina	60	Response	16	1369629	10247	0
Christina	60	Pulse	199	1370000	10618	NA
Christina	60	Response	32	1372989	13607	0
Christina	60	Response	32	1376669	17287	0
Christina	61	Picture	fix2	1379731	0	1	5496	9	0	next	other	0
Christina	61	Pulse	199	1380000	269	NA
Christina	62	Picture	feedback	1385227	0	9	20191	9	0	20000	other	0
Christina	62	Pulse	199	1390000	4773	NA
Christina	62	Pulse	199	1400000	14773	NA
Christina	63	Picture	fix	1405751	0	1	20850	1	0	next	other	0
Christina	63	Pulse	199	1410000	4249	NA
Christina	63	Pulse	199	1420000	14249	NA
Christina	64	Picture	stim	1426601	0	1	20850	1	0	20000	hit	225
Christina	64	Pulse	199	1430000	3399	NA
Christina	64	Response	32	1437629	11028	0
Christina	64	Pulse	199	1440000	13399	NA
Christina	65	Picture	fix2	1447617	0	1	14678	1	0	next	other	0
Christina	65	Pulse	199	1450000	2383	NA
Christina	65	Pulse	199	1460000	12383	NA
Christina	66	Picture	feedback	1462295	0	1	20182	1	0	20000	other	0
Christina	66	Pulse	199	1470000	7705	NA
Christina	66	Pulse	199	1480000	17705	NA
Christina	67	Picture	fix	1482811	0	1	10842	1	0	next	other	0
Christina	67	Pulse	199	1490000	7189	NA
Christina	68	Picture	stim	1493653	0	1	20182	1	0	20000	hit	237
Christina	68	Pulse	199	1500000	6347	NA
Christina	68	Response	16	1505230	11577	0
Christina	68	Pulse	199	1510000	16347	NA
Christina	69	Picture	fix2	1514002	0	1	16012	1	0	next	other	0
Christina	69	Pulse	199	1520000	5998	NA
Christina	69	Pulse	199	1530000	15998	NA
Christina	70	Picture	feedback	1530015	0	1	20349	1	0	20000	other	0
Christina	70	Pulse	199	1540000	9985	NA
Christina	70	Pulse	199	1550000	19985	NA
Christina	71	Picture	fix	1550864	0	1	14845	1	0	next	other	0
Christina	71	Pulse	199	1560000	9136	NA
Christina	72	Picture	stim	1565709	0	1	20349	1	0	20000	hit	249
Christina	72	Pulse	199	1570000	4291	NA
Christina	72	Response	16	1574590	8880	0
Christina	72	Pulse	199	1580000	14291	NA
Christina	73	Picture	fix2	1586225	0	1	11342	1	0	next	other	0
Christina	73	Pulse	199	1590000	3775	NA
Christina	74	Picture	feedback	1597567	0	1	20182	1	0	20000	other	0
Christina	74	Pulse	199	1600000	2433	NA
Christina	74	Pulse	199	1610000	12433	NA
Christina	75	Picture	fix	1617916	0	1	25020	1	0	next	other	0
Christina	75	Pulse	199	1620000	2084	NA
Christina	75	Pulse	199	1630000	12084	NA
Christina	75	Pulse	199	1640000	22084	NA
Christina	76	Picture	stim	1642936	0	1	20349	1	0	20000	hit	262
Christina	76	Pulse	199	1650000	7064	NA
Christina	76	Response	32	1653070	10134	0
Christina	76	Pulse	199	1660000	17064	NA
Christina	77	Picture	fix2	1663452	0	1	19182	1	0	next	other	0
Christina	77	Pulse	199	1670000	6548	NA
Christina	77	Pulse	199	1680000	16548	NA
Christina	78	Picture	feedback	1682633	0	1	20349	1	0	20000	other	0
Christina	78	Pulse	199	1690000	7367	NA
Christina	78	Pulse	199	1700000	17367	NA
Christina	79	Picture	fix	1703650	0	1	17514	1	0	next	other	0
Christina	79	Pulse	199	1710000	6350	NA
Christina	79	Pulse	199	1720000	16350	NA
Christina	80	Picture	stim	1721163	0	1	20182	1	0	20000	hit	274
Christina	80	Response	16	1728190	7027	0
Christina	80	Pulse	199	1730000	8837	NA
Christina	80	Pulse	199	1740000	18837	NA
Christina	81	Picture	fix2	1741512	0	1	18181	1	0	next	other	0
Christina	81	Pulse	199	1750000	8488	NA
Christina	82	Picture	feedback	1759693	0	1	20349	1	0	20000	other	0
Christina	82	Pulse	199	1760000	307	NA
Christina	82	Pulse	199	1770000	10307	NA
Christina	82	Pulse	199	1780000	20307	NA
Christina	83	Picture	fix	1780376	0	1	22684	1	0	next	other	0
Christina	83	Pulse	199	1790000	9624	NA
Christina	83	Pulse	199	1800000	19624	NA
Christina	84	Picture	stim	1803060	0	1	20182	1	0	20000	hit	289
Christina	84	Pulse	199	1810000	6940	NA
Christina	84	Pulse	199	1820000	16940	NA
Christina	84	Response	32	1822510	19450	0
Christina	85	Picture	fix2	1823409	0	1	11842	1	0	next	other	0
Christina	85	Pulse	199	1830000	6591	NA
Christina	86	Picture	feedback	1835252	0	1	20349	1	0	20000	other	0
Christina	86	Pulse	199	1840000	4748	NA
Christina	86	Pulse	199	1850000	14748	NA
Christina	87	Picture	fix	1855935	0	1	23852	1	0	next	other	0
Christina	87	Pulse	199	1860000	4065	NA
Christina	87	Pulse	199	1870000	14065	NA
Christina	88	Picture	stim	1879786	0	1	20182	1	0	20000	hit	300
Christina	88	Pulse	199	1880000	214	NA
Christina	88	Response	32	1888590	8804	0
Christina	88	Pulse	199	1890000	10214	NA
Christina	88	Pulse	199	1900000	20214	NA
Christina	89	Picture	fix2	1900136	0	1	21850	1	0	next	other	0
Christina	89	Pulse	199	1910000	9864	NA
Christina	89	Pulse	199	1920000	19864	NA
Christina	90	Picture	feedback	1921986	0	1	20182	1	0	20000	other	0
Christina	90	Pulse	199	1930000	8014	NA
Christina	90	Pulse	199	1940000	18014	NA
Christina	91	Picture	fix	1942502	0	1	11342	1	0	next	other	0
Christina	91	Pulse	199	1950000	7498	NA
Christina	92	Picture	stim	1953844	0	1	20182	1	0	20000	hit	313
Christina	92	Pulse	199	1960000	6156	NA
Christina	92	Response	16	1966430	12586	0
Christina	92	Pulse	199	1970000	16156	NA
Christina	93	Picture	fix2	1974360	0	1	12176	1	0	next	other	0
Christina	93	Pulse	199	1980000	5640	NA
Christina	94	Picture	feedback	1986536	0	1	20182	1	0	20000	other	0
Christina	94	Pulse	199	1990000	3464	NA
Christina	94	Pulse	199	2000000	13464	NA
Christina	95	Picture	fix	2007052	0	1	27521	1	0	next	other	0
Christina	95	Pulse	199	2010000	2948	NA
Christina	95	Pulse	199	2020000	12948	NA
Christina	95	Pulse	199	2030000	22948	NA
Christina	96	Picture	stim	2034574	0	1	20182	1	0	20000	hit	326
Christina	96	Pulse	199	2040000	5426	NA
Christina	96	Response	16	2041954	7380	0
Christina	96	Pulse	199	2050000	15426	NA
Christina	97	Picture	fix2	2054923	0	1	9174	1	0	next	other	0
Christina	97	Pulse	199	2060000	5077	NA
Christina	98	Picture	feedback	2064097	0	1	20683	1	0	20000	other	0
Christina	98	Pulse	199	2070000	5903	NA
Christina	98	Pulse	199	2080000	15903	NA
Christina	99	Picture	fix	2085113	0	1	21183	1	0	next	other	0
Christina	99	Pulse	199	2090000	4887	NA
Christina	99	Pulse	199	2100000	14887	NA
Christina	100	Picture	stim	2106296	0	1	20182	1	0	20000	hit	339
Christina	100	Pulse	199	2110000	3704	NA
Christina	100	Pulse	199	2120000	13704	NA
Christina	100	Response	16	2121390	15095	0
Christina	101	Picture	fix2	2126645	0	1	14178	1	0	next	other	0
Christina	101	Pulse	199	2130000	3355	NA
Christina	101	Pulse	199	2140000	13355	NA
Christina	102	Picture	feedback	2140823	0	1	20182	1	0	20000	other	0
Christina	102	Pulse	199	2150000	9177	NA
Christina	102	Pulse	199	2160000	19177	NA
Christina	103	Picture	fix	2161172	0	1	24352	1	0	next	other	0
Christina	103	Pulse	199	2170000	8828	NA
Christina	103	Pulse	199	2180000	18828	NA
Christina	104	Picture	stim	2185524	0	1	20182	1	0	20000	hit	351
Christina	104	Pulse	199	2190000	4476	NA
Christina	104	Response	32	2193711	8186	0
Christina	104	Pulse	199	2200000	14476	NA
Christina	105	Picture	fix2	2206040	0	1	11009	1	0	next	other	0
Christina	105	Pulse	199	2210000	3960	NA
Christina	106	Picture	feedback	2217049	0	1	20182	1	0	20000	other	0
Christina	106	Pulse	199	2220000	2951	NA
Christina	106	Pulse	199	2230000	12951	NA
Christina	107	Picture	fix	2237564	0	1	15846	2	0	next	other	0
Christina	107	Pulse	199	2240000	2436	NA
Christina	107	Pulse	199	2250000	12436	NA
Christina	108	Picture	stim	2253410	0	1	20182	1	0	20000	hit	363
Christina	108	Pulse	199	2260000	6590	NA
Christina	108	Response	16	2263712	10302	0
Christina	108	Pulse	199	2270000	16590	NA
Christina	109	Picture	fix2	2273760	0	1	8006	1	0	next	other	0
Christina	109	Pulse	199	2280000	6240	NA
Christina	110	Picture	feedback	2281766	0	1	20182	1	0	20000	other	0
Christina	110	Pulse	199	2290000	8234	NA
Christina	110	Pulse	199	2300000	18234	NA
Christina	111	Picture	fix	2302282	0	1	16846	1	0	next	other	0
Christina	111	Pulse	199	2310000	7718	NA
Christina	112	Picture	stim	2319128	0	1	20182	1	0	20000	hit	374
Christina	112	Pulse	199	2320000	872	NA
Christina	112	Response	16	2325231	6103	0
Christina	112	Pulse	199	2330000	10872	NA
Christina	113	Picture	fix2	2339477	0	1	17180	1	0	next	other	0
Christina	113	Pulse	199	2340000	523	NA
Christina	113	Pulse	199	2350000	10523	NA
Christina	114	Picture	feedback	2356657	0	1	20182	1	0	20000	other	0
Christina	114	Pulse	199	2360000	3343	NA
Christina	114	Pulse	199	2370000	13343	NA
Christina	115	Picture	fix	2377006	0	1	22517	1	0	next	other	0
Christina	115	Pulse	199	2380000	2994	NA
Christina	115	Pulse	199	2390000	12994	NA
Christina	116	Picture	stim	2399524	0	1	21016	1	0	20000	hit	387
Christina	116	Pulse	199	2400000	476	NA
Christina	116	Response	32	2409471	9947	0
Christina	116	Pulse	199	2410000	10476	NA
Christina	116	Pulse	199	2420000	20476	NA
Christina	117	Picture	fix2	2421041	0	1	14511	1	0	next	other	0
Christina	117	Pulse	199	2430000	8959	NA
Christina	118	Picture	feedback	2435552	0	1	20516	1	0	20000	other	0
Christina	118	Pulse	199	2440000	4448	NA
Christina	118	Pulse	199	2450000	14448	NA
Christina	119	Picture	fix	2456401	0	1	20683	1	0	next	other	0
Christina	119	Pulse	199	2460000	3599	NA
Christina	119	Pulse	199	2470000	13599	NA
Christina	120	Picture	stim	2477084	0	1	20182	1	0	20000	hit	400
Christina	120	Pulse	199	2480000	2916	NA
Christina	120	Response	32	2485152	8067	0
Christina	120	Pulse	199	2490000	12916	NA
Christina	121	Picture	fix2	2497433	0	1	8507	1	0	next	other	0
Christina	121	Pulse	199	2500000	2567	NA
Christina	122	Picture	feedback	2505940	0	1	20182	1	0	20000	other	0
Christina	122	Pulse	199	2510000	4060	NA
Christina	122	Pulse	199	2520000	14060	NA
