Scenario - FeedbacklearningMRI_GFG4.sce
Logfile written - 02/22/2019 15:58:20

Subject	Trial	Event Type	Code	Time	TTime	Uncertainty	Duration	Uncertainty	ReqTime	ReqDur	Stim Type	Pair Index

PH	0	Pulse	199	0	0	NA
PH	0	Pulse	199	10000	10000	NA
PH	1	Pulse	199	20000	9166	NA
PH	1	Pulse	199	30000	19166	NA
PH	1	Pulse	199	40000	29166	NA
PH	1	Pulse	199	50000	39166	NA
PH	1	Pulse	199	60000	49166	NA
PH	1	Pulse	199	70000	59166	NA
PH	1	Pulse	199	80000	69166	NA
PH	1	Response	16	83966	73132	0
PH	2	Pulse	199	90000	5980	NA
PH	2	Pulse	199	100000	15980	NA
PH	2	Pulse	199	110000	25980	NA
PH	2	Pulse	199	120000	35980	NA
PH	2	Pulse	199	130000	45980	NA
PH	3	Picture	fix	136932	0	1	29023	1	0	next	other	0
PH	3	Pulse	199	140000	3068	NA
PH	3	Pulse	199	150000	13068	NA
PH	3	Pulse	199	160000	23068	NA
PH	4	Picture	stim	165954	0	1	20182	1	0	20000	incorrect	23
PH	4	Pulse	199	170000	4046	NA
PH	4	Pulse	199	180000	14046	NA
PH	4	Response	16	183166	17211	0
PH	5	Picture	fix2	186470	0	1	14511	1	0	next	other	0
PH	5	Pulse	199	190000	3530	NA
PH	5	Pulse	199	200000	13530	NA
PH	6	Picture	feedback	200982	0	1	20516	1	0	20000	other	0
PH	6	Pulse	199	210000	9018	NA
PH	6	Pulse	199	220000	19018	NA
PH	7	Picture	fix	221998	0	1	30524	1	0	next	other	0
PH	7	Pulse	199	230000	8002	NA
PH	7	Pulse	199	240000	18002	NA
PH	7	Pulse	199	250000	28002	NA
PH	8	Picture	stim	252522	0	1	20182	1	0	20000	incorrect	36
PH	8	Pulse	199	260000	7478	NA
PH	8	Response	32	265245	12723	0
PH	8	Pulse	199	270000	17478	NA
PH	9	Picture	fix2	272871	0	1	8506	1	0	next	other	0
PH	9	Pulse	199	280000	7129	NA
PH	10	Picture	feedback	281377	0	1	20183	1	0	20000	other	0
PH	10	Pulse	199	290000	8623	NA
PH	10	Pulse	199	300000	18623	NA
PH	11	Picture	fix	302227	0	1	26187	1	0	next	other	0
PH	11	Pulse	199	310000	7773	NA
PH	11	Pulse	199	320000	17773	NA
PH	12	Picture	stim	328414	0	1	20182	1	0	20000	hit	49
PH	12	Pulse	199	330000	1586	NA
PH	12	Pulse	199	340000	11586	NA
PH	12	Response	16	343005	14591	0
PH	13	Picture	fix2	348930	0	1	14511	1	0	next	other	0
PH	13	Pulse	199	350000	1070	NA
PH	13	Pulse	199	360000	11070	NA
PH	14	Picture	feedback	363441	0	1	20182	1	0	20000	other	0
PH	14	Pulse	199	370000	6559	NA
PH	14	Pulse	199	380000	16559	NA
PH	15	Picture	fix	383957	0	1	32859	1	0	next	other	0
PH	15	Pulse	199	390000	6043	NA
PH	15	Pulse	199	400000	16043	NA
PH	15	Pulse	199	410000	26043	NA
PH	16	Picture	stim	416816	0	1	20182	1	0	20000	incorrect	63
PH	16	Pulse	199	420000	3184	NA
PH	16	Pulse	199	430000	13184	NA
PH	16	Response	16	435005	18189	0
PH	17	Picture	fix2	437165	0	1	19515	1	0	next	other	0
PH	17	Pulse	199	440000	2835	NA
PH	17	Pulse	199	450000	12835	NA
PH	18	Picture	feedback	456681	0	1	20182	1	0	20000	other	0
PH	18	Pulse	199	460000	3319	NA
PH	18	Pulse	199	470000	13319	NA
PH	18	Pulse	199	480000	23319	NA
PH	19	Picture	fix	488205	0	1	38196	1	0	next	other	0
PH	19	Pulse	199	490000	1795	NA
PH	19	Pulse	199	500000	11795	NA
PH	19	Pulse	199	510000	21795	NA
PH	19	Pulse	199	520000	31795	NA
PH	20	Picture	stim	526402	0	1	20182	1	0	20000	hit	78
PH	20	Pulse	199	530000	3598	NA
PH	20	Response	16	537967	11565	0
PH	20	Pulse	199	540000	13598	NA
PH	21	Picture	fix2	547084	0	1	19182	1	0	next	other	0
PH	21	Pulse	199	550000	2916	NA
PH	21	Pulse	199	560000	12916	NA
PH	22	Picture	feedback	566266	0	1	20182	1	0	20000	other	0
PH	22	Pulse	199	570000	3734	NA
PH	22	Pulse	199	580000	13734	NA
PH	23	Picture	fix	587616	0	1	21183	1	0	next	other	0
PH	23	Pulse	199	590000	2384	NA
PH	23	Pulse	199	600000	12384	NA
PH	24	Picture	stim	608799	0	1	20182	1	0	20000	hit	91
PH	24	Pulse	199	610000	1201	NA
PH	24	Response	16	618047	9248	0
PH	24	Pulse	199	620000	11201	NA
PH	25	Picture	fix2	629148	0	1	17847	1	0	next	other	0
PH	25	Pulse	199	630000	852	NA
PH	25	Pulse	199	640000	10852	NA
PH	26	Picture	feedback	646995	0	1	20182	1	0	20000	other	0
PH	26	Pulse	199	650000	3005	NA
PH	26	Pulse	199	660000	13005	NA
PH	27	Picture	fix	667678	0	1	23185	1	0	next	other	0
PH	27	Pulse	199	670000	2322	NA
PH	27	Pulse	199	680000	12322	NA
PH	27	Pulse	199	690000	22322	NA
PH	28	Picture	stim	690863	0	1	20182	1	0	20000	hit	105
PH	28	Pulse	199	700000	9137	NA
PH	28	Response	32	701247	10384	0
PH	28	Pulse	199	710000	19137	NA
PH	29	Picture	fix2	711212	0	1	8840	1	0	next	other	0
PH	29	Pulse	199	720000	8788	NA
PH	30	Picture	feedback	720052	0	1	20182	1	0	20000	other	0
PH	30	Pulse	199	730000	9948	NA
PH	30	Pulse	199	740000	19948	NA
PH	31	Picture	fix	740568	0	1	27021	1	0	next	other	0
PH	31	Pulse	199	750000	9432	NA
PH	31	Pulse	199	760000	19432	NA
PH	32	Picture	stim	767589	0	1	20182	1	0	20000	incorrect	118
PH	32	Pulse	199	770000	2411	NA
PH	32	Pulse	199	780000	12411	NA
PH	32	Response	16	781566	13977	0
PH	33	Picture	fix2	787938	0	1	17180	1	0	next	other	0
PH	33	Pulse	199	790000	2062	NA
PH	33	Pulse	199	800000	12062	NA
PH	34	Picture	feedback	805118	0	1	20182	1	0	20000	other	0
PH	34	Pulse	199	810000	4882	NA
PH	34	Pulse	199	820000	14882	NA
PH	35	Picture	fix	825634	0	1	25687	1	0	next	other	0
PH	35	Pulse	199	830000	4366	NA
PH	35	Pulse	199	840000	14366	NA
PH	35	Pulse	199	850000	24366	NA
PH	36	Picture	stim	851321	0	1	20065	320	0	20000	incorrect	131
PH	36	Pulse	199	860000	8679	NA
PH	36	Response	16	862126	10805	0
PH	36	Pulse	199	870000	18679	NA
PH	37	Picture	fix2	872004	0	1	23518	1	0	next	other	0
PH	37	Pulse	199	880000	7996	NA
PH	37	Pulse	199	890000	17996	NA
PH	38	Picture	feedback	895522	0	1	20182	1	0	20000	other	0
PH	38	Pulse	199	900000	4478	NA
PH	38	Pulse	199	910000	14478	NA
PH	39	Picture	fix	916038	0	1	33526	1	0	next	other	0
PH	39	Pulse	199	920000	3962	NA
PH	39	Pulse	199	930000	13962	NA
PH	39	Pulse	199	940000	23962	NA
PH	40	Picture	stim	949564	0	1	20182	1	0	20000	incorrect	146
PH	40	Pulse	199	950000	436	NA
PH	40	Pulse	199	960000	10436	NA
PH	40	Response	32	960526	10962	0
PH	41	Picture	fix2	969913	0	1	15012	1	0	next	other	0
PH	41	Pulse	199	970000	87	NA
PH	41	Pulse	199	980000	10087	NA
PH	42	Picture	feedback	984925	0	1	20182	1	0	20000	other	0
PH	42	Pulse	199	990000	5075	NA
PH	42	Pulse	199	1000000	15075	NA
PH	43	Picture	fix	1005441	0	1	41032	1	0	next	other	0
PH	43	Pulse	199	1010000	4559	NA
PH	43	Pulse	199	1020000	14559	NA
PH	43	Pulse	199	1030000	24559	NA
PH	43	Pulse	199	1040000	34559	NA
PH	44	Picture	stim	1046473	0	1	20182	1	0	20000	hit	160
PH	44	Pulse	199	1050000	3527	NA
PH	44	Response	16	1057087	10614	0
PH	44	Pulse	199	1060000	13527	NA
PH	45	Picture	fix2	1066822	0	1	14511	1	0	next	other	0
PH	45	Pulse	199	1070000	3178	NA
PH	45	Pulse	199	1080000	13178	NA
PH	46	Picture	feedback	1081333	0	1	20048	345	0	20000	other	0
PH	46	Pulse	199	1090000	8667	NA
PH	46	Pulse	199	1100000	18667	NA
PH	47	Picture	fix	1102016	0	1	34527	1	0	next	other	0
PH	47	Pulse	199	1110000	7984	NA
PH	47	Pulse	199	1120000	17984	NA
PH	47	Pulse	199	1130000	27984	NA
PH	48	Picture	stim	1136543	0	1	20182	1	0	20000	hit	174
PH	48	Pulse	199	1140000	3457	NA
PH	48	Response	32	1146127	9584	0
PH	48	Pulse	199	1150000	13457	NA
PH	49	Picture	fix2	1156892	0	1	11676	1	0	next	other	0
PH	49	Pulse	199	1160000	3108	NA
PH	50	Picture	feedback	1168568	0	1	20182	1	0	20000	other	0
PH	50	Pulse	199	1170000	1432	NA
PH	50	Pulse	199	1180000	11432	NA
PH	51	Picture	fix	1189084	0	1	32359	1	0	next	other	0
PH	51	Pulse	199	1190000	916	NA
PH	51	Pulse	199	1200000	10916	NA
PH	51	Pulse	199	1210000	20916	NA
PH	51	Pulse	199	1220000	30916	NA
PH	52	Picture	stim	1221442	0	1	20040	349	0	20000	incorrect	188
PH	52	Pulse	199	1230000	8558	NA
PH	52	Response	16	1238687	17244	0
PH	52	Pulse	199	1240000	18558	NA
PH	53	Picture	fix2	1242125	0	1	12662	222	0	next	other	0
PH	53	Pulse	199	1250000	7875	NA
PH	54	Picture	feedback	1254787	0	221	20197	222	0	20000	other	0
PH	54	Pulse	199	1260000	5213	NA
PH	54	Pulse	199	1270000	15213	NA
PH	55	Picture	fix	1275151	0	1	31642	445	0	next	other	0
PH	55	Pulse	199	1280000	4849	NA
PH	55	Pulse	199	1290000	14849	NA
PH	55	Pulse	199	1300000	24849	NA
PH	56	Picture	stim	1306792	0	445	20232	445	0	20000	hit	201
PH	56	Pulse	199	1310000	3208	NA
PH	56	Response	16	1318687	11894	0
PH	56	Pulse	199	1320000	13208	NA
PH	57	Picture	fix2	1327191	0	1	16846	1	0	next	other	0
PH	57	Pulse	199	1330000	2809	NA
PH	57	Pulse	199	1340000	12809	NA
PH	58	Picture	feedback	1344038	0	1	20182	1	0	20000	other	0
PH	58	Pulse	199	1350000	5962	NA
PH	58	Pulse	199	1360000	15962	NA
PH	59	Picture	fix	1364554	0	1	28856	1	0	next	other	0
PH	59	Pulse	199	1370000	5446	NA
PH	59	Pulse	199	1380000	15446	NA
PH	59	Pulse	199	1390000	25446	NA
PH	60	Picture	stim	1393409	0	1	20118	266	0	20000	hit	215
PH	60	Pulse	199	1400000	6591	NA
PH	60	Response	16	1407167	13758	0
PH	60	Pulse	199	1410000	16591	NA
PH	61	Picture	fix2	1413925	0	1	7839	1	0	next	other	0
PH	61	Pulse	199	1420000	6075	NA
PH	62	Picture	feedback	1421765	0	1	20015	263	0	20000	other	0
PH	62	Pulse	199	1430000	8235	NA
PH	62	Pulse	199	1440000	18235	NA
PH	63	Picture	fix	1443114	0	1	30024	2	0	next	other	0
PH	63	Pulse	199	1450000	6886	NA
PH	63	Pulse	199	1460000	16886	NA
PH	63	Pulse	199	1470000	26886	NA
PH	64	Picture	stim	1473138	0	1	20182	2	0	20000	hit	228
PH	64	Pulse	199	1480000	6862	NA
PH	64	Response	32	1487088	13950	0
PH	64	Pulse	199	1490000	16862	NA
PH	65	Picture	fix2	1493821	0	1	21835	184	0	next	other	0
PH	65	Pulse	199	1500000	6179	NA
PH	65	Pulse	199	1510000	16179	NA
PH	66	Picture	feedback	1515656	0	184	20197	184	0	20000	other	0
PH	66	Pulse	199	1520000	4344	NA
PH	66	Pulse	199	1530000	14344	NA
PH	67	Picture	fix	1535853	0	94	24186	94	0	next	other	0
PH	67	Pulse	199	1540000	4147	NA
PH	67	Pulse	199	1550000	14147	NA
PH	67	Pulse	199	1560000	24147	NA
PH	68	Picture	stim	1560039	0	1	20182	1	0	20000	incorrect	241
PH	68	Response	32	1569009	8970	0
PH	68	Pulse	199	1570000	9961	NA
PH	68	Pulse	199	1580000	19961	NA
PH	69	Picture	fix2	1581055	0	1	10842	1	0	next	other	0
PH	69	Pulse	199	1590000	8945	NA
PH	70	Picture	feedback	1591897	0	1	20182	1	0	20000	other	0
PH	70	Pulse	199	1600000	8103	NA
PH	70	Pulse	199	1610000	18103	NA
PH	71	Picture	fix	1612246	0	1	31858	1	0	next	other	0
PH	71	Pulse	199	1620000	7754	NA
PH	71	Pulse	199	1630000	17754	NA
PH	71	Pulse	199	1640000	27754	NA
PH	72	Picture	stim	1644104	0	1	20182	1	0	20000	hit	255
PH	72	Pulse	199	1650000	5896	NA
PH	72	Response	32	1659968	15863	0
PH	72	Pulse	199	1660000	15896	NA
PH	73	Picture	fix2	1664453	0	1	12343	1	0	next	other	0
PH	73	Pulse	199	1670000	5547	NA
PH	74	Picture	feedback	1676796	0	1	20182	1	0	20000	other	0
PH	74	Pulse	199	1680000	3204	NA
PH	74	Pulse	199	1690000	13204	NA
PH	75	Picture	fix	1697312	0	1	28856	1	0	next	other	0
PH	75	Pulse	199	1700000	2688	NA
PH	75	Pulse	199	1710000	12688	NA
PH	75	Pulse	199	1720000	22688	NA
PH	76	Picture	stim	1726168	0	1	21183	1	0	20000	incorrect	269
PH	76	Pulse	199	1730000	3832	NA
PH	76	Pulse	199	1740000	13832	NA
PH	76	Response	32	1743729	17561	0
PH	77	Picture	fix2	1747518	0	1	5504	1	0	next	other	0
PH	77	Pulse	199	1750000	2482	NA
PH	78	Picture	feedback	1753022	0	1	20182	1	0	20000	other	0
PH	78	Pulse	199	1760000	6978	NA
PH	78	Pulse	199	1770000	16978	NA
PH	79	Picture	fix	1773538	0	1	33026	1	0	next	other	0
PH	79	Pulse	199	1780000	6462	NA
PH	79	Pulse	199	1790000	16462	NA
PH	79	Pulse	199	1800000	26462	NA
PH	80	Picture	stim	1806564	0	1	20182	1	0	20000	incorrect	282
PH	80	Pulse	199	1810000	3436	NA
PH	80	Pulse	199	1820000	13436	NA
PH	80	Response	16	1822848	16284	0
PH	81	Picture	fix2	1826913	0	1	15178	1	0	next	other	0
PH	81	Pulse	199	1830000	3087	NA
PH	81	Pulse	199	1840000	13087	NA
PH	82	Picture	feedback	1842092	0	1	20182	1	0	20000	other	0
PH	82	Pulse	199	1850000	7908	NA
PH	82	Pulse	199	1860000	17908	NA
PH	83	Picture	fix	1862608	0	1	17847	1	0	next	other	0
PH	83	Pulse	199	1870000	7392	NA
PH	83	Pulse	199	1880000	17392	NA
PH	84	Picture	stim	1880455	0	1	20182	1	0	20000	hit	294
PH	84	Pulse	199	1890000	9545	NA
PH	84	Response	32	1890609	10155	0
PH	84	Pulse	199	1900000	19545	NA
PH	85	Picture	fix2	1900971	0	1	14344	1	0	next	other	0
PH	85	Pulse	199	1910000	9029	NA
PH	86	Picture	feedback	1915315	0	1	20182	1	0	20000	other	0
PH	86	Pulse	199	1920000	4685	NA
PH	86	Pulse	199	1930000	14685	NA
PH	87	Picture	fix	1936165	0	1	23185	1	0	next	other	0
PH	87	Pulse	199	1940000	3835	NA
PH	87	Pulse	199	1950000	13835	NA
PH	88	Picture	stim	1959350	0	1	20182	1	0	20000	incorrect	307
PH	88	Pulse	199	1960000	650	NA
PH	88	Pulse	199	1970000	10650	NA
PH	88	Response	32	1978608	19259	0
PH	89	Picture	fix2	1979699	0	1	11341	2	0	next	other	0
PH	89	Pulse	199	1980000	301	NA
PH	89	Pulse	199	1990000	10301	NA
PH	90	Picture	feedback	1991040	0	2	20183	2	0	20000	other	0
PH	90	Pulse	199	2000000	8960	NA
PH	90	Pulse	199	2010000	18960	NA
PH	91	Picture	fix	2011390	0	1	28856	1	0	next	other	0
PH	91	Pulse	199	2020000	8610	NA
PH	91	Pulse	199	2030000	18610	NA
PH	91	Pulse	199	2040000	28610	NA
PH	92	Picture	stim	2040246	0	1	20182	1	0	20000	incorrect	320
PH	92	Pulse	199	2050000	9754	NA
PH	92	Response	16	2055730	15484	0
PH	92	Pulse	199	2060000	19754	NA
PH	93	Picture	fix2	2060595	0	1	17847	1	0	next	other	0
PH	93	Pulse	199	2070000	9405	NA
PH	94	Picture	feedback	2078442	0	1	20182	1	0	20000	other	0
PH	94	Pulse	199	2080000	1558	NA
PH	94	Pulse	199	2090000	11558	NA
PH	95	Picture	fix	2099959	0	1	27188	1	0	next	other	0
PH	95	Pulse	199	2100000	41	NA
PH	95	Pulse	199	2110000	10041	NA
PH	95	Pulse	199	2120000	20041	NA
PH	96	Picture	stim	2127147	0	1	20182	1	0	20000	hit	334
PH	96	Pulse	199	2130000	2853	NA
PH	96	Pulse	199	2140000	12853	NA
PH	96	Response	16	2143890	16743	0
PH	97	Picture	fix2	2147496	0	1	17514	1	0	next	other	0
PH	97	Pulse	199	2150000	2504	NA
PH	97	Pulse	199	2160000	12504	NA
PH	98	Picture	feedback	2165010	0	1	20182	1	0	20000	other	0
PH	98	Pulse	199	2170000	4990	NA
PH	98	Pulse	199	2180000	14990	NA
PH	99	Picture	fix	2186026	0	1	39531	1	0	next	other	0
PH	99	Pulse	199	2190000	3974	NA
PH	99	Pulse	199	2200000	13974	NA
PH	99	Pulse	199	2210000	23974	NA
PH	99	Pulse	199	2220000	33974	NA
PH	100	Picture	stim	2225557	0	1	20182	1	0	20000	hit	348
PH	100	Pulse	199	2230000	4443	NA
PH	100	Response	32	2238929	13372	0
PH	100	Pulse	199	2240000	14443	NA
PH	101	Picture	fix2	2245906	0	1	13844	1	0	next	other	0
PH	101	Pulse	199	2250000	4094	NA
PH	102	Picture	feedback	2259750	0	1	20182	1	0	20000	other	0
PH	102	Pulse	199	2260000	250	NA
PH	102	Pulse	199	2270000	10250	NA
PH	102	Pulse	199	2280000	20250	NA
PH	103	Picture	fix	2280266	0	1	30857	1	0	next	other	0
PH	103	Pulse	199	2290000	9734	NA
PH	103	Pulse	199	2300000	19734	NA
PH	103	Pulse	199	2310000	29734	NA
PH	104	Picture	stim	2311123	0	1	20182	1	0	20000	hit	362
PH	104	Pulse	199	2320000	8877	NA
PH	104	Response	32	2324689	13566	0
PH	104	Pulse	199	2330000	18877	NA
PH	105	Picture	fix2	2331639	0	1	11509	1	0	next	other	0
PH	105	Pulse	199	2340000	8361	NA
PH	106	Picture	feedback	2343148	0	1	20182	1	0	20000	other	0
PH	106	Pulse	199	2350000	6852	NA
PH	106	Pulse	199	2360000	16852	NA
PH	107	Picture	fix	2363664	0	1	27855	1	0	next	other	0
PH	107	Pulse	199	2370000	6336	NA
PH	107	Pulse	199	2380000	16336	NA
PH	107	Pulse	199	2390000	26336	NA
PH	108	Picture	stim	2391519	0	1	20850	1	0	20000	hit	375
PH	108	Pulse	199	2400000	8481	NA
PH	108	Response	16	2406369	14850	0
PH	108	Pulse	199	2410000	18481	NA
PH	109	Picture	fix2	2412702	0	1	13844	1	0	next	other	0
PH	109	Pulse	199	2420000	7298	NA
PH	110	Picture	feedback	2426546	0	1	20182	1	0	20000	other	0
PH	110	Pulse	199	2430000	3454	NA
PH	110	Pulse	199	2440000	13454	NA
PH	111	Picture	fix	2447062	0	1	31024	1	0	next	other	0
PH	111	Pulse	199	2450000	2938	NA
PH	111	Pulse	199	2460000	12938	NA
PH	111	Pulse	199	2470000	22938	NA
PH	112	Picture	stim	2478086	0	1	20683	1	0	20000	hit	389
PH	112	Pulse	199	2480000	1914	NA
PH	112	Pulse	199	2490000	11914	NA
PH	112	Response	16	2491249	13163	0
PH	113	Picture	fix2	2499103	0	1	16346	1	0	next	other	0
PH	113	Pulse	199	2500000	897	NA
PH	113	Pulse	199	2510000	10897	NA
PH	114	Picture	feedback	2515449	0	1	20516	1	0	20000	other	0
PH	114	Pulse	199	2520000	4551	NA
PH	114	Pulse	199	2530000	14551	NA
PH	115	Picture	fix	2536298	0	1	27355	1	0	next	other	0
PH	115	Pulse	199	2540000	3702	NA
PH	115	Pulse	199	2550000	13702	NA
PH	115	Pulse	199	2560000	23702	NA
PH	116	Picture	stim	2563653	0	1	20182	1	0	20000	hit	402
PH	116	Pulse	199	2570000	6347	NA
PH	116	Response	32	2579329	15676	0
PH	116	Pulse	199	2580000	16347	NA
PH	117	Picture	fix2	2584002	0	1	22851	1	0	next	other	0
PH	117	Pulse	199	2590000	5998	NA
PH	117	Pulse	199	2600000	15998	NA
PH	118	Picture	feedback	2606853	0	1	20182	1	0	20000	other	0
PH	118	Pulse	199	2610000	3147	NA
PH	118	Pulse	199	2620000	13147	NA
PH	119	Picture	fix	2627369	0	1	33860	1	0	next	other	0
PH	119	Pulse	199	2630000	2631	NA
PH	119	Pulse	199	2640000	12631	NA
PH	119	Pulse	199	2650000	22631	NA
PH	119	Pulse	199	2660000	32631	NA
PH	120	Picture	stim	2661229	0	1	20349	1	0	20000	hit	418
PH	120	Pulse	199	2670000	8771	NA
PH	120	Pulse	199	2680000	18771	NA
PH	120	Response	16	2681410	20181	0
PH	121	Picture	fix2	2681912	0	1	9674	1	0	next	other	0
PH	121	Pulse	199	2690000	8088	NA
PH	122	Picture	feedback	2691586	0	1	20182	1	0	20000	other	0
PH	122	Pulse	199	2700000	8414	NA
PH	122	Pulse	199	2710000	18414	NA
PH	123	Picture	fix	2712268	0	1	31024	1	0	next	other	0
PH	123	Pulse	199	2720000	7732	NA
PH	123	Pulse	199	2730000	17732	NA
PH	123	Pulse	199	2740000	27732	NA
PH	124	Picture	stim	2743293	0	1	20182	1	0	20000	hit	430
PH	124	Pulse	199	2750000	6707	NA
PH	124	Response	16	2759571	16278	0
PH	124	Pulse	199	2760000	16707	NA
PH	125	Picture	fix2	2763642	0	1	20182	1	0	next	other	0
PH	125	Pulse	199	2770000	6358	NA
PH	125	Pulse	199	2780000	16358	NA
PH	126	Picture	feedback	2783824	0	1	20182	1	0	20000	other	0
PH	126	Pulse	199	2790000	6176	NA
PH	126	Pulse	199	2800000	16176	NA
PH	127	Picture	fix	2804340	0	1	35861	1	0	next	other	0
PH	127	Pulse	199	2810000	5660	NA
PH	127	Pulse	199	2820000	15660	NA
PH	127	Pulse	199	2830000	25660	NA
PH	127	Pulse	199	2840000	35660	NA
PH	128	Picture	stim	2840201	0	1	20182	1	0	20000	hit	445
PH	128	Pulse	199	2850000	9799	NA
PH	128	Response	32	2851730	11529	0
PH	128	Pulse	199	2860000	19799	NA
PH	129	Picture	fix2	2860550	0	1	16680	1	0	next	other	0
PH	129	Pulse	199	2870000	9450	NA
PH	130	Picture	feedback	2877230	0	1	20182	1	0	20000	other	0
PH	130	Pulse	199	2880000	2770	NA
PH	130	Pulse	199	2890000	12770	NA
