Scenario - FeedbacklearningMRI_GFG.sce
Logfile written - 02/21/2019 17:24:35

Subject	Trial	Event Type	Code	Time	TTime	Uncertainty	Duration	Uncertainty	ReqTime	ReqDur	Stim Type	Pair Index

Sarah	0	Pulse	199	0	0	NA
Sarah	0	Pulse	199	10000	10000	NA
Sarah	1	Pulse	199	20000	7498	NA
Sarah	1	Pulse	199	30000	17498	NA
Sarah	1	Pulse	199	40000	27498	NA
Sarah	1	Pulse	199	50000	37498	NA
Sarah	1	Pulse	199	60000	47498	NA
Sarah	1	Pulse	199	70000	57498	NA
Sarah	1	Pulse	199	80000	67498	NA
Sarah	1	Pulse	199	90000	77498	NA
Sarah	1	Pulse	199	100000	87498	NA
Sarah	1	Pulse	199	110000	97498	NA
Sarah	1	Pulse	199	120000	107498	NA
Sarah	1	Pulse	199	130000	117498	NA
Sarah	1	Pulse	199	140000	127498	NA
Sarah	1	Pulse	199	150000	137498	NA
Sarah	1	Pulse	199	160000	147498	NA
Sarah	1	Pulse	199	170000	157498	NA
Sarah	1	Pulse	199	180000	167498	NA
Sarah	1	Pulse	199	190000	177498	NA
Sarah	1	Pulse	199	200000	187498	NA
Sarah	1	Pulse	199	210000	197498	NA
Sarah	1	Pulse	199	220000	207498	NA
Sarah	1	Pulse	199	230000	217498	NA
Sarah	1	Pulse	199	240000	227498	NA
Sarah	1	Pulse	199	250000	237498	NA
Sarah	1	Pulse	199	260000	247498	NA
Sarah	1	Pulse	199	270000	257498	NA
Sarah	1	Pulse	199	280000	267498	NA
Sarah	1	Pulse	199	290000	277498	NA
Sarah	1	Pulse	199	300000	287498	NA
Sarah	1	Pulse	199	310000	297498	NA
Sarah	1	Pulse	199	320000	307498	NA
Sarah	1	Pulse	199	330000	317498	NA
Sarah	1	Response	16	336489	323987	0
Sarah	2	Pulse	199	340000	3504	NA
Sarah	2	Pulse	199	350000	13504	NA
Sarah	2	Pulse	199	360000	23504	NA
Sarah	2	Pulse	199	370000	33504	NA
Sarah	2	Pulse	199	380000	43504	NA
Sarah	2	Response	16	382090	45595	0
Sarah	3	Picture	fix	387293	0	1	29189	1	0	next	other	0
Sarah	3	Pulse	199	390000	2707	NA
Sarah	3	Pulse	199	400000	12707	NA
Sarah	3	Pulse	199	410000	22707	NA
Sarah	4	Picture	stim	416483	0	1	20182	1	0	20000	incorrect	49
Sarah	4	Pulse	199	420000	3518	NA
Sarah	4	Pulse	199	430000	13518	NA
Sarah	4	Response	32	433610	17127	0
Sarah	5	Picture	fix2	436832	0	1	8840	1	0	next	other	0
Sarah	5	Pulse	199	440000	3168	NA
Sarah	6	Picture	feedback	445672	0	1	20349	1	0	20000	other	0
Sarah	6	Pulse	199	450000	4328	NA
Sarah	6	Pulse	199	460000	14328	NA
Sarah	7	Picture	fix	466188	0	1	11009	1	0	next	other	0
Sarah	7	Pulse	199	470000	3812	NA
Sarah	8	Picture	stim	477196	0	1	20182	1	0	20000	hit	60
Sarah	8	Pulse	199	480000	2804	NA
Sarah	8	Pulse	199	490000	12804	NA
Sarah	8	Response	32	492569	15372	0
Sarah	9	Picture	fix2	497546	0	1	12510	1	0	next	other	0
Sarah	9	Pulse	199	500000	2454	NA
Sarah	9	Pulse	199	510000	12454	NA
Sarah	10	Picture	feedback	510055	0	1	20182	1	0	20000	other	0
Sarah	10	Pulse	199	520000	9945	NA
Sarah	10	Pulse	199	530000	19945	NA
Sarah	11	Picture	fix	530571	0	1	19682	1	0	next	other	0
Sarah	11	Pulse	199	540000	9429	NA
Sarah	11	Pulse	199	550000	19429	NA
Sarah	12	Picture	stim	550253	0	1	20182	1	0	20000	hit	72
Sarah	12	Pulse	199	560000	9747	NA
Sarah	12	Response	16	564250	13997	0
Sarah	12	Pulse	199	570000	19747	NA
Sarah	13	Picture	fix2	571103	0	1	10842	1	0	next	other	0
Sarah	13	Pulse	199	580000	8897	NA
Sarah	14	Picture	feedback	581944	0	1	20182	1	0	20000	other	0
Sarah	14	Pulse	199	590000	8056	NA
Sarah	14	Pulse	199	600000	18056	NA
Sarah	15	Picture	fix	602460	0	1	9507	1	0	next	other	0
Sarah	15	Pulse	199	610000	7540	NA
Sarah	16	Picture	stim	611968	0	1	20182	1	0	20000	hit	83
Sarah	16	Pulse	199	620000	8032	NA
Sarah	16	Response	16	627530	15563	0
Sarah	16	Pulse	199	630000	18032	NA
Sarah	17	Picture	fix2	632317	0	1	20349	1	0	next	other	0
Sarah	17	Pulse	199	640000	7683	NA
Sarah	17	Pulse	199	650000	17683	NA
Sarah	18	Picture	feedback	652666	0	1	20182	1	0	20000	other	0
Sarah	18	Pulse	199	660000	7334	NA
Sarah	18	Pulse	199	670000	17334	NA
Sarah	19	Picture	fix	673349	0	1	24352	1	0	next	other	0
Sarah	19	Pulse	199	680000	6651	NA
Sarah	19	Pulse	199	690000	16651	NA
Sarah	20	Picture	stim	697701	0	1	20182	1	0	20000	hit	97
Sarah	20	Pulse	199	700000	2299	NA
Sarah	20	Pulse	199	710000	12299	NA
Sarah	20	Response	32	710811	13109	0
Sarah	21	Picture	fix2	718384	0	1	11175	1	0	next	other	0
Sarah	21	Pulse	199	720000	1616	NA
Sarah	22	Picture	feedback	729559	0	1	20182	1	0	20000	other	0
Sarah	22	Pulse	199	730000	441	NA
Sarah	22	Pulse	199	740000	10441	NA
Sarah	22	Pulse	199	750000	20441	NA
Sarah	23	Picture	fix	750075	0	1	19348	1	0	next	other	0
Sarah	23	Pulse	199	760000	9925	NA
Sarah	24	Picture	stim	769424	0	1	20182	1	0	20000	hit	109
Sarah	24	Pulse	199	770000	576	NA
Sarah	24	Pulse	199	780000	10576	NA
Sarah	24	Response	32	786810	17387	0
Sarah	25	Picture	fix2	789773	0	1	15178	1	0	next	other	0
Sarah	25	Pulse	199	790000	227	NA
Sarah	25	Pulse	199	800000	10227	NA
Sarah	26	Picture	feedback	804951	0	1	20182	1	0	20000	other	0
Sarah	26	Pulse	199	810000	5049	NA
Sarah	26	Pulse	199	820000	15049	NA
Sarah	27	Picture	fix	825467	0	1	17514	1	0	next	other	0
Sarah	27	Pulse	199	830000	4533	NA
Sarah	27	Pulse	199	840000	14533	NA
Sarah	28	Picture	stim	842981	0	1	20182	1	0	20000	hit	121
Sarah	28	Pulse	199	850000	7019	NA
Sarah	28	Response	32	855770	12789	0
Sarah	28	Pulse	199	860000	17019	NA
Sarah	29	Picture	fix2	863249	0	125	10922	125	0	next	other	0
Sarah	29	Pulse	199	870000	6751	NA
Sarah	30	Picture	feedback	874172	0	1	20015	409	0	20000	other	0
Sarah	30	Pulse	199	880000	5828	NA
Sarah	30	Pulse	199	890000	15828	NA
Sarah	31	Picture	fix	894855	0	1	10508	1	0	next	other	0
Sarah	31	Pulse	199	900000	5145	NA
Sarah	32	Picture	stim	905363	0	1	20182	1	0	20000	hit	132
Sarah	32	Pulse	199	910000	4637	NA
Sarah	32	Response	32	916330	10967	0
Sarah	32	Pulse	199	920000	14637	NA
Sarah	33	Picture	fix2	925712	0	1	16846	1	0	next	other	0
Sarah	33	Pulse	199	930000	4288	NA
Sarah	33	Pulse	199	940000	14288	NA
Sarah	34	Picture	feedback	942558	0	1	20182	1	0	20000	other	0
Sarah	34	Pulse	199	950000	7442	NA
Sarah	34	Pulse	199	960000	17442	NA
Sarah	35	Picture	fix	962907	0	1	20683	1	0	next	other	0
Sarah	35	Pulse	199	970000	7093	NA
Sarah	35	Pulse	199	980000	17093	NA
Sarah	36	Picture	stim	983590	0	1	20182	1	0	20000	hit	145
Sarah	36	Pulse	199	990000	6410	NA
Sarah	36	Response	16	992490	8900	0
Sarah	36	Pulse	199	1000000	16410	NA
Sarah	37	Picture	fix2	1004273	0	1	13677	1	0	next	other	0
Sarah	37	Pulse	199	1010000	5727	NA
Sarah	38	Picture	feedback	1017950	0	1	20182	1	0	20000	other	0
Sarah	38	Pulse	199	1020000	2050	NA
Sarah	38	Pulse	199	1030000	12050	NA
Sarah	39	Picture	fix	1038466	0	1	27021	1	0	next	other	0
Sarah	39	Pulse	199	1040000	1534	NA
Sarah	39	Pulse	199	1050000	11534	NA
Sarah	39	Pulse	199	1060000	21534	NA
Sarah	40	Picture	stim	1065487	0	1	20183	2	0	20000	hit	158
Sarah	40	Pulse	199	1070000	4513	NA
Sarah	40	Response	32	1076570	11083	0
Sarah	40	Pulse	199	1080000	14513	NA
Sarah	41	Picture	fix2	1085836	0	1	14009	2	0	next	other	0
Sarah	41	Pulse	199	1090000	4164	NA
Sarah	42	Picture	feedback	1099846	0	2	20184	3	0	20000	other	0
Sarah	42	Pulse	199	1100000	154	NA
Sarah	42	Pulse	199	1110000	10154	NA
Sarah	42	Pulse	199	1120000	20154	NA
Sarah	43	Picture	fix	1120363	0	1	27355	1	0	next	other	0
Sarah	43	Pulse	199	1130000	9637	NA
Sarah	43	Pulse	199	1140000	19637	NA
Sarah	44	Picture	stim	1147718	0	1	20182	1	0	20000	hit	171
Sarah	44	Pulse	199	1150000	2282	NA
Sarah	44	Response	32	1159530	11813	0
Sarah	44	Pulse	199	1160000	12282	NA
Sarah	45	Picture	fix2	1168066	0	2	19182	2	0	next	other	0
Sarah	45	Pulse	199	1170000	1934	NA
Sarah	45	Pulse	199	1180000	11934	NA
Sarah	46	Picture	feedback	1187248	0	1	19939	448	0	20000	other	0
Sarah	46	Pulse	199	1190000	2752	NA
Sarah	46	Pulse	199	1200000	12752	NA
Sarah	47	Picture	fix	1207931	0	1	24851	419	0	next	other	0
Sarah	47	Pulse	199	1210000	2069	NA
Sarah	47	Pulse	199	1220000	12069	NA
Sarah	47	Pulse	199	1230000	22069	NA
Sarah	48	Picture	stim	1232783	0	419	20183	420	0	20000	hit	185
Sarah	48	Pulse	199	1240000	7217	NA
Sarah	48	Response	16	1244810	12028	0
Sarah	48	Pulse	199	1250000	17217	NA
Sarah	49	Picture	fix2	1253133	0	1	17846	3	0	next	other	0
Sarah	49	Pulse	199	1260000	6867	NA
Sarah	49	Pulse	199	1270000	16867	NA
Sarah	50	Picture	feedback	1270979	0	2	20183	3	0	20000	other	0
Sarah	50	Pulse	199	1280000	9021	NA
Sarah	50	Pulse	199	1290000	19021	NA
Sarah	51	Picture	fix	1291496	0	1	16845	2	0	next	other	0
Sarah	51	Pulse	199	1300000	8504	NA
Sarah	52	Picture	stim	1308341	0	2	20184	2	0	20000	hit	198
Sarah	52	Pulse	199	1310000	1659	NA
Sarah	52	Pulse	199	1320000	11659	NA
Sarah	52	Response	16	1321049	12708	0
Sarah	53	Picture	fix2	1328692	0	1	15012	1	0	next	other	0
Sarah	53	Pulse	199	1330000	1308	NA
Sarah	53	Pulse	199	1340000	11308	NA
Sarah	54	Picture	feedback	1343703	0	1	20182	1	0	20000	other	0
Sarah	54	Pulse	199	1350000	6297	NA
Sarah	54	Pulse	199	1360000	16297	NA
Sarah	55	Picture	fix	1364219	0	1	21183	1	0	next	other	0
Sarah	55	Pulse	199	1370000	5781	NA
Sarah	55	Pulse	199	1380000	15781	NA
Sarah	56	Picture	stim	1385402	0	1	20183	2	0	20000	hit	210
Sarah	56	Pulse	199	1390000	4598	NA
Sarah	56	Response	16	1394411	9009	0
Sarah	56	Pulse	199	1400000	14598	NA
Sarah	57	Picture	fix2	1405752	0	1	16012	1	0	next	other	0
Sarah	57	Pulse	199	1410000	4248	NA
Sarah	57	Pulse	199	1420000	14248	NA
Sarah	58	Picture	feedback	1421764	0	1	20182	1	0	20000	other	0
Sarah	58	Pulse	199	1430000	8236	NA
Sarah	58	Pulse	199	1440000	18236	NA
Sarah	59	Picture	fix	1442280	0	1	22684	1	0	next	other	0
Sarah	59	Pulse	199	1450000	7720	NA
Sarah	59	Pulse	199	1460000	17720	NA
Sarah	60	Picture	stim	1464964	0	1	20182	1	0	20000	hit	223
Sarah	60	Pulse	199	1470000	5036	NA
Sarah	60	Response	16	1473372	8408	0
Sarah	60	Pulse	199	1480000	15036	NA
Sarah	61	Picture	fix2	1485314	0	1	8340	1	0	next	other	0
Sarah	61	Pulse	199	1490000	4686	NA
Sarah	62	Picture	feedback	1493653	0	1	20349	1	0	20000	other	0
Sarah	62	Pulse	199	1500000	6347	NA
Sarah	62	Pulse	199	1510000	16347	NA
Sarah	63	Picture	fix	1514336	0	1	15679	1	0	next	other	0
Sarah	63	Pulse	199	1520000	5664	NA
Sarah	63	Pulse	199	1530000	15664	NA
Sarah	64	Picture	stim	1530015	0	1	20182	1	0	20000	hit	235
Sarah	64	Pulse	199	1540000	9985	NA
Sarah	64	Response	32	1540492	10477	0
Sarah	64	Pulse	199	1550000	19985	NA
Sarah	65	Picture	fix2	1550364	0	1	12843	1	0	next	other	0
Sarah	65	Pulse	199	1560000	9636	NA
Sarah	66	Picture	feedback	1563207	0	1	20516	1	0	20000	other	0
Sarah	66	Pulse	199	1570000	6793	NA
Sarah	66	Pulse	199	1580000	16793	NA
Sarah	67	Picture	fix	1584057	0	1	16012	1	0	next	other	0
Sarah	67	Pulse	199	1590000	5943	NA
Sarah	67	Pulse	199	1600000	15943	NA
Sarah	68	Picture	stim	1600069	0	1	20516	1	0	20000	hit	246
Sarah	68	Response	32	1609851	9782	0
Sarah	68	Pulse	199	1610000	9931	NA
Sarah	68	Pulse	199	1620000	19931	NA
Sarah	69	Picture	fix2	1620919	0	1	19515	1	0	next	other	0
Sarah	69	Pulse	199	1630000	9081	NA
Sarah	69	Pulse	199	1640000	19081	NA
Sarah	70	Picture	feedback	1640434	0	1	20182	1	0	20000	other	0
Sarah	70	Pulse	199	1650000	9566	NA
Sarah	70	Pulse	199	1660000	19566	NA
Sarah	71	Picture	fix	1660783	0	1	11175	1	0	next	other	0
Sarah	71	Pulse	199	1670000	9217	NA
Sarah	72	Picture	stim	1671959	0	1	20182	1	0	20000	hit	259
Sarah	72	Pulse	199	1680000	8041	NA
Sarah	72	Response	16	1683211	11252	0
Sarah	72	Pulse	199	1690000	18041	NA
Sarah	73	Picture	fix2	1692808	0	1	17347	1	0	next	other	0
Sarah	73	Pulse	199	1700000	7192	NA
Sarah	73	Pulse	199	1710000	17192	NA
Sarah	74	Picture	feedback	1710155	0	1	20182	1	0	20000	other	0
Sarah	74	Pulse	199	1720000	9845	NA
Sarah	74	Pulse	199	1730000	19845	NA
Sarah	75	Picture	fix	1730671	0	1	18014	1	0	next	other	0
Sarah	75	Pulse	199	1740000	9329	NA
Sarah	76	Picture	stim	1748685	0	1	20516	1	0	20000	hit	271
Sarah	76	Pulse	199	1750000	1315	NA
Sarah	76	Response	16	1758253	9568	0
Sarah	76	Pulse	199	1760000	11315	NA
Sarah	77	Picture	fix2	1769535	0	1	23518	1	0	next	other	0
Sarah	77	Pulse	199	1770000	465	NA
Sarah	77	Pulse	199	1780000	10465	NA
Sarah	77	Pulse	199	1790000	20465	NA
Sarah	78	Picture	feedback	1793053	0	1	20349	1	0	20000	other	0
Sarah	78	Pulse	199	1800000	6947	NA
Sarah	78	Pulse	199	1810000	16947	NA
Sarah	79	Picture	fix	1813569	0	1	17347	1	0	next	other	0
Sarah	79	Pulse	199	1820000	6431	NA
Sarah	79	Pulse	199	1830000	16431	NA
Sarah	80	Picture	stim	1830916	0	1	20182	1	0	20000	hit	285
Sarah	80	Pulse	199	1840000	9085	NA
Sarah	80	Response	32	1840492	9576	0
Sarah	80	Pulse	199	1850000	19085	NA
Sarah	81	Picture	fix2	1851265	0	1	8673	1	0	next	other	0
Sarah	82	Picture	feedback	1859938	0	1	20182	1	0	20000	other	0
Sarah	82	Pulse	199	1860000	62	NA
Sarah	82	Pulse	199	1870000	10062	NA
Sarah	82	Pulse	199	1880000	20062	NA
Sarah	83	Picture	fix	1880454	0	1	21016	1	0	next	other	0
Sarah	83	Pulse	199	1890000	9546	NA
Sarah	83	Pulse	199	1900000	19546	NA
Sarah	84	Picture	stim	1901470	0	1	21016	1	0	20000	hit	296
Sarah	84	Response	16	1909613	8142	0
Sarah	84	Pulse	199	1910000	8530	NA
Sarah	84	Pulse	199	1920000	18530	NA
Sarah	85	Picture	fix2	1922820	0	1	14511	1	0	next	other	0
Sarah	85	Pulse	199	1930000	7180	NA
Sarah	86	Picture	feedback	1937332	0	1	20182	1	0	20000	other	0
Sarah	86	Pulse	199	1940000	2668	NA
Sarah	86	Pulse	199	1950000	12668	NA
Sarah	87	Picture	fix	1958014	0	1	20683	1	0	next	other	0
Sarah	87	Pulse	199	1960000	1986	NA
Sarah	87	Pulse	199	1970000	11986	NA
Sarah	88	Picture	stim	1978697	0	1	20349	1	0	20000	hit	309
Sarah	88	Pulse	199	1980000	1303	NA
Sarah	88	Response	16	1986732	8035	0
Sarah	88	Pulse	199	1990000	11303	NA
Sarah	89	Picture	fix2	1999213	0	1	14511	1	0	next	other	0
Sarah	89	Pulse	199	2000000	787	NA
Sarah	89	Pulse	199	2010000	10787	NA
Sarah	90	Picture	feedback	2013724	0	1	20182	1	0	20000	other	0
Sarah	90	Pulse	199	2020000	6276	NA
Sarah	90	Pulse	199	2030000	16276	NA
Sarah	91	Picture	fix	2034407	0	1	33026	1	0	next	other	0
Sarah	91	Pulse	199	2040000	5593	NA
Sarah	91	Pulse	199	2050000	15593	NA
Sarah	91	Pulse	199	2060000	25593	NA
Sarah	92	Picture	stim	2067433	0	1	20349	1	0	20000	hit	323
Sarah	92	Pulse	199	2070000	2567	NA
Sarah	92	Response	16	2074572	7139	0
Sarah	92	Pulse	199	2080000	12567	NA
Sarah	93	Picture	fix2	2088116	0	1	12176	1	0	next	other	0
Sarah	93	Pulse	199	2090000	1884	NA
Sarah	93	Pulse	199	2100000	11884	NA
Sarah	94	Picture	feedback	2100292	0	1	20182	1	0	20000	other	0
Sarah	94	Pulse	199	2110000	9708	NA
Sarah	94	Pulse	199	2120000	19708	NA
Sarah	95	Picture	fix	2120641	0	1	19515	1	0	next	other	0
Sarah	95	Pulse	199	2130000	9359	NA
Sarah	95	Pulse	199	2140000	19359	NA
Sarah	96	Picture	stim	2140156	0	1	20349	1	0	20000	hit	335
Sarah	96	Response	32	2149054	8898	0
Sarah	96	Pulse	199	2150000	9844	NA
Sarah	96	Pulse	199	2160000	19844	NA
Sarah	97	Picture	fix2	2160672	0	1	22017	1	0	next	other	0
Sarah	97	Pulse	199	2170000	9328	NA
Sarah	97	Pulse	199	2180000	19328	NA
Sarah	98	Picture	feedback	2182689	0	1	20182	1	0	20000	other	0
Sarah	98	Pulse	199	2190000	7311	NA
Sarah	98	Pulse	199	2200000	17311	NA
Sarah	99	Picture	fix	2203372	0	1	14178	1	0	next	other	0
Sarah	99	Pulse	199	2210000	6628	NA
Sarah	100	Picture	stim	2217550	0	1	20349	1	0	20000	hit	348
Sarah	100	Pulse	199	2220000	2450	NA
Sarah	100	Response	16	2227772	10223	0
Sarah	100	Pulse	199	2230000	12450	NA
Sarah	101	Picture	fix2	2238065	0	1	21850	1	0	next	other	0
Sarah	101	Pulse	199	2240000	1935	NA
Sarah	101	Pulse	199	2250000	11935	NA
Sarah	102	Picture	feedback	2259916	0	1	20182	1	0	20000	other	0
Sarah	102	Pulse	199	2260000	84	NA
Sarah	102	Pulse	199	2270000	10084	NA
Sarah	102	Pulse	199	2280000	20084	NA
Sarah	103	Picture	fix	2280265	0	1	15012	1	0	next	other	0
Sarah	103	Pulse	199	2290000	9735	NA
Sarah	104	Picture	stim	2295277	0	1	20182	1	0	20000	hit	361
Sarah	104	Pulse	199	2300000	4723	NA
Sarah	104	Response	32	2304413	9137	0
Sarah	104	Pulse	199	2310000	14723	NA
Sarah	105	Picture	fix2	2315793	0	1	17180	1	0	next	other	0
Sarah	105	Pulse	199	2320000	4207	NA
Sarah	105	Pulse	199	2330000	14207	NA
Sarah	106	Picture	feedback	2332973	0	1	20182	1	0	20000	other	0
Sarah	106	Pulse	199	2340000	7027	NA
Sarah	106	Pulse	199	2350000	17027	NA
Sarah	107	Picture	fix	2353489	0	1	23852	1	0	next	other	0
Sarah	107	Pulse	199	2360000	6511	NA
Sarah	107	Pulse	199	2370000	16511	NA
Sarah	108	Picture	stim	2377341	0	1	20182	1	0	20000	hit	374
Sarah	108	Pulse	199	2380000	2660	NA
Sarah	108	Response	16	2389373	12032	0
Sarah	108	Pulse	199	2390000	12660	NA
Sarah	109	Picture	fix2	2398023	0	1	14344	1	0	next	other	0
Sarah	109	Pulse	199	2400000	1977	NA
Sarah	109	Pulse	199	2410000	11977	NA
Sarah	110	Picture	feedback	2412368	0	1	20182	1	0	20000	other	0
Sarah	110	Pulse	199	2420000	7632	NA
Sarah	110	Pulse	199	2430000	17632	NA
Sarah	111	Picture	fix	2432717	0	1	23852	1	0	next	other	0
Sarah	111	Pulse	199	2440000	7283	NA
Sarah	111	Pulse	199	2450000	17283	NA
Sarah	112	Picture	stim	2456569	0	1	20182	1	0	20000	hit	387
Sarah	112	Pulse	199	2460000	3431	NA
Sarah	112	Response	32	2466495	9926	0
Sarah	112	Pulse	199	2470000	13431	NA
Sarah	113	Picture	fix2	2476918	0	1	5504	1	0	next	other	0
Sarah	113	Pulse	199	2480000	3082	NA
Sarah	114	Picture	feedback	2482422	0	1	20516	1	0	20000	other	0
Sarah	114	Pulse	199	2490000	7578	NA
Sarah	114	Pulse	199	2500000	17578	NA
Sarah	115	Picture	fix	2503272	0	1	14511	1	0	next	other	0
Sarah	115	Pulse	199	2510000	6728	NA
Sarah	116	Picture	stim	2517783	0	1	20182	1	0	20000	hit	399
Sarah	116	Pulse	199	2520000	2217	NA
Sarah	116	Pulse	199	2530000	12217	NA
Sarah	116	Response	32	2532412	14629	0
Sarah	117	Picture	fix2	2538132	0	1	9507	1	0	next	other	0
Sarah	117	Pulse	199	2540000	1868	NA
Sarah	118	Picture	feedback	2547640	0	1	20182	1	0	20000	other	0
Sarah	118	Pulse	199	2550000	2361	NA
Sarah	118	Pulse	199	2560000	12361	NA
Sarah	119	Picture	fix	2568155	0	1	22184	1	0	next	other	0
Sarah	119	Pulse	199	2570000	1845	NA
Sarah	119	Pulse	199	2580000	11845	NA
Sarah	119	Pulse	199	2590000	21845	NA
Sarah	120	Picture	stim	2590339	0	1	20349	1	0	20000	hit	410
Sarah	120	Response	32	2598973	8634	0
Sarah	120	Pulse	199	2600000	9661	NA
Sarah	120	Pulse	199	2610000	19661	NA
Sarah	121	Picture	fix2	2610855	0	1	16680	1	0	next	other	0
Sarah	121	Pulse	199	2620000	9145	NA
Sarah	122	Picture	feedback	2627535	0	1	20182	1	0	20000	other	0
Sarah	122	Pulse	199	2630000	2465	NA
Sarah	122	Pulse	199	2640000	12465	NA
