Scenario - FeedLearn_MRI_5x8_fullRand.sce
Logfile written - 04/29/2019 18:55:19

Subject	Trial	Event Type	Code	Time	TTime	Uncertainty	Duration	Uncertainty	ReqTime	ReqDur	Stim Type	Pair Index

03_yao	0	Pulse	199	0	0	NA
03_yao	0	Pulse	199	10000	10000	NA
03_yao	1	Pulse	199	20000	9667	NA
03_yao	1	Response	16	26742	16409	0
03_yao	2	Pulse	199	30000	3230	NA
03_yao	2	Pulse	199	40000	13230	NA
03_yao	2	Pulse	199	50000	23230	NA
03_yao	2	Pulse	199	60000	33230	NA
03_yao	2	Pulse	199	70000	43230	NA
03_yao	3	Picture	fix	77677	0	1	42172	1	0	next	other	0
03_yao	3	Pulse	199	80000	2323	NA
03_yao	3	Pulse	199	90000	12323	NA
03_yao	3	Pulse	199	100000	22323	NA
03_yao	3	Pulse	199	110000	32323	NA
03_yao	5	Picture	stim	119849	0	1	20170	1	0	20000	incorrect	18
03_yao	5	Pulse	199	120000	151	NA
03_yao	5	Pulse	199	130000	10151	NA
03_yao	5	Response	32	132246	12397	0
03_yao	5	Pulse	199	140000	20151	NA
03_yao	6	Picture	fix2	140186	0	1	17503	1	0	next	other	0
03_yao	6	Pulse	199	150000	9814	NA
03_yao	7	Picture	feedback	157688	0	1	20336	1	0	next	other	0
03_yao	7	Pulse	199	160000	2312	NA
03_yao	7	Pulse	199	170000	12312	NA
03_yao	8	Picture	fix	178025	0	1	23337	1	0	next	other	0
03_yao	8	Pulse	199	180000	1975	NA
03_yao	8	Pulse	199	190000	11975	NA
03_yao	8	Pulse	199	200000	21975	NA
03_yao	10	Picture	stim	201362	0	1	20170	1	0	20000	hit	31
03_yao	10	Pulse	199	210000	8638	NA
03_yao	10	Response	16	213350	11988	0
03_yao	10	Pulse	199	220000	18638	NA
03_yao	11	Picture	fix2	221698	0	1	20003	1	0	next	other	0
03_yao	11	Pulse	199	230000	8302	NA
03_yao	11	Pulse	199	240000	18302	NA
03_yao	12	Picture	feedback	241701	0	1	20336	1	0	next	other	0
03_yao	12	Pulse	199	250000	8299	NA
03_yao	12	Pulse	199	260000	18299	NA
03_yao	13	Picture	fix	262037	0	1	33839	1	0	next	other	0
03_yao	13	Pulse	199	270000	7963	NA
03_yao	13	Pulse	199	280000	17963	NA
03_yao	13	Pulse	199	290000	27963	NA
03_yao	15	Picture	stim	295876	0	1	20170	1	0	20000	hit	45
03_yao	15	Pulse	199	300000	4124	NA
03_yao	15	Response	16	307414	11539	0
03_yao	15	Pulse	199	310000	14124	NA
03_yao	16	Picture	fix2	316046	0	1	22673	1	0	next	other	0
03_yao	16	Pulse	199	320000	3954	NA
03_yao	16	Pulse	199	330000	13954	NA
03_yao	17	Picture	feedback	338718	0	1	20170	1	0	next	other	0
03_yao	17	Pulse	199	340000	1282	NA
03_yao	17	Pulse	199	350000	11282	NA
03_yao	18	Picture	fix	358888	0	1	33502	1	0	next	other	0
03_yao	18	Pulse	199	360000	1112	NA
03_yao	18	Pulse	199	370000	11112	NA
03_yao	18	Pulse	199	380000	21112	NA
03_yao	18	Pulse	199	390000	31112	NA
03_yao	20	Picture	stim	392390	0	1	20170	1	0	20000	miss	0
03_yao	20	Pulse	199	400000	7610	NA
03_yao	20	Pulse	199	410000	17610	NA
03_yao	21	Picture	fix2	412560	0	1	19836	1	0	next	other	0
03_yao	21	Response	32	417263	4703	0
03_yao	21	Pulse	199	420000	7440	NA
03_yao	21	Pulse	199	430000	17440	NA
03_yao	22	Picture	feedback	432397	0	1	20336	1	0	next	other	0
03_yao	22	Pulse	199	440000	7603	NA
03_yao	22	Pulse	199	450000	17603	NA
03_yao	23	Picture	fix	452733	0	1	25337	1	0	next	other	0
03_yao	23	Pulse	199	460000	7267	NA
03_yao	23	Pulse	199	470000	17267	NA
03_yao	25	Picture	stim	478070	0	1	20170	1	0	20000	hit	74
03_yao	25	Pulse	199	480000	1930	NA
03_yao	25	Pulse	199	490000	11930	NA
03_yao	25	Response	16	491799	13729	0
03_yao	26	Picture	fix2	498573	0	1	18336	1	0	next	other	0
03_yao	26	Pulse	199	500000	1427	NA
03_yao	26	Pulse	199	510000	11427	NA
03_yao	27	Picture	feedback	516909	0	1	20170	1	0	next	other	0
03_yao	27	Pulse	199	520000	3091	NA
03_yao	27	Pulse	199	530000	13091	NA
03_yao	28	Picture	fix	537079	0	1	30671	1	0	next	other	0
03_yao	28	Pulse	199	540000	2921	NA
03_yao	28	Pulse	199	550000	12921	NA
03_yao	28	Pulse	199	560000	22921	NA
03_yao	30	Picture	stim	567750	0	1	20170	1	0	20000	incorrect	88
03_yao	30	Pulse	199	570000	2250	NA
03_yao	30	Pulse	199	580000	12250	NA
03_yao	30	Response	32	580673	12922	0
03_yao	31	Picture	fix2	588087	0	1	16172	1	0	next	other	0
03_yao	31	Pulse	199	590000	1913	NA
03_yao	31	Pulse	199	600000	11913	NA
03_yao	32	Picture	feedback	604259	0	1	20334	1	0	next	other	0
03_yao	32	Pulse	199	610000	5741	NA
03_yao	32	Pulse	199	620000	15741	NA
03_yao	33	Picture	fix	624593	0	1	19002	1	0	next	other	0
03_yao	33	Pulse	199	630000	5407	NA
03_yao	33	Pulse	199	640000	15407	NA
03_yao	35	Picture	stim	643595	0	1	20170	1	0	20000	incorrect	100
03_yao	35	Pulse	199	650000	6405	NA
03_yao	35	Response	32	657612	14017	0
03_yao	35	Pulse	199	660000	16405	NA
03_yao	36	Picture	fix2	663765	0	1	23671	1	0	next	other	0
03_yao	36	Pulse	199	670000	6235	NA
03_yao	36	Pulse	199	680000	16235	NA
03_yao	37	Picture	feedback	687436	0	1	20169	1	0	next	other	0
03_yao	37	Pulse	199	690000	2564	NA
03_yao	37	Pulse	199	700000	12564	NA
03_yao	38	Picture	fix	707605	0	1	28838	1	0	next	other	0
03_yao	38	Pulse	199	710000	2395	NA
03_yao	38	Pulse	199	720000	12395	NA
03_yao	38	Pulse	199	730000	22395	NA
03_yao	40	Picture	stim	736443	0	1	20169	1	0	20000	hit	114
03_yao	40	Pulse	199	740000	3557	NA
03_yao	40	Response	16	749597	13154	0
03_yao	40	Pulse	199	750000	13557	NA
03_yao	41	Picture	fix2	756612	0	1	20336	1	0	next	other	0
03_yao	41	Pulse	199	760000	3388	NA
03_yao	41	Pulse	199	770000	13388	NA
03_yao	42	Picture	feedback	776949	0	1	20170	1	0	next	other	0
03_yao	42	Pulse	199	780000	3051	NA
03_yao	42	Pulse	199	790000	13051	NA
03_yao	43	Picture	fix	797119	0	1	28838	1	0	next	other	0
03_yao	43	Pulse	199	800000	2881	NA
03_yao	43	Pulse	199	810000	12881	NA
03_yao	43	Pulse	199	820000	22881	NA
03_yao	45	Picture	stim	825956	0	1	20170	1	0	20000	incorrect	128
03_yao	45	Pulse	199	830000	4044	NA
03_yao	45	Response	32	837101	11145	0
03_yao	45	Pulse	199	840000	14044	NA
03_yao	46	Picture	fix2	846126	0	1	13502	1	0	next	other	0
03_yao	46	Pulse	199	850000	3874	NA
03_yao	47	Picture	feedback	859628	0	1	20170	1	0	next	other	0
03_yao	47	Pulse	199	860000	372	NA
03_yao	47	Pulse	199	870000	10372	NA
03_yao	48	Picture	fix	879798	0	1	24670	1	0	next	other	0
03_yao	48	Pulse	199	880000	202	NA
03_yao	48	Pulse	199	890000	10202	NA
03_yao	48	Pulse	199	900000	20202	NA
03_yao	50	Picture	stim	904468	0	1	20170	1	0	20000	hit	141
03_yao	50	Pulse	199	910000	5532	NA
03_yao	50	Response	16	913888	9420	0
03_yao	50	Pulse	199	920000	15532	NA
03_yao	51	Picture	fix2	924638	0	1	23171	1	0	next	other	0
03_yao	51	Pulse	199	930000	5362	NA
03_yao	51	Pulse	199	940000	15362	NA
03_yao	52	Picture	feedback	947809	0	1	20169	1	0	next	other	0
03_yao	52	Pulse	199	950000	2191	NA
03_yao	52	Pulse	199	960000	12191	NA
03_yao	53	Picture	fix	967978	0	1	30505	1	0	next	other	0
03_yao	53	Pulse	199	970000	2022	NA
03_yao	53	Pulse	199	980000	12022	NA
03_yao	53	Pulse	199	990000	22022	NA
03_yao	55	Picture	stim	998482	0	1	20170	1	0	20000	incorrect	155
03_yao	55	Pulse	199	1000000	1518	NA
03_yao	55	Response	32	1009070	10587	0
03_yao	55	Pulse	199	1010000	11518	NA
03_yao	56	Picture	fix2	1018652	0	1	20003	1	0	next	other	0
03_yao	56	Pulse	199	1020000	1348	NA
03_yao	56	Pulse	199	1030000	11348	NA
03_yao	57	Picture	feedback	1038655	0	1	20170	1	0	next	other	0
03_yao	57	Pulse	199	1040000	1345	NA
03_yao	57	Pulse	199	1050000	11345	NA
03_yao	58	Picture	fix	1058825	0	1	24170	1	0	next	other	0
03_yao	58	Pulse	199	1060000	1175	NA
03_yao	58	Pulse	199	1070000	11175	NA
03_yao	58	Pulse	199	1080000	21175	NA
03_yao	60	Picture	stim	1082995	0	1	20170	1	0	20000	hit	169
03_yao	60	Pulse	199	1090000	7005	NA
03_yao	60	Response	16	1094010	11015	0
03_yao	60	Pulse	199	1100000	17005	NA
03_yao	61	Picture	fix2	1103165	0	1	22670	1	0	next	other	0
03_yao	61	Pulse	199	1110000	6835	NA
03_yao	61	Pulse	199	1120000	16835	NA
03_yao	62	Picture	feedback	1125835	0	1	20170	1	0	next	other	0
03_yao	62	Pulse	199	1130000	4165	NA
03_yao	62	Pulse	199	1140000	14165	NA
03_yao	63	Picture	fix	1146005	0	1	39506	1	0	next	other	0
03_yao	63	Pulse	199	1150000	3995	NA
03_yao	63	Pulse	199	1160000	13995	NA
03_yao	63	Pulse	199	1170000	23995	NA
03_yao	63	Pulse	199	1180000	33995	NA
03_yao	65	Picture	stim	1185511	0	1	20170	1	0	20000	incorrect	184
03_yao	65	Pulse	199	1190000	4489	NA
03_yao	65	Response	32	1196549	11038	0
03_yao	65	Pulse	199	1200000	14489	NA
03_yao	66	Picture	fix2	1205680	0	1	15169	1	0	next	other	0
03_yao	66	Pulse	199	1210000	4320	NA
03_yao	66	Pulse	199	1220000	14320	NA
03_yao	67	Picture	feedback	1220849	0	1	20170	1	0	next	other	0
03_yao	67	Pulse	199	1230000	9151	NA
03_yao	67	Pulse	199	1240000	19151	NA
03_yao	68	Picture	fix	1241019	0	1	22837	1	0	next	other	0
03_yao	68	Pulse	199	1250000	8981	NA
03_yao	68	Pulse	199	1260000	18981	NA
03_yao	70	Picture	stim	1263856	0	1	20170	1	0	20000	hit	197
03_yao	70	Pulse	199	1270000	6144	NA
03_yao	70	Response	16	1275180	11324	0
03_yao	70	Pulse	199	1280000	16144	NA
03_yao	71	Picture	fix2	1284026	0	1	25171	1	0	next	other	0
03_yao	71	Pulse	199	1290000	5974	NA
03_yao	71	Pulse	199	1300000	15974	NA
03_yao	72	Picture	feedback	1309196	0	1	20170	1	0	next	other	0
03_yao	72	Pulse	199	1310000	804	NA
03_yao	72	Pulse	199	1320000	10804	NA
03_yao	73	Picture	fix	1329366	0	1	21170	1	0	next	other	0
03_yao	73	Pulse	199	1330000	634	NA
03_yao	73	Pulse	199	1340000	10634	NA
03_yao	73	Pulse	199	1350000	20634	NA
03_yao	75	Picture	stim	1350536	0	1	20170	1	0	20000	hit	210
03_yao	75	Response	16	1359957	9421	0
03_yao	75	Pulse	199	1360000	9464	NA
03_yao	75	Pulse	199	1370000	19464	NA
03_yao	76	Picture	fix2	1370872	0	1	25837	1	0	next	other	0
03_yao	76	Pulse	199	1380000	9128	NA
03_yao	76	Pulse	199	1390000	19128	NA
03_yao	77	Picture	feedback	1396709	0	1	20170	1	0	next	other	0
03_yao	77	Pulse	199	1400000	3291	NA
03_yao	77	Pulse	199	1410000	13291	NA
03_yao	78	Picture	fix	1416879	0	1	31838	1	0	next	other	0
03_yao	78	Pulse	199	1420000	3121	NA
03_yao	78	Pulse	199	1430000	13121	NA
03_yao	78	Pulse	199	1440000	23121	NA
03_yao	80	Picture	stim	1448717	0	1	20170	1	0	20000	incorrect	226
03_yao	80	Pulse	199	1450000	1283	NA
03_yao	80	Pulse	199	1460000	11283	NA
03_yao	80	Response	32	1464261	15543	0
03_yao	81	Picture	fix2	1468887	0	1	23670	1	0	next	other	0
03_yao	81	Pulse	199	1470000	1113	NA
03_yao	81	Pulse	199	1480000	11113	NA
03_yao	81	Pulse	199	1490000	21113	NA
03_yao	82	Picture	feedback	1492557	0	1	20170	1	0	next	other	0
03_yao	82	Pulse	199	1500000	7443	NA
03_yao	82	Pulse	199	1510000	17443	NA
03_yao	83	Picture	fix	1512727	0	1	33005	1	0	next	other	0
03_yao	83	Pulse	199	1520000	7273	NA
03_yao	83	Pulse	199	1530000	17273	NA
03_yao	83	Pulse	199	1540000	27273	NA
03_yao	85	Picture	stim	1545732	0	1	20170	1	0	20000	incorrect	241
03_yao	85	Pulse	199	1550000	4268	NA
03_yao	85	Pulse	199	1560000	14268	NA
03_yao	85	Response	32	1561443	15710	0
03_yao	86	Picture	fix2	1565902	0	1	21837	1	0	next	other	0
03_yao	86	Pulse	199	1570000	4098	NA
03_yao	86	Pulse	199	1580000	14098	NA
03_yao	87	Picture	feedback	1587738	0	1	20170	1	0	next	other	0
03_yao	87	Pulse	199	1590000	2262	NA
03_yao	87	Pulse	199	1600000	12262	NA
03_yao	88	Picture	fix	1607908	0	1	32838	1	0	next	other	0
03_yao	88	Pulse	199	1610000	2092	NA
03_yao	88	Pulse	199	1620000	12092	NA
03_yao	88	Pulse	199	1630000	22092	NA
03_yao	88	Pulse	199	1640000	32092	NA
03_yao	90	Picture	stim	1640746	0	1	20170	1	0	20000	hit	255
03_yao	90	Pulse	199	1650000	9254	NA
03_yao	90	Response	16	1659920	19173	0
03_yao	90	Pulse	199	1660000	19254	NA
03_yao	91	Picture	fix2	1661083	0	1	18670	1	0	next	other	0
03_yao	91	Pulse	199	1670000	8917	NA
03_yao	92	Picture	feedback	1679752	0	1	20170	1	0	next	other	0
03_yao	92	Pulse	199	1680000	248	NA
03_yao	92	Pulse	199	1690000	10248	NA
03_yao	93	Picture	fix	1699922	0	1	35839	1	0	next	other	0
03_yao	93	Pulse	199	1700000	78	NA
03_yao	93	Pulse	199	1710000	10078	NA
03_yao	93	Pulse	199	1720000	20078	NA
03_yao	93	Pulse	199	1730000	30078	NA
03_yao	95	Picture	stim	1735761	0	1	20170	1	0	20000	hit	269
03_yao	95	Pulse	199	1740000	4239	NA
03_yao	95	Response	16	1743737	7977	0
03_yao	95	Pulse	199	1750000	14239	NA
03_yao	96	Picture	fix2	1756097	0	1	16336	1	0	next	other	0
03_yao	96	Pulse	199	1760000	3903	NA
03_yao	96	Pulse	199	1770000	13903	NA
03_yao	97	Picture	feedback	1772433	0	1	20170	1	0	next	other	0
03_yao	97	Pulse	199	1780000	7567	NA
03_yao	97	Pulse	199	1790000	17567	NA
03_yao	98	Picture	fix	1792603	0	1	28838	1	0	next	other	0
03_yao	98	Pulse	199	1800000	7397	NA
03_yao	98	Pulse	199	1810000	17397	NA
03_yao	98	Pulse	199	1820000	27397	NA
03_yao	100	Picture	stim	1821440	0	1	20170	1	0	20000	incorrect	283
03_yao	100	Pulse	199	1830000	8560	NA
03_yao	100	Response	32	1838765	17324	0
03_yao	100	Pulse	199	1840000	18560	NA
03_yao	101	Picture	fix2	1841610	0	1	27171	1	0	next	other	0
03_yao	101	Pulse	199	1850000	8390	NA
03_yao	101	Pulse	199	1860000	18390	NA
03_yao	102	Picture	feedback	1868781	0	1	20170	1	0	next	other	0
03_yao	102	Pulse	199	1870000	1219	NA
03_yao	102	Pulse	199	1880000	11219	NA
03_yao	103	Picture	fix	1888951	0	1	31839	1	0	next	other	0
03_yao	103	Pulse	199	1890000	1049	NA
03_yao	103	Pulse	199	1900000	11049	NA
03_yao	103	Pulse	199	1910000	21049	NA
03_yao	103	Pulse	199	1920000	31049	NA
03_yao	105	Picture	stim	1920790	0	1	20169	1	0	20000	incorrect	298
03_yao	105	Pulse	199	1930000	9210	NA
03_yao	105	Response	32	1930273	9483	0
03_yao	105	Pulse	199	1940000	19210	NA
03_yao	106	Picture	fix2	1940958	0	1	21503	1	0	next	other	0
03_yao	106	Pulse	199	1950000	9042	NA
03_yao	106	Pulse	199	1960000	19042	NA
03_yao	107	Picture	feedback	1962462	0	1	20170	1	0	next	other	0
03_yao	107	Pulse	199	1970000	7538	NA
03_yao	107	Pulse	199	1980000	17538	NA
03_yao	108	Picture	fix	1982632	0	1	30339	1	0	next	other	0
03_yao	108	Pulse	199	1990000	7368	NA
03_yao	108	Pulse	199	2000000	17368	NA
03_yao	108	Pulse	199	2010000	27368	NA
03_yao	110	Picture	stim	2012971	0	1	20169	1	0	20000	incorrect	312
03_yao	110	Pulse	199	2020000	7029	NA
03_yao	110	Response	32	2022818	9847	0
03_yao	110	Pulse	199	2030000	17029	NA
03_yao	111	Picture	fix2	2033139	0	1	11335	1	0	next	other	0
03_yao	111	Pulse	199	2040000	6861	NA
03_yao	112	Picture	feedback	2044474	0	1	20170	1	0	next	other	0
03_yao	112	Pulse	199	2050000	5526	NA
03_yao	112	Pulse	199	2060000	15526	NA
03_yao	113	Picture	fix	2064644	0	1	17670	1	0	next	other	0
03_yao	113	Pulse	199	2070000	5356	NA
03_yao	113	Pulse	199	2080000	15356	NA
03_yao	115	Picture	stim	2082314	0	1	20169	1	0	20000	hit	324
03_yao	115	Pulse	199	2090000	7686	NA
03_yao	115	Response	16	2097509	15196	0
03_yao	115	Pulse	199	2100000	17686	NA
03_yao	116	Picture	fix2	2102650	0	1	14336	1	0	next	other	0
03_yao	116	Pulse	199	2110000	7350	NA
03_yao	117	Picture	feedback	2116985	0	1	20170	1	0	next	other	0
03_yao	117	Pulse	199	2120000	3015	NA
03_yao	117	Pulse	199	2130000	13015	NA
03_yao	118	Picture	fix	2137155	0	1	27004	1	0	next	other	0
03_yao	118	Pulse	199	2140000	2845	NA
03_yao	118	Pulse	199	2150000	12845	NA
03_yao	118	Pulse	199	2160000	22845	NA
03_yao	120	Picture	stim	2164159	0	1	20170	1	0	20000	incorrect	337
03_yao	120	Pulse	199	2170000	5841	NA
03_yao	120	Response	32	2173085	8926	0
03_yao	120	Pulse	199	2180000	15841	NA
03_yao	121	Picture	fix2	2184329	0	1	18836	1	0	next	other	0
03_yao	121	Pulse	199	2190000	5671	NA
03_yao	121	Pulse	199	2200000	15671	NA
03_yao	122	Picture	feedback	2203165	0	1	20170	1	0	next	other	0
03_yao	122	Pulse	199	2210000	6835	NA
03_yao	122	Pulse	199	2220000	16835	NA
03_yao	123	Picture	fix	2223335	0	1	31005	1	0	next	other	0
03_yao	123	Pulse	199	2230000	6665	NA
03_yao	123	Pulse	199	2240000	16665	NA
03_yao	123	Pulse	199	2250000	26665	NA
03_yao	125	Picture	stim	2254339	0	1	20170	1	0	20000	incorrect	351
03_yao	125	Pulse	199	2260000	5661	NA
03_yao	125	Response	32	2263479	9140	0
03_yao	125	Pulse	199	2270000	15661	NA
03_yao	126	Picture	fix2	2274509	0	1	12167	6	0	next	other	0
03_yao	126	Pulse	199	2280000	5491	NA
03_yao	127	Picture	feedback	2286676	0	6	20172	6	0	next	other	0
03_yao	127	Pulse	199	2290000	3324	NA
03_yao	127	Pulse	199	2300000	13324	NA
03_yao	128	Picture	fix	2306847	0	1	32338	1	0	next	other	0
03_yao	128	Pulse	199	2310000	3153	NA
03_yao	128	Pulse	199	2320000	13153	NA
03_yao	128	Pulse	199	2330000	23153	NA
03_yao	130	Picture	stim	2339186	0	1	20170	1	0	20000	hit	365
03_yao	130	Pulse	199	2340000	814	NA
03_yao	130	Pulse	199	2350000	10814	NA
03_yao	130	Response	16	2351788	12602	0
03_yao	131	Picture	fix2	2359355	0	1	20170	1	0	next	other	0
03_yao	131	Pulse	199	2360000	645	NA
03_yao	131	Pulse	199	2370000	10645	NA
03_yao	132	Picture	feedback	2379525	0	1	20170	1	0	next	other	0
03_yao	132	Pulse	199	2380000	475	NA
03_yao	132	Pulse	199	2390000	10475	NA
03_yao	133	Picture	fix	2399695	0	1	26171	1	0	next	other	0
03_yao	133	Pulse	199	2400000	305	NA
03_yao	133	Pulse	199	2410000	10305	NA
03_yao	133	Pulse	199	2420000	20305	NA
03_yao	135	Picture	stim	2425865	0	1	20170	1	0	20000	hit	379
03_yao	135	Pulse	199	2430000	4135	NA
03_yao	135	Pulse	199	2440000	14135	NA
03_yao	135	Response	16	2440654	14789	0
03_yao	136	Picture	fix2	2446202	0	1	18670	1	0	next	other	0
03_yao	136	Pulse	199	2450000	3798	NA
03_yao	136	Pulse	199	2460000	13798	NA
03_yao	137	Picture	feedback	2464871	0	1	20170	1	0	next	other	0
03_yao	137	Pulse	199	2470000	5129	NA
03_yao	137	Pulse	199	2480000	15129	NA
03_yao	138	Picture	fix	2485041	0	1	23170	1	0	next	other	0
03_yao	138	Pulse	199	2490000	4959	NA
03_yao	138	Pulse	199	2500000	14959	NA
03_yao	140	Picture	stim	2508211	0	1	20170	1	0	20000	incorrect	392
03_yao	140	Pulse	199	2510000	1789	NA
03_yao	140	Pulse	199	2520000	11789	NA
03_yao	140	Response	32	2523119	14908	0
03_yao	141	Picture	fix2	2528381	0	1	25004	1	0	next	other	0
03_yao	141	Pulse	199	2530000	1619	NA
03_yao	141	Pulse	199	2540000	11619	NA
03_yao	141	Pulse	199	2550000	21619	NA
03_yao	142	Picture	feedback	2553385	0	1	20170	1	0	next	other	0
03_yao	142	Pulse	199	2560000	6615	NA
03_yao	142	Pulse	199	2570000	16615	NA
03_yao	143	Picture	fix	2573554	0	1	38006	1	0	next	other	0
03_yao	143	Pulse	199	2580000	6446	NA
03_yao	143	Pulse	199	2590000	16446	NA
03_yao	143	Pulse	199	2600000	26446	NA
03_yao	143	Pulse	199	2610000	36446	NA
03_yao	145	Picture	stim	2611560	0	1	20170	1	0	20000	hit	407
03_yao	145	Pulse	199	2620000	8440	NA
03_yao	145	Response	16	2623757	12197	0
03_yao	145	Pulse	199	2630000	18440	NA
03_yao	146	Picture	fix2	2631730	0	1	26838	1	0	next	other	0
03_yao	146	Pulse	199	2640000	8270	NA
03_yao	146	Pulse	199	2650000	18270	NA
03_yao	147	Picture	feedback	2658567	0	1	20170	1	0	next	other	0
03_yao	147	Pulse	199	2660000	1433	NA
03_yao	147	Pulse	199	2670000	11433	NA
03_yao	148	Picture	fix	2678737	0	1	25671	1	0	next	other	0
03_yao	148	Pulse	199	2680000	1263	NA
03_yao	148	Pulse	199	2690000	11263	NA
03_yao	148	Pulse	199	2700000	21263	NA
03_yao	150	Picture	stim	2704408	0	1	20170	1	0	20000	hit	421
03_yao	150	Pulse	199	2710000	5592	NA
03_yao	150	Response	16	2716149	11741	0
03_yao	150	Pulse	199	2720000	15592	NA
03_yao	151	Picture	fix2	2724577	0	1	16002	1	0	next	other	0
03_yao	151	Pulse	199	2730000	5423	NA
03_yao	151	Pulse	199	2740000	15423	NA
03_yao	152	Picture	feedback	2740580	0	1	20170	1	0	next	other	0
03_yao	152	Pulse	199	2750000	9420	NA
03_yao	152	Pulse	199	2760000	19420	NA
03_yao	153	Picture	fix	2760749	0	1	22003	1	0	next	other	0
03_yao	153	Pulse	199	2770000	9251	NA
03_yao	153	Pulse	199	2780000	19251	NA
03_yao	155	Picture	stim	2782753	0	1	20170	1	0	20000	incorrect	434
03_yao	155	Pulse	199	2790000	7247	NA
03_yao	155	Response	32	2793094	10341	0
03_yao	155	Pulse	199	2800000	17247	NA
03_yao	156	Picture	fix2	2802922	0	1	14339	1	0	next	other	0
03_yao	156	Pulse	199	2810000	7078	NA
03_yao	157	Picture	feedback	2817261	0	1	20167	1	0	next	other	0
03_yao	157	Pulse	199	2820000	2739	NA
03_yao	157	Pulse	199	2830000	12739	NA
03_yao	158	Picture	fix	2837428	0	1	27338	1	0	next	other	0
03_yao	158	Pulse	199	2840000	2572	NA
03_yao	158	Pulse	199	2850000	12572	NA
03_yao	158	Pulse	199	2860000	22572	NA
03_yao	160	Picture	stim	2864766	0	1	20169	1	0	20000	hit	447
03_yao	160	Pulse	199	2870000	5234	NA
03_yao	160	Response	16	2875714	10948	0
03_yao	160	Pulse	199	2880000	15234	NA
03_yao	161	Picture	fix2	2884935	0	1	21837	1	0	next	other	0
03_yao	161	Pulse	199	2890000	5065	NA
03_yao	161	Pulse	199	2900000	15065	NA
03_yao	162	Picture	feedback	2906771	0	1	20170	1	0	next	other	0
03_yao	162	Pulse	199	2910000	3229	NA
03_yao	162	Pulse	199	2920000	13229	NA
03_yao	163	Picture	fix	2926941	0	1	30005	1	0	next	other	0
03_yao	163	Pulse	199	2930000	3059	NA
03_yao	163	Pulse	199	2940000	13059	NA
03_yao	163	Pulse	199	2950000	23059	NA
03_yao	165	Picture	stim	2956946	0	1	20170	1	0	20000	incorrect	461
03_yao	165	Pulse	199	2960000	3054	NA
03_yao	165	Response	32	2967234	10288	0
03_yao	165	Pulse	199	2970000	13054	NA
03_yao	166	Picture	fix2	2977116	0	1	16502	1	0	next	other	0
03_yao	166	Pulse	199	2980000	2884	NA
03_yao	166	Pulse	199	2990000	12884	NA
03_yao	167	Picture	feedback	2993618	0	1	20170	1	0	next	other	0
03_yao	167	Pulse	199	3000000	6382	NA
03_yao	167	Pulse	199	3010000	16382	NA
03_yao	168	Picture	fix	3013788	0	1	28838	1	0	next	other	0
03_yao	168	Pulse	199	3020000	6212	NA
03_yao	168	Pulse	199	3030000	16212	NA
03_yao	168	Pulse	199	3040000	26212	NA
03_yao	170	Picture	stim	3042626	0	1	20170	1	0	20000	incorrect	475
03_yao	170	Pulse	199	3050000	7374	NA
03_yao	170	Response	32	3055454	12828	0
03_yao	170	Pulse	199	3060000	17374	NA
03_yao	171	Picture	fix2	3062795	0	1	10168	1	0	next	other	0
03_yao	171	Pulse	199	3070000	7205	NA
03_yao	172	Picture	feedback	3072963	0	1	20170	1	0	next	other	0
03_yao	172	Pulse	199	3080000	7037	NA
03_yao	172	Pulse	199	3090000	17037	NA
03_yao	173	Picture	fix	3093133	0	1	27171	1	0	next	other	0
03_yao	173	Pulse	199	3100000	6867	NA
03_yao	173	Pulse	199	3110000	16867	NA
03_yao	173	Pulse	199	3120000	26867	NA
03_yao	175	Picture	stim	3120304	0	1	20170	1	0	20000	hit	487
03_yao	175	Response	16	3129595	9291	0
03_yao	175	Pulse	199	3130000	9696	NA
03_yao	175	Pulse	199	3140000	19696	NA
03_yao	176	Picture	fix2	3140474	0	1	18669	1	0	next	other	0
03_yao	176	Pulse	199	3150000	9526	NA
03_yao	177	Picture	feedback	3159143	0	1	20170	1	0	next	other	0
03_yao	177	Pulse	199	3160000	857	NA
03_yao	177	Pulse	199	3170000	10857	NA
03_yao	178	Picture	fix	3179313	0	1	30671	1	0	next	other	0
03_yao	178	Pulse	199	3180000	687	NA
03_yao	178	Pulse	199	3190000	10687	NA
03_yao	178	Pulse	199	3200000	20687	NA
03_yao	180	Picture	stim	3209984	0	1	20170	1	0	20000	incorrect	502
03_yao	180	Pulse	199	3210000	16	NA
03_yao	180	Pulse	199	3220000	10016	NA
03_yao	180	Response	32	3221513	11528	0
03_yao	180	Pulse	199	3230000	20016	NA
03_yao	181	Picture	fix2	3230154	0	1	16002	1	0	next	other	0
03_yao	181	Pulse	199	3240000	9846	NA
03_yao	182	Picture	feedback	3246156	0	1	20170	1	0	next	other	0
03_yao	182	Pulse	199	3250000	3844	NA
03_yao	182	Pulse	199	3260000	13844	NA
03_yao	183	Picture	fix	3266326	0	1	30671	1	0	next	other	0
03_yao	183	Pulse	199	3270000	3674	NA
03_yao	183	Pulse	199	3280000	13674	NA
03_yao	183	Pulse	199	3290000	23674	NA
03_yao	185	Picture	stim	3296997	0	1	20336	1	0	20000	incorrect	515
03_yao	185	Pulse	199	3300000	3003	NA
03_yao	185	Response	32	3304773	7776	0
03_yao	185	Pulse	199	3310000	13003	NA
03_yao	186	Picture	fix2	3317334	0	1	22670	1	0	next	other	0
03_yao	186	Pulse	199	3320000	2666	NA
03_yao	186	Pulse	199	3330000	12666	NA
03_yao	186	Pulse	199	3340000	22666	NA
03_yao	187	Picture	feedback	3340004	0	1	20170	1	0	next	other	0
03_yao	187	Pulse	199	3350000	9996	NA
03_yao	187	Pulse	199	3360000	19996	NA
03_yao	188	Picture	fix	3360174	0	1	27671	1	0	next	other	0
03_yao	188	Pulse	199	3370000	9826	NA
03_yao	188	Pulse	199	3380000	19826	NA
03_yao	190	Picture	stim	3387845	0	1	20170	1	0	20000	incorrect	529
03_yao	190	Pulse	199	3390000	2155	NA
03_yao	190	Response	32	3395887	8043	0
03_yao	190	Pulse	199	3400000	12155	NA
03_yao	191	Picture	fix2	3408015	0	1	13668	1	0	next	other	0
03_yao	191	Pulse	199	3410000	1985	NA
03_yao	191	Pulse	199	3420000	11985	NA
03_yao	192	Picture	feedback	3421683	0	1	20170	1	0	next	other	0
03_yao	192	Pulse	199	3430000	8317	NA
03_yao	192	Pulse	199	3440000	18317	NA
03_yao	193	Picture	fix	3441853	0	1	23004	1	0	next	other	0
03_yao	193	Pulse	199	3450000	8147	NA
03_yao	193	Pulse	199	3460000	18147	NA
03_yao	195	Picture	stim	3464856	0	1	20170	1	0	20000	incorrect	542
03_yao	195	Pulse	199	3470000	5144	NA
03_yao	195	Response	32	3474430	9574	0
03_yao	195	Pulse	199	3480000	15144	NA
03_yao	196	Picture	fix2	3485026	0	1	25671	1	0	next	other	0
03_yao	196	Pulse	199	3490000	4974	NA
03_yao	196	Pulse	199	3500000	14974	NA
03_yao	196	Pulse	199	3510000	24974	NA
03_yao	197	Picture	feedback	3510697	0	1	20170	1	0	next	other	0
03_yao	197	Pulse	199	3520000	9304	NA
03_yao	197	Pulse	199	3530000	19304	NA
03_yao	198	Picture	fix	3530866	0	1	41007	1	0	next	other	0
03_yao	198	Pulse	199	3540000	9134	NA
03_yao	198	Pulse	199	3550000	19134	NA
03_yao	198	Pulse	199	3560000	29134	NA
03_yao	198	Pulse	199	3570000	39134	NA
03_yao	200	Picture	stim	3571873	0	1	20169	1	0	20000	hit	558
03_yao	200	Pulse	199	3580000	8127	NA
03_yao	200	Response	16	3585222	13349	0
03_yao	200	Pulse	199	3590000	18127	NA
03_yao	201	Picture	fix2	3592042	0	1	19503	1	0	next	other	0
03_yao	201	Pulse	199	3600000	7958	NA
03_yao	201	Pulse	199	3610000	17958	NA
03_yao	202	Picture	feedback	3611545	0	1	20170	1	0	next	other	0
03_yao	202	Pulse	199	3620000	8455	NA
03_yao	202	Pulse	199	3630000	18455	NA
03_yao	203	Picture	100	3631715	0	1	80179	1	0	80000	other	0
03_yao	203	Pulse	199	3640000	8285	NA
03_yao	203	Pulse	199	3650000	18285	NA
03_yao	203	Pulse	199	3660000	28285	NA
03_yao	203	Pulse	199	3670000	38285	NA
03_yao	203	Pulse	199	3680000	48285	NA
03_yao	203	Pulse	199	3690000	58285	NA
03_yao	203	Pulse	199	3700000	68285	NA
03_yao	203	Pulse	199	3710000	78285	NA
