Scenario - FeedLearn_MRI_5x8_fullRand.sce
Logfile written - 04/29/2019 18:46:21

Subject	Trial	Event Type	Code	Time	TTime	Uncertainty	Duration	Uncertainty	ReqTime	ReqDur	Stim Type	Pair Index

03_yao	0	Pulse	199	0	0	NA
03_yao	0	Pulse	199	10000	10000	NA
03_yao	1	Pulse	199	20000	9667	NA
03_yao	1	Pulse	199	30000	19667	NA
03_yao	1	Response	16	32033	21700	0
03_yao	2	Pulse	199	40000	7923	NA
03_yao	2	Pulse	199	50000	17923	NA
03_yao	2	Pulse	199	60000	27923	NA
03_yao	2	Pulse	199	70000	37923	NA
03_yao	2	Pulse	199	80000	47923	NA
03_yao	3	Picture	fix	83011	0	1	31838	1	0	next	other	0
03_yao	3	Pulse	199	90000	6989	NA
03_yao	3	Pulse	199	100000	16989	NA
03_yao	4	Pulse	199	110000	2947	NA
03_yao	5	Picture	stim	114849	0	1	20503	1	0	20000	incorrect	17
03_yao	5	Pulse	199	120000	5151	NA
03_yao	5	Response	32	126971	12122	0
03_yao	5	Pulse	199	130000	15151	NA
03_yao	6	Picture	fix2	135352	0	1	25004	1	0	next	other	0
03_yao	6	Pulse	199	140000	4648	NA
03_yao	6	Pulse	199	150000	14648	NA
03_yao	6	Pulse	199	160000	24648	NA
03_yao	7	Picture	feedback	160356	0	1	20336	1	0	next	other	0
03_yao	7	Pulse	199	170000	9644	NA
03_yao	7	Pulse	199	180000	19644	NA
03_yao	8	Picture	fix	180692	0	1	30671	1	0	next	other	0
03_yao	8	Pulse	199	190000	9308	NA
03_yao	8	Pulse	199	200000	19308	NA
03_yao	8	Pulse	199	210000	29308	NA
03_yao	10	Picture	stim	211363	0	1	20170	1	0	20000	hit	32
03_yao	10	Pulse	199	220000	8637	NA
03_yao	10	Response	16	228780	17417	0
03_yao	10	Pulse	199	230000	18637	NA
03_yao	11	Picture	fix2	231533	0	1	16003	1	0	next	other	0
03_yao	11	Pulse	199	240000	8467	NA
03_yao	12	Picture	feedback	247537	0	1	20334	2	0	next	other	0
03_yao	12	Pulse	199	250000	2463	NA
03_yao	12	Pulse	199	260000	12463	NA
03_yao	13	Picture	fix	267871	0	2	30673	2	0	next	other	0
03_yao	13	Pulse	199	270000	2129	NA
03_yao	13	Pulse	199	280000	12129	NA
03_yao	13	Pulse	199	290000	22129	NA
03_yao	15	Picture	stim	298543	0	1	20173	1	0	20000	hit	46
03_yao	15	Pulse	199	300000	1457	NA
03_yao	15	Pulse	199	310000	11457	NA
03_yao	15	Response	16	317802	19258	0
03_yao	16	Picture	fix2	319213	0	1	14336	1	0	next	other	0
03_yao	16	Pulse	199	320000	787	NA
03_yao	16	Pulse	199	330000	10787	NA
03_yao	17	Picture	feedback	333549	0	1	20336	1	0	next	other	0
03_yao	17	Pulse	199	340000	6451	NA
03_yao	17	Pulse	199	350000	16451	NA
03_yao	18	Picture	fix	353885	0	1	33505	1	0	next	other	0
03_yao	18	Pulse	199	360000	6115	NA
03_yao	18	Pulse	199	370000	16115	NA
03_yao	18	Pulse	199	380000	26115	NA
03_yao	20	Picture	stim	387390	0	1	20170	1	0	20000	hit	60
03_yao	20	Pulse	199	390000	2610	NA
03_yao	20	Pulse	199	400000	12610	NA
03_yao	20	Response	16	405138	17748	0
03_yao	21	Picture	fix2	407560	0	1	16169	1	0	next	other	0
03_yao	21	Pulse	199	410000	2440	NA
03_yao	21	Pulse	199	420000	12440	NA
03_yao	22	Picture	feedback	423729	0	1	20170	1	0	next	other	0
03_yao	22	Pulse	199	430000	6271	NA
03_yao	22	Pulse	199	440000	16271	NA
03_yao	23	Picture	fix	443899	0	1	31838	1	0	next	other	0
03_yao	23	Pulse	199	450000	6101	NA
03_yao	23	Pulse	199	460000	16101	NA
03_yao	23	Pulse	199	470000	26101	NA
03_yao	25	Picture	stim	475737	0	1	20170	1	0	20000	incorrect	74
03_yao	25	Pulse	199	480000	4263	NA
03_yao	25	Pulse	199	490000	14263	NA
03_yao	25	Response	32	490230	14493	0
03_yao	26	Picture	fix2	495907	0	1	18836	1	0	next	other	0
03_yao	26	Pulse	199	500000	4093	NA
03_yao	26	Pulse	199	510000	14093	NA
03_yao	27	Picture	feedback	514743	0	1	20170	1	0	next	other	0
03_yao	27	Pulse	199	520000	5257	NA
03_yao	27	Pulse	199	530000	15257	NA
03_yao	28	Picture	fix	534913	0	1	25337	1	0	next	other	0
03_yao	28	Pulse	199	540000	5087	NA
03_yao	28	Pulse	199	550000	15087	NA
03_yao	28	Pulse	199	560000	25087	NA
03_yao	30	Picture	stim	560250	0	1	20170	1	0	20000	hit	87
03_yao	30	Pulse	199	570000	9750	NA
03_yao	30	Response	16	578042	17792	0
03_yao	30	Pulse	199	580000	19750	NA
03_yao	31	Picture	fix2	580586	0	1	15169	1	0	next	other	0
03_yao	31	Pulse	199	590000	9414	NA
03_yao	32	Picture	feedback	595755	0	1	20170	1	0	next	other	0
03_yao	32	Pulse	199	600000	4245	NA
03_yao	32	Pulse	199	610000	14245	NA
03_yao	33	Picture	fix	615925	0	1	30005	1	0	next	other	0
03_yao	33	Pulse	199	620000	4075	NA
03_yao	33	Pulse	199	630000	14075	NA
03_yao	33	Pulse	199	640000	24075	NA
03_yao	35	Picture	stim	645929	0	1	20170	1	0	20000	incorrect	101
03_yao	35	Pulse	199	650000	4071	NA
03_yao	35	Pulse	199	660000	14071	NA
03_yao	35	Response	32	663854	17925	0
03_yao	36	Picture	fix2	666099	0	1	10168	1	0	next	other	0
03_yao	36	Pulse	199	670000	3901	NA
03_yao	37	Picture	feedback	676267	0	1	20170	1	0	next	other	0
03_yao	37	Pulse	199	680000	3733	NA
03_yao	37	Pulse	199	690000	13733	NA
03_yao	38	Picture	fix	696437	0	1	28838	1	0	next	other	0
03_yao	38	Pulse	199	700000	3563	NA
03_yao	38	Pulse	199	710000	13563	NA
03_yao	38	Pulse	199	720000	23563	NA
03_yao	40	Picture	stim	725275	0	1	20170	1	0	20000	incorrect	114
03_yao	40	Pulse	199	730000	4725	NA
03_yao	40	Pulse	199	740000	14725	NA
03_yao	40	Response	32	744309	19034	0
03_yao	41	Picture	fix2	745444	0	1	19837	1	0	next	other	0
03_yao	41	Pulse	199	750000	4556	NA
03_yao	41	Pulse	199	760000	14556	NA
03_yao	42	Picture	feedback	765282	0	1	20335	1	0	next	other	0
03_yao	42	Pulse	199	770000	4718	NA
03_yao	42	Pulse	199	780000	14718	NA
03_yao	43	Picture	fix	785617	0	1	33838	1	0	next	other	0
03_yao	43	Pulse	199	790000	4383	NA
03_yao	43	Pulse	199	800000	14383	NA
03_yao	43	Pulse	199	810000	24383	NA
03_yao	45	Picture	stim	819456	0	1	20173	1	0	20000	miss	0
03_yao	45	Pulse	199	820000	544	NA
03_yao	45	Pulse	199	830000	10544	NA
03_yao	46	Picture	fix2	839628	0	1	18667	1	0	next	other	0
03_yao	46	Pulse	199	840000	372	NA
03_yao	46	Response	16	841484	1856	0
03_yao	46	Pulse	199	850000	10372	NA
03_yao	47	Picture	feedback	858295	0	1	20170	1	0	next	other	0
03_yao	47	Pulse	199	860000	1705	NA
03_yao	47	Pulse	199	870000	11705	NA
03_yao	48	Picture	fix	878465	0	1	41006	1	0	next	other	0
03_yao	48	Pulse	199	880000	1535	NA
03_yao	48	Pulse	199	890000	11535	NA
03_yao	48	Pulse	199	900000	21535	NA
03_yao	48	Pulse	199	910000	31535	NA
03_yao	50	Picture	stim	919471	0	1	20170	1	0	20000	hit	143
03_yao	50	Pulse	199	920000	529	NA
03_yao	50	Pulse	199	930000	10529	NA
03_yao	50	Response	16	932666	13195	0
03_yao	51	Picture	fix2	939807	0	1	23671	1	0	next	other	0
03_yao	51	Pulse	199	940000	193	NA
03_yao	51	Pulse	199	950000	10193	NA
03_yao	51	Pulse	199	960000	20193	NA
03_yao	52	Picture	feedback	963478	0	1	20169	1	0	next	other	0
03_yao	52	Pulse	199	970000	6522	NA
03_yao	52	Pulse	199	980000	16522	NA
03_yao	53	Picture	fix	983647	0	1	22003	1	0	next	other	0
03_yao	53	Pulse	199	990000	6353	NA
03_yao	53	Pulse	199	1000000	16353	NA
03_yao	55	Picture	stim	1005650	0	1	20170	1	0	20000	incorrect	156
03_yao	55	Pulse	199	1010000	4350	NA
03_yao	55	Response	32	1018154	12504	0
03_yao	55	Pulse	199	1020000	14350	NA
03_yao	56	Picture	fix2	1025820	0	1	17503	1	0	next	other	0
03_yao	56	Pulse	199	1030000	4180	NA
03_yao	56	Pulse	199	1040000	14180	NA
03_yao	57	Picture	feedback	1043323	0	1	20170	1	0	next	other	0
03_yao	57	Pulse	199	1050000	6677	NA
03_yao	57	Pulse	199	1060000	16677	NA
03_yao	58	Picture	fix	1063493	0	1	28838	1	0	next	other	0
03_yao	58	Pulse	199	1070000	6507	NA
03_yao	58	Pulse	199	1080000	16507	NA
03_yao	58	Pulse	199	1090000	26507	NA
03_yao	60	Picture	stim	1092330	0	1	20170	1	0	20000	incorrect	170
03_yao	60	Pulse	199	1100000	7670	NA
03_yao	60	Response	32	1103733	11402	0
03_yao	60	Pulse	199	1110000	17670	NA
03_yao	61	Picture	fix2	1112500	0	1	14336	1	0	next	other	0
03_yao	61	Pulse	199	1120000	7500	NA
03_yao	62	Picture	feedback	1126836	0	1	20170	1	0	next	other	0
03_yao	62	Pulse	199	1130000	3164	NA
03_yao	62	Pulse	199	1140000	13164	NA
03_yao	63	Picture	fix	1147005	0	1	30671	1	0	next	other	0
03_yao	63	Pulse	199	1150000	2995	NA
03_yao	63	Pulse	199	1160000	12995	NA
03_yao	63	Pulse	199	1170000	22995	NA
03_yao	65	Picture	stim	1177677	0	1	20172	1	0	20000	hit	184
03_yao	65	Pulse	199	1180000	2323	NA
03_yao	65	Pulse	199	1190000	12323	NA
03_yao	65	Response	16	1191702	14025	0
03_yao	66	Picture	fix2	1197849	0	1	16000	1	0	next	other	0
03_yao	66	Pulse	199	1200000	2151	NA
03_yao	66	Pulse	199	1210000	12151	NA
03_yao	67	Picture	feedback	1213849	0	1	20170	1	0	next	other	0
03_yao	67	Pulse	199	1220000	6151	NA
03_yao	67	Pulse	199	1230000	16151	NA
03_yao	68	Picture	fix	1234018	0	1	23004	1	0	next	other	0
03_yao	68	Pulse	199	1240000	5982	NA
03_yao	68	Pulse	199	1250000	15982	NA
03_yao	70	Picture	stim	1257022	0	1	20170	1	0	20000	hit	197
03_yao	70	Pulse	199	1260000	2978	NA
03_yao	70	Pulse	199	1270000	12978	NA
03_yao	70	Response	16	1271511	14489	0
03_yao	71	Picture	fix2	1277192	0	1	13502	1	0	next	other	0
03_yao	71	Pulse	199	1280000	2808	NA
03_yao	71	Pulse	199	1290000	12808	NA
03_yao	72	Picture	feedback	1290694	0	1	20170	1	0	next	other	0
03_yao	72	Pulse	199	1300000	9306	NA
03_yao	72	Pulse	199	1310000	19306	NA
03_yao	73	Picture	fix	1310863	0	1	32838	1	0	next	other	0
03_yao	73	Pulse	199	1320000	9137	NA
03_yao	73	Pulse	199	1330000	19137	NA
03_yao	73	Pulse	199	1340000	29137	NA
03_yao	75	Picture	stim	1343702	0	1	20170	1	0	20000	incorrect	211
03_yao	75	Pulse	199	1350000	6298	NA
03_yao	75	Pulse	199	1360000	16298	NA
03_yao	75	Response	32	1361561	17859	0
03_yao	76	Picture	fix2	1363872	0	1	25837	1	0	next	other	0
03_yao	76	Pulse	199	1370000	6128	NA
03_yao	76	Pulse	199	1380000	16128	NA
03_yao	77	Picture	feedback	1389709	0	1	20170	1	0	next	other	0
03_yao	77	Pulse	199	1390000	291	NA
03_yao	77	Pulse	199	1400000	10291	NA
03_yao	78	Picture	fix	1409878	0	1	39506	1	0	next	other	0
03_yao	78	Pulse	199	1410000	122	NA
03_yao	78	Pulse	199	1420000	10122	NA
03_yao	78	Pulse	199	1430000	20122	NA
03_yao	78	Pulse	199	1440000	30122	NA
03_yao	80	Picture	stim	1449385	0	1	20170	1	0	20000	hit	226
03_yao	80	Pulse	199	1450000	615	NA
03_yao	80	Pulse	199	1460000	10615	NA
03_yao	80	Response	16	1463055	13671	0
03_yao	81	Picture	fix2	1469554	0	1	23170	1	0	next	other	0
03_yao	81	Pulse	199	1470000	446	NA
03_yao	81	Pulse	199	1480000	10446	NA
03_yao	81	Pulse	199	1490000	20446	NA
03_yao	82	Picture	feedback	1492724	0	1	20170	1	0	next	other	0
03_yao	82	Pulse	199	1500000	7276	NA
03_yao	82	Pulse	199	1510000	17276	NA
03_yao	83	Picture	fix	1512894	0	1	30338	1	0	next	other	0
03_yao	83	Pulse	199	1520000	7106	NA
03_yao	83	Pulse	199	1530000	17106	NA
03_yao	83	Pulse	199	1540000	27106	NA
03_yao	85	Picture	stim	1543232	0	1	20170	1	0	20000	hit	240
03_yao	85	Pulse	199	1550000	6768	NA
03_yao	85	Response	16	1559521	16289	0
03_yao	85	Pulse	199	1560000	16768	NA
03_yao	86	Picture	fix2	1563402	0	1	20170	1	0	next	other	0
03_yao	86	Pulse	199	1570000	6598	NA
03_yao	86	Pulse	199	1580000	16598	NA
03_yao	87	Picture	feedback	1583572	0	1	20170	1	0	next	other	0
03_yao	87	Pulse	199	1590000	6428	NA
03_yao	87	Pulse	199	1600000	16428	NA
03_yao	88	Picture	fix	1603741	0	1	24670	1	0	next	other	0
03_yao	88	Pulse	199	1610000	6259	NA
03_yao	88	Pulse	199	1620000	16259	NA
03_yao	90	Picture	stim	1628412	0	1	20170	1	0	20000	incorrect	254
03_yao	90	Pulse	199	1630000	1588	NA
03_yao	90	Pulse	199	1640000	11588	NA
03_yao	90	Response	32	1640846	12435	0
03_yao	91	Picture	fix2	1648581	0	1	22670	1	0	next	other	0
03_yao	91	Pulse	199	1650000	1419	NA
03_yao	91	Pulse	199	1660000	11419	NA
03_yao	91	Pulse	199	1670000	21419	NA
03_yao	92	Picture	feedback	1671251	0	1	20170	1	0	next	other	0
03_yao	92	Pulse	199	1680000	8749	NA
03_yao	92	Pulse	199	1690000	18749	NA
03_yao	93	Picture	fix	1691421	0	1	30505	1	0	next	other	0
03_yao	93	Pulse	199	1700000	8579	NA
03_yao	93	Pulse	199	1710000	18579	NA
03_yao	93	Pulse	199	1720000	28579	NA
03_yao	95	Picture	stim	1721926	0	1	20170	1	0	20000	hit	268
03_yao	95	Pulse	199	1730000	8074	NA
03_yao	95	Response	16	1738675	16749	0
03_yao	95	Pulse	199	1740000	18074	NA
03_yao	96	Picture	fix2	1742262	0	1	16336	1	0	next	other	0
03_yao	96	Pulse	199	1750000	7738	NA
03_yao	97	Picture	feedback	1758598	0	1	20170	1	0	next	other	0
03_yao	97	Pulse	199	1760000	1402	NA
03_yao	97	Pulse	199	1770000	11402	NA
03_yao	98	Picture	fix	1778768	0	1	27171	1	0	next	other	0
03_yao	98	Pulse	199	1780000	1232	NA
03_yao	98	Pulse	199	1790000	11232	NA
03_yao	98	Pulse	199	1800000	21232	NA
03_yao	100	Picture	stim	1805938	0	1	20170	1	0	20000	incorrect	282
03_yao	100	Pulse	199	1810000	4062	NA
03_yao	100	Pulse	199	1820000	14062	NA
03_yao	100	Response	32	1821283	15345	0
03_yao	101	Picture	fix2	1826108	0	1	13669	1	0	next	other	0
03_yao	101	Pulse	199	1830000	3892	NA
03_yao	102	Picture	feedback	1839777	0	1	20170	1	0	next	other	0
03_yao	102	Pulse	199	1840000	223	NA
03_yao	102	Pulse	199	1850000	10223	NA
03_yao	103	Picture	fix	1859947	0	1	22837	1	0	next	other	0
03_yao	103	Pulse	199	1860000	53	NA
03_yao	103	Pulse	199	1870000	10053	NA
03_yao	103	Pulse	199	1880000	20053	NA
03_yao	105	Picture	stim	1882784	0	1	20170	1	0	20000	hit	294
03_yao	105	Pulse	199	1890000	7217	NA
03_yao	105	Response	16	1898614	15831	0
03_yao	105	Pulse	199	1900000	17217	NA
03_yao	106	Picture	fix2	1902953	0	1	19503	1	0	next	other	0
03_yao	106	Pulse	199	1910000	7047	NA
03_yao	106	Pulse	199	1920000	17047	NA
03_yao	107	Picture	feedback	1922456	0	1	20170	1	0	next	other	0
03_yao	107	Pulse	199	1930000	7544	NA
03_yao	107	Pulse	199	1940000	17544	NA
03_yao	108	Picture	fix	1942626	0	1	27838	1	0	next	other	0
03_yao	108	Pulse	199	1950000	7374	NA
03_yao	108	Pulse	199	1960000	17374	NA
03_yao	108	Pulse	199	1970000	27374	NA
03_yao	110	Picture	stim	1970463	0	1	20170	1	0	20000	incorrect	308
03_yao	110	Pulse	199	1980000	9537	NA
03_yao	110	Response	32	1986440	15977	0
03_yao	110	Pulse	199	1990000	19537	NA
03_yao	111	Picture	fix2	1990633	0	1	20003	1	0	next	other	0
03_yao	111	Pulse	199	2000000	9367	NA
03_yao	111	Pulse	199	2010000	19367	NA
03_yao	112	Picture	feedback	2010636	0	1	20170	1	0	next	other	0
03_yao	112	Pulse	199	2020000	9364	NA
03_yao	112	Pulse	199	2030000	19364	NA
03_yao	113	Picture	fix	2030806	0	1	28838	1	0	next	other	0
03_yao	113	Pulse	199	2040000	9194	NA
03_yao	113	Pulse	199	2050000	19194	NA
03_yao	115	Picture	stim	2059644	0	1	20170	1	0	20000	hit	322
03_yao	115	Pulse	199	2060000	356	NA
03_yao	115	Pulse	199	2070000	10356	NA
03_yao	115	Response	16	2073381	13738	0
03_yao	116	Picture	fix2	2079980	0	1	25671	1	0	next	other	0
03_yao	116	Pulse	199	2080000	20	NA
03_yao	116	Pulse	199	2090000	10020	NA
03_yao	116	Pulse	199	2100000	20020	NA
03_yao	117	Picture	feedback	2105651	0	1	20170	1	0	next	other	0
03_yao	117	Pulse	199	2110000	4349	NA
03_yao	117	Pulse	199	2120000	14349	NA
03_yao	118	Picture	fix	2125820	0	1	21170	1	0	next	other	0
03_yao	118	Pulse	199	2130000	4180	NA
03_yao	118	Pulse	199	2140000	14180	NA
03_yao	120	Picture	stim	2146990	0	1	20170	1	0	20000	hit	336
03_yao	120	Pulse	199	2150000	3010	NA
03_yao	120	Pulse	199	2160000	13010	NA
03_yao	120	Response	16	2164643	17653	2
03_yao	121	Picture	fix2	2167160	0	1	16502	1	0	next	other	0
03_yao	121	Pulse	199	2170000	2840	NA
03_yao	121	Pulse	199	2180000	12840	NA
03_yao	122	Picture	feedback	2183662	0	1	20170	1	0	next	other	0
03_yao	122	Pulse	199	2190000	6338	NA
03_yao	122	Pulse	199	2200000	16338	NA
03_yao	123	Picture	fix	2203832	0	1	26171	1	0	next	other	0
03_yao	123	Pulse	199	2210000	6168	NA
03_yao	123	Pulse	199	2220000	16168	NA
03_yao	124	Pulse	199	2230000	86	NA
03_yao	125	Picture	stim	2230003	0	1	20170	1	0	20000	incorrect	349
03_yao	125	Pulse	199	2240000	9997	NA
03_yao	125	Response	32	2247576	17573	0
03_yao	125	Pulse	199	2250000	19997	NA
03_yao	126	Picture	fix2	2250173	0	1	18336	1	0	next	other	0
03_yao	126	Pulse	199	2260000	9827	NA
03_yao	127	Picture	feedback	2268508	0	1	20170	1	0	next	other	0
03_yao	127	Pulse	199	2270000	1492	NA
03_yao	127	Pulse	199	2280000	11492	NA
03_yao	128	Picture	fix	2288678	0	1	17670	1	0	next	other	0
03_yao	128	Pulse	199	2290000	1322	NA
03_yao	128	Pulse	199	2300000	11322	NA
03_yao	130	Picture	stim	2306348	0	1	20170	1	0	20000	incorrect	362
03_yao	130	Pulse	199	2310000	3652	NA
03_yao	130	Pulse	199	2320000	13652	NA
03_yao	130	Response	32	2322024	15677	0
03_yao	131	Picture	fix2	2326517	0	1	20336	1	0	next	other	0
03_yao	131	Pulse	199	2330000	3483	NA
03_yao	131	Pulse	199	2340000	13483	NA
03_yao	132	Picture	feedback	2346854	0	1	20170	1	0	next	other	0
03_yao	132	Pulse	199	2350000	3146	NA
03_yao	132	Pulse	199	2360000	13146	NA
03_yao	133	Picture	fix	2367023	0	1	34505	1	0	next	other	0
03_yao	133	Pulse	199	2370000	2977	NA
03_yao	133	Pulse	199	2380000	12977	NA
03_yao	133	Pulse	199	2390000	22977	NA
03_yao	133	Pulse	199	2400000	32977	NA
03_yao	135	Picture	stim	2401529	0	1	20170	1	0	20000	hit	376
03_yao	135	Pulse	199	2410000	8471	NA
03_yao	135	Response	16	2414415	12886	0
03_yao	135	Pulse	199	2420000	18471	NA
03_yao	136	Picture	fix2	2421699	0	1	21837	1	0	next	other	0
03_yao	136	Pulse	199	2430000	8301	NA
03_yao	136	Pulse	199	2440000	18301	NA
03_yao	137	Picture	feedback	2443536	0	1	20169	1	0	next	other	0
03_yao	137	Pulse	199	2450000	6464	NA
03_yao	137	Pulse	199	2460000	16464	NA
03_yao	138	Picture	fix	2463705	0	1	23170	1	0	next	other	0
03_yao	138	Pulse	199	2470000	6295	NA
03_yao	138	Pulse	199	2480000	16295	NA
03_yao	140	Picture	stim	2486875	0	1	20170	1	0	20000	incorrect	390
03_yao	140	Pulse	199	2490000	3125	NA
03_yao	140	Pulse	199	2500000	13125	NA
03_yao	140	Response	32	2500548	13673	0
03_yao	141	Picture	fix2	2507045	0	1	20003	1	0	next	other	0
03_yao	141	Pulse	199	2510000	2955	NA
03_yao	141	Pulse	199	2520000	12955	NA
03_yao	142	Picture	feedback	2527048	0	1	20170	1	0	next	other	0
03_yao	142	Pulse	199	2530000	2952	NA
03_yao	142	Pulse	199	2540000	12952	NA
03_yao	143	Picture	fix	2547218	0	1	27004	1	0	next	other	0
03_yao	143	Pulse	199	2550000	2782	NA
03_yao	143	Pulse	199	2560000	12782	NA
03_yao	143	Pulse	199	2570000	22782	NA
03_yao	145	Picture	stim	2574222	0	1	20171	1	0	20000	incorrect	404
03_yao	145	Pulse	199	2580000	5778	NA
03_yao	145	Pulse	199	2590000	15778	NA
03_yao	145	Response	32	2593888	19666	0
03_yao	146	Picture	fix2	2594558	0	1	18669	1	0	next	other	0
03_yao	146	Pulse	199	2600000	5442	NA
03_yao	146	Pulse	199	2610000	15442	NA
03_yao	147	Picture	feedback	2613228	0	1	20170	1	0	next	other	0
03_yao	147	Pulse	199	2620000	6772	NA
03_yao	147	Pulse	199	2630000	16772	NA
03_yao	148	Picture	fix	2633398	0	1	35838	1	0	next	other	0
03_yao	148	Pulse	199	2640000	6602	NA
03_yao	148	Pulse	199	2650000	16602	NA
03_yao	148	Pulse	199	2660000	26602	NA
03_yao	150	Picture	stim	2669236	0	1	20170	1	0	20000	hit	418
03_yao	150	Pulse	199	2670000	764	NA
03_yao	150	Pulse	199	2680000	10764	NA
03_yao	150	Response	16	2680032	10796	0
03_yao	151	Picture	fix2	2689406	0	1	22670	1	0	next	other	0
03_yao	151	Pulse	199	2690000	594	NA
03_yao	151	Pulse	199	2700000	10594	NA
03_yao	151	Pulse	199	2710000	20594	NA
03_yao	152	Picture	feedback	2712076	0	1	20170	1	0	next	other	0
03_yao	152	Pulse	199	2720000	7924	NA
03_yao	152	Pulse	199	2730000	17924	NA
03_yao	153	Picture	fix	2732245	0	1	33005	1	0	next	other	0
03_yao	153	Pulse	199	2740000	7755	NA
03_yao	153	Pulse	199	2750000	17755	NA
03_yao	153	Pulse	199	2760000	27755	NA
03_yao	155	Picture	stim	2765251	0	1	20170	1	0	20000	hit	432
03_yao	155	Pulse	199	2770000	4749	NA
03_yao	155	Response	16	2779935	14685	0
03_yao	155	Pulse	199	2780000	14749	NA
03_yao	156	Picture	fix2	2785420	0	1	27174	1	0	next	other	0
03_yao	156	Pulse	199	2790000	4580	NA
03_yao	156	Pulse	199	2800000	14580	NA
03_yao	156	Pulse	199	2810000	24580	NA
03_yao	157	Picture	feedback	2812594	0	1	20170	1	0	next	other	0
03_yao	157	Pulse	199	2820000	7406	NA
03_yao	157	Pulse	199	2830000	17406	NA
03_yao	158	Picture	fix	2832764	0	1	28835	1	0	next	other	0
03_yao	158	Pulse	199	2840000	7236	NA
03_yao	158	Pulse	199	2850000	17236	NA
03_yao	158	Pulse	199	2860000	27236	NA
03_yao	160	Picture	stim	2861599	0	1	20170	1	0	20000	hit	447
03_yao	160	Pulse	199	2870000	8401	NA
03_yao	160	Response	16	2876390	14792	0
03_yao	160	Pulse	199	2880000	18401	NA
03_yao	161	Picture	fix2	2881768	0	1	25171	1	0	next	other	0
03_yao	161	Pulse	199	2890000	8232	NA
03_yao	161	Pulse	199	2900000	18232	NA
03_yao	162	Picture	feedback	2906939	0	1	20173	1	0	next	other	0
03_yao	162	Pulse	199	2910000	3061	NA
03_yao	162	Pulse	199	2920000	13061	NA
03_yao	163	Picture	fix	2927111	0	1	19000	1	0	next	other	0
03_yao	163	Pulse	199	2930000	2889	NA
03_yao	163	Pulse	199	2940000	12889	NA
03_yao	165	Picture	stim	2946111	0	1	20170	1	0	20000	hit	460
03_yao	165	Pulse	199	2950000	3889	NA
03_yao	165	Response	16	2958361	12250	0
03_yao	165	Pulse	199	2960000	13889	NA
03_yao	166	Picture	fix2	2966281	0	1	26837	1	0	next	other	0
03_yao	166	Pulse	199	2970000	3719	NA
03_yao	166	Pulse	199	2980000	13719	NA
03_yao	166	Pulse	199	2990000	23719	NA
03_yao	167	Picture	feedback	2993118	0	1	20170	1	0	next	other	0
03_yao	167	Pulse	199	3000000	6882	NA
03_yao	167	Pulse	199	3010000	16882	NA
03_yao	168	Picture	fix	3013288	0	1	38006	1	0	next	other	0
03_yao	168	Pulse	199	3020000	6712	NA
03_yao	168	Pulse	199	3030000	16712	NA
03_yao	168	Pulse	199	3040000	26712	NA
03_yao	168	Pulse	199	3050000	36712	NA
03_yao	170	Picture	stim	3051294	0	1	20173	1	0	20000	miss	0
03_yao	170	Pulse	199	3060000	8706	NA
03_yao	170	Pulse	199	3070000	18706	NA
03_yao	171	Picture	fix2	3071467	0	1	21500	1	0	next	other	0
03_yao	171	Response	32	3072348	882	0
03_yao	171	Pulse	199	3080000	8533	NA
03_yao	171	Pulse	199	3090000	18533	NA
03_yao	172	Picture	feedback	3092967	0	1	20170	1	0	next	other	0
03_yao	172	Pulse	199	3100000	7033	NA
03_yao	172	Pulse	199	3110000	17033	NA
03_yao	173	Picture	fix	3113137	0	1	25671	1	0	next	other	0
03_yao	173	Pulse	199	3120000	6863	NA
03_yao	173	Pulse	199	3130000	16863	NA
03_yao	175	Picture	stim	3138807	0	1	20170	1	0	20000	incorrect	489
03_yao	175	Pulse	199	3140000	1193	NA
03_yao	175	Response	32	3147430	8623	0
03_yao	175	Pulse	199	3150000	11193	NA
03_yao	176	Picture	fix2	3158977	0	1	23670	1	0	next	other	0
03_yao	176	Pulse	199	3160000	1023	NA
03_yao	176	Pulse	199	3170000	11023	NA
03_yao	176	Pulse	199	3180000	21023	NA
03_yao	177	Picture	feedback	3182647	0	1	20170	1	0	next	other	0
03_yao	177	Pulse	199	3190000	7353	NA
03_yao	177	Pulse	199	3200000	17353	NA
03_yao	178	Picture	fix	3202817	0	1	23337	1	0	next	other	0
03_yao	178	Pulse	199	3210000	7183	NA
03_yao	178	Pulse	199	3220000	17183	NA
03_yao	180	Picture	stim	3226154	0	1	20170	1	0	20000	hit	503
03_yao	180	Pulse	199	3230000	3846	NA
03_yao	180	Response	16	3239972	13818	0
03_yao	180	Pulse	199	3240000	13846	NA
03_yao	181	Picture	fix2	3246490	0	1	21837	1	0	next	other	0
03_yao	181	Pulse	199	3250000	3510	NA
03_yao	181	Pulse	199	3260000	13510	NA
03_yao	182	Picture	feedback	3268327	0	1	20170	1	0	next	other	0
03_yao	182	Pulse	199	3270000	1673	NA
03_yao	182	Pulse	199	3280000	11673	NA
03_yao	183	Picture	fix	3288496	0	1	32338	1	0	next	other	0
03_yao	183	Pulse	199	3290000	1504	NA
03_yao	183	Pulse	199	3300000	11504	NA
03_yao	183	Pulse	199	3310000	21504	NA
03_yao	183	Pulse	199	3320000	31504	NA
03_yao	185	Picture	stim	3320835	0	1	20170	1	0	20000	hit	518
03_yao	185	Pulse	199	3330000	9165	NA
03_yao	185	Response	16	3334501	13666	0
03_yao	185	Pulse	199	3340000	19165	NA
03_yao	186	Picture	fix2	3341171	0	1	18670	1	0	next	other	0
03_yao	186	Pulse	199	3350000	8829	NA
03_yao	187	Picture	feedback	3359841	0	1	20170	1	0	next	other	0
03_yao	187	Pulse	199	3360000	159	NA
03_yao	187	Pulse	199	3370000	10159	NA
03_yao	187	Pulse	199	3380000	20159	NA
03_yao	188	Picture	fix	3380010	0	1	31005	1	0	next	other	0
03_yao	188	Pulse	199	3390000	9990	NA
03_yao	188	Pulse	199	3400000	19990	NA
03_yao	188	Pulse	199	3410000	29990	NA
03_yao	190	Picture	stim	3411015	0	1	20170	1	0	20000	incorrect	532
03_yao	190	Pulse	199	3420000	8985	NA
03_yao	190	Response	32	3425126	14111	0
03_yao	190	Pulse	199	3430000	18985	NA
03_yao	191	Picture	fix2	3431185	0	1	12169	1	0	next	other	0
03_yao	191	Pulse	199	3440000	8815	NA
03_yao	192	Picture	feedback	3443353	0	1	20170	1	0	next	other	0
03_yao	192	Pulse	199	3450000	6647	NA
03_yao	192	Pulse	199	3460000	16647	NA
03_yao	193	Picture	fix	3463523	0	1	27337	1	0	next	other	0
03_yao	193	Pulse	199	3470000	6477	NA
03_yao	193	Pulse	199	3480000	16477	NA
03_yao	193	Pulse	199	3490000	26477	NA
03_yao	195	Picture	stim	3490861	0	1	20173	1	0	20000	incorrect	545
03_yao	195	Pulse	199	3500000	9139	NA
03_yao	195	Response	32	3507103	16243	0
03_yao	195	Pulse	199	3510000	19139	NA
03_yao	196	Picture	fix2	3511197	0	1	22670	1	0	next	other	0
03_yao	196	Pulse	199	3520000	8803	NA
03_yao	196	Pulse	199	3530000	18803	NA
03_yao	197	Picture	feedback	3533867	0	1	20170	1	0	next	other	0
03_yao	197	Pulse	199	3540000	6133	NA
03_yao	197	Pulse	199	3550000	16133	NA
03_yao	198	Picture	fix	3554037	0	1	31838	1	0	next	other	0
03_yao	198	Pulse	199	3560000	5963	NA
03_yao	198	Pulse	199	3570000	15963	NA
03_yao	198	Pulse	199	3580000	25963	NA
03_yao	200	Picture	stim	3585875	0	1	20170	1	0	20000	incorrect	559
03_yao	200	Pulse	199	3590000	4125	NA
03_yao	200	Response	32	3598189	12314	0
03_yao	200	Pulse	199	3600000	14125	NA
03_yao	201	Picture	fix2	3606045	0	1	11335	1	0	next	other	0
03_yao	201	Pulse	199	3610000	3955	NA
03_yao	202	Picture	feedback	3617380	0	1	20170	1	0	next	other	0
03_yao	202	Pulse	199	3620000	2620	NA
03_yao	202	Pulse	199	3630000	12620	NA
03_yao	203	Picture	100	3637549	0	1	80179	1	0	80000	other	0
03_yao	203	Pulse	199	3640000	2451	NA
03_yao	203	Pulse	199	3650000	12451	NA
03_yao	203	Pulse	199	3660000	22451	NA
03_yao	203	Pulse	199	3670000	32451	NA
03_yao	203	Pulse	199	3680000	42451	NA
03_yao	203	Pulse	199	3690000	52451	NA
03_yao	203	Pulse	199	3700000	62451	NA
03_yao	203	Pulse	199	3710000	72451	NA
