Scenario - FeedbacklearningMRI_GFG.sce
Logfile written - 02/21/2019 17:10:30

Subject	Trial	Event Type	Code	Time	TTime	Uncertainty	Duration	Uncertainty	ReqTime	ReqDur	Stim Type	Pair Index

Plamina	0	Pulse	199	0	0	NA
Plamina	0	Pulse	199	10000	10000	NA
Plamina	1	Pulse	199	20000	9000	NA
Plamina	1	Pulse	199	30000	19000	NA
Plamina	1	Pulse	199	40000	29000	NA
Plamina	1	Pulse	199	50000	39000	NA
Plamina	1	Pulse	199	60000	49000	NA
Plamina	1	Pulse	199	70000	59000	NA
Plamina	1	Pulse	199	80000	69000	NA
Plamina	1	Pulse	199	90000	79000	NA
Plamina	1	Pulse	199	100000	89000	NA
Plamina	1	Pulse	199	110000	99000	NA
Plamina	1	Pulse	199	120000	109000	NA
Plamina	1	Pulse	199	130000	119000	NA
Plamina	1	Pulse	199	140000	129000	NA
Plamina	1	Pulse	199	150000	139000	NA
Plamina	1	Pulse	199	160000	149000	NA
Plamina	1	Pulse	199	170000	159000	NA
Plamina	1	Pulse	199	180000	169000	NA
Plamina	1	Pulse	199	190000	179000	NA
Plamina	1	Pulse	199	200000	189000	NA
Plamina	1	Pulse	199	210000	199000	NA
Plamina	1	Pulse	199	220000	209000	NA
Plamina	1	Pulse	199	230000	219000	NA
Plamina	1	Pulse	199	240000	229000	NA
Plamina	1	Pulse	199	250000	239000	NA
Plamina	1	Pulse	199	260000	249000	NA
Plamina	1	Pulse	199	270000	259000	NA
Plamina	1	Pulse	199	280000	269000	NA
Plamina	1	Pulse	199	290000	279000	NA
Plamina	1	Pulse	199	300000	289000	NA
Plamina	1	Pulse	199	310000	299000	NA
Plamina	1	Pulse	199	320000	309000	NA
Plamina	1	Pulse	199	330000	319000	NA
Plamina	1	Pulse	199	340000	329000	NA
Plamina	1	Pulse	199	350000	339000	NA
Plamina	1	Pulse	199	360000	349000	NA
Plamina	1	Pulse	199	370000	359000	NA
Plamina	1	Pulse	199	380000	369000	NA
Plamina	1	Pulse	199	390000	379000	NA
Plamina	1	Pulse	199	400000	389000	NA
Plamina	1	Response	16	401047	390047	0
Plamina	2	Pulse	199	410000	8946	NA
Plamina	2	Pulse	199	420000	18946	NA
Plamina	2	Pulse	199	430000	28946	NA
Plamina	2	Pulse	199	440000	38946	NA
Plamina	2	Pulse	199	450000	48946	NA
Plamina	3	Picture	fix	451843	0	1	20683	1	0	next	other	0
Plamina	3	Pulse	199	460000	8157	NA
Plamina	3	Pulse	199	470000	18157	NA
Plamina	4	Picture	stim	472526	0	1	20182	1	0	20000	miss	0
Plamina	4	Pulse	199	480000	7474	NA
Plamina	4	Pulse	199	490000	17474	NA
Plamina	5	Picture	fix2	492875	0	1	15012	1	0	next	other	0
Plamina	5	Pulse	199	500000	7125	NA
Plamina	6	Picture	feedback	507887	0	1	20182	1	0	20000	other	0
Plamina	6	Pulse	199	510000	2113	NA
Plamina	6	Pulse	199	520000	12113	NA
Plamina	7	Picture	fix	528236	0	1	22684	1	0	next	other	0
Plamina	7	Pulse	199	530000	1764	NA
Plamina	7	Pulse	199	540000	11764	NA
Plamina	7	Pulse	199	550000	21764	NA
Plamina	8	Picture	stim	550920	0	1	20182	1	0	20000	incorrect	64
Plamina	8	Response	32	559448	8527	0
Plamina	8	Pulse	199	560000	9080	NA
Plamina	8	Pulse	199	570000	19080	NA
Plamina	9	Picture	fix2	571269	0	1	23518	1	0	next	other	0
Plamina	9	Pulse	199	580000	8731	NA
Plamina	9	Pulse	199	590000	18731	NA
Plamina	10	Picture	feedback	594788	0	1	20182	1	0	20000	other	0
Plamina	10	Pulse	199	600000	5212	NA
Plamina	10	Pulse	199	610000	15212	NA
Plamina	11	Picture	fix	615470	0	1	17512	3	0	next	other	0
Plamina	11	Pulse	199	620000	4530	NA
Plamina	11	Pulse	199	630000	14530	NA
Plamina	12	Picture	stim	632983	0	3	20183	4	0	20000	incorrect	78
Plamina	12	Pulse	199	640000	7017	NA
Plamina	12	Response	32	642728	9745	0
Plamina	12	Pulse	199	650000	17017	NA
Plamina	13	Picture	fix2	653333	0	1	11676	1	0	next	other	0
Plamina	13	Pulse	199	660000	6667	NA
Plamina	14	Picture	feedback	665009	0	1	19883	511	0	20000	other	0
Plamina	14	Pulse	199	670000	4991	NA
Plamina	14	Pulse	199	680000	14991	NA
Plamina	15	Picture	fix	685692	0	1	20683	1	0	next	other	0
Plamina	15	Pulse	199	690000	4308	NA
Plamina	15	Pulse	199	700000	14308	NA
Plamina	16	Picture	stim	706374	0	1	20182	1	0	20000	hit	90
Plamina	16	Pulse	199	710000	3626	NA
Plamina	16	Response	32	715849	9474	0
Plamina	16	Pulse	199	720000	13626	NA
Plamina	17	Picture	fix2	726724	0	1	13677	1	0	next	other	0
Plamina	17	Pulse	199	730000	3277	NA
Plamina	17	Pulse	199	740000	13277	NA
Plamina	18	Picture	feedback	740401	0	1	20182	2	0	20000	other	0
Plamina	18	Pulse	199	750000	9599	NA
Plamina	18	Pulse	199	760000	19599	NA
Plamina	19	Picture	fix	760917	0	1	23852	1	0	next	other	0
Plamina	19	Pulse	199	770000	9083	NA
Plamina	19	Pulse	199	780000	19083	NA
Plamina	20	Picture	stim	784769	0	1	20015	356	0	20000	hit	103
Plamina	20	Pulse	199	790000	5231	NA
Plamina	20	Response	16	794249	9480	0
Plamina	20	Pulse	199	800000	15231	NA
Plamina	21	Picture	fix2	805451	0	1	19182	1	0	next	other	0
Plamina	21	Pulse	199	810000	4549	NA
Plamina	21	Pulse	199	820000	14549	NA
Plamina	22	Picture	feedback	824633	0	1	20182	1	0	20000	other	0
Plamina	22	Pulse	199	830000	5367	NA
Plamina	22	Pulse	199	840000	15367	NA
Plamina	23	Picture	fix	845149	0	1	11009	463	0	next	other	0
Plamina	23	Pulse	199	850000	4851	NA
Plamina	24	Picture	stim	856157	0	463	20007	847	0	20000	hit	115
Plamina	24	Pulse	199	860000	3843	NA
Plamina	24	Response	32	864491	8334	0
Plamina	24	Pulse	199	870000	13843	NA
Plamina	25	Picture	fix2	876840	0	1	21850	1	0	next	other	0
Plamina	25	Pulse	199	880000	3160	NA
Plamina	25	Pulse	199	890000	13160	NA
Plamina	26	Picture	feedback	898691	0	1	20181	2	0	20000	other	0
Plamina	26	Pulse	199	900000	1309	NA
Plamina	26	Pulse	199	910000	11309	NA
Plamina	27	Picture	fix	919040	0	1	27021	1	0	next	other	0
Plamina	27	Pulse	199	920000	960	NA
Plamina	27	Pulse	199	930000	10960	NA
Plamina	27	Pulse	199	940000	20960	NA
Plamina	28	Picture	stim	946061	0	1	20182	1	0	20000	incorrect	129
Plamina	28	Pulse	199	950000	3939	NA
Plamina	28	Response	32	954008	7948	0
Plamina	28	Pulse	199	960000	13939	NA
Plamina	29	Picture	fix2	966410	0	1	11175	1	0	next	other	0
Plamina	29	Pulse	199	970000	3590	NA
Plamina	30	Picture	feedback	977585	0	1	20182	1	0	20000	other	0
Plamina	30	Pulse	199	980000	2415	NA
Plamina	30	Pulse	199	990000	12415	NA
Plamina	31	Picture	fix	997934	0	1	19181	1	0	next	other	0
Plamina	31	Pulse	199	1000000	2066	NA
Plamina	31	Pulse	199	1010000	12066	NA
Plamina	32	Picture	stim	1017116	0	1	20182	2	0	20000	incorrect	141
Plamina	32	Pulse	199	1020000	2884	NA
Plamina	32	Response	16	1028249	11133	0
Plamina	32	Pulse	199	1030000	12884	NA
Plamina	33	Picture	fix2	1037632	0	1	14094	299	0	next	other	0
Plamina	33	Pulse	199	1040000	2368	NA
Plamina	33	Pulse	199	1050000	12368	NA
Plamina	34	Picture	feedback	1051726	0	299	20099	299	0	20000	other	0
Plamina	34	Pulse	199	1060000	8274	NA
Plamina	34	Pulse	199	1070000	18274	NA
Plamina	35	Picture	fix	1072158	0	2	25020	2	0	next	other	0
Plamina	35	Pulse	199	1080000	7842	NA
Plamina	35	Pulse	199	1090000	17842	NA
Plamina	36	Picture	stim	1097178	0	1	20182	1	0	20000	incorrect	154
Plamina	36	Pulse	199	1100000	2822	NA
Plamina	36	Response	32	1106889	9711	0
Plamina	36	Pulse	199	1110000	12822	NA
Plamina	37	Picture	fix2	1117527	0	1	21850	1	0	next	other	0
Plamina	37	Pulse	199	1120000	2473	NA
Plamina	37	Pulse	199	1130000	12473	NA
Plamina	38	Picture	feedback	1139378	0	1	20182	1	0	20000	other	0
Plamina	38	Pulse	199	1140000	622	NA
Plamina	38	Pulse	199	1150000	10622	NA
Plamina	39	Picture	fix	1159894	0	1	21684	1	0	next	other	0
Plamina	39	Pulse	199	1160000	106	NA
Plamina	39	Pulse	199	1170000	10106	NA
Plamina	39	Pulse	199	1180000	20106	NA
Plamina	40	Picture	stim	1181577	0	1	20182	1	0	20000	incorrect	168
Plamina	40	Pulse	199	1190000	8423	NA
Plamina	40	Response	32	1190889	9311	0
Plamina	40	Pulse	199	1200000	18423	NA
Plamina	41	Picture	fix2	1201926	0	1	19515	1	0	next	other	0
Plamina	41	Pulse	199	1210000	8074	NA
Plamina	41	Pulse	199	1220000	18074	NA
Plamina	42	Picture	feedback	1221442	0	1	20182	1	0	20000	other	0
Plamina	42	Pulse	199	1230000	8558	NA
Plamina	42	Pulse	199	1240000	18558	NA
Plamina	43	Picture	fix	1241958	0	1	19682	1	0	next	other	0
Plamina	43	Pulse	199	1250000	8042	NA
Plamina	43	Pulse	199	1260000	18042	NA
Plamina	44	Picture	stim	1261639	0	1	20182	1	0	20000	hit	181
Plamina	44	Pulse	199	1270000	8361	NA
Plamina	44	Response	32	1270809	9169	0
Plamina	44	Pulse	199	1280000	18361	NA
Plamina	45	Picture	fix2	1281989	0	1	16680	1	0	next	other	0
Plamina	45	Pulse	199	1290000	8011	NA
Plamina	46	Picture	feedback	1298668	0	1	20182	1	0	20000	other	0
Plamina	46	Pulse	199	1300000	1332	NA
Plamina	46	Pulse	199	1310000	11332	NA
Plamina	47	Picture	fix	1319016	0	2	16013	2	0	next	other	0
Plamina	47	Pulse	199	1320000	984	NA
Plamina	47	Pulse	199	1330000	10984	NA
Plamina	48	Picture	stim	1335030	0	1	20182	1	0	20000	incorrect	193
Plamina	48	Pulse	199	1340000	4970	NA
Plamina	48	Response	32	1346489	11459	0
Plamina	48	Pulse	199	1350000	14970	NA
Plamina	49	Picture	fix2	1355379	0	1	17180	1	0	next	other	0
Plamina	49	Pulse	199	1360000	4621	NA
Plamina	49	Pulse	199	1370000	14621	NA
Plamina	50	Picture	feedback	1372559	0	1	20182	1	0	20000	other	0
Plamina	50	Pulse	199	1380000	7441	NA
Plamina	50	Pulse	199	1390000	17441	NA
Plamina	51	Picture	fix	1392908	0	1	33860	1	0	next	other	0
Plamina	51	Pulse	199	1400000	7092	NA
Plamina	51	Pulse	199	1410000	17092	NA
Plamina	51	Pulse	199	1420000	27092	NA
Plamina	52	Picture	stim	1426768	0	1	20349	1	0	20000	hit	207
Plamina	52	Pulse	199	1430000	3232	NA
Plamina	52	Response	32	1434650	7882	0
Plamina	52	Pulse	199	1440000	13232	NA
Plamina	53	Picture	fix2	1447284	0	1	8006	1	0	next	other	0
Plamina	53	Pulse	199	1450000	2716	NA
Plamina	54	Picture	feedback	1455290	0	1	20182	1	0	20000	other	0
Plamina	54	Pulse	199	1460000	4710	NA
Plamina	54	Pulse	199	1470000	14710	NA
Plamina	55	Picture	fix	1475806	0	1	9507	1	0	next	other	0
Plamina	55	Pulse	199	1480000	4194	NA
Plamina	56	Picture	stim	1485313	0	1	20182	1	0	20000	incorrect	218
Plamina	56	Pulse	199	1490000	4687	NA
Plamina	56	Response	16	1496170	10857	0
Plamina	56	Pulse	199	1500000	14687	NA
Plamina	57	Picture	fix2	1505663	0	1	20683	1	0	next	other	0
Plamina	57	Pulse	199	1510000	4337	NA
Plamina	57	Pulse	199	1520000	14337	NA
Plamina	58	Picture	feedback	1526345	0	1	20349	1	0	20000	other	0
Plamina	58	Pulse	199	1530000	3655	NA
Plamina	58	Pulse	199	1540000	13655	NA
Plamina	59	Picture	fix	1546861	0	1	24352	1	0	next	other	0
Plamina	59	Pulse	199	1550000	3139	NA
Plamina	59	Pulse	199	1560000	13139	NA
Plamina	59	Pulse	199	1570000	23139	NA
Plamina	60	Picture	stim	1571214	0	1	20349	1	0	20000	hit	231
Plamina	60	Response	16	1578970	7757	0
Plamina	60	Pulse	199	1580000	8786	NA
Plamina	60	Pulse	199	1590000	18786	NA
Plamina	61	Picture	fix2	1591729	0	1	14678	1	0	next	other	0
Plamina	61	Pulse	199	1600000	8271	NA
Plamina	62	Picture	feedback	1606408	0	1	20182	1	0	20000	other	0
Plamina	62	Pulse	199	1610000	3592	NA
Plamina	62	Pulse	199	1620000	13592	NA
Plamina	63	Picture	fix	1626924	0	1	16846	1	0	next	other	0
Plamina	63	Pulse	199	1630000	3076	NA
Plamina	63	Pulse	199	1640000	13076	NA
Plamina	64	Picture	stim	1643770	0	1	20182	1	0	20000	hit	244
Plamina	64	Pulse	199	1650000	6230	NA
Plamina	64	Response	32	1654009	10239	0
Plamina	64	Pulse	199	1660000	16230	NA
Plamina	65	Picture	fix2	1664119	0	1	14011	1	0	next	other	0
Plamina	65	Pulse	199	1670000	5881	NA
Plamina	66	Picture	feedback	1678130	0	1	20182	1	0	20000	other	0
Plamina	66	Pulse	199	1680000	1870	NA
Plamina	66	Pulse	199	1690000	11870	NA
Plamina	67	Picture	fix	1698646	0	1	23852	1	0	next	other	0
Plamina	67	Pulse	199	1700000	1354	NA
Plamina	67	Pulse	199	1710000	11354	NA
Plamina	67	Pulse	199	1720000	21354	NA
Plamina	68	Picture	stim	1722498	0	1	20182	1	0	20000	incorrect	257
Plamina	68	Pulse	199	1730000	7502	NA
Plamina	68	Response	16	1733530	11032	0
Plamina	68	Pulse	199	1740000	17502	NA
Plamina	69	Picture	fix2	1742847	0	1	8507	1	0	next	other	0
Plamina	69	Pulse	199	1750000	7153	NA
Plamina	70	Picture	feedback	1751354	0	1	20182	1	0	20000	other	0
Plamina	70	Pulse	199	1760000	8646	NA
Plamina	70	Pulse	199	1770000	18646	NA
Plamina	71	Picture	fix	1771703	0	1	17347	1	0	next	other	0
Plamina	71	Pulse	199	1780000	8297	NA
Plamina	72	Picture	stim	1789050	0	1	20182	1	0	20000	hit	269
Plamina	72	Pulse	199	1790000	950	NA
Plamina	72	Pulse	199	1800000	10950	NA
Plamina	72	Response	16	1801450	12400	0
Plamina	73	Picture	fix2	1809899	0	1	14511	1	0	next	other	0
Plamina	73	Pulse	199	1810000	101	NA
Plamina	73	Pulse	199	1820000	10101	NA
Plamina	74	Picture	feedback	1824410	0	1	20182	1	0	20000	other	0
Plamina	74	Pulse	199	1830000	5590	NA
Plamina	74	Pulse	199	1840000	15590	NA
Plamina	75	Picture	fix	1844926	0	1	27355	1	0	next	other	0
Plamina	75	Pulse	199	1850000	5074	NA
Plamina	75	Pulse	199	1860000	15074	NA
Plamina	75	Pulse	199	1870000	25074	NA
Plamina	76	Picture	stim	1872281	0	1	20182	1	0	20000	incorrect	282
Plamina	76	Pulse	199	1880000	7719	NA
Plamina	76	Response	16	1884492	12211	0
Plamina	76	Pulse	199	1890000	17719	NA
Plamina	77	Picture	fix2	1892630	0	1	17847	1	0	next	other	0
Plamina	77	Pulse	199	1900000	7370	NA
Plamina	77	Pulse	199	1910000	17370	NA
Plamina	78	Picture	feedback	1910477	0	1	20182	1	0	20000	other	0
Plamina	78	Pulse	199	1920000	9523	NA
Plamina	78	Pulse	199	1930000	19523	NA
Plamina	79	Picture	fix	1930993	0	1	15679	1	0	next	other	0
Plamina	79	Pulse	199	1940000	9007	NA
Plamina	80	Picture	stim	1946672	0	1	20516	1	0	20000	incorrect	294
Plamina	80	Pulse	199	1950000	3328	NA
Plamina	80	Response	16	1956730	10058	0
Plamina	80	Pulse	199	1960000	13328	NA
Plamina	81	Picture	fix2	1967355	0	1	12176	1	0	next	other	0
Plamina	81	Pulse	199	1970000	2645	NA
Plamina	82	Picture	feedback	1979531	0	1	20182	1	0	20000	other	0
Plamina	82	Pulse	199	1980000	469	NA
Plamina	82	Pulse	199	1990000	10469	NA
Plamina	83	Picture	fix	1999880	0	1	21183	1	0	next	other	0
Plamina	83	Pulse	199	2000000	120	NA
Plamina	83	Pulse	199	2010000	10120	NA
Plamina	83	Pulse	199	2020000	20120	NA
Plamina	84	Picture	stim	2021063	0	1	20182	1	0	20000	hit	307
Plamina	84	Pulse	199	2030000	8937	NA
Plamina	84	Response	16	2033453	12390	0
Plamina	84	Pulse	199	2040000	18937	NA
Plamina	85	Picture	fix2	2041579	0	1	5504	1	0	next	other	0
Plamina	86	Picture	feedback	2047083	0	1	20182	1	0	20000	other	0
Plamina	86	Pulse	199	2050000	2917	NA
Plamina	86	Pulse	199	2060000	12917	NA
Plamina	87	Picture	fix	2068433	0	1	20850	1	0	next	other	0
Plamina	87	Pulse	199	2070000	1567	NA
Plamina	87	Pulse	199	2080000	11567	NA
Plamina	88	Picture	stim	2089283	0	1	20182	1	0	20000	hit	319
Plamina	88	Pulse	199	2090000	717	NA
Plamina	88	Pulse	199	2100000	10717	NA
Plamina	88	Response	16	2100410	11127	0
Plamina	89	Picture	fix2	2109632	0	1	16012	1	0	next	other	0
Plamina	89	Pulse	199	2110000	368	NA
Plamina	89	Pulse	199	2120000	10368	NA
Plamina	90	Picture	feedback	2125645	0	1	20349	1	0	20000	other	0
Plamina	90	Pulse	199	2130000	4355	NA
Plamina	90	Pulse	199	2140000	14355	NA
Plamina	91	Picture	fix	2146327	0	1	10508	1	0	next	other	0
Plamina	91	Pulse	199	2150000	3673	NA
Plamina	92	Picture	stim	2156836	0	1	20349	1	0	20000	hit	330
Plamina	92	Pulse	199	2160000	3164	NA
Plamina	92	Response	16	2168890	12055	0
Plamina	92	Pulse	199	2170000	13164	NA
Plamina	93	Picture	fix2	2177518	0	1	11009	1	0	next	other	0
Plamina	93	Pulse	199	2180000	2482	NA
Plamina	94	Picture	feedback	2188527	0	1	20182	1	0	20000	other	0
Plamina	94	Pulse	199	2190000	1473	NA
Plamina	94	Pulse	199	2200000	11473	NA
Plamina	95	Picture	fix	2208876	0	1	10341	1	0	next	other	0
Plamina	95	Pulse	199	2210000	1124	NA
Plamina	96	Picture	stim	2219217	0	1	20182	1	0	20000	hit	341
Plamina	96	Pulse	199	2220000	783	NA
Plamina	96	Response	16	2229931	10713	0
Plamina	96	Pulse	199	2230000	10783	NA
Plamina	97	Picture	fix2	2239900	0	1	16846	1	0	next	other	0
Plamina	97	Pulse	199	2240000	100	NA
Plamina	97	Pulse	199	2250000	10100	NA
Plamina	98	Picture	feedback	2256747	0	1	20182	1	0	20000	other	0
Plamina	98	Pulse	199	2260000	3253	NA
Plamina	98	Pulse	199	2270000	13253	NA
Plamina	99	Picture	fix	2277262	0	1	28689	1	0	next	other	0
Plamina	99	Pulse	199	2280000	2738	NA
Plamina	99	Pulse	199	2290000	12738	NA
Plamina	99	Pulse	199	2300000	22738	NA
Plamina	100	Picture	stim	2305951	0	1	20349	1	0	20000	hit	355
Plamina	100	Pulse	199	2310000	4049	NA
Plamina	100	Response	32	2317052	11100	0
Plamina	100	Pulse	199	2320000	14049	NA
Plamina	101	Picture	fix2	2326467	0	1	15012	1	0	next	other	0
Plamina	101	Pulse	199	2330000	3533	NA
Plamina	101	Pulse	199	2340000	13533	NA
Plamina	102	Picture	feedback	2341479	0	1	20182	1	0	20000	other	0
Plamina	102	Pulse	199	2350000	8521	NA
Plamina	102	Pulse	199	2360000	18521	NA
Plamina	103	Picture	fix	2361995	0	1	14345	1	0	next	other	0
Plamina	103	Pulse	199	2370000	8005	NA
Plamina	104	Picture	stim	2376340	0	1	20182	1	0	20000	hit	367
Plamina	104	Pulse	199	2380000	3661	NA
Plamina	104	Response	16	2384252	7913	0
Plamina	104	Pulse	199	2390000	13661	NA
Plamina	105	Picture	fix2	2396689	0	1	17514	1	0	next	other	0
Plamina	105	Pulse	199	2400000	3311	NA
Plamina	105	Pulse	199	2410000	13311	NA
Plamina	106	Picture	feedback	2414202	0	1	20182	1	0	20000	other	0
Plamina	106	Pulse	199	2420000	5798	NA
Plamina	106	Pulse	199	2430000	15798	NA
Plamina	107	Picture	fix	2434552	0	1	14511	1	0	next	other	0
Plamina	107	Pulse	199	2440000	5448	NA
Plamina	108	Picture	stim	2449063	0	1	20182	1	0	20000	hit	379
Plamina	108	Pulse	199	2450000	937	NA
Plamina	108	Response	32	2459452	10390	0
Plamina	108	Pulse	199	2460000	10937	NA
Plamina	109	Picture	fix2	2469412	0	1	8840	1	0	next	other	0
Plamina	109	Pulse	199	2470000	588	NA
Plamina	110	Picture	feedback	2478252	0	1	20182	1	0	20000	other	0
Plamina	110	Pulse	199	2480000	1748	NA
Plamina	110	Pulse	199	2490000	11748	NA
Plamina	111	Picture	fix	2499102	0	1	19182	1	0	next	other	0
Plamina	111	Pulse	199	2500000	898	NA
Plamina	111	Pulse	199	2510000	10898	NA
Plamina	112	Picture	stim	2518283	0	1	20182	1	0	20000	hit	391
Plamina	112	Pulse	199	2520000	1717	NA
Plamina	112	Response	16	2526891	8608	0
Plamina	112	Pulse	199	2530000	11717	NA
Plamina	113	Picture	fix2	2538632	0	1	9507	1	0	next	other	0
Plamina	113	Pulse	199	2540000	1368	NA
Plamina	114	Picture	feedback	2548140	0	1	20182	1	0	20000	other	0
Plamina	114	Pulse	199	2550000	1860	NA
Plamina	114	Pulse	199	2560000	11860	NA
Plamina	115	Picture	fix	2568823	0	1	14845	1	0	next	other	0
Plamina	115	Pulse	199	2570000	1177	NA
Plamina	115	Pulse	199	2580000	11177	NA
Plamina	116	Picture	stim	2583667	0	1	20182	1	0	20000	hit	403
Plamina	116	Pulse	199	2590000	6333	NA
Plamina	116	Response	32	2593693	10025	0
Plamina	116	Pulse	199	2600000	16333	NA
Plamina	117	Picture	fix2	2604017	0	1	10842	1	0	next	other	0
Plamina	117	Pulse	199	2610000	5983	NA
Plamina	118	Picture	feedback	2614858	0	1	20182	1	0	20000	other	0
Plamina	118	Pulse	199	2620000	5142	NA
Plamina	118	Pulse	199	2630000	15142	NA
Plamina	119	Picture	fix	2635374	0	1	18014	1	0	next	other	0
Plamina	119	Pulse	199	2640000	4626	NA
Plamina	119	Pulse	199	2650000	14626	NA
Plamina	120	Picture	stim	2653388	0	1	20182	1	0	20000	incorrect	415
Plamina	120	Pulse	199	2660000	6612	NA
Plamina	120	Response	16	2664891	11503	0
Plamina	120	Pulse	199	2670000	16612	NA
Plamina	121	Picture	fix2	2673737	0	1	12843	1	0	next	other	0
Plamina	121	Pulse	199	2680000	6263	NA
Plamina	122	Picture	feedback	2686581	0	1	20182	1	0	20000	other	0
Plamina	122	Pulse	199	2690000	3419	NA
Plamina	122	Pulse	199	2700000	13419	NA
