Scenario - FeedbacklearningMRI_GFG.sce
Logfile written - 02/21/2019 17:15:17

Subject	Trial	Event Type	Code	Time	TTime	Uncertainty	Duration	Uncertainty	ReqTime	ReqDur	Stim Type	Pair Index

Plamina	0	Pulse	199	0	0	NA
Plamina	0	Pulse	199	10000	10000	NA
Plamina	1	Pulse	199	20000	9500	NA
Plamina	1	Pulse	199	30000	19500	NA
Plamina	1	Pulse	199	40000	29500	NA
Plamina	1	Pulse	199	50000	39500	NA
Plamina	1	Pulse	199	60000	49500	NA
Plamina	1	Pulse	199	70000	59500	NA
Plamina	1	Pulse	199	80000	69500	NA
Plamina	1	Pulse	199	90000	79500	NA
Plamina	1	Response	16	91274	80774	0
Plamina	2	Pulse	199	100000	8719	NA
Plamina	2	Pulse	199	110000	18719	NA
Plamina	2	Pulse	199	120000	28719	NA
Plamina	2	Pulse	199	130000	38719	NA
Plamina	2	Pulse	199	140000	48719	NA
Plamina	3	Picture	fix	141936	0	1	15679	1	0	next	other	0
Plamina	3	Response	16	142073	137	0
Plamina	3	Pulse	199	150000	8064	NA
Plamina	4	Picture	stim	157615	0	1	20182	1	0	20000	incorrect	23
Plamina	4	Pulse	199	160000	2385	NA
Plamina	4	Pulse	199	170000	12385	NA
Plamina	4	Response	32	170314	12700	0
Plamina	5	Picture	fix2	177964	0	1	14011	1	0	next	other	0
Plamina	5	Pulse	199	180000	2036	NA
Plamina	5	Pulse	199	190000	12036	NA
Plamina	6	Picture	feedback	191975	0	1	20182	1	0	20000	other	0
Plamina	6	Pulse	199	200000	8025	NA
Plamina	6	Pulse	199	210000	18025	NA
Plamina	7	Picture	fix	212491	0	1	23852	1	0	next	other	0
Plamina	7	Pulse	199	220000	7509	NA
Plamina	7	Pulse	199	230000	17509	NA
Plamina	8	Picture	stim	236342	0	1	20182	1	0	20000	incorrect	35
Plamina	8	Pulse	199	240000	3658	NA
Plamina	8	Response	32	247033	10690	0
Plamina	8	Pulse	199	250000	13658	NA
Plamina	9	Picture	fix2	256692	0	1	13677	1	0	next	other	0
Plamina	9	Pulse	199	260000	3308	NA
Plamina	9	Pulse	199	270000	13308	NA
Plamina	10	Picture	feedback	270369	0	1	20182	1	0	20000	other	0
Plamina	10	Pulse	199	280000	9631	NA
Plamina	10	Pulse	199	290000	19631	NA
Plamina	11	Picture	fix	290885	0	1	14212	500	0	next	other	0
Plamina	11	Pulse	199	300000	9115	NA
Plamina	12	Picture	stim	305097	0	500	20148	500	0	20000	incorrect	47
Plamina	12	Pulse	199	310000	4903	NA
Plamina	12	Response	32	316794	11697	0
Plamina	12	Pulse	199	320000	14903	NA
Plamina	13	Picture	fix2	325412	0	1	15012	1	0	next	other	0
Plamina	13	Pulse	199	330000	4588	NA
Plamina	13	Pulse	199	340000	14588	NA
Plamina	14	Picture	feedback	340423	0	1	20182	1	0	20000	other	0
Plamina	14	Pulse	199	350000	9577	NA
Plamina	14	Pulse	199	360000	19577	NA
Plamina	15	Picture	fix	360773	0	1	14845	1	0	next	other	0
Plamina	15	Pulse	199	370000	9227	NA
Plamina	16	Picture	stim	375617	0	1	20016	380	0	20000	hit	59
Plamina	16	Pulse	199	380000	4383	NA
Plamina	16	Response	32	385193	9576	0
Plamina	16	Pulse	199	390000	14383	NA
Plamina	17	Picture	fix2	396300	0	1	19198	493	0	next	other	0
Plamina	17	Pulse	199	400000	3700	NA
Plamina	17	Pulse	199	410000	13700	NA
Plamina	18	Picture	feedback	415499	0	493	20165	494	0	20000	other	0
Plamina	18	Pulse	199	420000	4502	NA
Plamina	18	Pulse	199	430000	14502	NA
Plamina	19	Picture	fix	435998	0	1	19182	1	0	next	other	0
Plamina	19	Pulse	199	440000	4002	NA
Plamina	19	Pulse	199	450000	14002	NA
Plamina	20	Picture	stim	455179	0	1	20182	1	0	20000	hit	72
Plamina	20	Pulse	199	460000	4821	NA
Plamina	20	Response	32	465594	10414	0
Plamina	20	Pulse	199	470000	14821	NA
Plamina	21	Picture	fix2	475528	0	1	17847	1	0	next	other	0
Plamina	21	Pulse	199	480000	4472	NA
Plamina	21	Pulse	199	490000	14472	NA
Plamina	22	Picture	feedback	493375	0	1	20182	1	0	20000	other	0
Plamina	22	Pulse	199	500000	6625	NA
Plamina	22	Pulse	199	510000	16625	NA
Plamina	23	Picture	fix	513891	0	1	14178	1	0	next	other	0
Plamina	23	Pulse	199	520000	6109	NA
Plamina	24	Picture	stim	528069	0	1	20182	1	0	20000	hit	84
Plamina	24	Pulse	199	530000	1931	NA
Plamina	24	Response	32	539994	11925	0
Plamina	24	Pulse	199	540000	11931	NA
Plamina	25	Picture	fix2	548418	0	1	10842	1	0	next	other	0
Plamina	25	Pulse	199	550000	1582	NA
Plamina	26	Picture	feedback	559260	0	1	20182	1	0	20000	other	0
Plamina	26	Pulse	199	560000	740	NA
Plamina	26	Pulse	199	570000	10740	NA
Plamina	27	Picture	fix	579776	0	1	10341	1	0	next	other	0
Plamina	27	Pulse	199	580000	224	NA
Plamina	27	Pulse	199	590000	10224	NA
Plamina	28	Picture	stim	590118	0	1	20182	1	0	20000	hit	95
Plamina	28	Response	32	599433	9316	0
Plamina	28	Pulse	199	600000	9882	NA
Plamina	28	Pulse	199	610000	19882	NA
Plamina	29	Picture	fix2	610467	0	1	11175	1	0	next	other	0
Plamina	29	Pulse	199	620000	9533	NA
Plamina	30	Picture	feedback	621642	0	1	20182	1	0	20000	other	0
Plamina	30	Pulse	199	630000	8358	NA
Plamina	30	Pulse	199	640000	18358	NA
Plamina	31	Picture	fix	641991	0	1	20683	1	0	next	other	0
Plamina	31	Pulse	199	650000	8009	NA
Plamina	31	Pulse	199	660000	18009	NA
Plamina	32	Picture	stim	662674	0	1	20182	1	0	20000	hit	108
Plamina	32	Pulse	199	670000	7326	NA
Plamina	32	Response	16	674474	11800	0
Plamina	32	Pulse	199	680000	17326	NA
Plamina	33	Picture	fix2	683023	0	1	11426	288	0	next	other	0
Plamina	33	Pulse	199	690000	6977	NA
Plamina	34	Picture	feedback	694449	0	288	20099	288	0	20000	other	0
Plamina	34	Pulse	199	700000	5551	NA
Plamina	34	Pulse	199	710000	15551	NA
Plamina	35	Picture	fix	714881	0	1	11175	1	0	next	other	0
Plamina	35	Pulse	199	720000	5119	NA
Plamina	36	Picture	stim	726056	0	1	20182	1	0	20000	hit	119
Plamina	36	Pulse	199	730000	3944	NA
Plamina	36	Response	16	733754	7697	0
Plamina	36	Pulse	199	740000	13944	NA
Plamina	37	Picture	fix2	746406	0	1	9506	2	0	next	other	0
Plamina	37	Pulse	199	750000	3594	NA
Plamina	38	Picture	feedback	755912	0	2	20183	2	0	20000	other	0
Plamina	38	Pulse	199	760000	4088	NA
Plamina	38	Pulse	199	770000	14088	NA
Plamina	39	Picture	fix	776429	0	1	21183	1	0	next	other	0
Plamina	39	Pulse	199	780000	3571	NA
Plamina	39	Pulse	199	790000	13571	NA
Plamina	40	Picture	stim	797612	0	1	20182	1	0	20000	hit	131
Plamina	40	Pulse	199	800000	2388	NA
Plamina	40	Response	32	807996	10384	0
Plamina	40	Pulse	199	810000	12388	NA
Plamina	41	Picture	fix2	817961	0	1	14345	1	0	next	other	0
Plamina	41	Pulse	199	820000	2039	NA
Plamina	41	Pulse	199	830000	12039	NA
Plamina	42	Picture	feedback	832306	0	1	20182	1	0	20000	other	0
Plamina	42	Pulse	199	840000	7694	NA
Plamina	42	Pulse	199	850000	17694	NA
Plamina	43	Picture	fix	852654	0	2	20850	2	0	next	other	0
Plamina	43	Pulse	199	860000	7346	NA
Plamina	43	Pulse	199	870000	17346	NA
Plamina	44	Picture	stim	873504	0	1	20182	1	0	20000	hit	144
Plamina	44	Pulse	199	880000	6496	NA
Plamina	44	Response	32	881355	7851	0
Plamina	44	Pulse	199	890000	16496	NA
Plamina	45	Picture	fix2	893854	0	1	17180	1	0	next	other	0
Plamina	45	Pulse	199	900000	6146	NA
Plamina	45	Pulse	199	910000	16146	NA
Plamina	46	Picture	feedback	911034	0	1	20182	1	0	20000	other	0
Plamina	46	Pulse	199	920000	8966	NA
Plamina	46	Pulse	199	930000	18966	NA
Plamina	47	Picture	fix	931550	0	1	25019	1	0	next	other	0
Plamina	47	Pulse	199	940000	8450	NA
Plamina	47	Pulse	199	950000	18450	NA
Plamina	48	Picture	stim	956569	0	1	20182	1	0	20000	hit	157
Plamina	48	Pulse	199	960000	3431	NA
Plamina	48	Response	32	964955	8386	0
Plamina	48	Pulse	199	970000	13431	NA
Plamina	49	Picture	fix2	976918	0	1	19182	1	0	next	other	0
Plamina	49	Pulse	199	980000	3082	NA
Plamina	49	Pulse	199	990000	13082	NA
Plamina	50	Picture	feedback	996100	0	1	20182	1	0	20000	other	0
Plamina	50	Pulse	199	1000000	3900	NA
Plamina	50	Pulse	199	1010000	13900	NA
Plamina	51	Picture	fix	1016616	0	1	24352	1	0	next	other	0
Plamina	51	Pulse	199	1020000	3384	NA
Plamina	51	Pulse	199	1030000	13384	NA
Plamina	51	Pulse	199	1040000	23384	NA
Plamina	52	Picture	stim	1040968	0	1	20182	1	0	20000	hit	171
Plamina	52	Pulse	199	1050000	9032	NA
Plamina	52	Response	32	1050314	9346	0
Plamina	52	Pulse	199	1060000	19032	NA
Plamina	53	Picture	fix2	1061317	0	1	12843	1	0	next	other	0
Plamina	53	Pulse	199	1070000	8683	NA
Plamina	54	Picture	feedback	1074160	0	1	20182	1	0	20000	other	0
Plamina	54	Pulse	199	1080000	5840	NA
Plamina	54	Pulse	199	1090000	15840	NA
Plamina	55	Picture	fix	1094510	0	1	17514	1	0	next	other	0
Plamina	55	Pulse	199	1100000	5490	NA
Plamina	55	Pulse	199	1110000	15490	NA
Plamina	56	Picture	stim	1112023	0	1	20349	1	0	20000	hit	183
Plamina	56	Pulse	199	1120000	7977	NA
Plamina	56	Response	16	1123516	11492	0
Plamina	56	Pulse	199	1130000	17977	NA
Plamina	57	Picture	fix2	1132539	0	1	23518	1	0	next	other	0
Plamina	57	Pulse	199	1140000	7461	NA
Plamina	57	Pulse	199	1150000	17461	NA
Plamina	58	Picture	feedback	1156058	0	1	20349	1	0	20000	other	0
Plamina	58	Pulse	199	1160000	3942	NA
Plamina	58	Pulse	199	1170000	13942	NA
Plamina	59	Picture	fix	1176740	0	1	29523	1	0	next	other	0
Plamina	59	Pulse	199	1180000	3260	NA
Plamina	59	Pulse	199	1190000	13260	NA
Plamina	59	Pulse	199	1200000	23260	NA
Plamina	60	Picture	stim	1206263	0	1	20182	1	0	20000	hit	197
Plamina	60	Pulse	199	1210000	3737	NA
Plamina	60	Response	32	1214475	8211	0
Plamina	60	Pulse	199	1220000	13737	NA
Plamina	61	Picture	fix2	1227446	0	1	21850	1	0	next	other	0
Plamina	61	Pulse	199	1230000	2554	NA
Plamina	61	Pulse	199	1240000	12554	NA
Plamina	62	Picture	feedback	1249297	0	1	20182	1	0	20000	other	0
Plamina	62	Pulse	199	1250000	703	NA
Plamina	62	Pulse	199	1260000	10703	NA
Plamina	63	Picture	fix	1269646	0	1	23852	1	0	next	other	0
Plamina	63	Pulse	199	1270000	354	NA
Plamina	63	Pulse	199	1280000	10354	NA
Plamina	63	Pulse	199	1290000	20354	NA
Plamina	64	Picture	stim	1293498	0	1	20349	1	0	20000	hit	211
Plamina	64	Pulse	199	1300000	6502	NA
Plamina	64	Response	16	1303995	10497	0
Plamina	64	Pulse	199	1310000	16502	NA
Plamina	65	Picture	fix2	1314014	0	1	11009	1	0	next	other	0
Plamina	65	Pulse	199	1320000	5986	NA
Plamina	66	Picture	feedback	1325022	0	1	20182	1	0	20000	other	0
Plamina	66	Pulse	199	1330000	4978	NA
Plamina	66	Pulse	199	1340000	14978	NA
Plamina	67	Picture	fix	1345538	0	1	21683	1	0	next	other	0
Plamina	67	Pulse	199	1350000	4462	NA
Plamina	67	Pulse	199	1360000	14462	NA
Plamina	68	Picture	stim	1367222	0	1	20182	1	0	20000	hit	223
Plamina	68	Pulse	199	1370000	2778	NA
Plamina	68	Response	16	1376315	9093	0
Plamina	68	Pulse	199	1380000	12778	NA
Plamina	69	Picture	fix2	1388071	0	1	14511	1	0	next	other	0
Plamina	69	Pulse	199	1390000	1929	NA
Plamina	69	Pulse	199	1400000	11929	NA
Plamina	70	Picture	feedback	1402583	0	1	20182	1	0	20000	other	0
Plamina	70	Pulse	199	1410000	7417	NA
Plamina	70	Pulse	199	1420000	17417	NA
Plamina	71	Picture	fix	1423098	0	1	27355	1	0	next	other	0
Plamina	71	Pulse	199	1430000	6902	NA
Plamina	71	Pulse	199	1440000	16902	NA
Plamina	71	Pulse	199	1450000	26902	NA
Plamina	72	Picture	stim	1450453	0	1	20182	1	0	20000	hit	236
Plamina	72	Response	16	1459836	9383	0
Plamina	72	Pulse	199	1460000	9547	NA
Plamina	72	Pulse	199	1470000	19547	NA
Plamina	73	Picture	fix2	1470802	0	1	17013	1	0	next	other	0
Plamina	73	Pulse	199	1480000	9198	NA
Plamina	74	Picture	feedback	1487815	0	1	20182	1	0	20000	other	0
Plamina	74	Pulse	199	1490000	2185	NA
Plamina	74	Pulse	199	1500000	12185	NA
Plamina	75	Picture	fix	1508331	0	1	9507	1	0	next	other	0
Plamina	75	Pulse	199	1510000	1669	NA
Plamina	76	Picture	stim	1517839	0	1	20516	1	0	20000	hit	248
Plamina	76	Pulse	199	1520000	2161	NA
Plamina	76	Response	16	1527837	9998	0
Plamina	76	Pulse	199	1530000	12161	NA
Plamina	77	Picture	fix2	1538522	0	1	14511	1	0	next	other	0
Plamina	77	Pulse	199	1540000	1478	NA
Plamina	77	Pulse	199	1550000	11478	NA
Plamina	78	Picture	feedback	1553033	0	1	20182	1	0	20000	other	0
Plamina	78	Pulse	199	1560000	6967	NA
Plamina	78	Pulse	199	1570000	16967	NA
Plamina	79	Picture	fix	1573549	0	1	27021	1	0	next	other	0
Plamina	79	Pulse	199	1580000	6451	NA
Plamina	79	Pulse	199	1590000	16451	NA
Plamina	79	Pulse	199	1600000	26451	NA
Plamina	80	Picture	stim	1600570	0	1	20182	1	0	20000	hit	262
Plamina	80	Pulse	199	1610000	9430	NA
Plamina	80	Response	32	1612396	11826	0
Plamina	80	Pulse	199	1620000	19430	NA
Plamina	81	Picture	fix2	1621086	0	1	16012	1	0	next	other	0
Plamina	81	Pulse	199	1630000	8914	NA
Plamina	82	Picture	feedback	1637098	0	1	20182	1	0	20000	other	0
Plamina	82	Pulse	199	1640000	2902	NA
Plamina	82	Pulse	199	1650000	12902	NA
Plamina	83	Picture	fix	1657614	0	1	33026	1	0	next	other	0
Plamina	83	Pulse	199	1660000	2386	NA
Plamina	83	Pulse	199	1670000	12386	NA
Plamina	83	Pulse	199	1680000	22386	NA
Plamina	83	Pulse	199	1690000	32386	NA
Plamina	84	Picture	stim	1690640	0	1	20182	1	0	20000	hit	275
Plamina	84	Response	32	1698637	7997	0
Plamina	84	Pulse	199	1700000	9360	NA
Plamina	84	Pulse	199	1710000	19360	NA
Plamina	85	Picture	fix2	1710989	0	1	20516	1	0	next	other	0
Plamina	85	Pulse	199	1720000	9011	NA
Plamina	85	Pulse	199	1730000	19011	NA
Plamina	86	Picture	feedback	1731505	0	1	20182	1	0	20000	other	0
Plamina	86	Pulse	199	1740000	8495	NA
Plamina	86	Pulse	199	1750000	18495	NA
Plamina	87	Picture	fix	1752021	0	1	16012	1	0	next	other	0
Plamina	87	Pulse	199	1760000	7979	NA
Plamina	88	Picture	stim	1768033	0	1	20182	1	0	20000	hit	288
Plamina	88	Pulse	199	1770000	1967	NA
Plamina	88	Response	32	1777035	9002	0
Plamina	88	Pulse	199	1780000	11967	NA
Plamina	89	Picture	fix2	1788382	0	1	12176	1	0	next	other	0
Plamina	89	Pulse	199	1790000	1618	NA
Plamina	89	Pulse	199	1800000	11618	NA
Plamina	90	Picture	feedback	1800559	0	1	20182	1	0	20000	other	0
Plamina	90	Pulse	199	1810000	9441	NA
Plamina	90	Pulse	199	1820000	19441	NA
Plamina	91	Picture	fix	1821075	0	1	16846	1	0	next	other	0
Plamina	91	Pulse	199	1830000	8925	NA
Plamina	92	Picture	stim	1837921	0	1	20182	1	0	20000	hit	300
Plamina	92	Pulse	199	1840000	2079	NA
Plamina	92	Response	16	1846076	8155	0
Plamina	92	Pulse	199	1850000	12079	NA
Plamina	93	Picture	fix2	1858270	0	1	9174	1	0	next	other	0
Plamina	93	Pulse	199	1860000	1730	NA
Plamina	94	Picture	feedback	1867444	0	1	20516	1	0	20000	other	0
Plamina	94	Pulse	199	1870000	2556	NA
Plamina	94	Pulse	199	1880000	12556	NA
Plamina	95	Picture	fix	1888460	0	1	17347	1	0	next	other	0
Plamina	95	Pulse	199	1890000	1540	NA
Plamina	95	Pulse	199	1900000	11540	NA
Plamina	96	Picture	stim	1905807	0	1	20182	1	0	20000	hit	312
Plamina	96	Pulse	199	1910000	4193	NA
Plamina	96	Response	32	1916556	10749	0
Plamina	96	Pulse	199	1920000	14193	NA
Plamina	97	Picture	fix2	1926323	0	1	16680	1	0	next	other	0
Plamina	97	Pulse	199	1930000	3677	NA
Plamina	97	Pulse	199	1940000	13677	NA
Plamina	98	Picture	feedback	1943003	0	1	20182	1	0	20000	other	0
Plamina	98	Pulse	199	1950000	6997	NA
Plamina	98	Pulse	199	1960000	16997	NA
Plamina	99	Picture	fix	1963352	0	1	22684	1	0	next	other	0
Plamina	99	Pulse	199	1970000	6648	NA
Plamina	99	Pulse	199	1980000	16648	NA
Plamina	100	Picture	stim	1986036	0	1	20182	1	0	20000	hit	325
Plamina	100	Pulse	199	1990000	3964	NA
Plamina	100	Response	16	1994156	8120	0
Plamina	100	Pulse	199	2000000	13964	NA
Plamina	101	Picture	fix2	2006385	0	1	22017	1	0	next	other	0
Plamina	101	Pulse	199	2010000	3615	NA
Plamina	101	Pulse	199	2020000	13615	NA
Plamina	102	Picture	feedback	2028402	0	1	20182	1	0	20000	other	0
Plamina	102	Pulse	199	2030000	1598	NA
Plamina	102	Pulse	199	2040000	11598	NA
Plamina	103	Picture	fix	2048918	0	1	19182	1	0	next	other	0
Plamina	103	Pulse	199	2050000	1082	NA
Plamina	103	Pulse	199	2060000	11082	NA
Plamina	104	Picture	stim	2068100	0	1	20182	1	0	20000	hit	338
Plamina	104	Pulse	199	2070000	1900	NA
Plamina	104	Response	16	2078636	10536	0
Plamina	104	Pulse	199	2080000	11900	NA
Plamina	105	Picture	fix2	2088616	0	1	8507	1	0	next	other	0
Plamina	105	Pulse	199	2090000	1384	NA
Plamina	106	Picture	feedback	2097123	0	1	20182	1	0	20000	other	0
Plamina	106	Pulse	199	2100000	2877	NA
Plamina	106	Pulse	199	2110000	12877	NA
Plamina	107	Picture	fix	2117638	0	1	18014	1	0	next	other	0
Plamina	107	Pulse	199	2120000	2362	NA
Plamina	107	Pulse	199	2130000	12362	NA
Plamina	108	Picture	stim	2135653	0	1	20182	1	0	20000	hit	350
Plamina	108	Pulse	199	2140000	4347	NA
Plamina	108	Response	16	2143678	8025	0
Plamina	108	Pulse	199	2150000	14347	NA
Plamina	109	Picture	fix2	2156002	0	1	5504	1	0	next	other	0
Plamina	109	Pulse	199	2160000	3998	NA
Plamina	110	Picture	feedback	2161506	0	1	20182	1	0	20000	other	0
Plamina	110	Pulse	199	2170000	8494	NA
Plamina	110	Pulse	199	2180000	18494	NA
Plamina	111	Picture	fix	2181855	0	1	10508	1	0	next	other	0
Plamina	111	Pulse	199	2190000	8145	NA
Plamina	112	Picture	stim	2192363	0	1	20182	1	0	20000	hit	361
Plamina	112	Pulse	199	2200000	7637	NA
Plamina	112	Response	32	2201518	9154	0
Plamina	112	Pulse	199	2210000	17637	NA
Plamina	113	Picture	fix2	2212712	0	1	17347	1	0	next	other	0
Plamina	113	Pulse	199	2220000	7288	NA
Plamina	113	Pulse	199	2230000	17288	NA
Plamina	114	Picture	feedback	2230059	0	1	20182	1	0	20000	other	0
Plamina	114	Pulse	199	2240000	9941	NA
Plamina	114	Pulse	199	2250000	19941	NA
Plamina	115	Picture	fix	2250575	0	1	20683	1	0	next	other	0
Plamina	115	Pulse	199	2260000	9425	NA
Plamina	115	Pulse	199	2270000	19425	NA
Plamina	116	Picture	stim	2271258	0	1	20182	1	0	20000	hit	373
Plamina	116	Response	32	2279518	8260	0
Plamina	116	Pulse	199	2280000	8742	NA
Plamina	116	Pulse	199	2290000	18742	NA
Plamina	117	Picture	fix2	2291607	0	1	15012	1	0	next	other	0
Plamina	117	Pulse	199	2300000	8393	NA
Plamina	118	Picture	feedback	2306619	0	1	20182	1	0	20000	other	0
Plamina	118	Pulse	199	2310000	3381	NA
Plamina	118	Pulse	199	2320000	13381	NA
Plamina	119	Picture	fix	2327635	0	1	19682	1	0	next	other	0
Plamina	119	Pulse	199	2330000	2365	NA
Plamina	119	Pulse	199	2340000	12365	NA
Plamina	120	Picture	stim	2347317	0	1	20182	1	0	20000	hit	386
Plamina	120	Pulse	199	2350000	2683	NA
Plamina	120	Response	16	2354477	7160	0
Plamina	120	Pulse	199	2360000	12683	NA
Plamina	121	Picture	fix2	2367666	0	1	8006	1	0	next	other	0
Plamina	121	Pulse	199	2370000	2334	NA
Plamina	122	Picture	feedback	2375672	0	1	20182	1	0	20000	other	0
Plamina	122	Pulse	199	2380000	4328	NA
Plamina	122	Pulse	199	2390000	14328	NA
