Scenario - FeedbacklearningMRI_GFG.sce
Logfile written - 02/21/2019 17:02:43

Subject	Trial	Event Type	Code	Time	TTime	Uncertainty	Duration	Uncertainty	ReqTime	ReqDur	Stim Type	Pair Index

Salome2	0	Pulse	199	0	0	NA
Salome2	0	Pulse	199	10000	10000	NA
Salome2	1	Pulse	199	20000	9166	NA
Salome2	1	Pulse	199	30000	19166	NA
Salome2	1	Pulse	199	40000	29166	NA
Salome2	1	Pulse	199	50000	39166	NA
Salome2	1	Pulse	199	60000	49166	NA
Salome2	1	Pulse	199	70000	59166	NA
Salome2	1	Pulse	199	80000	69166	NA
Salome2	1	Pulse	199	90000	79166	NA
Salome2	1	Pulse	199	100000	89166	NA
Salome2	1	Pulse	199	110000	99166	NA
Salome2	1	Pulse	199	120000	109166	NA
Salome2	1	Pulse	199	130000	119166	NA
Salome2	1	Pulse	199	140000	129166	NA
Salome2	1	Pulse	199	150000	139166	NA
Salome2	1	Pulse	199	160000	149166	NA
Salome2	1	Response	16	168862	158028	0
Salome2	2	Pulse	199	170000	1128	NA
Salome2	2	Response	16	179582	10709	0
Salome2	2	Pulse	199	180000	11128	NA
Salome2	2	Pulse	199	190000	21128	NA
Salome2	2	Pulse	199	200000	31128	NA
Salome2	2	Pulse	199	210000	41128	NA
Salome2	3	Picture	fix	219830	0	1	21183	1	0	next	other	0
Salome2	3	Pulse	199	220000	170	NA
Salome2	3	Pulse	199	230000	10170	NA
Salome2	3	Pulse	199	240000	20170	NA
Salome2	4	Picture	stim	241013	0	1	20182	1	0	20000	hit	31
Salome2	4	Pulse	199	250000	8987	NA
Salome2	4	Response	16	255423	14410	0
Salome2	4	Pulse	199	260000	18987	NA
Salome2	5	Picture	fix2	261362	0	1	5671	1	0	next	other	0
Salome2	6	Picture	feedback	267033	0	1	20183	1	0	20000	other	0
Salome2	6	Pulse	199	270000	2967	NA
Salome2	6	Pulse	199	280000	12967	NA
Salome2	7	Picture	fix	287382	0	1	20850	1	0	next	other	0
Salome2	7	Pulse	199	290000	2618	NA
Salome2	7	Pulse	199	300000	12618	NA
Salome2	8	Picture	stim	308232	0	1	20349	1	0	20000	incorrect	42
Salome2	8	Pulse	199	310000	1768	NA
Salome2	8	Response	16	315821	7590	0
Salome2	8	Pulse	199	320000	11768	NA
Salome2	9	Picture	fix2	328748	0	1	10842	1	0	next	other	0
Salome2	9	Pulse	199	330000	1252	NA
Salome2	10	Picture	feedback	339589	0	1	20349	1	0	20000	other	0
Salome2	10	Pulse	199	340000	411	NA
Salome2	10	Pulse	199	350000	10411	NA
Salome2	10	Pulse	199	360000	20411	NA
Salome2	11	Picture	fix	360272	0	1	15679	1	0	next	other	0
Salome2	11	Pulse	199	370000	9728	NA
Salome2	12	Picture	stim	375951	0	1	20182	1	0	20000	hit	54
Salome2	12	Pulse	199	380000	4049	NA
Salome2	12	Response	16	389501	13550	0
Salome2	12	Pulse	199	390000	14049	NA
Salome2	13	Picture	fix2	396300	0	1	8340	1	0	next	other	0
Salome2	13	Pulse	199	400000	3700	NA
Salome2	14	Picture	feedback	404640	0	1	20182	1	0	20000	other	0
Salome2	14	Pulse	199	410000	5360	NA
Salome2	14	Pulse	199	420000	15360	NA
Salome2	15	Picture	fix	425156	0	1	14845	1	0	next	other	0
Salome2	15	Pulse	199	430000	4844	NA
Salome2	15	Pulse	199	440000	14844	NA
Salome2	16	Picture	stim	440001	0	1	20182	1	0	20000	hit	66
Salome2	16	Pulse	199	450000	9999	NA
Salome2	16	Response	16	459422	19421	0
Salome2	16	Pulse	199	460000	19999	NA
Salome2	17	Picture	fix2	460350	0	1	16847	1	0	next	other	0
Salome2	17	Pulse	199	470000	9650	NA
Salome2	18	Picture	feedback	477196	0	1	20349	1	0	20000	other	0
Salome2	18	Pulse	199	480000	2804	NA
Salome2	18	Pulse	199	490000	12804	NA
Salome2	19	Picture	fix	498046	0	1	10341	1	0	next	other	0
Salome2	19	Pulse	199	500000	1954	NA
Salome2	20	Picture	stim	508387	0	1	20182	1	0	20000	hit	77
Salome2	20	Pulse	199	510000	1613	NA
Salome2	20	Response	16	519421	11034	0
Salome2	20	Pulse	199	520000	11613	NA
Salome2	21	Picture	fix2	528736	0	1	11009	1	0	next	other	0
Salome2	21	Pulse	199	530000	1264	NA
Salome2	22	Picture	feedback	539745	0	1	20182	1	0	20000	other	0
Salome2	22	Pulse	199	540000	255	NA
Salome2	22	Pulse	199	550000	10255	NA
Salome2	22	Pulse	199	560000	20255	NA
Salome2	23	Picture	fix	560094	0	1	9507	1	0	next	other	0
Salome2	24	Picture	stim	569601	0	1	20516	1	0	20000	hit	88
Salome2	24	Pulse	199	570000	399	NA
Salome2	24	Response	32	578783	9181	0
Salome2	24	Pulse	199	580000	10399	NA
Salome2	24	Pulse	199	590000	20399	NA
Salome2	25	Picture	fix2	590284	0	1	12176	1	0	next	other	0
Salome2	25	Pulse	199	600000	9716	NA
Salome2	26	Picture	feedback	602460	0	1	20182	1	0	20000	other	0
Salome2	26	Pulse	199	610000	7540	NA
Salome2	26	Pulse	199	620000	17540	NA
Salome2	27	Picture	fix	622810	0	1	25019	1	0	next	other	0
Salome2	27	Pulse	199	630000	7191	NA
Salome2	27	Pulse	199	640000	17191	NA
Salome2	28	Picture	stim	647829	0	1	20182	1	0	20000	hit	102
Salome2	28	Pulse	199	650000	2171	NA
Salome2	28	Pulse	199	660000	12171	NA
Salome2	28	Response	16	662141	14312	0
Salome2	29	Picture	fix2	668345	0	1	14678	1	0	next	other	0
Salome2	29	Pulse	199	670000	1655	NA
Salome2	29	Pulse	199	680000	11655	NA
Salome2	30	Picture	feedback	683023	0	1	20182	1	0	20000	other	0
Salome2	30	Pulse	199	690000	6977	NA
Salome2	30	Pulse	199	700000	16977	NA
Salome2	31	Picture	fix	703539	0	1	17514	1	0	next	other	0
Salome2	31	Pulse	199	710000	6461	NA
Salome2	31	Pulse	199	720000	16461	NA
Salome2	32	Picture	stim	721053	0	1	20182	1	0	20000	hit	114
Salome2	32	Pulse	199	730000	8947	NA
Salome2	32	Response	16	738382	17329	0
Salome2	32	Pulse	199	740000	18947	NA
Salome2	33	Picture	fix2	741402	0	1	19182	1	0	next	other	0
Salome2	33	Pulse	199	750000	8598	NA
Salome2	33	Pulse	199	760000	18598	NA
Salome2	34	Picture	feedback	760583	0	1	20182	1	0	20000	other	0
Salome2	34	Pulse	199	770000	9417	NA
Salome2	34	Pulse	199	780000	19417	NA
Salome2	35	Picture	fix	780933	0	1	18014	1	0	next	other	0
Salome2	35	Pulse	199	790000	9067	NA
Salome2	36	Picture	stim	798946	0	1	20182	1	0	20000	hit	127
Salome2	36	Pulse	199	800000	1054	NA
Salome2	36	Pulse	199	810000	11054	NA
Salome2	36	Response	32	812385	13439	0
Salome2	37	Picture	fix2	819462	0	1	14011	1	0	next	other	0
Salome2	37	Pulse	199	820000	538	NA
Salome2	37	Pulse	199	830000	10538	NA
Salome2	38	Picture	feedback	833473	0	1	20516	1	0	20000	other	0
Salome2	38	Pulse	199	840000	6527	NA
Salome2	38	Pulse	199	850000	16527	NA
Salome2	39	Picture	fix	854323	0	1	20683	1	0	next	other	0
Salome2	39	Pulse	199	860000	5677	NA
Salome2	39	Pulse	199	870000	15677	NA
Salome2	40	Picture	stim	875006	0	1	20182	1	0	20000	hit	139
Salome2	40	Pulse	199	880000	4994	NA
Salome2	40	Response	32	887822	12816	0
Salome2	40	Pulse	199	890000	14994	NA
Salome2	41	Picture	fix2	895355	0	1	17180	1	0	next	other	0
Salome2	41	Pulse	199	900000	4645	NA
Salome2	41	Pulse	199	910000	14645	NA
Salome2	42	Picture	feedback	912535	0	1	20182	1	0	20000	other	0
Salome2	42	Pulse	199	920000	7465	NA
Salome2	42	Pulse	199	930000	17465	NA
Salome2	43	Picture	fix	933051	0	1	16012	1	0	next	other	0
Salome2	43	Pulse	199	940000	6949	NA
Salome2	44	Picture	stim	949063	0	1	20182	1	0	20000	hit	151
Salome2	44	Pulse	199	950000	937	NA
Salome2	44	Response	32	959021	9958	0
Salome2	44	Pulse	199	960000	10937	NA
Salome2	45	Picture	fix2	969412	0	1	19515	1	0	next	other	0
Salome2	45	Pulse	199	970000	588	NA
Salome2	45	Pulse	199	980000	10588	NA
Salome2	46	Picture	feedback	988928	0	1	20182	1	0	20000	other	0
Salome2	46	Pulse	199	990000	1072	NA
Salome2	46	Pulse	199	1000000	11072	NA
Salome2	47	Picture	fix	1009610	0	1	11342	1	0	next	other	0
Salome2	47	Pulse	199	1010000	390	NA
Salome2	47	Pulse	199	1020000	10390	NA
Salome2	48	Picture	stim	1020952	0	1	20516	1	0	20000	hit	164
Salome2	48	Pulse	199	1030000	9048	NA
Salome2	48	Response	32	1030943	9991	0
Salome2	48	Pulse	199	1040000	19048	NA
Salome2	49	Picture	fix2	1041635	0	1	12843	1	0	next	other	0
Salome2	49	Pulse	199	1050000	8365	NA
Salome2	50	Picture	feedback	1054479	0	1	20182	1	0	20000	other	0
Salome2	50	Pulse	199	1060000	5521	NA
Salome2	50	Pulse	199	1070000	15521	NA
Salome2	51	Picture	fix	1074994	0	1	10508	1	0	next	other	0
Salome2	51	Pulse	199	1080000	5006	NA
Salome2	52	Picture	stim	1085503	0	1	20182	1	0	20000	incorrect	175
Salome2	52	Pulse	199	1090000	4497	NA
Salome2	52	Response	32	1099022	13519	0
Salome2	52	Pulse	199	1100000	14497	NA
Salome2	53	Picture	fix2	1105852	0	1	11676	1	0	next	other	0
Salome2	53	Pulse	199	1110000	4148	NA
Salome2	54	Picture	feedback	1117527	0	1	20182	1	0	20000	other	0
Salome2	54	Pulse	199	1120000	2473	NA
Salome2	54	Pulse	199	1130000	12473	NA
Salome2	55	Picture	fix	1138043	0	1	29189	1	0	next	other	0
Salome2	55	Pulse	199	1140000	1957	NA
Salome2	55	Pulse	199	1150000	11957	NA
Salome2	55	Pulse	199	1160000	21957	NA
Salome2	56	Picture	stim	1167233	0	1	20182	1	0	20000	hit	189
Salome2	56	Pulse	199	1170000	2767	NA
Salome2	56	Pulse	199	1180000	12767	NA
Salome2	56	Response	16	1180142	12909	0
Salome2	57	Picture	fix2	1187582	0	1	21850	1	0	next	other	0
Salome2	57	Pulse	199	1190000	2418	NA
Salome2	57	Pulse	199	1200000	12418	NA
Salome2	58	Picture	feedback	1209432	0	1	20182	1	0	20000	other	0
Salome2	58	Pulse	199	1210000	568	NA
Salome2	58	Pulse	199	1220000	10568	NA
Salome2	59	Picture	fix	1229782	0	1	20850	1	0	next	other	0
Salome2	59	Pulse	199	1230000	218	NA
Salome2	59	Pulse	199	1240000	10218	NA
Salome2	59	Pulse	199	1250000	20218	NA
Salome2	60	Picture	stim	1250631	0	1	20349	1	0	20000	hit	202
Salome2	60	Pulse	199	1260000	9369	NA
Salome2	60	Response	32	1261584	10953	0
Salome2	60	Pulse	199	1270000	19369	NA
Salome2	61	Picture	fix2	1271147	0	1	15012	1	0	next	other	0
Salome2	61	Pulse	199	1280000	8853	NA
Salome2	62	Picture	feedback	1286159	0	1	20182	1	0	20000	other	0
Salome2	62	Pulse	199	1290000	3841	NA
Salome2	62	Pulse	199	1300000	13841	NA
Salome2	63	Picture	fix	1306675	0	1	23852	1	0	next	other	0
Salome2	63	Pulse	199	1310000	3325	NA
Salome2	63	Pulse	199	1320000	13325	NA
Salome2	63	Pulse	199	1330000	23325	NA
Salome2	64	Picture	stim	1330527	0	1	20182	1	0	20000	hit	215
Salome2	64	Pulse	199	1340000	9473	NA
Salome2	64	Response	32	1340463	9936	0
Salome2	64	Pulse	199	1350000	19473	NA
Salome2	65	Picture	fix2	1351042	0	1	23518	1	0	next	other	0
Salome2	65	Pulse	199	1360000	8958	NA
Salome2	65	Pulse	199	1370000	18958	NA
Salome2	66	Picture	feedback	1374561	0	1	20182	1	0	20000	other	0
Salome2	66	Pulse	199	1380000	5439	NA
Salome2	66	Pulse	199	1390000	15439	NA
Salome2	67	Picture	fix	1395410	0	1	22684	1	0	next	other	0
Salome2	67	Pulse	199	1400000	4590	NA
Salome2	67	Pulse	199	1410000	14590	NA
Salome2	68	Picture	stim	1418095	0	1	20182	1	0	20000	hit	229
Salome2	68	Pulse	199	1420000	1905	NA
Salome2	68	Pulse	199	1430000	11905	NA
Salome2	68	Response	32	1431103	13008	0
Salome2	69	Picture	fix2	1438444	0	1	11509	1	0	next	other	0
Salome2	69	Pulse	199	1440000	1556	NA
Salome2	70	Picture	feedback	1449953	0	1	20182	1	0	20000	other	0
Salome2	70	Pulse	199	1450000	47	NA
Salome2	70	Pulse	199	1460000	10047	NA
Salome2	70	Pulse	199	1470000	20047	NA
Salome2	71	Picture	fix	1470302	0	1	16846	1	0	next	other	0
Salome2	71	Pulse	199	1480000	9698	NA
Salome2	72	Picture	stim	1487148	0	1	20182	1	0	20000	hit	240
Salome2	72	Pulse	199	1490000	2852	NA
Salome2	72	Response	16	1499583	12435	0
Salome2	72	Pulse	199	1500000	12852	NA
Salome2	73	Picture	fix2	1507497	0	1	15012	1	0	next	other	0
Salome2	73	Pulse	199	1510000	2503	NA
Salome2	73	Pulse	199	1520000	12503	NA
Salome2	74	Picture	feedback	1522509	0	1	20182	1	0	20000	other	0
Salome2	74	Pulse	199	1530000	7491	NA
Salome2	74	Pulse	199	1540000	17491	NA
Salome2	75	Picture	fix	1543025	0	1	33026	1	0	next	other	0
Salome2	75	Pulse	199	1550000	6975	NA
Salome2	75	Pulse	199	1560000	16975	NA
Salome2	75	Pulse	199	1570000	26975	NA
Salome2	76	Picture	stim	1576051	0	1	20182	1	0	20000	hit	254
Salome2	76	Pulse	199	1580000	3949	NA
Salome2	76	Response	16	1586623	10572	0
Salome2	76	Pulse	199	1590000	13949	NA
Salome2	77	Picture	fix2	1596567	0	1	22017	1	0	next	other	0
Salome2	77	Pulse	199	1600000	3433	NA
Salome2	77	Pulse	199	1610000	13433	NA
Salome2	78	Picture	feedback	1618584	0	1	20182	1	0	20000	other	0
Salome2	78	Pulse	199	1620000	1416	NA
Salome2	78	Pulse	199	1630000	11416	NA
Salome2	79	Picture	fix	1639100	0	1	23852	1	0	next	other	0
Salome2	79	Pulse	199	1640000	900	NA
Salome2	79	Pulse	199	1650000	10900	NA
Salome2	79	Pulse	199	1660000	20900	NA
Salome2	80	Picture	stim	1662952	0	1	20182	1	0	20000	hit	268
Salome2	80	Pulse	199	1670000	7048	NA
Salome2	80	Response	32	1675184	12233	0
Salome2	80	Pulse	199	1680000	17048	NA
Salome2	81	Picture	fix2	1683801	0	1	17514	1	0	next	other	0
Salome2	81	Pulse	199	1690000	6199	NA
Salome2	81	Pulse	199	1700000	16199	NA
Salome2	82	Picture	feedback	1701315	0	1	20182	1	0	20000	other	0
Salome2	82	Pulse	199	1710000	8685	NA
Salome2	82	Pulse	199	1720000	18685	NA
Salome2	83	Picture	fix	1721664	0	1	27355	1	0	next	other	0
Salome2	83	Pulse	199	1730000	8336	NA
Salome2	83	Pulse	199	1740000	18336	NA
Salome2	84	Picture	stim	1749019	0	1	20349	1	0	20000	hit	281
Salome2	84	Pulse	199	1750000	981	NA
Salome2	84	Response	16	1759665	10646	0
Salome2	84	Pulse	199	1760000	10981	NA
Salome2	85	Picture	fix2	1769535	0	1	8507	1	0	next	other	0
Salome2	85	Pulse	199	1770000	465	NA
Salome2	86	Picture	feedback	1778041	0	1	20182	1	0	20000	other	0
Salome2	86	Pulse	199	1780000	1959	NA
Salome2	86	Pulse	199	1790000	11959	NA
Salome2	87	Picture	fix	1798557	0	1	21683	1	0	next	other	0
Salome2	87	Pulse	199	1800000	1443	NA
Salome2	87	Pulse	199	1810000	11443	NA
Salome2	87	Pulse	199	1820000	21443	NA
Salome2	88	Picture	stim	1820241	0	1	20182	1	0	20000	hit	294
Salome2	88	Pulse	199	1830000	9759	NA
Salome2	88	Response	16	1831103	10863	0
Salome2	88	Pulse	199	1840000	19759	NA
Salome2	89	Picture	fix2	1840534	0	87	14233	88	0	next	other	0
Salome2	89	Pulse	199	1850000	9466	NA
Salome2	90	Picture	feedback	1854767	0	1	20182	2	0	20000	other	0
Salome2	90	Pulse	199	1860000	5233	NA
Salome2	90	Pulse	199	1870000	15233	NA
Salome2	91	Picture	fix	1875440	0	44	17190	45	0	next	other	0
Salome2	91	Pulse	199	1880000	4560	NA
Salome2	91	Pulse	199	1890000	14560	NA
Salome2	92	Picture	stim	1892630	0	1	20182	2	0	20000	hit	306
Salome2	92	Pulse	199	1900000	7370	NA
Salome2	92	Response	16	1904624	11993	0
Salome2	92	Pulse	199	1910000	17370	NA
Salome2	93	Picture	fix2	1912979	0	1	17180	1	0	next	other	0
Salome2	93	Pulse	199	1920000	7021	NA
Salome2	93	Pulse	199	1930000	17021	NA
Salome2	94	Picture	feedback	1930159	0	1	20182	1	0	20000	other	0
Salome2	94	Pulse	199	1940000	9841	NA
Salome2	94	Pulse	199	1950000	19841	NA
Salome2	95	Picture	fix	1950675	0	1	24352	1	0	next	other	0
Salome2	95	Pulse	199	1960000	9325	NA
Salome2	95	Pulse	199	1970000	19325	NA
Salome2	96	Picture	stim	1975028	0	1	20182	1	0	20000	hit	319
Salome2	96	Pulse	199	1980000	4972	NA
Salome2	96	Response	16	1986864	11837	0
Salome2	96	Pulse	199	1990000	14972	NA
Salome2	97	Picture	fix2	1995377	0	1	13677	1	0	next	other	0
Salome2	97	Pulse	199	2000000	4623	NA
Salome2	98	Picture	feedback	2009054	0	1	20182	1	0	20000	other	0
Salome2	98	Pulse	199	2010000	946	NA
Salome2	98	Pulse	199	2020000	10946	NA
Salome2	99	Picture	fix	2029570	0	1	19182	1	0	next	other	0
Salome2	99	Pulse	199	2030000	430	NA
Salome2	99	Pulse	199	2040000	10430	NA
Salome2	100	Picture	stim	2048752	0	1	20182	1	0	20000	hit	332
Salome2	100	Pulse	199	2050000	1248	NA
Salome2	100	Pulse	199	2060000	11248	NA
Salome2	100	Response	32	2061504	12752	0
Salome2	101	Picture	fix2	2069101	0	1	8840	1	0	next	other	0
Salome2	101	Pulse	199	2070000	899	NA
Salome2	102	Picture	feedback	2077941	0	1	20182	1	0	20000	other	0
Salome2	102	Pulse	199	2080000	2059	NA
Salome2	102	Pulse	199	2090000	12059	NA
Salome2	103	Picture	fix	2098457	0	1	14178	1	0	next	other	0
Salome2	103	Pulse	199	2100000	1543	NA
Salome2	103	Pulse	199	2110000	11543	NA
Salome2	104	Picture	stim	2112634	0	1	20182	1	0	20000	hit	343
Salome2	104	Pulse	199	2120000	7366	NA
Salome2	104	Response	32	2123344	10709	0
Salome2	104	Pulse	199	2130000	17366	NA
Salome2	105	Picture	fix2	2132984	0	1	14511	1	0	next	other	0
Salome2	105	Pulse	199	2140000	7016	NA
Salome2	106	Picture	feedback	2147495	0	1	20182	1	0	20000	other	0
Salome2	106	Pulse	199	2150000	2505	NA
Salome2	106	Pulse	199	2160000	12505	NA
Salome2	107	Picture	fix	2168011	0	1	19182	1	0	next	other	0
Salome2	107	Pulse	199	2170000	1989	NA
Salome2	107	Pulse	199	2180000	11989	NA
Salome2	108	Picture	stim	2187193	0	1	20182	2	0	20000	hit	355
Salome2	108	Pulse	199	2190000	2807	NA
Salome2	108	Response	32	2198384	11192	0
Salome2	108	Pulse	199	2200000	12807	NA
Salome2	109	Picture	fix2	2207875	0	1	16012	1	0	next	other	0
Salome2	109	Pulse	199	2210000	2125	NA
Salome2	109	Pulse	199	2220000	12125	NA
Salome2	110	Picture	feedback	2223888	0	1	20182	1	0	20000	other	0
Salome2	110	Pulse	199	2230000	6112	NA
Salome2	110	Pulse	199	2240000	16112	NA
Salome2	111	Picture	fix	2244404	0	1	14845	1	0	next	other	0
Salome2	111	Pulse	199	2250000	5596	NA
Salome2	112	Picture	stim	2259249	0	1	20182	1	0	20000	hit	368
Salome2	112	Pulse	199	2260000	751	NA
Salome2	112	Pulse	199	2270000	10751	NA
Salome2	112	Response	32	2271024	11776	0
Salome2	113	Picture	fix2	2279598	0	1	20182	1	0	next	other	0
Salome2	113	Pulse	199	2280000	402	NA
Salome2	113	Pulse	199	2290000	10402	NA
Salome2	114	Picture	feedback	2299780	0	1	20182	1	0	20000	other	0
Salome2	114	Pulse	199	2300000	220	NA
Salome2	114	Pulse	199	2310000	10220	NA
Salome2	114	Pulse	199	2320000	20220	NA
Salome2	115	Picture	fix	2320129	0	1	19682	3	0	next	other	0
Salome2	115	Pulse	199	2330000	9871	NA
Salome2	116	Picture	stim	2339811	0	2	20182	3	0	20000	hit	381
Salome2	116	Pulse	199	2340000	189	NA
Salome2	116	Pulse	199	2350000	10189	NA
Salome2	116	Response	16	2350624	10813	0
Salome2	117	Picture	fix2	2359994	0	246	9497	661	0	next	other	0
Salome2	117	Pulse	199	2360000	6	NA
Salome2	118	Picture	feedback	2369490	0	415	20192	417	0	20000	other	0
Salome2	118	Pulse	199	2370000	510	NA
Salome2	118	Pulse	199	2380000	10510	NA
Salome2	118	Pulse	199	2390000	20510	NA
Salome2	119	Picture	fix	2390342	0	48	26863	48	0	next	other	0
Salome2	119	Pulse	199	2400000	9658	NA
Salome2	119	Pulse	199	2410000	19658	NA
Salome2	120	Picture	stim	2417205	0	1	20182	1	0	20000	hit	393
Salome2	120	Pulse	199	2420000	2795	NA
Salome2	120	Response	32	2428628	11424	0
Salome2	120	Pulse	199	2430000	12795	NA
Salome2	121	Picture	fix2	2437554	0	1	17847	1	0	next	other	0
Salome2	121	Pulse	199	2440000	2446	NA
Salome2	121	Pulse	199	2450000	12446	NA
Salome2	122	Picture	feedback	2455401	0	1	20182	1	0	20000	other	0
Salome2	122	Pulse	199	2460000	4599	NA
Salome2	122	Pulse	199	2470000	14599	NA
