Scenario - FeedLearn_MRI_5x8_fullRand.sce
Logfile written - 05/29/2019 11:50:48

Subject	Trial	Event Type	Code	Time	TTime	Uncertainty	Duration	Uncertainty	ReqTime	ReqDur	Stim Type	Pair Index

biokurs19-11	1	Response	16	41823	31645	0
biokurs19-11	2	Pulse	199	210913	169087	0
biokurs19-11	2	Pulse	199	220913	179087	0
biokurs19-11	2	Pulse	199	230914	189087	0
biokurs19-11	2	Pulse	199	240913	199087	0
biokurs19-11	2	Pulse	199	250913	209087	0
biokurs19-11	2	Pulse	199	260913	219087	0
biokurs19-11	3	Picture	fix	261380	0	1	35912	1	0	next	other	0
biokurs19-11	3	Pulse	199	270913	9533	0
biokurs19-11	3	Pulse	199	280913	19532	0
biokurs19-11	3	Pulse	199	290914	29533	0
biokurs19-11	5	Picture	stim	297292	0	1	20089	1	0	20000	hit	15
biokurs19-11	5	Pulse	199	300913	3621	0
biokurs19-11	5	Pulse	199	310913	13621	0
biokurs19-11	5	Response	16	315413	18121	0
biokurs19-11	6	Picture	fix2	317381	0	1	25245	1	0	next	other	0
biokurs19-11	6	Pulse	199	320913	3532	0
biokurs19-11	6	Pulse	199	330913	13533	0
biokurs19-11	6	Pulse	199	340923	23542	0
biokurs19-11	7	Picture	feedback	342626	0	1	20006	262	0	next	other	0
biokurs19-11	7	Pulse	199	350913	8287	0
biokurs19-11	7	Pulse	199	360923	18297	0
biokurs19-11	8	Picture	fix	362632	0	262	40972	262	0	next	other	0
biokurs19-11	8	Pulse	199	370923	8292	0
biokurs19-11	8	Pulse	199	380913	18281	0
biokurs19-11	8	Pulse	199	390923	28292	0
biokurs19-11	8	Pulse	199	400923	38292	0
biokurs19-11	10	Picture	stim	403604	0	1	20089	1	0	20000	incorrect	30
biokurs19-11	10	Pulse	199	410923	7319	0
biokurs19-11	10	Response	32	420513	16909	0
biokurs19-11	10	Pulse	199	420923	17319	0
biokurs19-11	11	Picture	fix2	423871	0	1	23645	1	0	next	other	0
biokurs19-11	11	Pulse	199	430923	7052	0
biokurs19-11	11	Pulse	199	440923	17052	0
biokurs19-11	12	Picture	feedback	447516	0	1	20089	1	0	next	other	0
biokurs19-11	12	Pulse	199	450923	3407	0
biokurs19-11	12	Pulse	199	460923	13408	0
biokurs19-11	13	Picture	fix	467605	0	1	23986	193	0	next	other	0
biokurs19-11	13	Pulse	199	470924	3319	0
biokurs19-11	13	Pulse	199	480923	13318	0
biokurs19-11	13	Pulse	199	490924	23319	0
biokurs19-11	15	Picture	stim	491591	0	193	20103	193	0	20000	hit	44
biokurs19-11	15	Pulse	199	500923	9332	0
biokurs19-11	15	Response	16	503643	12052	0
biokurs19-11	15	Pulse	199	510923	19332	0
biokurs19-11	16	Picture	fix2	511694	0	1	25600	1	0	next	other	0
biokurs19-11	16	Pulse	199	520923	9229	0
biokurs19-11	16	Pulse	199	530924	19229	0
biokurs19-11	17	Picture	feedback	537295	0	1	20089	1	0	next	other	0
biokurs19-11	17	Pulse	199	540924	3629	0
biokurs19-11	17	Pulse	199	550923	13629	0
biokurs19-11	18	Picture	fix	557384	0	1	38045	1	0	next	other	0
biokurs19-11	18	Pulse	199	560924	3540	0
biokurs19-11	18	Pulse	199	570924	13540	0
biokurs19-11	18	Pulse	199	580924	23540	0
biokurs19-11	18	Pulse	199	590923	33539	0
biokurs19-11	20	Picture	stim	595429	0	1	20089	1	0	20000	hit	60
biokurs19-11	20	Pulse	199	600924	5495	0
biokurs19-11	20	Pulse	199	610924	15495	0
biokurs19-11	20	Response	16	613534	18105	0
biokurs19-11	21	Picture	fix2	615518	0	1	19911	1	0	next	other	0
biokurs19-11	21	Pulse	199	620923	5405	0
biokurs19-11	21	Pulse	199	630924	15406	0
biokurs19-11	22	Picture	feedback	635429	0	1	20089	1	0	next	other	0
biokurs19-11	22	Pulse	199	640924	5495	0
biokurs19-11	22	Pulse	199	650924	15495	0
biokurs19-11	23	Picture	fix	655518	0	1	22934	1	0	next	other	0
biokurs19-11	23	Pulse	199	660924	5406	0
biokurs19-11	23	Pulse	199	670924	15406	0
biokurs19-11	25	Picture	stim	678452	0	1	20089	1	0	20000	hit	73
biokurs19-11	25	Pulse	199	680924	2473	0
biokurs19-11	25	Pulse	199	690924	12472	0
biokurs19-11	25	Response	16	692213	13762	0
biokurs19-11	26	Picture	fix2	698718	0	1	16178	1	0	next	other	0
biokurs19-11	26	Pulse	199	700924	2206	0
biokurs19-11	26	Pulse	199	710924	12206	0
biokurs19-11	27	Picture	feedback	714897	0	1	20089	1	0	next	other	0
biokurs19-11	27	Pulse	199	720924	6028	0
biokurs19-11	27	Pulse	199	730924	16027	0
biokurs19-11	28	Picture	fix	734986	0	1	19022	1	0	next	other	0
biokurs19-11	28	Pulse	199	740924	5938	0
biokurs19-11	28	Pulse	199	750924	15938	0
biokurs19-11	30	Picture	stim	754008	0	1	20089	1	0	20000	incorrect	86
biokurs19-11	30	Pulse	199	760924	6915	0
biokurs19-11	30	Pulse	199	770924	16916	0
biokurs19-11	30	Response	32	771354	17346	0
biokurs19-11	31	Picture	fix2	774097	0	1	16000	1	0	next	other	0
biokurs19-11	31	Pulse	199	780924	6827	0
biokurs19-11	32	Picture	feedback	790097	0	1	20089	1	0	next	other	0
biokurs19-11	32	Pulse	199	790924	826	0
biokurs19-11	32	Pulse	199	800924	10826	0
biokurs19-11	33	Picture	fix	810187	0	1	30756	1	0	next	other	0
biokurs19-11	33	Pulse	199	810924	738	0
biokurs19-11	33	Pulse	199	820924	10738	0
biokurs19-11	33	Pulse	199	830924	20737	0
biokurs19-11	34	Pulse	199	840923	166	1
biokurs19-11	35	Picture	stim	840942	0	1	20089	1	0	20000	hit	99
biokurs19-11	35	Pulse	199	850924	9982	0
biokurs19-11	35	Response	16	858013	17071	0
biokurs19-11	35	Pulse	199	860924	19981	0
biokurs19-11	36	Picture	fix2	861031	0	1	26845	1	0	next	other	0
biokurs19-11	36	Pulse	199	870924	9893	0
biokurs19-11	36	Pulse	199	880924	19893	0
biokurs19-11	37	Picture	feedback	887876	0	1	20089	1	0	next	other	0
biokurs19-11	37	Pulse	199	890924	3048	0
biokurs19-11	37	Pulse	199	900924	13047	0
biokurs19-11	38	Picture	fix	907965	0	1	30934	1	0	next	other	0
biokurs19-11	38	Pulse	199	910924	2959	0
biokurs19-11	38	Pulse	199	920924	12959	0
biokurs19-11	38	Pulse	199	930924	22958	0
biokurs19-11	40	Picture	stim	938899	0	1	20089	1	0	20000	incorrect	114
biokurs19-11	40	Pulse	199	940924	2025	0
biokurs19-11	40	Pulse	199	950924	12025	0
biokurs19-11	40	Response	32	953954	15055	0
biokurs19-11	41	Picture	fix2	959166	0	1	12267	1	0	next	other	0
biokurs19-11	41	Pulse	199	960924	1758	0
biokurs19-11	41	Pulse	199	970924	11758	0
biokurs19-11	42	Picture	feedback	971433	0	1	20089	1	0	next	other	0
biokurs19-11	42	Pulse	199	980924	9491	0
biokurs19-11	42	Pulse	199	990924	19492	0
biokurs19-11	43	Picture	fix	991522	0	1	30578	1	0	next	other	0
biokurs19-11	43	Pulse	199	1000924	9402	0
biokurs19-11	43	Pulse	199	1010924	19402	0
biokurs19-11	43	Pulse	199	1020924	29402	0
biokurs19-11	45	Picture	stim	1022100	0	1	20089	1	0	20000	hit	127
biokurs19-11	45	Pulse	199	1030924	8824	0
biokurs19-11	45	Response	16	1040665	18564	0
biokurs19-11	45	Pulse	199	1040924	18824	0
biokurs19-11	46	Picture	fix2	1042367	0	1	20267	1	0	next	other	0
biokurs19-11	46	Pulse	199	1050925	8558	0
biokurs19-11	46	Pulse	199	1060925	18558	0
biokurs19-11	47	Picture	feedback	1062634	0	1	20089	1	0	next	other	0
biokurs19-11	47	Pulse	199	1070924	8291	0
biokurs19-11	47	Pulse	199	1080924	18290	0
biokurs19-11	48	Picture	fix	1082723	0	1	28800	1	0	next	other	0
biokurs19-11	48	Pulse	199	1090925	8202	0
biokurs19-11	48	Pulse	199	1100925	18202	0
biokurs19-11	48	Pulse	199	1110924	28202	0
biokurs19-11	50	Picture	stim	1111523	0	1	20089	1	0	20000	hit	141
biokurs19-11	50	Pulse	199	1120925	9401	0
biokurs19-11	50	Response	16	1125834	14311	0
biokurs19-11	50	Pulse	199	1130924	19401	0
biokurs19-11	51	Picture	fix2	1131612	0	1	16534	1	0	next	other	0
biokurs19-11	51	Pulse	199	1140924	9312	0
biokurs19-11	52	Picture	feedback	1148146	0	1	20089	1	0	next	other	0
biokurs19-11	52	Pulse	199	1150925	2779	0
biokurs19-11	52	Pulse	199	1160924	12778	0
biokurs19-11	53	Picture	fix	1168235	0	1	26134	1	0	next	other	0
biokurs19-11	53	Pulse	199	1170925	2690	0
biokurs19-11	53	Pulse	199	1180925	12690	0
biokurs19-11	53	Pulse	199	1190925	22690	0
biokurs19-11	55	Picture	stim	1194369	0	1	20089	1	0	20000	incorrect	154
biokurs19-11	55	Pulse	199	1200925	6556	0
biokurs19-11	55	Response	32	1207484	13116	0
biokurs19-11	55	Pulse	199	1210924	16555	0
biokurs19-11	56	Picture	fix2	1214458	0	1	10133	1	0	next	other	0
biokurs19-11	56	Pulse	199	1220925	6467	0
biokurs19-11	57	Picture	feedback	1224591	0	1	20089	1	0	next	other	0
biokurs19-11	57	Pulse	199	1230925	6333	0
biokurs19-11	57	Pulse	199	1240924	16333	0
biokurs19-11	58	Picture	fix	1244680	0	1	32889	1	0	next	other	0
biokurs19-11	58	Pulse	199	1250924	6244	0
biokurs19-11	58	Pulse	199	1260925	16244	0
biokurs19-11	58	Pulse	199	1270925	26244	0
biokurs19-11	60	Picture	stim	1277570	0	1	20089	1	0	20000	hit	168
biokurs19-11	60	Pulse	199	1280924	3355	0
biokurs19-11	60	Pulse	199	1290925	13355	0
biokurs19-11	60	Response	16	1291924	14355	0
biokurs19-11	61	Picture	fix2	1297659	0	1	13511	1	0	next	other	0
biokurs19-11	61	Pulse	199	1300925	3266	0
biokurs19-11	61	Pulse	199	1310924	13265	0
biokurs19-11	62	Picture	feedback	1311170	0	1	20089	1	0	next	other	0
biokurs19-11	62	Pulse	199	1320925	9755	0
biokurs19-11	62	Pulse	199	1330924	19754	0
biokurs19-11	63	Picture	fix	1331259	0	1	22933	1	0	next	other	0
biokurs19-11	63	Pulse	199	1340925	9666	0
biokurs19-11	63	Pulse	199	1350924	19665	0
biokurs19-11	65	Picture	stim	1354193	0	1	20089	1	0	20000	incorrect	180
biokurs19-11	65	Pulse	199	1360925	6732	0
biokurs19-11	65	Response	32	1367505	13312	0
biokurs19-11	65	Pulse	199	1370924	16732	0
biokurs19-11	66	Picture	fix2	1374460	0	1	24889	1	0	next	other	0
biokurs19-11	66	Pulse	199	1380925	6465	0
biokurs19-11	66	Pulse	199	1390925	16465	0
biokurs19-11	67	Picture	feedback	1399349	0	1	20089	1	0	next	other	0
biokurs19-11	67	Pulse	199	1400925	1576	0
biokurs19-11	67	Pulse	199	1410925	11576	0
biokurs19-11	68	Picture	fix	1419438	0	1	27023	1	0	next	other	0
biokurs19-11	68	Pulse	199	1420924	1487	0
biokurs19-11	68	Pulse	199	1430925	11487	0
biokurs19-11	68	Pulse	199	1440925	21487	0
biokurs19-11	70	Picture	stim	1446460	0	1	20089	1	0	20000	hit	195
biokurs19-11	70	Pulse	199	1450925	4464	0
biokurs19-11	70	Pulse	199	1460925	14464	0
biokurs19-11	70	Response	16	1464724	18264	0
biokurs19-11	71	Picture	fix2	1466549	0	1	18667	1	0	next	other	0
biokurs19-11	71	Pulse	199	1470925	4375	0
biokurs19-11	71	Pulse	199	1480925	14375	0
biokurs19-11	72	Picture	feedback	1485216	0	1	20089	1	0	next	other	0
biokurs19-11	72	Pulse	199	1490925	5708	0
biokurs19-11	72	Pulse	199	1500925	15708	0
biokurs19-11	73	Picture	fix	1505305	0	1	27378	1	0	next	other	0
biokurs19-11	73	Pulse	199	1510925	5620	0
biokurs19-11	73	Pulse	199	1520925	15619	0
biokurs19-11	73	Pulse	199	1530925	25620	0
biokurs19-11	75	Picture	stim	1532684	0	1	20089	1	0	20000	hit	208
biokurs19-11	75	Pulse	199	1540926	8242	0
biokurs19-11	75	Response	16	1546485	13801	0
biokurs19-11	75	Pulse	199	1550925	18241	0
biokurs19-11	76	Picture	fix2	1552773	0	1	23111	1	0	next	other	0
biokurs19-11	76	Pulse	199	1560925	8153	0
biokurs19-11	76	Pulse	199	1570925	18152	0
biokurs19-11	77	Picture	feedback	1575884	0	1	20089	1	0	next	other	0
biokurs19-11	77	Pulse	199	1580925	5041	0
biokurs19-11	77	Pulse	199	1590925	15041	0
biokurs19-11	78	Picture	fix	1595973	0	1	31645	1	0	next	other	0
biokurs19-11	78	Pulse	199	1600925	4952	0
biokurs19-11	78	Pulse	199	1610925	14952	0
biokurs19-11	78	Pulse	199	1620925	24951	0
biokurs19-11	80	Picture	stim	1627618	0	1	20089	1	0	20000	hit	223
biokurs19-11	80	Pulse	199	1630925	3307	0
biokurs19-11	80	Pulse	199	1640926	13308	0
biokurs19-11	80	Response	16	1640966	13348	0
biokurs19-11	81	Picture	fix2	1647885	0	1	13511	1	0	next	other	0
biokurs19-11	81	Pulse	199	1650926	3041	0
biokurs19-11	81	Pulse	199	1660925	13040	0
biokurs19-11	82	Picture	feedback	1661396	0	1	20089	1	0	next	other	0
biokurs19-11	82	Pulse	199	1670925	9529	0
biokurs19-11	82	Pulse	199	1680925	19529	0
biokurs19-11	83	Picture	fix	1681485	0	1	30578	1	0	next	other	0
biokurs19-11	83	Pulse	199	1690925	9440	0
biokurs19-11	83	Pulse	199	1700925	19440	0
biokurs19-11	83	Pulse	199	1710926	29440	0
biokurs19-11	85	Picture	stim	1712063	0	1	20089	1	0	20000	hit	236
biokurs19-11	85	Pulse	199	1720925	8862	0
biokurs19-11	85	Response	16	1730895	18831	0
biokurs19-11	85	Pulse	199	1730925	18861	0
biokurs19-11	86	Picture	fix2	1732153	0	1	16356	1	0	next	other	0
biokurs19-11	86	Pulse	199	1740926	8773	0
biokurs19-11	87	Picture	feedback	1748508	0	1	20089	1	0	next	other	0
biokurs19-11	87	Pulse	199	1750926	2417	0
biokurs19-11	87	Pulse	199	1760925	12417	0
biokurs19-11	88	Picture	fix	1768597	0	1	25245	1	0	next	other	0
biokurs19-11	88	Pulse	199	1770926	2328	0
biokurs19-11	88	Pulse	199	1780925	12328	0
biokurs19-11	88	Pulse	199	1790925	22328	0
biokurs19-11	90	Picture	stim	1793842	0	1	20089	1	0	20000	incorrect	250
biokurs19-11	90	Pulse	199	1800925	7083	0
biokurs19-11	90	Pulse	199	1810926	17084	0
biokurs19-11	90	Response	32	1813255	19413	0
biokurs19-11	91	Picture	fix2	1814109	0	1	17422	1	0	next	other	0
biokurs19-11	91	Pulse	199	1820926	6817	0
biokurs19-11	91	Pulse	199	1830925	16816	0
biokurs19-11	92	Picture	feedback	1831531	0	1	20089	1	0	next	other	0
biokurs19-11	92	Pulse	199	1840926	9394	0
biokurs19-11	92	Pulse	199	1850925	19394	0
biokurs19-11	93	Picture	fix	1851620	0	1	30045	1	0	next	other	0
biokurs19-11	93	Pulse	199	1860926	9305	0
biokurs19-11	93	Pulse	199	1870925	19305	0
biokurs19-11	93	Pulse	199	1880926	29305	0
biokurs19-11	95	Picture	stim	1881665	0	1	20089	1	0	20000	hit	263
biokurs19-11	95	Pulse	199	1890926	9260	0
biokurs19-11	95	Response	16	1892755	11090	0
biokurs19-11	95	Pulse	199	1900925	19260	0
biokurs19-11	96	Picture	fix2	1901754	0	1	18845	1	0	next	other	0
biokurs19-11	96	Pulse	199	1910926	9171	0
biokurs19-11	97	Picture	feedback	1920599	0	1	20089	1	0	next	other	0
biokurs19-11	97	Pulse	199	1920925	326	0
biokurs19-11	97	Pulse	199	1930925	10326	0
biokurs19-11	98	Picture	fix	1940688	0	1	28800	1	0	next	other	0
biokurs19-11	98	Pulse	199	1940925	237	0
biokurs19-11	98	Pulse	199	1950935	10247	0
biokurs19-11	98	Pulse	199	1960926	20238	0
biokurs19-11	100	Picture	stim	1969489	0	1	20089	1	0	20000	incorrect	277
biokurs19-11	100	Pulse	199	1970935	1447	0
biokurs19-11	100	Pulse	199	1980935	11447	0
biokurs19-11	100	Response	32	1981495	12007	0
biokurs19-11	101	Picture	fix2	1989578	0	1	22578	1	0	next	other	0
biokurs19-11	101	Pulse	199	1990936	1358	0
biokurs19-11	101	Pulse	199	2000935	11358	0
biokurs19-11	101	Pulse	199	2010935	21358	0
biokurs19-11	102	Picture	feedback	2012156	0	1	20089	1	0	next	other	0
biokurs19-11	102	Pulse	199	2020936	8780	0
biokurs19-11	102	Pulse	199	2030936	18780	0
biokurs19-11	103	Picture	fix	2032245	0	1	23289	1	0	next	other	0
biokurs19-11	103	Pulse	199	2040935	8691	0
biokurs19-11	103	Pulse	199	2050935	18691	0
biokurs19-11	105	Picture	stim	2055534	0	1	20089	1	0	20000	hit	290
biokurs19-11	105	Pulse	199	2060936	5402	0
biokurs19-11	105	Response	16	2064156	8622	0
biokurs19-11	105	Pulse	199	2070935	15401	0
biokurs19-11	106	Picture	fix2	2075623	0	1	22756	1	0	next	other	0
biokurs19-11	106	Pulse	199	2080936	5313	0
biokurs19-11	106	Pulse	199	2090936	15313	0
biokurs19-11	107	Picture	feedback	2098379	0	1	20089	1	0	next	other	0
biokurs19-11	107	Pulse	199	2100935	2556	0
biokurs19-11	107	Pulse	199	2110935	12556	0
biokurs19-11	108	Picture	fix	2118468	0	1	24534	1	0	next	other	0
biokurs19-11	108	Pulse	199	2120936	2468	0
biokurs19-11	108	Pulse	199	2130936	12468	0
biokurs19-11	108	Pulse	199	2140935	22467	0
biokurs19-11	110	Picture	stim	2143002	0	1	20089	1	0	20000	hit	304
biokurs19-11	110	Pulse	199	2150935	7934	0
biokurs19-11	110	Response	16	2160276	17275	0
biokurs19-11	110	Pulse	199	2160935	17934	0
biokurs19-11	111	Picture	fix2	2163269	0	1	11378	1	0	next	other	0
biokurs19-11	111	Pulse	199	2170936	7667	0
biokurs19-11	112	Picture	feedback	2174646	0	1	20089	1	0	next	other	0
biokurs19-11	112	Pulse	199	2180935	6289	0
biokurs19-11	112	Pulse	199	2190936	16289	0
biokurs19-11	113	Picture	fix	2194735	0	1	21156	1	0	next	other	0
biokurs19-11	113	Pulse	199	2200936	6200	0
biokurs19-11	113	Pulse	199	2210935	16200	0
biokurs19-11	115	Picture	stim	2215891	0	1	20089	1	0	20000	hit	317
biokurs19-11	115	Pulse	199	2220936	5044	0
biokurs19-11	115	Pulse	199	2230936	15044	0
biokurs19-11	115	Response	16	2230996	15105	0
biokurs19-11	116	Picture	fix2	2235980	0	1	18311	1	0	next	other	0
biokurs19-11	116	Pulse	199	2240936	4956	0
biokurs19-11	116	Pulse	199	2250936	14955	0
biokurs19-11	117	Picture	feedback	2254292	0	1	20089	1	0	next	other	0
biokurs19-11	117	Pulse	199	2260936	6644	0
biokurs19-11	117	Pulse	199	2270936	16644	0
biokurs19-11	118	Picture	fix	2274381	0	1	28800	1	0	next	other	0
biokurs19-11	118	Pulse	199	2280936	6555	0
biokurs19-11	118	Pulse	199	2290936	16556	0
biokurs19-11	118	Pulse	199	2300936	26555	0
biokurs19-11	120	Picture	stim	2303181	0	1	20089	1	0	20000	incorrect	330
biokurs19-11	120	Pulse	199	2310936	7755	0
biokurs19-11	120	Response	32	2318356	15175	0
biokurs19-11	120	Pulse	199	2320936	17754	0
biokurs19-11	121	Picture	fix2	2323270	0	1	19734	1	0	next	other	0
biokurs19-11	121	Pulse	199	2330935	7665	0
biokurs19-11	121	Pulse	199	2340936	17665	0
biokurs19-11	122	Picture	feedback	2343004	0	1	20089	1	0	next	other	0
biokurs19-11	122	Pulse	199	2350935	7931	1
biokurs19-11	122	Pulse	199	2360935	17932	0
biokurs19-11	123	Picture	fix	2363093	0	1	34489	1	0	next	other	0
biokurs19-11	123	Pulse	199	2370935	7842	0
biokurs19-11	123	Pulse	199	2380935	17842	0
biokurs19-11	123	Pulse	199	2390936	27843	0
biokurs19-11	125	Picture	stim	2397582	0	1	20089	1	0	20000	hit	345
biokurs19-11	125	Pulse	199	2400936	3354	0
biokurs19-11	125	Pulse	199	2410936	13354	0
biokurs19-11	125	Response	16	2413136	15554	0
biokurs19-11	126	Picture	fix2	2417671	0	1	20267	1	0	next	other	0
biokurs19-11	126	Pulse	199	2420936	3264	0
biokurs19-11	126	Pulse	199	2430936	13265	0
biokurs19-11	127	Picture	feedback	2437938	0	1	20089	1	0	next	other	0
biokurs19-11	127	Pulse	199	2440936	2998	0
biokurs19-11	127	Pulse	199	2450936	12998	0
biokurs19-11	128	Picture	fix	2458027	0	1	32889	1	0	next	other	0
biokurs19-11	128	Pulse	199	2460936	2909	0
biokurs19-11	128	Pulse	199	2470936	12909	0
biokurs19-11	128	Pulse	199	2480937	22909	0
biokurs19-11	130	Picture	stim	2490917	0	1	20089	1	0	20000	incorrect	359
biokurs19-11	130	Pulse	199	2490936	19	0
biokurs19-11	130	Pulse	199	2500936	10020	0
biokurs19-11	130	Response	32	2503786	12870	0
biokurs19-11	130	Pulse	199	2510932	20016	5
biokurs19-11	131	Picture	fix2	2511006	0	1	18667	1	0	next	other	0
biokurs19-11	131	Pulse	199	2520936	9930	0
biokurs19-11	132	Picture	feedback	2529673	0	1	20089	1	0	next	other	0
biokurs19-11	132	Pulse	199	2530936	1263	0
biokurs19-11	132	Pulse	199	2540936	11264	0
biokurs19-11	133	Picture	fix	2549762	0	1	17600	1	0	next	other	0
biokurs19-11	133	Pulse	199	2550937	1175	0
biokurs19-11	133	Pulse	199	2560936	11175	0
biokurs19-11	135	Picture	stim	2567362	0	1	20089	1	0	20000	hit	371
biokurs19-11	135	Pulse	199	2570937	3575	0
biokurs19-11	135	Response	16	2578747	11385	0
biokurs19-11	135	Pulse	199	2580937	13575	0
biokurs19-11	136	Picture	fix2	2587451	0	1	19378	1	0	next	other	0
biokurs19-11	136	Pulse	199	2590936	3485	0
biokurs19-11	136	Pulse	199	2600936	13485	0
biokurs19-11	137	Picture	feedback	2606829	0	1	20089	1	0	next	other	0
biokurs19-11	137	Pulse	199	2610937	4108	0
biokurs19-11	137	Pulse	199	2620936	14108	0
biokurs19-11	138	Picture	fix	2626918	0	1	30578	1	0	next	other	0
biokurs19-11	138	Pulse	199	2630936	4018	0
biokurs19-11	138	Pulse	199	2640936	14018	0
biokurs19-11	138	Pulse	199	2650937	24019	0
biokurs19-11	140	Picture	stim	2657496	0	1	20089	1	0	20000	incorrect	385
biokurs19-11	140	Pulse	199	2660936	3440	0
biokurs19-11	140	Response	32	2668287	10791	0
biokurs19-11	140	Pulse	199	2670936	13440	0
biokurs19-11	141	Picture	fix2	2677585	0	1	15289	1	0	next	other	0
biokurs19-11	141	Pulse	199	2680937	3352	0
biokurs19-11	141	Pulse	199	2690937	13351	0
biokurs19-11	142	Picture	feedback	2692874	0	1	20089	1	0	next	other	0
biokurs19-11	142	Pulse	199	2700937	8063	0
biokurs19-11	142	Pulse	199	2710937	18063	0
biokurs19-11	143	Picture	fix	2712964	0	1	27734	1	0	next	other	0
biokurs19-11	143	Pulse	199	2720937	7974	0
biokurs19-11	143	Pulse	199	2730936	17973	0
biokurs19-11	145	Picture	stim	2740697	0	1	20089	1	0	20000	incorrect	399
biokurs19-11	145	Pulse	199	2740936	239	0
biokurs19-11	145	Pulse	199	2750937	10240	0
biokurs19-11	145	Response	32	2756127	15430	0
biokurs19-11	146	Picture	fix2	2760786	0	1	21867	1	0	next	other	0
biokurs19-11	146	Pulse	199	2760936	150	0
biokurs19-11	146	Pulse	199	2770937	10150	0
biokurs19-11	146	Pulse	199	2780937	20150	0
biokurs19-11	147	Picture	feedback	2782653	0	1	20089	1	0	next	other	0
biokurs19-11	147	Pulse	199	2790937	8284	0
biokurs19-11	147	Pulse	199	2800937	18284	0
biokurs19-11	148	Picture	fix	2802742	0	1	30223	1	0	next	other	0
biokurs19-11	148	Pulse	199	2810937	8194	0
biokurs19-11	148	Pulse	199	2820937	18195	0
biokurs19-11	148	Pulse	199	2830937	28194	0
biokurs19-11	150	Picture	stim	2832965	0	1	20089	1	0	20000	hit	413
biokurs19-11	150	Pulse	199	2840936	7972	0
biokurs19-11	150	Response	16	2844917	11952	0
biokurs19-11	150	Pulse	199	2850937	17972	0
biokurs19-11	151	Picture	fix2	2853232	0	1	19911	1	0	next	other	0
biokurs19-11	151	Pulse	199	2860937	7705	0
biokurs19-11	151	Pulse	199	2870937	17705	0
biokurs19-11	152	Picture	feedback	2873143	0	1	20089	1	0	next	other	0
biokurs19-11	152	Pulse	199	2880937	7794	0
biokurs19-11	152	Pulse	199	2890937	17794	0
biokurs19-11	153	Picture	fix	2893232	0	1	23111	1	0	next	other	0
biokurs19-11	153	Pulse	199	2900937	7705	0
biokurs19-11	153	Pulse	199	2910937	17704	0
biokurs19-11	155	Picture	stim	2916343	0	1	20089	1	0	20000	incorrect	426
biokurs19-11	155	Pulse	199	2920937	4593	0
biokurs19-11	155	Response	32	2929057	12713	0
biokurs19-11	155	Pulse	199	2930937	14593	0
biokurs19-11	156	Picture	fix2	2936433	0	1	14212	189	0	next	other	0
biokurs19-11	156	Pulse	199	2940937	4504	0
biokurs19-11	157	Picture	feedback	2950644	0	189	20100	190	0	next	other	0
biokurs19-11	157	Pulse	199	2950937	293	0
biokurs19-11	157	Pulse	199	2960937	10293	0
biokurs19-11	158	Picture	fix	2970744	0	1	39467	1	0	next	other	0
biokurs19-11	158	Pulse	199	2970937	193	0
biokurs19-11	158	Pulse	199	2980937	10193	0
biokurs19-11	158	Pulse	199	2990937	20193	0
biokurs19-11	158	Pulse	199	3000937	30193	0
biokurs19-11	160	Picture	stim	3010211	0	1	20089	1	0	20000	hit	441
biokurs19-11	160	Pulse	199	3010937	726	0
biokurs19-11	160	Pulse	199	3020937	10726	0
biokurs19-11	160	Response	16	3023937	13726	0
biokurs19-11	161	Picture	fix2	3030478	0	1	18667	1	0	next	other	0
biokurs19-11	161	Pulse	199	3030937	459	0
biokurs19-11	161	Pulse	199	3040937	10459	0
biokurs19-11	162	Picture	feedback	3049145	0	1	20089	1	0	next	other	0
biokurs19-11	162	Pulse	199	3050937	1792	0
biokurs19-11	162	Pulse	199	3060937	11792	0
biokurs19-11	163	Picture	fix	3069234	0	1	33778	1	0	next	other	0
biokurs19-11	163	Pulse	199	3070937	1703	0
biokurs19-11	163	Pulse	199	3080937	11703	0
biokurs19-11	163	Pulse	199	3090937	21703	0
biokurs19-11	163	Pulse	199	3100937	31703	0
biokurs19-11	165	Picture	stim	3103012	0	1	20089	1	0	20000	hit	455
biokurs19-11	165	Pulse	199	3110937	7924	0
biokurs19-11	165	Response	16	3117468	14455	0
biokurs19-11	165	Pulse	199	3120937	17924	0
biokurs19-11	166	Picture	fix2	3123101	0	1	21511	1	0	next	other	0
biokurs19-11	166	Pulse	199	3130937	7836	0
biokurs19-11	166	Pulse	199	3140937	17835	0
biokurs19-11	167	Picture	feedback	3144613	0	1	20089	1	0	next	other	0
biokurs19-11	167	Pulse	199	3150937	6324	0
biokurs19-11	167	Pulse	199	3160937	16324	0
biokurs19-11	168	Picture	fix	3164702	0	1	33423	1	0	next	other	0
biokurs19-11	168	Pulse	199	3170937	6235	0
biokurs19-11	168	Pulse	199	3180937	16235	0
biokurs19-11	168	Pulse	199	3190937	26235	0
biokurs19-11	170	Picture	stim	3198124	0	1	20089	1	0	20000	incorrect	470
biokurs19-11	170	Pulse	199	3200937	2813	0
biokurs19-11	170	Pulse	199	3210937	12813	0
biokurs19-11	170	Response	32	3211108	12983	0
biokurs19-11	171	Picture	fix2	3218214	0	1	14400	1	0	next	other	0
biokurs19-11	171	Pulse	199	3220937	2724	0
biokurs19-11	171	Pulse	199	3230937	12723	0
biokurs19-11	172	Picture	feedback	3232614	0	1	20089	1	0	next	other	0
biokurs19-11	172	Pulse	199	3240938	8324	0
biokurs19-11	172	Pulse	199	3250937	18323	0
biokurs19-11	173	Picture	fix	3252703	0	1	28800	1	0	next	other	0
biokurs19-11	173	Pulse	199	3260937	8234	0
biokurs19-11	173	Pulse	199	3270937	18234	0
biokurs19-11	173	Pulse	199	3280937	28234	0
biokurs19-11	175	Picture	stim	3281503	0	1	20089	1	0	20000	hit	483
biokurs19-11	175	Pulse	199	3290937	9434	0
biokurs19-11	175	Response	16	3294487	12984	0
biokurs19-11	175	Pulse	199	3300937	19434	0
biokurs19-11	176	Picture	fix2	3301770	0	1	25778	1	0	next	other	0
biokurs19-11	176	Pulse	199	3310938	9168	0
biokurs19-11	176	Pulse	199	3320937	19167	0
biokurs19-11	177	Picture	feedback	3327548	0	1	20089	1	0	next	other	0
biokurs19-11	177	Pulse	199	3330938	3389	0
biokurs19-11	177	Pulse	199	3340938	13390	0
biokurs19-11	178	Picture	fix	3347637	0	1	25600	1	0	next	other	0
biokurs19-11	178	Pulse	199	3350937	3300	0
biokurs19-11	178	Pulse	199	3360938	13301	0
biokurs19-11	178	Pulse	199	3370938	23301	0
biokurs19-11	180	Picture	stim	3373238	0	1	20089	1	0	20000	incorrect	498
biokurs19-11	180	Pulse	199	3380938	7700	0
biokurs19-11	180	Pulse	199	3390937	17700	0
biokurs19-11	180	Response	32	3393228	19990	0
biokurs19-11	181	Picture	fix2	3393505	0	1	21867	1	0	next	other	0
biokurs19-11	181	Pulse	199	3400938	7433	0
biokurs19-11	181	Pulse	199	3410938	17433	0
biokurs19-11	182	Picture	feedback	3415371	0	1	20089	1	0	next	other	0
biokurs19-11	182	Pulse	199	3420938	5566	0
biokurs19-11	182	Pulse	199	3430937	15566	0
biokurs19-11	183	Picture	fix	3435461	0	1	27022	1	0	next	other	0
biokurs19-11	183	Pulse	199	3440938	5477	0
biokurs19-11	183	Pulse	199	3450938	15477	0
biokurs19-11	183	Pulse	199	3460938	25477	0
biokurs19-11	185	Picture	stim	3462483	0	1	20089	1	0	20000	hit	511
biokurs19-11	185	Pulse	199	3470938	8455	0
biokurs19-11	185	Response	16	3476037	13554	0
biokurs19-11	185	Pulse	199	3480938	18455	0
biokurs19-11	186	Picture	fix2	3482572	0	1	27200	1	0	next	other	0
biokurs19-11	186	Pulse	199	3490938	8366	0
biokurs19-11	186	Pulse	199	3500938	18366	0
biokurs19-11	187	Picture	feedback	3509773	0	1	20089	1	0	next	other	0
biokurs19-11	187	Pulse	199	3510939	1166	0
biokurs19-11	187	Pulse	199	3520938	11165	0
biokurs19-11	188	Picture	fix	3529862	0	1	22045	1	0	next	other	0
biokurs19-11	188	Pulse	199	3530938	1076	0
biokurs19-11	188	Pulse	199	3540938	11076	0
biokurs19-11	188	Pulse	199	3550938	21077	0
biokurs19-11	190	Picture	stim	3551906	0	1	20089	1	0	20000	incorrect	525
biokurs19-11	190	Pulse	199	3560938	9031	0
biokurs19-11	190	Response	32	3563828	11921	0
biokurs19-11	190	Pulse	199	3570937	19031	0
biokurs19-11	191	Picture	fix2	3572173	0	1	16000	1	0	next	other	0
biokurs19-11	191	Pulse	199	3580948	8775	0
biokurs19-11	192	Picture	feedback	3588173	0	1	20089	1	0	next	other	0
biokurs19-11	192	Pulse	199	3590938	2764	0
biokurs19-11	192	Pulse	199	3600938	12764	0
biokurs19-11	193	Picture	fix	3608262	0	1	31823	1	0	next	other	0
biokurs19-11	193	Pulse	199	3610948	2686	0
biokurs19-11	193	Pulse	199	3620938	12676	0
biokurs19-11	193	Pulse	199	3630938	22675	0
biokurs19-11	195	Picture	stim	3640085	0	1	20089	1	0	20000	hit	539
biokurs19-11	195	Pulse	199	3640948	863	0
biokurs19-11	195	Pulse	199	3650948	10863	0
biokurs19-11	195	Response	16	3655688	15603	0
biokurs19-11	196	Picture	fix2	3660174	0	1	22756	1	0	next	other	0
biokurs19-11	196	Pulse	199	3660948	773	0
biokurs19-11	196	Pulse	199	3670948	10774	0
biokurs19-11	196	Pulse	199	3680948	20774	0
biokurs19-11	197	Picture	feedback	3682930	0	1	20089	1	0	next	other	0
biokurs19-11	197	Pulse	199	3690948	8018	0
biokurs19-11	197	Pulse	199	3700948	18018	0
biokurs19-11	198	Picture	fix	3703019	0	1	32356	1	0	next	other	0
biokurs19-11	198	Pulse	199	3710948	7929	0
biokurs19-11	198	Pulse	199	3720948	17929	0
biokurs19-11	198	Pulse	199	3730948	27929	0
biokurs19-11	200	Picture	stim	3735375	0	1	20089	1	0	20000	hit	553
biokurs19-11	200	Pulse	199	3740948	5573	0
biokurs19-11	200	Response	16	3749248	13873	0
biokurs19-11	200	Pulse	199	3750948	15573	0
biokurs19-11	201	Picture	fix2	3755464	0	1	23645	1	0	next	other	0
biokurs19-11	201	Pulse	199	3760949	5485	0
biokurs19-11	201	Pulse	199	3770948	15484	0
biokurs19-11	202	Picture	feedback	3779109	0	1	20089	1	0	next	other	0
biokurs19-11	202	Pulse	199	3780949	1840	0
biokurs19-11	202	Pulse	199	3790949	11840	0
biokurs19-11	203	Picture	100	3799198	0	1	80179	1	0	80000	other	0
biokurs19-11	203	Pulse	199	3800948	1750	0
biokurs19-11	203	Pulse	199	3810949	11751	0
biokurs19-11	203	Pulse	199	3820949	21751	0
biokurs19-11	203	Pulse	199	3830948	31750	0
biokurs19-11	203	Pulse	199	3840948	41750	0
biokurs19-11	203	Pulse	199	3850949	51751	0
biokurs19-11	203	Pulse	199	3860949	61751	0
biokurs19-11	203	Pulse	199	3870948	71750	0
