Scenario - FeedLearn_MRI_5x8_fullRand.sce
Logfile written - 05/29/2019 11:36:59

Subject	Trial	Event Type	Code	Time	TTime	Uncertainty	Duration	Uncertainty	ReqTime	ReqDur	Stim Type	Pair Index

biokurs19-11	1	Response	16	246187	236010	0
biokurs19-11	2	Pulse	199	1247308	1001117	0
biokurs19-11	2	Pulse	199	1257308	1011117	0
biokurs19-11	2	Pulse	199	1267308	1021117	0
biokurs19-11	2	Pulse	199	1277307	1031117	0
biokurs19-11	2	Pulse	199	1287308	1041117	0
biokurs19-11	2	Pulse	199	1297308	1051117	0
biokurs19-11	3	Picture	fix	1297659	0	1	33600	1	0	next	other	0
biokurs19-11	3	Pulse	199	1307308	9649	0
biokurs19-11	3	Pulse	199	1317307	19648	0
biokurs19-11	3	Pulse	199	1327308	29649	0
biokurs19-11	5	Picture	stim	1331259	0	1	20089	1	0	20000	miss	0
biokurs19-11	5	Pulse	199	1337308	6049	0
biokurs19-11	5	Pulse	199	1347307	16048	0
biokurs19-11	6	Picture	fix2	1351348	0	1	16000	1	0	next	other	0
biokurs19-11	6	Response	16	1356418	5070	0
biokurs19-11	6	Pulse	199	1357307	5959	0
biokurs19-11	6	Pulse	199	1367308	15960	0
biokurs19-11	7	Picture	feedback	1367348	0	1	20089	1	0	next	other	0
biokurs19-11	7	Pulse	199	1377308	9959	0
biokurs19-11	7	Pulse	199	1387308	19959	0
biokurs19-11	8	Picture	fix	1387438	0	1	25600	1	0	next	other	0
biokurs19-11	8	Pulse	199	1397308	9870	0
biokurs19-11	8	Pulse	199	1407308	19870	0
biokurs19-11	10	Picture	stim	1413038	0	1	20089	1	0	20000	hit	28
biokurs19-11	10	Pulse	199	1417308	4270	0
biokurs19-11	10	Pulse	199	1427308	14270	0
biokurs19-11	10	Response	16	1427348	14311	0
biokurs19-11	11	Picture	fix2	1433305	0	1	22578	1	0	next	other	0
biokurs19-11	11	Pulse	199	1437308	4003	0
biokurs19-11	11	Pulse	199	1447308	14003	0
biokurs19-11	12	Picture	feedback	1455883	0	1	20007	261	0	next	other	0
biokurs19-11	12	Pulse	199	1457308	1425	0
biokurs19-11	12	Pulse	199	1467308	11425	0
biokurs19-11	13	Picture	fix	1475890	0	261	26927	261	0	next	other	0
biokurs19-11	13	Pulse	199	1477308	1418	0
biokurs19-11	13	Pulse	199	1487307	11418	0
biokurs19-11	13	Pulse	199	1497308	21418	0
biokurs19-11	15	Picture	stim	1502817	0	1	20089	1	0	20000	miss	0
biokurs19-11	15	Pulse	199	1507308	4492	0
biokurs19-11	15	Pulse	199	1517308	14491	0
biokurs19-11	16	Picture	fix2	1522906	0	1	22756	1	0	next	other	0
biokurs19-11	16	Response	16	1525118	2212	0
biokurs19-11	16	Pulse	199	1527308	4402	0
biokurs19-11	16	Pulse	199	1537308	14402	0
biokurs19-11	17	Picture	feedback	1545662	0	1	20089	1	0	next	other	0
biokurs19-11	17	Pulse	199	1547308	1646	0
biokurs19-11	17	Pulse	199	1557308	11646	0
biokurs19-11	18	Picture	fix	1565751	0	1	23289	1	0	next	other	0
biokurs19-11	18	Pulse	199	1567318	1568	0
biokurs19-11	18	Pulse	199	1577308	11558	0
biokurs19-11	18	Pulse	199	1587318	21567	0
biokurs19-11	20	Picture	stim	1589040	0	1	20089	1	0	20000	incorrect	55
biokurs19-11	20	Pulse	199	1597318	8278	0
biokurs19-11	20	Response	32	1600637	11598	0
biokurs19-11	20	Pulse	199	1607318	18278	0
biokurs19-11	21	Picture	fix2	1609129	0	1	21867	1	0	next	other	0
biokurs19-11	21	Pulse	199	1617318	8189	0
biokurs19-11	21	Pulse	199	1627318	18189	0
biokurs19-11	22	Picture	feedback	1630996	0	1	20089	1	0	next	other	0
biokurs19-11	22	Pulse	199	1637318	6322	0
biokurs19-11	22	Pulse	199	1647318	16322	0
biokurs19-11	23	Picture	fix	1651085	0	1	26134	1	0	next	other	0
biokurs19-11	23	Pulse	199	1657318	6233	0
biokurs19-11	23	Pulse	199	1667318	16233	0
biokurs19-11	25	Picture	stim	1677219	0	1	20089	1	0	20000	miss	0
biokurs19-11	25	Pulse	199	1677318	99	0
biokurs19-11	25	Pulse	199	1687318	10100	0
biokurs19-11	26	Picture	fix2	1697308	0	1	25600	1	0	next	other	0
biokurs19-11	26	Pulse	199	1697318	10	0
biokurs19-11	26	Response	32	1697468	160	0
biokurs19-11	26	Pulse	199	1707318	10010	0
biokurs19-11	26	Pulse	199	1717318	20010	0
biokurs19-11	27	Picture	feedback	1722908	0	1	20089	1	0	next	other	0
biokurs19-11	27	Pulse	199	1727318	4410	0
biokurs19-11	27	Pulse	199	1737318	14410	0
biokurs19-11	28	Picture	fix	1742997	0	1	30045	1	0	next	other	0
biokurs19-11	28	Pulse	199	1747318	4321	0
biokurs19-11	28	Pulse	199	1757318	14321	0
biokurs19-11	28	Pulse	199	1767318	24321	0
biokurs19-11	30	Picture	stim	1773042	0	1	20089	1	0	20000	hit	84
biokurs19-11	30	Pulse	199	1777318	4276	0
biokurs19-11	30	Pulse	199	1787318	14276	0
biokurs19-11	30	Response	16	1790238	17196	0
biokurs19-11	31	Picture	fix2	1793131	0	1	23645	1	0	next	other	0
biokurs19-11	31	Pulse	199	1797318	4187	0
biokurs19-11	31	Pulse	199	1807318	14187	0
biokurs19-11	32	Picture	feedback	1816776	0	1	20089	1	0	next	other	0
biokurs19-11	32	Pulse	199	1817319	543	0
biokurs19-11	32	Pulse	199	1827319	10543	0
biokurs19-11	33	Picture	fix	1836865	0	1	30756	1	0	next	other	0
biokurs19-11	33	Pulse	199	1837319	454	0
biokurs19-11	33	Pulse	199	1847319	10454	0
biokurs19-11	33	Pulse	199	1857319	20454	0
biokurs19-11	33	Pulse	199	1867319	30454	0
biokurs19-11	35	Picture	stim	1867621	0	1	20089	1	0	20000	incorrect	98
biokurs19-11	35	Pulse	199	1877319	9698	0
biokurs19-11	35	Response	32	1881038	13418	0
biokurs19-11	35	Pulse	199	1887319	19698	0
biokurs19-11	36	Picture	fix2	1887888	0	1	18667	1	0	next	other	0
biokurs19-11	36	Pulse	199	1897319	9431	0
biokurs19-11	37	Picture	feedback	1906555	0	1	20089	1	0	next	other	0
biokurs19-11	37	Pulse	199	1907319	764	0
biokurs19-11	37	Pulse	199	1917319	10764	0
biokurs19-11	38	Picture	fix	1926644	0	1	35734	1	0	next	other	0
biokurs19-11	38	Pulse	199	1927319	675	0
biokurs19-11	38	Pulse	199	1937319	10675	0
biokurs19-11	38	Pulse	199	1947319	20675	0
biokurs19-11	38	Pulse	199	1957319	30675	0
biokurs19-11	40	Picture	stim	1962378	0	1	20089	1	0	20000	incorrect	112
biokurs19-11	40	Pulse	199	1967318	4941	0
biokurs19-11	40	Response	32	1975908	13531	0
biokurs19-11	40	Pulse	199	1977318	14941	0
biokurs19-11	41	Picture	fix2	1982467	0	1	18311	1	0	next	other	0
biokurs19-11	41	Pulse	199	1987319	4853	0
biokurs19-11	41	Pulse	199	1997319	14852	0
biokurs19-11	42	Picture	feedback	2000778	0	1	20089	1	0	next	other	0
biokurs19-11	42	Pulse	199	2007319	6541	0
biokurs19-11	42	Pulse	199	2017319	16541	0
biokurs19-11	43	Picture	fix	2020867	0	1	32356	1	0	next	other	0
biokurs19-11	43	Pulse	199	2027319	6452	0
biokurs19-11	43	Pulse	199	2037319	16452	0
biokurs19-11	43	Pulse	199	2047319	26452	0
biokurs19-11	45	Picture	stim	2053223	0	1	20089	1	0	20000	hit	126
biokurs19-11	45	Pulse	199	2057319	4096	0
biokurs19-11	45	Response	16	2066879	13656	0
biokurs19-11	45	Pulse	199	2067318	14095	0
biokurs19-11	46	Picture	fix2	2073490	0	1	13511	1	0	next	other	0
biokurs19-11	46	Pulse	199	2077318	3828	0
biokurs19-11	47	Picture	feedback	2087001	0	1	20089	1	0	next	other	0
biokurs19-11	47	Pulse	199	2087319	318	0
biokurs19-11	47	Pulse	199	2097319	10318	0
biokurs19-11	48	Picture	fix	2107090	0	1	39467	1	0	next	other	0
biokurs19-11	48	Pulse	199	2107318	228	0
biokurs19-11	48	Pulse	199	2117319	10229	0
biokurs19-11	48	Pulse	199	2127319	20229	0
biokurs19-11	48	Pulse	199	2137319	30229	0
biokurs19-11	50	Picture	stim	2146557	0	1	20089	1	0	20000	hit	140
biokurs19-11	50	Pulse	199	2147319	762	0
biokurs19-11	50	Response	16	2156809	10252	0
biokurs19-11	50	Pulse	199	2157319	10762	0
biokurs19-11	51	Picture	fix2	2166824	0	1	13511	1	0	next	other	0
biokurs19-11	51	Pulse	199	2167319	495	0
biokurs19-11	51	Pulse	199	2177318	10494	0
biokurs19-11	52	Picture	feedback	2180335	0	1	20089	1	0	next	other	0
biokurs19-11	52	Pulse	199	2187319	6984	0
biokurs19-11	52	Pulse	199	2197319	16984	0
biokurs19-11	53	Picture	fix	2200425	0	1	27734	1	0	next	other	0
biokurs19-11	53	Pulse	199	2207319	6894	0
biokurs19-11	53	Pulse	199	2217319	16894	0
biokurs19-11	53	Pulse	199	2227319	26894	0
biokurs19-11	55	Picture	stim	2228158	0	1	20089	1	0	20000	incorrect	154
biokurs19-11	55	Pulse	199	2237319	9161	0
biokurs19-11	55	Response	32	2239609	11451	0
biokurs19-11	55	Pulse	199	2247319	19160	0
biokurs19-11	56	Picture	fix2	2248247	0	1	26845	1	0	next	other	0
biokurs19-11	56	Pulse	199	2257319	9072	0
biokurs19-11	56	Pulse	199	2267319	19072	0
biokurs19-11	57	Picture	feedback	2275092	0	1	20089	1	0	next	other	0
biokurs19-11	57	Pulse	199	2277319	2227	0
biokurs19-11	57	Pulse	199	2287319	12227	0
biokurs19-11	58	Picture	fix	2295181	0	1	41067	1	0	next	other	0
biokurs19-11	58	Pulse	199	2297319	2138	0
biokurs19-11	58	Pulse	199	2307319	12138	0
biokurs19-11	58	Pulse	199	2317319	22138	0
biokurs19-11	58	Pulse	199	2327319	32138	0
biokurs19-11	60	Picture	stim	2336248	0	1	20089	1	0	20000	incorrect	170
biokurs19-11	60	Pulse	199	2337320	1071	0
biokurs19-11	60	Pulse	199	2347319	11070	0
biokurs19-11	60	Response	32	2347879	11631	0
biokurs19-11	61	Picture	fix2	2356338	0	1	17422	1	0	next	other	0
biokurs19-11	61	Pulse	199	2357320	982	0
biokurs19-11	61	Pulse	199	2367319	10982	0
biokurs19-11	62	Picture	feedback	2373760	0	1	20089	1	0	next	other	0
biokurs19-11	62	Pulse	199	2377319	3560	0
biokurs19-11	62	Pulse	199	2387319	13559	0
biokurs19-11	63	Picture	fix	2393849	0	1	31645	1	0	next	other	0
biokurs19-11	63	Pulse	199	2397320	3470	0
biokurs19-11	63	Pulse	199	2407320	13470	0
biokurs19-11	63	Pulse	199	2417319	23470	0
biokurs19-11	65	Picture	stim	2425494	0	1	20089	1	0	20000	hit	183
biokurs19-11	65	Pulse	199	2427320	1826	0
biokurs19-11	65	Response	16	2436649	11156	0
biokurs19-11	65	Pulse	199	2437319	11825	0
biokurs19-11	66	Picture	fix2	2445761	0	1	11378	1	0	next	other	0
biokurs19-11	66	Pulse	199	2447319	1559	0
biokurs19-11	67	Picture	feedback	2457139	0	1	20089	1	0	next	other	0
biokurs19-11	67	Pulse	199	2457319	181	0
biokurs19-11	67	Pulse	199	2467320	10181	0
biokurs19-11	68	Picture	fix	2477228	0	1	22933	1	0	next	other	0
biokurs19-11	68	Pulse	199	2477320	92	0
biokurs19-11	68	Pulse	199	2487319	10091	0
biokurs19-11	68	Pulse	199	2497320	20092	0
biokurs19-11	70	Picture	stim	2500161	0	1	20089	1	0	20000	hit	197
biokurs19-11	70	Pulse	199	2507320	7158	0
biokurs19-11	70	Pulse	199	2517319	17158	0
biokurs19-11	70	Response	16	2519069	18908	0
biokurs19-11	71	Picture	fix2	2520428	0	1	12267	1	0	next	other	0
biokurs19-11	71	Pulse	199	2527320	6891	0
biokurs19-11	72	Picture	feedback	2532695	0	1	20089	1	0	next	other	0
biokurs19-11	72	Pulse	199	2537320	4625	0
biokurs19-11	72	Pulse	199	2547320	14625	0
biokurs19-11	73	Picture	fix	2552784	0	1	28800	1	0	next	other	0
biokurs19-11	73	Pulse	199	2557320	4535	0
biokurs19-11	73	Pulse	199	2567320	14535	0
biokurs19-11	73	Pulse	199	2577320	24536	0
biokurs19-11	75	Picture	stim	2581585	0	1	20089	1	0	20000	hit	210
biokurs19-11	75	Pulse	199	2587320	5735	0
biokurs19-11	75	Pulse	199	2597319	15735	0
biokurs19-11	75	Response	16	2599359	17774	0
biokurs19-11	76	Picture	fix2	2601674	0	1	20267	1	0	next	other	0
biokurs19-11	76	Pulse	199	2607320	5646	0
biokurs19-11	76	Pulse	199	2617319	15645	0
biokurs19-11	77	Picture	feedback	2621941	0	1	20089	1	0	next	other	0
biokurs19-11	77	Pulse	199	2627319	5378	0
biokurs19-11	77	Pulse	199	2637319	15379	0
biokurs19-11	78	Picture	fix	2642030	0	1	30578	1	0	next	other	0
biokurs19-11	78	Pulse	199	2647319	5290	0
biokurs19-11	78	Pulse	199	2657319	15289	0
biokurs19-11	78	Pulse	199	2667319	25290	0
biokurs19-11	80	Picture	stim	2672608	0	1	20089	1	0	20000	incorrect	224
biokurs19-11	80	Pulse	199	2677319	4712	0
biokurs19-11	80	Pulse	199	2687320	14712	0
biokurs19-11	80	Response	32	2687579	14972	0
biokurs19-11	81	Picture	fix2	2692697	0	1	23111	1	0	next	other	0
biokurs19-11	81	Pulse	199	2697319	4622	0
biokurs19-11	81	Pulse	199	2707320	14623	0
biokurs19-11	82	Picture	feedback	2715808	0	1	20089	1	0	next	other	0
biokurs19-11	82	Pulse	199	2717320	1511	0
biokurs19-11	82	Pulse	199	2727319	11511	0
biokurs19-11	83	Picture	fix	2735897	0	1	30578	1	0	next	other	0
biokurs19-11	83	Pulse	199	2737320	1422	0
biokurs19-11	83	Pulse	199	2747320	11422	0
biokurs19-11	83	Pulse	199	2757319	21422	0
biokurs19-11	85	Picture	stim	2766475	0	1	20089	1	0	20000	incorrect	238
biokurs19-11	85	Pulse	199	2767319	844	0
biokurs19-11	85	Pulse	199	2777320	10844	0
biokurs19-11	85	Response	32	2783219	16744	0
biokurs19-11	86	Picture	fix2	2786565	0	1	19378	1	0	next	other	0
biokurs19-11	86	Pulse	199	2787319	755	0
biokurs19-11	86	Pulse	199	2797319	10755	0
biokurs19-11	87	Picture	feedback	2805943	0	1	20089	1	0	next	other	0
biokurs19-11	87	Pulse	199	2807320	1377	0
biokurs19-11	87	Pulse	199	2817320	11377	0
biokurs19-11	88	Picture	fix	2826032	0	1	32889	1	0	next	other	0
biokurs19-11	88	Pulse	199	2827320	1288	0
biokurs19-11	88	Pulse	199	2837320	11288	0
biokurs19-11	88	Pulse	199	2847320	21288	0
biokurs19-11	88	Pulse	199	2857320	31289	0
biokurs19-11	90	Picture	stim	2858921	0	1	20089	1	0	20000	miss	0
biokurs19-11	90	Pulse	199	2867320	8399	0
biokurs19-11	90	Pulse	199	2877320	18399	0
biokurs19-11	91	Picture	fix2	2879010	0	1	14400	1	0	next	other	0
biokurs19-11	91	Response	16	2880200	1189	0
biokurs19-11	91	Pulse	199	2887320	8310	0
biokurs19-11	92	Picture	feedback	2893410	0	1	20089	1	0	next	other	0
biokurs19-11	92	Pulse	199	2897320	3910	0
biokurs19-11	92	Pulse	199	2907319	13909	0
biokurs19-11	93	Picture	fix	2913499	0	1	24534	1	0	next	other	0
biokurs19-11	93	Pulse	199	2917320	3821	0
biokurs19-11	93	Pulse	199	2927320	13821	0
biokurs19-11	93	Pulse	199	2937319	23820	0
biokurs19-11	95	Picture	stim	2938033	0	1	20089	1	0	20000	hit	265
biokurs19-11	95	Pulse	199	2947320	9287	0
biokurs19-11	95	Response	16	2952140	14107	0
biokurs19-11	95	Pulse	199	2957320	19287	0
biokurs19-11	96	Picture	fix2	2958122	0	1	16000	1	0	next	other	0
biokurs19-11	96	Pulse	199	2967320	9198	0
biokurs19-11	97	Picture	feedback	2974122	0	1	20089	1	0	next	other	0
biokurs19-11	97	Pulse	199	2977320	3198	0
biokurs19-11	97	Pulse	199	2987320	13198	0
biokurs19-11	98	Picture	fix	2994211	0	1	28800	1	0	next	other	0
biokurs19-11	98	Pulse	199	2997320	3109	0
biokurs19-11	98	Pulse	199	3007320	13108	0
biokurs19-11	98	Pulse	199	3017320	23109	0
biokurs19-11	100	Picture	stim	3023012	0	1	20089	1	0	20000	hit	279
biokurs19-11	100	Pulse	199	3027320	4309	0
biokurs19-11	100	Pulse	199	3037320	14308	0
biokurs19-11	100	Response	16	3037910	14898	0
biokurs19-11	101	Picture	fix2	3043279	0	1	14211	190	0	next	other	0
biokurs19-11	101	Pulse	199	3047321	4042	0
biokurs19-11	101	Pulse	199	3057320	14041	0
biokurs19-11	102	Picture	feedback	3057490	0	190	20100	190	0	next	other	0
biokurs19-11	102	Pulse	199	3067320	9830	0
biokurs19-11	102	Pulse	199	3077320	19830	0
biokurs19-11	103	Picture	fix	3077590	0	1	19023	1	0	next	other	0
biokurs19-11	103	Pulse	199	3087320	9730	0
biokurs19-11	105	Picture	stim	3096613	0	1	20089	1	0	20000	incorrect	291
biokurs19-11	105	Pulse	199	3097321	708	0
biokurs19-11	105	Pulse	199	3107320	10708	0
biokurs19-11	105	Response	32	3109260	12648	0
biokurs19-11	106	Picture	fix2	3116702	0	1	15289	1	0	next	other	0
biokurs19-11	106	Pulse	199	3117321	619	0
biokurs19-11	106	Pulse	199	3127321	10619	0
biokurs19-11	107	Picture	feedback	3131991	0	1	20089	1	0	next	other	0
biokurs19-11	107	Pulse	199	3137320	5330	0
biokurs19-11	107	Pulse	199	3147330	15339	0
biokurs19-11	108	Picture	fix	3152080	0	1	30578	1	0	next	other	0
biokurs19-11	108	Pulse	199	3157321	5241	0
biokurs19-11	108	Pulse	199	3167321	15241	0
biokurs19-11	108	Pulse	199	3177330	25250	0
biokurs19-11	110	Picture	stim	3182658	0	1	20089	1	0	20000	incorrect	304
biokurs19-11	110	Pulse	199	3187320	4662	0
biokurs19-11	110	Response	32	3193300	10642	0
biokurs19-11	110	Pulse	199	3197331	14673	0
biokurs19-11	111	Picture	fix2	3202925	0	1	16356	1	0	next	other	0
biokurs19-11	111	Pulse	199	3207331	4406	0
biokurs19-11	111	Pulse	199	3217320	14395	0
biokurs19-11	112	Picture	feedback	3219281	0	1	20089	1	0	next	other	0
biokurs19-11	112	Pulse	199	3227330	8050	0
biokurs19-11	112	Pulse	199	3237330	18050	0
biokurs19-11	113	Picture	fix	3239370	0	1	33778	1	0	next	other	0
biokurs19-11	113	Pulse	199	3247330	7960	0
biokurs19-11	113	Pulse	199	3257330	17960	0
biokurs19-11	113	Pulse	199	3267331	27961	0
biokurs19-11	115	Picture	stim	3273148	0	1	20089	1	0	20000	incorrect	318
biokurs19-11	115	Pulse	199	3277330	4182	0
biokurs19-11	115	Response	32	3284051	10903	0
biokurs19-11	115	Pulse	199	3287330	14182	0
biokurs19-11	116	Picture	fix2	3293237	0	1	23645	1	0	next	other	0
biokurs19-11	116	Pulse	199	3297331	4094	0
biokurs19-11	116	Pulse	199	3307331	14094	0
biokurs19-11	117	Picture	feedback	3316882	0	1	20089	1	0	next	other	0
biokurs19-11	117	Pulse	199	3317330	448	0
biokurs19-11	117	Pulse	199	3327330	10448	0
biokurs19-11	118	Picture	fix	3336971	0	1	31823	1	0	next	other	0
biokurs19-11	118	Pulse	199	3337331	360	0
biokurs19-11	118	Pulse	199	3347331	10360	0
biokurs19-11	118	Pulse	199	3357330	20359	0
biokurs19-11	118	Pulse	199	3367331	30360	0
biokurs19-11	120	Picture	stim	3368793	0	1	20089	1	0	20000	incorrect	333
biokurs19-11	120	Pulse	199	3377331	8537	0
biokurs19-11	120	Response	32	3378220	9427	0
biokurs19-11	120	Pulse	199	3387330	18537	0
biokurs19-11	121	Picture	fix2	3388883	0	1	19911	1	0	next	other	0
biokurs19-11	121	Pulse	199	3397330	8448	0
biokurs19-11	121	Pulse	199	3407330	18448	0
biokurs19-11	122	Picture	feedback	3408794	0	1	20089	1	0	next	other	0
biokurs19-11	122	Pulse	199	3417331	8537	0
biokurs19-11	122	Pulse	199	3427330	18536	0
biokurs19-11	123	Picture	fix	3428883	0	1	27022	1	0	next	other	0
biokurs19-11	123	Pulse	199	3437331	8448	0
biokurs19-11	123	Pulse	199	3447331	18448	0
biokurs19-11	125	Picture	stim	3455905	0	1	20089	1	0	20000	hit	346
biokurs19-11	125	Pulse	199	3457330	1425	0
biokurs19-11	125	Response	16	3465881	9975	0
biokurs19-11	125	Pulse	199	3467330	11425	0
biokurs19-11	126	Picture	fix2	3475995	0	1	10133	1	0	next	other	0
biokurs19-11	126	Pulse	199	3477331	1336	0
biokurs19-11	127	Picture	feedback	3486128	0	1	20089	1	0	next	other	0
biokurs19-11	127	Pulse	199	3487331	1203	0
biokurs19-11	127	Pulse	199	3497330	11202	0
biokurs19-11	128	Picture	fix	3506217	0	1	22934	1	0	next	other	0
biokurs19-11	128	Pulse	199	3507331	1114	0
biokurs19-11	128	Pulse	199	3517331	11113	0
biokurs19-11	128	Pulse	199	3527330	21113	0
biokurs19-11	130	Picture	stim	3529151	0	1	20089	1	0	20000	incorrect	359
biokurs19-11	130	Pulse	199	3537331	8180	0
biokurs19-11	130	Response	32	3540530	11379	0
biokurs19-11	130	Pulse	199	3547331	18180	0
biokurs19-11	131	Picture	fix2	3549240	0	1	20267	1	0	next	other	0
biokurs19-11	131	Pulse	199	3557330	8091	0
biokurs19-11	131	Pulse	199	3567331	18091	0
biokurs19-11	132	Picture	feedback	3569507	0	1	20089	1	0	next	other	0
biokurs19-11	132	Pulse	199	3577331	7824	0
biokurs19-11	132	Pulse	199	3587331	17824	0
biokurs19-11	133	Picture	fix	3589596	0	1	23986	193	0	next	other	0
biokurs19-11	133	Pulse	199	3597330	7734	0
biokurs19-11	133	Pulse	199	3607331	17735	0
biokurs19-11	135	Picture	stim	3613582	0	193	20103	193	0	20000	hit	372
biokurs19-11	135	Pulse	199	3617332	3749	0
biokurs19-11	135	Response	16	3623241	9659	0
biokurs19-11	135	Pulse	199	3627331	13748	0
biokurs19-11	136	Picture	fix2	3633685	0	1	18667	1	0	next	other	0
biokurs19-11	136	Pulse	199	3637331	3646	0
biokurs19-11	136	Pulse	199	3647331	13646	0
biokurs19-11	137	Picture	feedback	3652352	0	1	20089	1	0	next	other	0
biokurs19-11	137	Pulse	199	3657331	4979	0
biokurs19-11	137	Pulse	199	3667331	14979	0
biokurs19-11	138	Picture	fix	3672441	0	1	21156	1	0	next	other	0
biokurs19-11	138	Pulse	199	3677331	4890	0
biokurs19-11	138	Pulse	199	3687331	14890	0
biokurs19-11	140	Picture	stim	3693597	0	1	20089	1	0	20000	hit	385
biokurs19-11	140	Pulse	199	3697331	3734	0
biokurs19-11	140	Response	16	3701101	7504	0
biokurs19-11	140	Pulse	199	3707331	13734	0
biokurs19-11	141	Picture	fix2	3713686	0	1	16178	1	0	next	other	0
biokurs19-11	141	Pulse	199	3717331	3645	0
biokurs19-11	141	Pulse	199	3727331	13645	0
biokurs19-11	142	Picture	feedback	3729864	0	1	20089	1	0	next	other	0
biokurs19-11	142	Pulse	199	3737331	7467	0
biokurs19-11	142	Pulse	199	3747332	17468	0
biokurs19-11	143	Picture	fix	3749953	0	1	17600	1	0	next	other	0
biokurs19-11	143	Pulse	199	3757332	7378	0
biokurs19-11	143	Pulse	199	3767331	17377	0
biokurs19-11	145	Picture	stim	3767554	0	1	20089	1	0	20000	incorrect	398
biokurs19-11	145	Pulse	199	3777331	9778	0
biokurs19-11	145	Response	32	3781841	14287	0
biokurs19-11	145	Pulse	199	3787331	19778	0
biokurs19-11	146	Picture	fix2	3787642	0	1	21867	1	0	next	other	0
biokurs19-11	146	Pulse	199	3797331	9689	0
biokurs19-11	146	Pulse	199	3807331	19688	0
biokurs19-11	147	Picture	feedback	3809510	0	1	20089	1	0	next	other	0
biokurs19-11	147	Pulse	199	3817332	7822	0
biokurs19-11	147	Pulse	199	3827331	17822	0
biokurs19-11	148	Picture	fix	3829599	0	1	30934	1	0	next	other	0
biokurs19-11	148	Pulse	199	3837331	7732	0
biokurs19-11	148	Pulse	199	3847332	17733	0
biokurs19-11	148	Pulse	199	3857332	27733	0
biokurs19-11	150	Picture	stim	3860532	0	1	20089	1	0	20000	hit	412
biokurs19-11	150	Pulse	199	3867331	6799	0
biokurs19-11	150	Response	16	3871212	10679	0
biokurs19-11	150	Pulse	199	3877331	16799	0
biokurs19-11	151	Picture	fix2	3880621	0	1	22756	1	0	next	other	0
biokurs19-11	151	Pulse	199	3887332	6710	0
biokurs19-11	151	Pulse	199	3897332	16710	0
biokurs19-11	152	Picture	feedback	3903377	0	1	20089	1	0	next	other	0
biokurs19-11	152	Pulse	199	3907331	3954	0
biokurs19-11	152	Pulse	199	3917332	13954	0
biokurs19-11	153	Picture	fix	3923466	0	1	38045	1	0	next	other	0
biokurs19-11	153	Pulse	199	3927332	3865	0
biokurs19-11	153	Pulse	199	3937331	13865	0
biokurs19-11	153	Pulse	199	3947331	23864	0
biokurs19-11	153	Pulse	199	3957332	33865	0
biokurs19-11	155	Picture	stim	3961511	0	1	20089	1	0	20000	hit	428
biokurs19-11	155	Pulse	199	3967332	5820	0
biokurs19-11	155	Pulse	199	3977331	15820	0
biokurs19-11	155	Response	16	3978641	17130	0
biokurs19-11	156	Picture	fix2	3981600	0	1	18667	1	0	next	other	0
biokurs19-11	156	Pulse	199	3987332	5732	0
biokurs19-11	156	Pulse	199	3997332	15732	0
biokurs19-11	157	Picture	feedback	4000267	0	1	20089	1	0	next	other	0
biokurs19-11	157	Pulse	199	4007332	7064	0
biokurs19-11	157	Pulse	199	4017331	17064	0
biokurs19-11	158	Picture	fix	4020356	0	1	28800	1	0	next	other	0
biokurs19-11	158	Pulse	199	4027332	6976	0
biokurs19-11	158	Pulse	199	4037332	16975	0
biokurs19-11	158	Pulse	199	4047331	26975	0
biokurs19-11	160	Picture	stim	4049157	0	1	20089	1	0	20000	hit	441
biokurs19-11	160	Pulse	199	4057332	8175	0
biokurs19-11	160	Response	16	4060142	10985	0
biokurs19-11	160	Pulse	199	4067332	18175	0
biokurs19-11	161	Picture	fix2	4069246	0	1	24889	1	0	next	other	0
biokurs19-11	161	Pulse	199	4077331	8086	0
biokurs19-11	161	Pulse	199	4087332	18086	0
biokurs19-11	162	Picture	feedback	4094135	0	1	20089	1	0	next	other	0
biokurs19-11	162	Pulse	199	4097332	3197	0
biokurs19-11	162	Pulse	199	4107332	13197	0
biokurs19-11	163	Picture	fix	4114224	0	1	30223	1	0	next	other	0
biokurs19-11	163	Pulse	199	4117331	3107	0
biokurs19-11	163	Pulse	199	4127332	13108	0
biokurs19-11	163	Pulse	199	4137332	23108	0
biokurs19-11	165	Picture	stim	4144447	0	1	20089	1	0	20000	incorrect	456
biokurs19-11	165	Pulse	199	4147331	2885	0
biokurs19-11	165	Pulse	199	4157332	12885	0
biokurs19-11	165	Response	32	4162191	17745	0
biokurs19-11	166	Picture	fix2	4164714	0	1	18845	1	0	next	other	0
biokurs19-11	166	Pulse	199	4167332	2619	0
biokurs19-11	166	Pulse	199	4177332	12618	0
biokurs19-11	167	Picture	feedback	4183558	0	1	20089	1	0	next	other	0
biokurs19-11	167	Pulse	199	4187331	3773	0
biokurs19-11	167	Pulse	199	4197332	13774	0
biokurs19-11	168	Picture	fix	4203647	0	1	22045	1	0	next	other	0
biokurs19-11	168	Pulse	199	4207332	3685	0
biokurs19-11	168	Pulse	199	4217332	13684	0
biokurs19-11	170	Picture	stim	4225692	0	1	20089	1	0	20000	hit	469
biokurs19-11	170	Pulse	199	4227332	1640	0
biokurs19-11	170	Pulse	199	4237332	11640	0
biokurs19-11	170	Response	16	4237982	12290	0
biokurs19-11	171	Picture	fix2	4245959	0	1	25245	1	0	next	other	0
biokurs19-11	171	Pulse	199	4247332	1373	0
biokurs19-11	171	Pulse	199	4257332	11373	0
biokurs19-11	171	Pulse	199	4267332	21373	0
biokurs19-11	172	Picture	feedback	4271204	0	1	20089	1	0	next	other	0
biokurs19-11	172	Pulse	199	4277332	6128	0
biokurs19-11	172	Pulse	199	4287331	16128	0
biokurs19-11	173	Picture	fix	4291293	0	1	34489	1	0	next	other	0
biokurs19-11	173	Pulse	199	4297332	6040	0
biokurs19-11	173	Pulse	199	4307332	16040	0
biokurs19-11	173	Pulse	199	4317332	26039	0
biokurs19-11	175	Picture	stim	4325782	0	1	20089	1	0	20000	incorrect	484
biokurs19-11	175	Pulse	199	4327332	1550	0
biokurs19-11	175	Pulse	199	4337332	11550	0
biokurs19-11	175	Response	32	4338642	12860	0
biokurs19-11	176	Picture	fix2	4345871	0	1	19911	1	0	next	other	0
biokurs19-11	176	Pulse	199	4347332	1461	0
biokurs19-11	176	Pulse	199	4357332	11461	0
biokurs19-11	177	Picture	feedback	4365782	0	1	20089	1	0	next	other	0
biokurs19-11	177	Pulse	199	4367332	1550	0
biokurs19-11	177	Pulse	199	4377332	11550	0
biokurs19-11	178	Picture	fix	4385872	0	1	23111	1	0	next	other	0
biokurs19-11	178	Pulse	199	4387332	1460	0
biokurs19-11	178	Pulse	199	4397332	11460	0
biokurs19-11	178	Pulse	199	4407333	21461	0
biokurs19-11	180	Picture	stim	4408983	0	1	20089	1	0	20000	hit	497
biokurs19-11	180	Pulse	199	4417332	8349	0
biokurs19-11	180	Response	16	4421602	12619	0
biokurs19-11	180	Pulse	199	4427332	18349	0
biokurs19-11	181	Picture	fix2	4429072	0	1	27200	1	0	next	other	0
biokurs19-11	181	Pulse	199	4437332	8260	0
biokurs19-11	181	Pulse	199	4447332	18260	0
biokurs19-11	182	Picture	feedback	4456272	0	1	20089	1	0	next	other	0
biokurs19-11	182	Pulse	199	4457332	1060	0
biokurs19-11	182	Pulse	199	4467332	11060	0
biokurs19-11	183	Picture	fix	4476362	0	1	25245	1	0	next	other	0
biokurs19-11	183	Pulse	199	4477332	970	0
biokurs19-11	183	Pulse	199	4487332	10970	0
biokurs19-11	183	Pulse	199	4497332	20970	0
biokurs19-11	185	Picture	stim	4501606	0	1	20089	1	0	20000	hit	511
biokurs19-11	185	Pulse	199	4507332	5726	0
biokurs19-11	185	Response	16	4513252	11645	0
biokurs19-11	185	Pulse	199	4517332	15725	0
biokurs19-11	186	Picture	fix2	4521873	0	1	21511	1	0	next	other	0
biokurs19-11	186	Pulse	199	4527332	5459	0
biokurs19-11	186	Pulse	199	4537332	15459	0
biokurs19-11	187	Picture	feedback	4543385	0	1	20089	1	0	next	other	0
biokurs19-11	187	Pulse	199	4547332	3948	0
biokurs19-11	187	Pulse	199	4557332	13948	0
biokurs19-11	188	Picture	fix	4563474	0	1	28800	1	0	next	other	0
biokurs19-11	188	Pulse	199	4567332	3859	0
biokurs19-11	188	Pulse	199	4577332	13858	0
biokurs19-11	188	Pulse	199	4587332	23859	0
biokurs19-11	190	Picture	stim	4592274	0	1	20089	1	0	20000	hit	526
biokurs19-11	190	Pulse	199	4597332	5058	0
biokurs19-11	190	Pulse	199	4607332	15058	0
biokurs19-11	190	Response	16	4610682	18409	0
biokurs19-11	191	Picture	fix2	4612363	0	1	16533	1	0	next	other	0
biokurs19-11	191	Pulse	199	4617332	4969	0
biokurs19-11	191	Pulse	199	4627332	14969	0
biokurs19-11	192	Picture	feedback	4628897	0	1	20089	1	0	next	other	0
biokurs19-11	192	Pulse	199	4637332	8436	0
biokurs19-11	192	Pulse	199	4647333	18436	0
biokurs19-11	193	Picture	fix	4648986	0	1	27378	1	0	next	other	0
biokurs19-11	193	Pulse	199	4657333	8347	0
biokurs19-11	193	Pulse	199	4667333	18347	0
biokurs19-11	195	Picture	stim	4676364	0	1	20089	1	0	20000	incorrect	539
biokurs19-11	195	Pulse	199	4677333	969	0
biokurs19-11	195	Pulse	199	4687332	10968	0
biokurs19-11	195	Response	32	4688673	12309	0
biokurs19-11	196	Picture	fix2	4696631	0	1	19734	1	0	next	other	0
biokurs19-11	196	Pulse	199	4697333	702	0
biokurs19-11	196	Pulse	199	4707332	10701	0
biokurs19-11	197	Picture	feedback	4716364	0	1	20089	1	0	next	other	0
biokurs19-11	197	Pulse	199	4717333	969	0
biokurs19-11	197	Pulse	199	4727333	10968	0
biokurs19-11	198	Picture	fix	4736453	0	1	32889	1	0	next	other	0
biokurs19-11	198	Pulse	199	4737333	879	0
biokurs19-11	198	Pulse	199	4747333	10879	0
biokurs19-11	198	Pulse	199	4757333	20880	0
biokurs19-11	198	Pulse	199	4767332	30879	0
biokurs19-11	200	Picture	stim	4769343	0	1	20089	1	0	20000	incorrect	553
biokurs19-11	200	Pulse	199	4777332	7990	0
biokurs19-11	200	Response	32	4780782	11439	0
biokurs19-11	200	Pulse	199	4787343	18000	0
biokurs19-11	201	Picture	fix2	4789610	0	1	25778	1	0	next	other	0
biokurs19-11	201	Pulse	199	4797343	7734	0
biokurs19-11	201	Pulse	199	4807333	17723	0
biokurs19-11	202	Picture	feedback	4815388	0	1	20089	1	0	next	other	0
biokurs19-11	202	Pulse	199	4817333	1945	0
biokurs19-11	202	Pulse	199	4827343	11956	0
biokurs19-11	203	Picture	100	4835477	0	1	80179	1	0	80000	other	0
biokurs19-11	203	Pulse	199	4837343	1866	0
biokurs19-11	203	Pulse	199	4847343	11866	0
biokurs19-11	203	Pulse	199	4857343	21866	0
biokurs19-11	203	Pulse	199	4867343	31866	0
biokurs19-11	203	Pulse	199	4877343	41866	0
biokurs19-11	203	Pulse	199	4887343	51866	0
biokurs19-11	203	Pulse	199	4897343	61866	0
biokurs19-11	203	Pulse	199	4907342	71866	0
