Scenario - FeedLearn_MRI_5x8_fullRand.sce
Logfile written - 05/29/2019 11:44:04

Subject	Trial	Event Type	Code	Time	TTime	Uncertainty	Duration	Uncertainty	ReqTime	ReqDur	Stim Type	Pair Index

biokurs19-11	1	Response	16	71405	61228	0
biokurs19-11	2	Pulse	199	256276	184867	0
biokurs19-11	2	Pulse	199	266275	194867	0
biokurs19-11	2	Pulse	199	276275	204866	0
biokurs19-11	2	Pulse	199	286276	214867	0
biokurs19-11	2	Pulse	199	296276	224867	0
biokurs19-11	2	Pulse	199	306275	234866	0
biokurs19-11	3	Picture	fix	306714	0	1	28800	1	0	next	other	0
biokurs19-11	3	Pulse	199	316276	9562	0
biokurs19-11	3	Pulse	199	326276	19562	0
biokurs19-11	5	Picture	stim	335515	0	1	20089	1	0	20000	incorrect	14
biokurs19-11	5	Pulse	199	336275	761	0
biokurs19-11	5	Pulse	199	346275	10761	0
biokurs19-11	5	Response	32	354516	19001	0
biokurs19-11	6	Picture	fix2	355604	0	1	25778	1	0	next	other	0
biokurs19-11	6	Pulse	199	356276	672	0
biokurs19-11	6	Pulse	199	366276	10672	0
biokurs19-11	6	Pulse	199	376275	20671	0
biokurs19-11	7	Picture	feedback	381382	0	1	20089	1	0	next	other	0
biokurs19-11	7	Pulse	199	386276	4894	0
biokurs19-11	7	Pulse	199	396276	14894	0
biokurs19-11	8	Picture	fix	401471	0	1	33423	1	0	next	other	0
biokurs19-11	8	Pulse	199	406275	4805	0
biokurs19-11	8	Pulse	199	416276	14805	0
biokurs19-11	8	Pulse	199	426276	24805	0
biokurs19-11	10	Picture	stim	434894	0	1	20089	1	0	20000	incorrect	29
biokurs19-11	10	Pulse	199	436276	1382	0
biokurs19-11	10	Pulse	199	446275	11382	0
biokurs19-11	10	Response	32	451736	16842	0
biokurs19-11	11	Picture	fix2	454983	0	1	24889	1	0	next	other	0
biokurs19-11	11	Pulse	199	456276	1293	0
biokurs19-11	11	Pulse	199	466276	11293	0
biokurs19-11	11	Pulse	199	476275	21293	0
biokurs19-11	12	Picture	feedback	479872	0	1	20089	1	0	next	other	0
biokurs19-11	12	Pulse	199	486276	6404	0
biokurs19-11	12	Pulse	199	496276	16404	0
biokurs19-11	13	Picture	fix	499961	0	1	22934	1	0	next	other	0
biokurs19-11	13	Pulse	199	506276	6315	0
biokurs19-11	13	Pulse	199	516275	16314	0
biokurs19-11	15	Picture	stim	522894	0	1	20089	1	0	20000	incorrect	43
biokurs19-11	15	Pulse	199	526276	3382	0
biokurs19-11	15	Pulse	199	536276	13382	0
biokurs19-11	15	Response	32	538746	15852	0
biokurs19-11	16	Picture	fix2	542983	0	1	13511	1	0	next	other	0
biokurs19-11	16	Pulse	199	546276	3292	0
biokurs19-11	16	Pulse	199	556276	13293	0
biokurs19-11	17	Picture	feedback	556495	0	1	20089	1	0	next	other	0
biokurs19-11	17	Pulse	199	566276	9781	0
biokurs19-11	17	Pulse	199	576276	19781	0
biokurs19-11	18	Picture	fix	576584	0	1	30578	1	0	next	other	0
biokurs19-11	18	Pulse	199	586276	9692	0
biokurs19-11	18	Pulse	199	596276	19692	0
biokurs19-11	18	Pulse	199	606276	29692	0
biokurs19-11	20	Picture	stim	607162	0	1	20089	1	0	20000	hit	56
biokurs19-11	20	Pulse	199	616276	9114	0
biokurs19-11	20	Response	16	620216	13054	0
biokurs19-11	20	Pulse	199	626276	19114	0
biokurs19-11	21	Picture	fix2	627251	0	1	20267	1	0	next	other	0
biokurs19-11	21	Pulse	199	636276	9025	0
biokurs19-11	21	Pulse	199	646276	19025	0
biokurs19-11	22	Picture	feedback	647518	0	1	20089	1	0	next	other	0
biokurs19-11	22	Pulse	199	656276	8758	0
biokurs19-11	22	Pulse	199	666276	18758	0
biokurs19-11	23	Picture	fix	667607	0	1	27378	1	0	next	other	0
biokurs19-11	23	Pulse	199	676277	8669	0
biokurs19-11	23	Pulse	199	686276	18668	0
biokurs19-11	25	Picture	stim	694985	0	1	20089	1	0	20000	miss	0
biokurs19-11	25	Pulse	199	696276	1291	0
biokurs19-11	25	Pulse	199	706276	11291	0
biokurs19-11	26	Picture	fix2	715074	0	1	16356	1	0	next	other	0
biokurs19-11	26	Response	16	716016	942	0
biokurs19-11	26	Pulse	199	716276	1201	0
biokurs19-11	26	Pulse	199	726276	11201	0
biokurs19-11	27	Picture	feedback	731430	0	1	20089	1	0	next	other	0
biokurs19-11	27	Pulse	199	736276	4846	0
biokurs19-11	27	Pulse	199	746276	14846	0
biokurs19-11	28	Picture	fix	751519	0	1	41067	1	0	next	other	0
biokurs19-11	28	Pulse	199	756276	4756	0
biokurs19-11	28	Pulse	199	766277	14757	0
biokurs19-11	28	Pulse	199	776277	24757	0
biokurs19-11	28	Pulse	199	786276	34757	0
biokurs19-11	30	Picture	stim	792586	0	1	20089	1	0	20000	incorrect	84
biokurs19-11	30	Pulse	199	796276	3689	0
biokurs19-11	30	Response	32	799046	6459	0
biokurs19-11	30	Pulse	199	806276	13690	0
biokurs19-11	31	Picture	fix2	812676	0	1	18667	1	0	next	other	0
biokurs19-11	31	Pulse	199	816276	3600	0
biokurs19-11	31	Pulse	199	826276	13600	0
biokurs19-11	32	Picture	feedback	831342	0	1	20089	1	0	next	other	0
biokurs19-11	32	Pulse	199	836276	4934	0
biokurs19-11	32	Pulse	199	846277	14934	0
biokurs19-11	33	Picture	fix	851432	0	1	30934	1	0	next	other	0
biokurs19-11	33	Pulse	199	856276	4845	0
biokurs19-11	33	Pulse	199	866276	14845	0
biokurs19-11	33	Pulse	199	876277	24845	0
biokurs19-11	35	Picture	stim	882365	0	1	20089	1	0	20000	incorrect	98
biokurs19-11	35	Pulse	199	886277	3911	0
biokurs19-11	35	Response	32	889046	6681	0
biokurs19-11	35	Pulse	199	896276	13911	0
biokurs19-11	36	Picture	fix2	902454	0	1	23645	1	0	next	other	0
biokurs19-11	36	Pulse	199	906277	3823	0
biokurs19-11	36	Pulse	199	916277	13822	0
biokurs19-11	37	Picture	feedback	926099	0	1	20089	1	0	next	other	0
biokurs19-11	37	Pulse	199	926276	177	0
biokurs19-11	37	Pulse	199	936276	10177	0
biokurs19-11	38	Picture	fix	946188	0	1	34489	1	0	next	other	0
biokurs19-11	38	Pulse	199	946277	89	0
biokurs19-11	38	Pulse	199	956277	10089	0
biokurs19-11	38	Pulse	199	966276	20088	0
biokurs19-11	38	Pulse	199	976277	30089	0
biokurs19-11	40	Picture	stim	980677	0	1	20089	1	0	20000	incorrect	113
biokurs19-11	40	Pulse	199	986277	5600	0
biokurs19-11	40	Response	32	986687	6009	0
biokurs19-11	40	Pulse	199	996276	15599	0
biokurs19-11	41	Picture	fix2	1000767	0	1	14400	1	0	next	other	0
biokurs19-11	41	Pulse	199	1006277	5510	0
biokurs19-11	42	Picture	feedback	1015167	0	1	20089	1	0	next	other	0
biokurs19-11	42	Pulse	199	1016276	1109	0
biokurs19-11	42	Pulse	199	1026276	11110	0
biokurs19-11	43	Picture	fix	1035256	0	1	24534	1	0	next	other	0
biokurs19-11	43	Pulse	199	1036276	1020	0
biokurs19-11	43	Pulse	199	1046277	11021	0
biokurs19-11	43	Pulse	199	1056277	21021	0
biokurs19-11	45	Picture	stim	1059789	0	1	20089	1	0	20000	hit	126
biokurs19-11	45	Pulse	199	1066276	6487	0
biokurs19-11	45	Response	16	1070716	10927	0
biokurs19-11	45	Pulse	199	1076277	16487	0
biokurs19-11	46	Picture	fix2	1079879	0	1	18667	1	0	next	other	0
biokurs19-11	46	Pulse	199	1086277	6398	0
biokurs19-11	46	Pulse	199	1096276	16398	0
biokurs19-11	47	Picture	feedback	1098545	0	1	20089	1	0	next	other	0
biokurs19-11	47	Pulse	199	1106277	7731	0
biokurs19-11	47	Pulse	199	1116277	17731	0
biokurs19-11	48	Picture	fix	1118635	0	1	30045	1	0	next	other	0
biokurs19-11	48	Pulse	199	1126276	7642	0
biokurs19-11	48	Pulse	199	1136276	17642	0
biokurs19-11	48	Pulse	199	1146277	27642	0
biokurs19-11	50	Picture	stim	1148679	0	1	20089	1	0	20000	incorrect	140
biokurs19-11	50	Pulse	199	1156277	7598	0
biokurs19-11	50	Response	32	1160027	11348	0
biokurs19-11	50	Pulse	199	1166276	17597	0
biokurs19-11	51	Picture	fix2	1168768	0	1	13511	1	0	next	other	0
biokurs19-11	51	Pulse	199	1176276	7508	0
biokurs19-11	52	Picture	feedback	1182280	0	1	20089	1	0	next	other	0
biokurs19-11	52	Pulse	199	1186287	4008	0
biokurs19-11	52	Pulse	199	1196277	13997	0
biokurs19-11	53	Picture	fix	1202369	0	1	27733	1	0	next	other	0
biokurs19-11	53	Pulse	199	1206277	3908	0
biokurs19-11	53	Pulse	199	1216287	13918	0
biokurs19-11	53	Pulse	199	1226287	23918	0
biokurs19-11	55	Picture	stim	1230102	0	1	20089	1	0	20000	incorrect	153
biokurs19-11	55	Pulse	199	1236287	6184	0
biokurs19-11	55	Response	32	1240417	10315	0
biokurs19-11	55	Pulse	199	1246287	16185	0
biokurs19-11	56	Picture	fix2	1250192	0	1	20267	1	0	next	other	0
biokurs19-11	56	Pulse	199	1256287	6095	0
biokurs19-11	56	Pulse	199	1266287	16095	0
biokurs19-11	57	Picture	feedback	1270458	0	1	20089	1	0	next	other	0
biokurs19-11	57	Pulse	199	1276286	5828	0
biokurs19-11	57	Pulse	199	1286287	15828	0
biokurs19-11	58	Picture	fix	1290547	0	1	28800	1	0	next	other	0
biokurs19-11	58	Pulse	199	1296287	5739	0
biokurs19-11	58	Pulse	199	1306286	15739	0
biokurs19-11	58	Pulse	199	1316287	25740	0
biokurs19-11	60	Picture	stim	1319348	0	1	20089	1	0	20000	hit	167
biokurs19-11	60	Pulse	199	1326287	6939	0
biokurs19-11	60	Response	16	1333046	13698	0
biokurs19-11	60	Pulse	199	1336287	16939	0
biokurs19-11	61	Picture	fix2	1339437	0	1	19911	1	0	next	other	0
biokurs19-11	61	Pulse	199	1346286	6849	0
biokurs19-11	61	Pulse	199	1356287	16850	0
biokurs19-11	62	Picture	feedback	1359348	0	1	20089	1	0	next	other	0
biokurs19-11	62	Pulse	199	1366287	6939	0
biokurs19-11	62	Pulse	199	1376286	16938	0
biokurs19-11	63	Picture	fix	1379437	0	1	32889	1	0	next	other	0
biokurs19-11	63	Pulse	199	1386287	6850	0
biokurs19-11	63	Pulse	199	1396287	16850	0
biokurs19-11	63	Pulse	199	1406287	26850	0
biokurs19-11	65	Picture	stim	1412327	0	1	20089	1	0	20000	incorrect	181
biokurs19-11	65	Pulse	199	1416287	3960	0
biokurs19-11	65	Response	32	1418667	6340	0
biokurs19-11	65	Pulse	199	1426287	13961	0
biokurs19-11	66	Picture	fix2	1432416	0	1	10133	1	0	next	other	0
biokurs19-11	66	Pulse	199	1436287	3872	0
biokurs19-11	67	Picture	feedback	1442549	0	1	20089	1	0	next	other	0
biokurs19-11	67	Pulse	199	1446287	3738	0
biokurs19-11	67	Pulse	199	1456288	13738	0
biokurs19-11	68	Picture	fix	1462638	0	1	39467	1	0	next	other	0
biokurs19-11	68	Pulse	199	1466288	3649	0
biokurs19-11	68	Pulse	199	1476287	13649	0
biokurs19-11	68	Pulse	199	1486287	23649	0
biokurs19-11	68	Pulse	199	1496288	33649	0
biokurs19-11	70	Picture	stim	1502106	0	1	20089	1	0	20000	incorrect	195
biokurs19-11	70	Pulse	199	1506287	4182	0
biokurs19-11	70	Response	32	1508517	6412	0
biokurs19-11	70	Pulse	199	1516287	14181	0
biokurs19-11	71	Picture	fix2	1522195	0	1	27200	1	0	next	other	0
biokurs19-11	71	Pulse	199	1526288	4093	0
biokurs19-11	71	Pulse	199	1536288	14093	0
biokurs19-11	71	Pulse	199	1546287	24092	0
biokurs19-11	72	Picture	feedback	1549395	0	1	20089	1	0	next	other	0
biokurs19-11	72	Pulse	199	1556288	6893	0
biokurs19-11	72	Pulse	199	1566288	16893	0
biokurs19-11	73	Picture	fix	1569484	0	1	28800	1	0	next	other	0
biokurs19-11	73	Pulse	199	1576287	6803	0
biokurs19-11	73	Pulse	199	1586287	16803	0
biokurs19-11	73	Pulse	199	1596288	26804	0
biokurs19-11	75	Picture	stim	1598284	0	1	20089	1	0	20000	incorrect	209
biokurs19-11	75	Response	32	1603708	5423	0
biokurs19-11	75	Pulse	199	1606288	8003	0
biokurs19-11	75	Pulse	199	1616287	18003	0
biokurs19-11	76	Picture	fix2	1618374	0	1	16000	1	0	next	other	0
biokurs19-11	76	Pulse	199	1626288	7914	0
biokurs19-11	77	Picture	feedback	1634374	0	1	20089	1	0	next	other	0
biokurs19-11	77	Pulse	199	1636287	1913	0
biokurs19-11	77	Pulse	199	1646288	11914	0
biokurs19-11	78	Picture	fix	1654463	0	1	38045	1	0	next	other	0
biokurs19-11	78	Pulse	199	1656287	1825	0
biokurs19-11	78	Pulse	199	1666288	11825	0
biokurs19-11	78	Pulse	199	1676288	21825	0
biokurs19-11	78	Pulse	199	1686287	31824	0
biokurs19-11	80	Picture	stim	1692508	0	1	20089	1	0	20000	hit	224
biokurs19-11	80	Pulse	199	1696288	3780	0
biokurs19-11	80	Response	16	1700537	8029	0
biokurs19-11	80	Pulse	199	1706287	13780	0
biokurs19-11	81	Picture	fix2	1712597	0	1	11378	1	0	next	other	0
biokurs19-11	81	Pulse	199	1716288	3691	0
biokurs19-11	82	Picture	feedback	1723975	0	1	20089	1	0	next	other	0
biokurs19-11	82	Pulse	199	1726288	2313	0
biokurs19-11	82	Pulse	199	1736288	12313	0
biokurs19-11	83	Picture	fix	1744064	0	1	17600	1	0	next	other	0
biokurs19-11	83	Pulse	199	1746288	2224	0
biokurs19-11	83	Pulse	199	1756287	12223	0
biokurs19-11	85	Picture	stim	1761664	0	1	20089	1	0	20000	incorrect	236
biokurs19-11	85	Pulse	199	1766288	4624	0
biokurs19-11	85	Response	32	1768458	6794	0
biokurs19-11	85	Pulse	199	1776288	14624	0
biokurs19-11	86	Picture	fix2	1781753	0	1	21511	1	0	next	other	0
biokurs19-11	86	Pulse	199	1786288	4535	0
biokurs19-11	86	Pulse	199	1796287	14534	0
biokurs19-11	87	Picture	feedback	1803264	0	1	20089	1	0	next	other	0
biokurs19-11	87	Pulse	199	1806288	3024	0
biokurs19-11	87	Pulse	199	1816288	13023	0
biokurs19-11	88	Picture	fix	1823354	0	1	31645	1	0	next	other	0
biokurs19-11	88	Pulse	199	1826287	2934	0
biokurs19-11	88	Pulse	199	1836288	12934	0
biokurs19-11	88	Pulse	199	1846288	22934	0
biokurs19-11	90	Picture	stim	1854998	0	1	20089	1	0	20000	incorrect	250
biokurs19-11	90	Pulse	199	1856288	1289	0
biokurs19-11	90	Response	32	1865968	10970	0
biokurs19-11	90	Pulse	199	1866288	11289	0
biokurs19-11	91	Picture	fix2	1875088	0	1	26845	1	0	next	other	0
biokurs19-11	91	Pulse	199	1876288	1201	0
biokurs19-11	91	Pulse	199	1886288	11200	0
biokurs19-11	91	Pulse	199	1896287	21200	0
biokurs19-11	92	Picture	feedback	1901932	0	1	20089	1	0	next	other	0
biokurs19-11	92	Pulse	199	1906288	4356	0
biokurs19-11	92	Pulse	199	1916288	14356	0
biokurs19-11	93	Picture	fix	1922021	0	1	23986	192	0	next	other	0
biokurs19-11	93	Pulse	199	1926288	4266	0
biokurs19-11	93	Pulse	199	1936288	14267	0
biokurs19-11	95	Picture	stim	1946008	0	192	20103	192	0	20000	hit	265
biokurs19-11	95	Pulse	199	1946287	280	0
biokurs19-11	95	Pulse	199	1956288	10280	0
biokurs19-11	95	Response	16	1959928	13920	0
biokurs19-11	96	Picture	fix2	1966111	0	1	22578	1	0	next	other	0
biokurs19-11	96	Pulse	199	1966288	177	0
biokurs19-11	96	Pulse	199	1976288	10178	0
biokurs19-11	96	Pulse	199	1986289	20178	0
biokurs19-11	97	Picture	feedback	1988689	0	1	20089	1	0	next	other	0
biokurs19-11	97	Pulse	199	1996288	7599	0
biokurs19-11	97	Pulse	199	2006288	17599	0
biokurs19-11	98	Picture	fix	2008778	0	1	19022	1	0	next	other	0
biokurs19-11	98	Pulse	199	2016289	7511	0
biokurs19-11	98	Pulse	199	2026288	17510	0
biokurs19-11	100	Picture	stim	2027800	0	1	20089	1	0	20000	incorrect	278
biokurs19-11	100	Pulse	199	2036288	8487	0
biokurs19-11	100	Response	32	2042668	14868	0
biokurs19-11	100	Pulse	199	2046288	18488	0
biokurs19-11	101	Picture	fix2	2048067	0	1	16534	1	0	next	other	0
biokurs19-11	101	Pulse	199	2056289	8221	0
biokurs19-11	102	Picture	feedback	2064601	0	1	20089	1	0	next	other	0
biokurs19-11	102	Pulse	199	2066288	1687	0
biokurs19-11	102	Pulse	199	2076288	11688	0
biokurs19-11	103	Picture	fix	2084690	0	1	30223	1	0	next	other	0
biokurs19-11	103	Pulse	199	2086289	1599	0
biokurs19-11	103	Pulse	199	2096288	11599	0
biokurs19-11	103	Pulse	199	2106288	21598	0
biokurs19-11	105	Picture	stim	2114913	0	1	20089	1	0	20000	incorrect	291
biokurs19-11	105	Pulse	199	2116289	1376	0
biokurs19-11	105	Response	32	2121948	7036	0
biokurs19-11	105	Pulse	199	2126288	11376	1
biokurs19-11	106	Picture	fix2	2135002	0	1	17422	1	0	next	other	0
biokurs19-11	106	Pulse	199	2136288	1286	0
biokurs19-11	106	Pulse	199	2146288	11287	0
biokurs19-11	107	Picture	feedback	2152424	0	1	20089	1	0	next	other	0
biokurs19-11	107	Pulse	199	2156288	3864	0
biokurs19-11	107	Pulse	199	2166288	13864	0
biokurs19-11	108	Picture	fix	2172513	0	1	31823	1	0	next	other	0
biokurs19-11	108	Pulse	199	2176288	3775	0
biokurs19-11	108	Pulse	199	2186289	13775	0
biokurs19-11	108	Pulse	199	2196289	23776	0
biokurs19-11	110	Picture	stim	2204336	0	1	20089	1	0	20000	incorrect	306
biokurs19-11	110	Pulse	199	2206288	1952	0
biokurs19-11	110	Pulse	199	2216289	11953	0
biokurs19-11	110	Response	32	2217899	13563	0
biokurs19-11	111	Picture	fix2	2224425	0	1	22756	1	0	next	other	0
biokurs19-11	111	Pulse	199	2226289	1864	0
biokurs19-11	111	Pulse	199	2236288	11864	0
biokurs19-11	111	Pulse	199	2246288	21863	0
biokurs19-11	112	Picture	feedback	2247181	0	1	20089	1	0	next	other	0
biokurs19-11	112	Pulse	199	2256289	9108	0
biokurs19-11	112	Pulse	199	2266288	19108	0
biokurs19-11	113	Picture	fix	2267270	0	1	22934	1	0	next	other	0
biokurs19-11	113	Pulse	199	2276288	9018	0
biokurs19-11	113	Pulse	199	2286288	19019	0
biokurs19-11	115	Picture	stim	2290203	0	1	20089	1	0	20000	incorrect	319
biokurs19-11	115	Pulse	199	2296289	6086	0
biokurs19-11	115	Response	32	2299489	9285	0
biokurs19-11	115	Pulse	199	2306288	16085	0
biokurs19-11	116	Picture	fix2	2310292	0	1	14211	190	0	next	other	0
biokurs19-11	116	Pulse	199	2316289	5996	0
biokurs19-11	117	Picture	feedback	2324504	0	189	20100	190	0	next	other	0
biokurs19-11	117	Pulse	199	2326289	1785	0
biokurs19-11	117	Pulse	199	2336289	11785	0
biokurs19-11	118	Picture	fix	2344604	0	1	22045	1	0	next	other	0
biokurs19-11	118	Pulse	199	2346288	1684	0
biokurs19-11	118	Pulse	199	2356289	11685	0
biokurs19-11	118	Pulse	199	2366289	21685	0
biokurs19-11	120	Picture	stim	2366649	0	1	20089	1	0	20000	hit	332
biokurs19-11	120	Pulse	199	2376288	9640	0
biokurs19-11	120	Response	16	2377218	10570	0
biokurs19-11	120	Pulse	199	2386289	19640	0
biokurs19-11	121	Picture	fix2	2386916	0	1	19378	1	0	next	other	0
biokurs19-11	121	Pulse	199	2396289	9373	0
biokurs19-11	121	Pulse	199	2406289	19373	0
biokurs19-11	122	Picture	feedback	2406294	0	1	20089	1	0	next	other	0
biokurs19-11	122	Pulse	199	2416288	9995	0
biokurs19-11	122	Pulse	199	2426289	19995	0
biokurs19-11	123	Picture	fix	2426383	0	1	25600	1	0	next	other	0
biokurs19-11	123	Pulse	199	2436289	9906	0
biokurs19-11	123	Pulse	199	2446288	19906	0
biokurs19-11	125	Picture	stim	2451983	0	1	20089	1	0	20000	incorrect	345
biokurs19-11	125	Pulse	199	2456289	4306	0
biokurs19-11	125	Response	32	2464169	12186	0
biokurs19-11	125	Pulse	199	2466289	14306	0
biokurs19-11	126	Picture	fix2	2472072	0	1	15289	1	0	next	other	0
biokurs19-11	126	Pulse	199	2476289	4217	0
biokurs19-11	126	Pulse	199	2486288	14216	0
biokurs19-11	127	Picture	feedback	2487361	0	1	20089	1	0	next	other	0
biokurs19-11	127	Pulse	199	2496289	8928	0
biokurs19-11	127	Pulse	199	2506289	18928	0
biokurs19-11	128	Picture	fix	2507450	0	1	35734	1	0	next	other	0
biokurs19-11	128	Pulse	199	2516288	8838	0
biokurs19-11	128	Pulse	199	2526289	18839	0
biokurs19-11	128	Pulse	199	2536289	28839	0
biokurs19-11	130	Picture	stim	2543184	0	1	20089	1	0	20000	hit	359
biokurs19-11	130	Pulse	199	2546288	3104	0
biokurs19-11	130	Response	16	2553749	10565	0
biokurs19-11	130	Pulse	199	2556288	13104	0
biokurs19-11	131	Picture	fix2	2563273	0	1	18667	1	0	next	other	0
biokurs19-11	131	Pulse	199	2566289	3016	0
biokurs19-11	131	Pulse	199	2576289	13016	0
biokurs19-11	132	Picture	feedback	2581940	0	1	20089	1	0	next	other	0
biokurs19-11	132	Pulse	199	2586289	4349	0
biokurs19-11	132	Pulse	199	2596289	14349	0
biokurs19-11	133	Picture	fix	2602029	0	1	32356	1	0	next	other	0
biokurs19-11	133	Pulse	199	2606289	4260	0
biokurs19-11	133	Pulse	199	2616289	14260	0
biokurs19-11	133	Pulse	199	2626289	24260	0
biokurs19-11	135	Picture	stim	2634385	0	1	20089	1	0	20000	incorrect	373
biokurs19-11	135	Pulse	199	2636289	1904	0
biokurs19-11	135	Response	32	2641289	6904	0
biokurs19-11	135	Pulse	199	2646289	11904	0
biokurs19-11	136	Picture	fix2	2654652	0	1	16000	1	0	next	other	0
biokurs19-11	136	Pulse	199	2656289	1637	0
biokurs19-11	136	Pulse	199	2666289	11637	0
biokurs19-11	137	Picture	feedback	2670652	0	1	20089	1	0	next	other	0
biokurs19-11	137	Pulse	199	2676289	5637	0
biokurs19-11	137	Pulse	199	2686289	15637	0
biokurs19-11	138	Picture	fix	2690741	0	1	32889	1	0	next	other	0
biokurs19-11	138	Pulse	199	2696289	5548	0
biokurs19-11	138	Pulse	199	2706289	15548	0
biokurs19-11	138	Pulse	199	2716289	25548	0
biokurs19-11	140	Picture	stim	2723630	0	1	20089	1	0	20000	incorrect	387
biokurs19-11	140	Pulse	199	2726289	2658	0
biokurs19-11	140	Response	32	2729739	6108	0
biokurs19-11	140	Pulse	199	2736289	12659	0
biokurs19-11	141	Picture	fix2	2743720	0	1	25245	1	0	next	other	0
biokurs19-11	141	Pulse	199	2746290	2570	0
biokurs19-11	141	Pulse	199	2756289	12569	0
biokurs19-11	141	Pulse	199	2766289	22570	0
biokurs19-11	142	Picture	feedback	2768964	0	1	20089	1	0	next	other	0
biokurs19-11	142	Pulse	199	2776290	7325	0
biokurs19-11	142	Pulse	199	2786289	17325	0
biokurs19-11	143	Picture	fix	2789053	0	1	33778	1	0	next	other	0
biokurs19-11	143	Pulse	199	2796289	7236	0
biokurs19-11	143	Pulse	199	2806300	17246	0
biokurs19-11	143	Pulse	199	2816300	27246	0
biokurs19-11	145	Picture	stim	2822832	0	1	20089	1	0	20000	incorrect	403
biokurs19-11	145	Pulse	199	2826299	3467	0
biokurs19-11	145	Pulse	199	2836300	13468	0
biokurs19-11	145	Response	32	2836989	14157	0
biokurs19-11	146	Picture	fix2	2843098	0	1	21867	1	0	next	other	0
biokurs19-11	146	Pulse	199	2846300	3201	0
biokurs19-11	146	Pulse	199	2856299	13201	0
biokurs19-11	147	Picture	feedback	2864965	0	1	20089	1	0	next	other	0
biokurs19-11	147	Pulse	199	2866299	1334	0
biokurs19-11	147	Pulse	199	2876300	11334	0
biokurs19-11	148	Picture	fix	2885055	0	1	27022	1	0	next	other	0
biokurs19-11	148	Pulse	199	2886300	1245	0
biokurs19-11	148	Pulse	199	2896299	11245	0
biokurs19-11	148	Pulse	199	2906300	21245	0
biokurs19-11	150	Picture	stim	2912077	0	1	20089	1	0	20000	hit	416
biokurs19-11	150	Pulse	199	2916300	4223	0
biokurs19-11	150	Response	16	2918120	6043	0
biokurs19-11	150	Pulse	199	2926299	14222	0
biokurs19-11	151	Picture	fix2	2932166	0	1	25600	1	0	next	other	0
biokurs19-11	151	Pulse	199	2936300	4133	0
biokurs19-11	151	Pulse	199	2946300	14134	0
biokurs19-11	151	Pulse	199	2956300	24134	0
biokurs19-11	152	Picture	feedback	2957766	0	1	20089	1	0	next	other	0
biokurs19-11	152	Pulse	199	2966299	8533	0
biokurs19-11	152	Pulse	199	2976300	18533	0
biokurs19-11	153	Picture	fix	2977856	0	1	30578	1	0	next	other	0
biokurs19-11	153	Pulse	199	2986300	8444	0
biokurs19-11	153	Pulse	199	2996299	18444	0
biokurs19-11	153	Pulse	199	3006300	28444	0
biokurs19-11	155	Picture	stim	3008434	0	1	20089	1	0	20000	incorrect	431
biokurs19-11	155	Pulse	199	3016300	7866	0
biokurs19-11	155	Response	32	3018880	10446	0
biokurs19-11	155	Pulse	199	3026300	17866	0
biokurs19-11	156	Picture	fix2	3028523	0	1	12267	1	0	next	other	0
biokurs19-11	156	Pulse	199	3036299	7776	0
biokurs19-11	157	Picture	feedback	3040790	0	1	20089	1	0	next	other	0
biokurs19-11	157	Pulse	199	3046300	5510	0
biokurs19-11	157	Pulse	199	3056300	15510	0
biokurs19-11	158	Picture	fix	3060879	0	1	28800	1	0	next	other	0
biokurs19-11	158	Pulse	199	3066299	5421	0
biokurs19-11	158	Pulse	199	3076300	15421	0
biokurs19-11	158	Pulse	199	3086300	25421	0
biokurs19-11	160	Picture	stim	3089679	0	1	20089	1	0	20000	incorrect	444
biokurs19-11	160	Pulse	199	3096300	6621	0
biokurs19-11	160	Response	32	3104809	15130	0
biokurs19-11	160	Pulse	199	3106299	16620	0
biokurs19-11	161	Picture	fix2	3109768	0	1	18311	1	0	next	other	0
biokurs19-11	161	Pulse	199	3116300	6532	0
biokurs19-11	161	Pulse	199	3126300	16532	0
biokurs19-11	162	Picture	feedback	3128079	0	1	20089	1	0	next	other	0
biokurs19-11	162	Pulse	199	3136300	8221	0
biokurs19-11	162	Pulse	199	3146300	18221	0
biokurs19-11	163	Picture	fix	3148169	0	1	21156	1	0	next	other	0
biokurs19-11	163	Pulse	199	3156300	8132	0
biokurs19-11	163	Pulse	199	3166300	18132	0
biokurs19-11	165	Picture	stim	3169324	0	1	20089	1	0	20000	incorrect	457
biokurs19-11	165	Pulse	199	3176299	6975	0
biokurs19-11	165	Response	32	3184250	14926	0
biokurs19-11	165	Pulse	199	3186300	16976	0
biokurs19-11	166	Picture	fix2	3189413	0	1	19734	1	0	next	other	0
biokurs19-11	166	Pulse	199	3196300	6886	0
biokurs19-11	166	Pulse	199	3206299	16886	0
biokurs19-11	167	Picture	feedback	3209147	0	1	20089	1	0	next	other	0
biokurs19-11	167	Pulse	199	3216300	7153	0
biokurs19-11	167	Pulse	199	3226300	17153	0
biokurs19-11	168	Picture	fix	3229236	0	1	30578	1	0	next	other	0
biokurs19-11	168	Pulse	199	3236300	7064	0
biokurs19-11	168	Pulse	199	3246299	17063	0
biokurs19-11	168	Pulse	199	3256300	27064	0
biokurs19-11	170	Picture	stim	3259814	0	1	20089	1	0	20000	incorrect	471
biokurs19-11	170	Pulse	199	3266300	6486	0
biokurs19-11	170	Response	32	3267340	7526	0
biokurs19-11	170	Pulse	199	3276299	16485	0
biokurs19-11	171	Picture	fix2	3279903	0	1	21867	1	0	next	other	0
biokurs19-11	171	Pulse	199	3286300	6397	0
biokurs19-11	171	Pulse	199	3296300	16397	0
biokurs19-11	172	Picture	feedback	3301770	0	1	20089	1	0	next	other	0
biokurs19-11	172	Pulse	199	3306300	4530	0
biokurs19-11	172	Pulse	199	3316300	14529	0
biokurs19-11	173	Picture	fix	3321859	0	1	30756	1	0	next	other	0
biokurs19-11	173	Pulse	199	3326300	4441	0
biokurs19-11	173	Pulse	199	3336300	14441	0
biokurs19-11	173	Pulse	199	3346299	24440	0
biokurs19-11	175	Picture	stim	3352615	0	1	20089	1	0	20000	hit	485
biokurs19-11	175	Pulse	199	3356300	3685	0
biokurs19-11	175	Response	16	3366190	13575	0
biokurs19-11	175	Pulse	199	3366300	13685	0
biokurs19-11	176	Picture	fix2	3372882	0	1	18845	1	0	next	other	0
biokurs19-11	176	Pulse	199	3376300	3418	0
biokurs19-11	176	Pulse	199	3386300	13418	0
biokurs19-11	177	Picture	feedback	3391727	0	1	20089	1	0	next	other	0
biokurs19-11	177	Pulse	199	3396300	4574	0
biokurs19-11	177	Pulse	199	3406300	14573	0
biokurs19-11	178	Picture	fix	3411816	0	1	26134	1	0	next	other	0
biokurs19-11	178	Pulse	199	3416300	4484	0
biokurs19-11	178	Pulse	199	3426300	14484	0
biokurs19-11	178	Pulse	199	3436300	24484	0
biokurs19-11	180	Picture	stim	3437950	0	1	20089	1	0	20000	incorrect	499
biokurs19-11	180	Pulse	199	3446300	8350	0
biokurs19-11	180	Response	32	3451721	13771	0
biokurs19-11	180	Pulse	199	3456300	18350	0
biokurs19-11	181	Picture	fix2	3458039	0	1	16178	1	0	next	other	0
biokurs19-11	181	Pulse	199	3466301	8262	0
biokurs19-11	182	Picture	feedback	3474217	0	1	20089	1	0	next	other	0
biokurs19-11	182	Pulse	199	3476300	2084	0
biokurs19-11	182	Pulse	199	3486300	12083	0
biokurs19-11	183	Picture	fix	3494306	0	1	23289	1	0	next	other	0
biokurs19-11	183	Pulse	199	3496300	1995	0
biokurs19-11	183	Pulse	199	3506301	11995	0
biokurs19-11	183	Pulse	199	3516300	21994	0
biokurs19-11	185	Picture	stim	3517595	0	1	20089	1	0	20000	incorrect	512
biokurs19-11	185	Pulse	199	3526300	8705	0
biokurs19-11	185	Response	32	3532361	14766	0
biokurs19-11	185	Pulse	199	3536300	18706	0
biokurs19-11	186	Picture	fix2	3537862	0	1	22756	1	0	next	other	0
biokurs19-11	186	Pulse	199	3546300	8439	0
biokurs19-11	186	Pulse	199	3556300	18438	0
biokurs19-11	187	Picture	feedback	3560618	0	1	20089	1	0	next	other	0
biokurs19-11	187	Pulse	199	3566300	5683	0
biokurs19-11	187	Pulse	199	3576300	15683	0
biokurs19-11	188	Picture	fix	3580707	0	1	23111	1	0	next	other	0
biokurs19-11	188	Pulse	199	3586300	5593	0
biokurs19-11	188	Pulse	199	3596300	15594	0
biokurs19-11	190	Picture	stim	3603818	0	1	20089	1	0	20000	incorrect	526
biokurs19-11	190	Pulse	199	3606300	2482	0
biokurs19-11	190	Pulse	199	3616300	12482	0
biokurs19-11	190	Response	32	3617410	13592	0
biokurs19-11	191	Picture	fix2	3623907	0	1	23111	1	0	next	other	0
biokurs19-11	191	Pulse	199	3626300	2393	0
biokurs19-11	191	Pulse	199	3636301	12393	0
biokurs19-11	191	Pulse	199	3646301	22393	0
biokurs19-11	192	Picture	feedback	3647019	0	1	20089	1	0	next	other	0
biokurs19-11	192	Pulse	199	3656300	9282	0
biokurs19-11	192	Pulse	199	3666301	19282	0
biokurs19-11	193	Picture	fix	3667108	0	1	25245	1	0	next	other	0
biokurs19-11	193	Pulse	199	3676301	9193	0
biokurs19-11	193	Pulse	199	3686300	19193	0
biokurs19-11	195	Picture	stim	3692353	0	1	20089	1	0	20000	hit	540
biokurs19-11	195	Pulse	199	3696300	3948	0
biokurs19-11	195	Pulse	199	3706301	13948	0
biokurs19-11	195	Response	16	3706900	14548	0
biokurs19-11	196	Picture	fix2	3712442	0	1	23645	1	0	next	other	0
biokurs19-11	196	Pulse	199	3716301	3859	0
biokurs19-11	196	Pulse	199	3726300	13858	0
biokurs19-11	197	Picture	feedback	3736086	0	1	20089	1	0	next	other	0
biokurs19-11	197	Pulse	199	3736301	214	0
biokurs19-11	197	Pulse	199	3746301	10214	0
biokurs19-11	198	Picture	fix	3756175	0	1	27023	1	0	next	other	0
biokurs19-11	198	Pulse	199	3756301	125	0
biokurs19-11	198	Pulse	199	3766300	10125	0
biokurs19-11	198	Pulse	199	3776301	20125	0
biokurs19-11	200	Picture	stim	3783198	0	1	20089	1	0	20000	hit	554
biokurs19-11	200	Pulse	199	3786301	3103	0
biokurs19-11	200	Pulse	199	3796300	13102	0
biokurs19-11	200	Response	16	3797630	14432	0
biokurs19-11	201	Picture	fix2	3803287	0	1	19911	1	0	next	other	0
biokurs19-11	201	Pulse	199	3806301	3014	0
biokurs19-11	201	Pulse	199	3816301	13014	0
biokurs19-11	202	Picture	feedback	3823198	0	1	20089	1	0	next	other	0
biokurs19-11	202	Pulse	199	3826301	3102	0
biokurs19-11	202	Pulse	199	3836301	13102	0
biokurs19-11	203	Picture	100	3843288	0	1	80179	1	0	80000	other	0
biokurs19-11	203	Pulse	199	3846301	3014	0
biokurs19-11	203	Pulse	199	3856301	13013	0
biokurs19-11	203	Pulse	199	3866300	23012	1
biokurs19-11	203	Pulse	199	3876301	33013	0
biokurs19-11	203	Pulse	199	3886301	43013	0
biokurs19-11	203	Pulse	199	3896300	53013	1
biokurs19-11	203	Pulse	199	3906301	63013	0
biokurs19-11	203	Pulse	199	3916301	73014	0
