Scenario - 
Logfile written - 07/04/2016 16:24:23

Subject	Trial	Event Type	Code	Time	TTime	Uncertainty	Duration	Uncertainty	ReqTime	ReqDur	Stim Type	Pair Index

s026	1	Response	3	186379	175713	1
s026	2	Response	3	227748	41257	1
s026	3	Picture	consistent	233155	5167	1	12999	2	5000	next	hit	4
s026	3	Response	16	246010	18022	1
s026	4	Picture	pos_feedback	251321	5167	1	14999	2	5000	next	other	0
s026	5	Picture	consistent	276653	5167	1	4833	2	5000	next	hit	7
s026	5	Response	16	281348	9862	1
s026	6	Picture	pos_feedback	286652	5166	1	15000	2	5000	next	other	0
s026	7	Picture	consistent	314484	5166	1	8833	2	5000	next	hit	10
s026	7	Response	32	323261	13943	1
s026	8	Picture	pos_feedback	328483	5166	2	15000	3	5000	next	other	0
s026	9	Picture	consistent	358815	5166	2	7167	3	5000	next	hit	13
s026	9	Response	16	365863	12214	1
s026	10	Picture	pos_feedback	371148	5166	1	14999	2	5000	next	other	0
s026	11	Picture	consistent	396480	5166	1	4500	2	5000	next	hit	16
s026	11	Response	16	400886	9572	1
s026	12	Picture	pos_feedback	406146	5166	1	15000	2	5000	next	other	0
s026	13	Picture	consistent	433978	5166	1	8333	2	5000	next	hit	19
s026	13	Response	32	442189	13377	1
s026	14	Picture	pos_feedback	447478	5167	1	14999	2	5000	next	other	0
s026	15	Picture	consistent	477809	5166	2	8333	3	5000	next	hit	22
s026	15	Response	32	486023	13380	1
s026	16	Picture	pos_feedback	491309	5167	1	14999	2	5000	next	other	0
s026	17	Picture	consistent	516641	5167	1	9333	2	5000	next	hit	25
s026	17	Response	16	525895	14421	1
s026	18	Picture	pos_feedback	531140	5166	1	14999	2	5000	next	other	0
s026	19	Picture	consistent	558972	5166	1	6833	2	5000	next	hit	28
s026	19	Response	32	565711	11905	2
s026	20	Picture	pos_feedback	570971	5166	2	15000	3	5000	next	other	0
s026	21	Picture	consistent	601303	5166	1	10666	2	5000	next	hit	31
s026	21	Response	32	611936	15799	2
s026	22	Picture	pos_feedback	617136	5167	1	14999	2	5000	next	other	0
s026	23	Picture	consistent	642468	5167	1	7333	2	5000	next	hit	34
s026	23	Response	16	649631	12330	1
s026	24	Picture	pos_feedback	654967	5166	1	14999	3	5000	next	other	0
s026	25	Picture	consistent	682799	5166	1	6500	2	5000	next	hit	37
s026	25	Response	32	689189	11556	1
s026	26	Picture	pos_feedback	694465	5166	1	14999	3	5000	next	other	0
s026	27	Picture	consistent	724797	5166	1	7833	2	5000	next	hit	40
s026	27	Response	32	732445	12814	1
s026	28	Picture	pos_feedback	737796	5166	2	15000	3	5000	next	other	0
s026	29	Picture	consistent	763128	5166	2	8667	3	5000	next	hit	43
s026	29	Response	32	771626	13664	1
s026	30	Picture	pos_feedback	776961	5166	1	14999	2	5000	next	other	0
s026	31	Picture	consistent	804793	5166	1	15333	2	5000	next	hit	46
s026	31	Response	16	820049	20422	1
s026	32	Picture	pos_feedback	825292	5166	1	14999	2	5000	next	other	0
s026	33	Picture	consistent	855624	5167	1	7666	2	5000	next	hit	49
s026	33	Response	32	863221	12764	1
s026	34	Picture	pos_feedback	868456	5166	2	15000	3	5000	next	other	0
s026	35	Picture	consistent	893789	5167	1	5499	2	5000	next	hit	52
s026	35	Response	16	899196	10574	1
s026	36	Picture	pos_feedback	904455	5167	1	14999	2	5000	next	other	0
s026	37	Picture	consistent	932287	5167	1	11332	3	5000	next	hit	55
s026	37	Response	32	943510	16390	1
s026	38	Picture	pos_feedback	948786	5167	1	14999	2	5000	next	other	0
s026	39	Picture	consistent	979118	5167	1	6833	2	5000	next	hit	58
s026	39	Response	16	985869	11918	1
s026	40	Picture	pos_feedback	991117	5166	1	14999	2	5000	next	other	0
s026	41	Picture	consistent	1016449	5166	1	9166	2	5000	next	hit	61
s026	41	Response	16	1025522	14239	1
s026	42	Picture	pos_feedback	1030782	5167	1	14999	2	5000	next	other	0
s026	43	Picture	consistent	1058614	5167	1	8666	2	5000	next	hit	64
s026	43	Response	16	1067152	13705	1
s026	44	Picture	pos_feedback	1072446	5166	1	15000	2	5000	next	other	0
s026	45	Picture	consistent	1102778	5166	1	7666	3	5000	next	hit	67
s026	45	Response	32	1110367	12755	1
s026	46	Picture	pos_feedback	1115611	5167	1	14999	2	5000	next	other	0
s026	47	Picture	consistent	1140943	5167	1	7166	2	5000	next	hit	70
s026	47	Response	16	1147959	12183	1
s026	48	Picture	pos_feedback	1153276	5167	1	14999	2	5000	next	other	0
s026	49	Picture	consistent	1181108	5167	1	10166	2	5000	next	hit	73
s026	49	Response	16	1191165	15224	1
s026	50	Picture	pos_feedback	1196440	5166	1	14999	2	5000	next	other	0
s026	51	Picture	consistent	1226772	5166	1	11333	2	5000	next	hit	76
s026	51	Response	16	1237941	16335	1
s026	52	Picture	pos_feedback	1243271	5166	1	14999	2	5000	next	other	0
s026	53	Picture	consistent	1268603	5166	1	7666	3	5000	next	hit	79
s026	53	Response	32	1276156	12719	1
s026	54	Picture	pos_feedback	1281436	5167	1	14999	2	5000	next	other	0
s026	55	Picture	consistent	1309268	5167	1	14332	3	5000	next	hit	82
s026	55	Response	32	1323475	19374	1
s026	56	Picture	pos_feedback	1328767	5167	1	14999	2	5000	next	other	0
s026	57	Picture	consistent	1359099	5167	1	7499	2	5000	next	hit	85
s026	57	Response	32	1366493	12561	2
s026	58	Picture	pos_feedback	1371765	5167	1	14999	2	5000	next	other	0
s026	59	Picture	consistent	1397097	5167	1	9499	2	5000	next	hit	88
s026	59	Response	32	1406559	14629	1
s026	60	Picture	pos_feedback	1411763	5167	1	14999	2	5000	next	other	0
s026	61	Picture	consistent	1439595	5167	1	9332	3	5000	next	hit	91
s026	61	Response	32	1448803	14375	1
s026	62	Picture	pos_feedback	1454094	5167	1	14999	2	5000	next	other	0
s026	63	Quit		6185108	4705849
