Scenario - FeedLearn_MRI_5x8_fullRand.sce
Logfile written - 06/11/2019 09:56:18

Subject	Trial	Event Type	Code	Time	TTime	Uncertainty	Duration	Uncertainty	ReqTime	ReqDur	Stim Type	Pair Index

2ngrade_kloten_2x4-17	0	Pulse	199	0	0	NA
2ngrade_kloten_2x4-17	0	Pulse	199	10000	10000	NA
2ngrade_kloten_2x4-17	1	Picture	intro	10400	0	1	10601	1	0	next	other	0
2ngrade_kloten_2x4-17	1	Pulse	199	20000	9600	NA
2ngrade_kloten_2x4-17	1	Response	16	20746	10346	0
2ngrade_kloten_2x4-17	2	Picture	start	21001	0	1	50203	1	0	next	other	0
2ngrade_kloten_2x4-17	2	Pulse	199	30000	8999	NA
2ngrade_kloten_2x4-17	2	Pulse	199	40000	18999	NA
2ngrade_kloten_2x4-17	2	Pulse	199	50000	28999	NA
2ngrade_kloten_2x4-17	2	Pulse	199	60000	38999	NA
2ngrade_kloten_2x4-17	2	Pulse	199	70000	48999	NA
2ngrade_kloten_2x4-17	3	Pulse	199	80000	8986	NA
2ngrade_kloten_2x4-17	3	Pulse	199	90000	18986	NA
2ngrade_kloten_2x4-17	3	Pulse	199	100000	28986	NA
2ngrade_kloten_2x4-17	3	Pulse	199	110000	38986	NA
2ngrade_kloten_2x4-17	3	Pulse	199	120000	48986	NA
2ngrade_kloten_2x4-17	4	Picture	fix	121607	0	1	28802	1	0	next	other	0
2ngrade_kloten_2x4-17	4	Pulse	199	130000	8393	NA
2ngrade_kloten_2x4-17	4	Pulse	199	140000	18393	NA
2ngrade_kloten_2x4-17	5	Pulse	199	150000	250	NA
2ngrade_kloten_2x4-17	6	Picture	stim	150409	0	1	20201	1	0	20000	hit	23
2ngrade_kloten_2x4-17	6	Pulse	199	160000	9591	NA
2ngrade_kloten_2x4-17	6	Response	16	161255	10846	0
2ngrade_kloten_2x4-17	6	Pulse	199	170000	19591	NA
2ngrade_kloten_2x4-17	7	Picture	fix2	170811	0	1	25602	1	0	next	other	0
2ngrade_kloten_2x4-17	7	Pulse	199	180000	9189	NA
2ngrade_kloten_2x4-17	7	Pulse	199	190000	19189	NA
2ngrade_kloten_2x4-17	8	Picture	feedback	196412	0	1	20201	1	0	next	other	0
2ngrade_kloten_2x4-17	8	Pulse	199	200000	3588	NA
2ngrade_kloten_2x4-17	8	Pulse	199	210000	13588	NA
2ngrade_kloten_2x4-17	9	Picture	fix	216614	0	1	24402	1	0	next	other	0
2ngrade_kloten_2x4-17	9	Pulse	199	220000	3386	NA
2ngrade_kloten_2x4-17	9	Pulse	199	230000	13386	NA
2ngrade_kloten_2x4-17	9	Pulse	199	240000	23386	NA
2ngrade_kloten_2x4-17	11	Picture	stim	241015	0	1	20201	1	0	20000	incorrect	36
2ngrade_kloten_2x4-17	11	Response	32	247586	6571	0
2ngrade_kloten_2x4-17	11	Pulse	199	250000	8985	NA
2ngrade_kloten_2x4-17	11	Pulse	199	260000	18985	NA
2ngrade_kloten_2x4-17	12	Picture	fix2	261217	0	1	19201	1	0	next	other	0
2ngrade_kloten_2x4-17	12	Pulse	199	270000	8783	NA
2ngrade_kloten_2x4-17	12	Pulse	199	280000	18783	NA
2ngrade_kloten_2x4-17	13	Picture	feedback	280418	0	1	20201	1	0	next	other	0
2ngrade_kloten_2x4-17	13	Pulse	199	290000	9582	NA
2ngrade_kloten_2x4-17	13	Pulse	199	300000	19582	NA
2ngrade_kloten_2x4-17	14	Picture	fix	300619	0	1	19801	1	0	next	other	0
2ngrade_kloten_2x4-17	14	Pulse	199	310000	9381	NA
2ngrade_kloten_2x4-17	14	Pulse	199	320000	19381	NA
2ngrade_kloten_2x4-17	16	Picture	stim	320421	0	1	20201	1	0	20000	hit	50
2ngrade_kloten_2x4-17	16	Pulse	199	330000	9580	NA
2ngrade_kloten_2x4-17	16	Response	16	330187	9767	0
2ngrade_kloten_2x4-17	16	Pulse	199	340000	19580	NA
2ngrade_kloten_2x4-17	17	Picture	fix2	340622	0	1	16001	1	0	next	other	0
2ngrade_kloten_2x4-17	17	Pulse	199	350000	9378	NA
2ngrade_kloten_2x4-17	18	Picture	feedback	356623	0	1	20201	1	0	next	other	0
2ngrade_kloten_2x4-17	18	Pulse	199	360000	3377	NA
2ngrade_kloten_2x4-17	18	Pulse	199	370000	13377	NA
2ngrade_kloten_2x4-17	19	Picture	fix	376824	0	1	26802	1	0	next	other	0
2ngrade_kloten_2x4-17	19	Pulse	199	380000	3176	NA
2ngrade_kloten_2x4-17	19	Pulse	199	390000	13176	NA
2ngrade_kloten_2x4-17	19	Pulse	199	400000	23176	NA
2ngrade_kloten_2x4-17	21	Picture	stim	403626	0	1	20201	1	0	20000	incorrect	63
2ngrade_kloten_2x4-17	21	Pulse	199	410000	6374	NA
2ngrade_kloten_2x4-17	21	Response	32	410761	7135	0
2ngrade_kloten_2x4-17	21	Pulse	199	420000	16374	NA
2ngrade_kloten_2x4-17	22	Picture	fix2	423827	0	1	27002	1	0	next	other	0
2ngrade_kloten_2x4-17	22	Pulse	199	430000	6173	NA
2ngrade_kloten_2x4-17	22	Pulse	199	440000	16173	NA
2ngrade_kloten_2x4-17	22	Pulse	199	450000	26173	NA
2ngrade_kloten_2x4-17	23	Picture	feedback	450829	0	1	20201	1	0	next	other	0
2ngrade_kloten_2x4-17	23	Pulse	199	460000	9171	NA
2ngrade_kloten_2x4-17	23	Pulse	199	470000	19171	NA
2ngrade_kloten_2x4-17	24	Picture	fix	471030	0	1	21401	1	0	next	other	0
2ngrade_kloten_2x4-17	24	Pulse	199	480000	8970	NA
2ngrade_kloten_2x4-17	24	Pulse	199	490000	18970	NA
2ngrade_kloten_2x4-17	26	Picture	stim	492432	0	1	20201	1	0	20000	hit	77
2ngrade_kloten_2x4-17	26	Pulse	199	500000	7568	NA
2ngrade_kloten_2x4-17	26	Response	16	502454	10022	0
2ngrade_kloten_2x4-17	26	Pulse	199	510000	17568	NA
2ngrade_kloten_2x4-17	27	Picture	fix2	512633	0	1	12201	1	0	next	other	0
2ngrade_kloten_2x4-17	27	Pulse	199	520000	7367	NA
2ngrade_kloten_2x4-17	28	Picture	feedback	524834	0	1	20201	1	0	next	other	0
2ngrade_kloten_2x4-17	28	Pulse	199	530000	5166	NA
2ngrade_kloten_2x4-17	28	Pulse	199	540000	15166	NA
2ngrade_kloten_2x4-17	29	Picture	fix	545035	0	1	30802	1	0	next	other	0
2ngrade_kloten_2x4-17	29	Pulse	199	550000	4965	NA
2ngrade_kloten_2x4-17	29	Pulse	199	560000	14965	NA
2ngrade_kloten_2x4-17	29	Pulse	199	570000	24965	NA
2ngrade_kloten_2x4-17	31	Picture	stim	575837	0	1	20201	1	0	20000	incorrect	90
2ngrade_kloten_2x4-17	31	Pulse	199	580000	4163	NA
2ngrade_kloten_2x4-17	31	Response	32	586643	10806	0
2ngrade_kloten_2x4-17	31	Pulse	199	590000	14163	NA
2ngrade_kloten_2x4-17	32	Picture	fix2	596039	0	1	23602	1	0	next	other	0
2ngrade_kloten_2x4-17	32	Pulse	199	600000	3961	NA
2ngrade_kloten_2x4-17	32	Pulse	199	610000	13961	NA
2ngrade_kloten_2x4-17	33	Picture	feedback	619640	0	1	20201	1	0	next	other	0
2ngrade_kloten_2x4-17	33	Pulse	199	620000	360	NA
2ngrade_kloten_2x4-17	33	Pulse	199	630000	10360	NA
2ngrade_kloten_2x4-17	34	Picture	fix	639842	0	1	25002	1	0	next	other	0
2ngrade_kloten_2x4-17	34	Pulse	199	640000	158	NA
2ngrade_kloten_2x4-17	34	Pulse	199	650000	10158	NA
2ngrade_kloten_2x4-17	34	Pulse	199	660000	20158	NA
2ngrade_kloten_2x4-17	36	Picture	stim	664843	0	1	20201	1	0	20000	hit	104
2ngrade_kloten_2x4-17	36	Pulse	199	670000	5157	NA
2ngrade_kloten_2x4-17	36	Response	16	672857	8014	0
2ngrade_kloten_2x4-17	36	Pulse	199	680000	15157	NA
2ngrade_kloten_2x4-17	37	Picture	fix2	685245	0	1	34802	1	0	next	other	0
2ngrade_kloten_2x4-17	37	Pulse	199	690000	4755	NA
2ngrade_kloten_2x4-17	37	Pulse	199	700000	14755	NA
2ngrade_kloten_2x4-17	37	Pulse	199	710000	24755	NA
2ngrade_kloten_2x4-17	37	Pulse	199	720000	34755	NA
2ngrade_kloten_2x4-17	38	Picture	feedback	720047	0	1	20201	1	0	next	other	0
2ngrade_kloten_2x4-17	38	Pulse	199	730000	9953	NA
2ngrade_kloten_2x4-17	38	Pulse	199	740000	19953	NA
2ngrade_kloten_2x4-17	39	Picture	fix	740248	0	1	27002	1	0	next	other	0
2ngrade_kloten_2x4-17	39	Pulse	199	750000	9752	NA
2ngrade_kloten_2x4-17	39	Pulse	199	760000	19752	NA
2ngrade_kloten_2x4-17	41	Picture	stim	767250	0	1	20201	1	0	20000	hit	119
2ngrade_kloten_2x4-17	41	Pulse	199	770000	2750	NA
2ngrade_kloten_2x4-17	41	Response	16	777204	9954	0
2ngrade_kloten_2x4-17	41	Pulse	199	780000	12750	NA
2ngrade_kloten_2x4-17	42	Picture	fix2	787451	0	1	9401	1	0	next	other	0
2ngrade_kloten_2x4-17	42	Pulse	199	790000	2549	NA
2ngrade_kloten_2x4-17	43	Picture	feedback	796852	0	1	20201	1	0	next	other	0
2ngrade_kloten_2x4-17	43	Pulse	199	800000	3148	NA
2ngrade_kloten_2x4-17	43	Pulse	199	810000	13148	NA
2ngrade_kloten_2x4-17	44	Picture	fix	817053	0	1	25402	1	0	next	other	0
2ngrade_kloten_2x4-17	44	Pulse	199	820000	2947	NA
2ngrade_kloten_2x4-17	44	Pulse	199	830000	12947	NA
2ngrade_kloten_2x4-17	44	Pulse	199	840000	22947	NA
2ngrade_kloten_2x4-17	46	Picture	stim	842455	0	1	20201	1	0	20000	incorrect	132
2ngrade_kloten_2x4-17	46	Pulse	199	850000	7545	NA
2ngrade_kloten_2x4-17	46	Response	32	855086	12631	0
2ngrade_kloten_2x4-17	46	Pulse	199	860000	17545	NA
2ngrade_kloten_2x4-17	47	Picture	fix2	862656	0	1	27402	1	0	next	other	0
2ngrade_kloten_2x4-17	47	Pulse	199	870000	7344	NA
2ngrade_kloten_2x4-17	47	Pulse	199	880000	17344	NA
2ngrade_kloten_2x4-17	47	Pulse	199	890000	27344	NA
2ngrade_kloten_2x4-17	48	Picture	feedback	890058	0	1	20201	1	0	next	other	0
2ngrade_kloten_2x4-17	48	Pulse	199	900000	9942	NA
2ngrade_kloten_2x4-17	48	Pulse	199	910000	19942	NA
2ngrade_kloten_2x4-17	49	Picture	fix	910260	0	1	32802	1	0	next	other	0
2ngrade_kloten_2x4-17	49	Pulse	199	920000	9740	NA
2ngrade_kloten_2x4-17	49	Pulse	199	930000	19740	NA
2ngrade_kloten_2x4-17	49	Pulse	199	940000	29740	NA
2ngrade_kloten_2x4-17	51	Picture	stim	943062	0	1	20201	1	0	20000	incorrect	147
2ngrade_kloten_2x4-17	51	Pulse	199	950000	6938	NA
2ngrade_kloten_2x4-17	51	Response	32	954833	11771	0
2ngrade_kloten_2x4-17	51	Pulse	199	960000	16938	NA
2ngrade_kloten_2x4-17	52	Picture	fix2	963263	0	1	22601	1	0	next	other	0
2ngrade_kloten_2x4-17	52	Pulse	199	970000	6737	NA
2ngrade_kloten_2x4-17	52	Pulse	199	980000	16737	NA
2ngrade_kloten_2x4-17	53	Picture	feedback	985865	0	1	20201	1	0	next	other	0
2ngrade_kloten_2x4-17	53	Pulse	199	990000	4135	NA
2ngrade_kloten_2x4-17	53	Pulse	199	1000000	14135	NA
2ngrade_kloten_2x4-17	54	Picture	fix	1006066	0	1	21401	1	0	next	other	0
2ngrade_kloten_2x4-17	54	Pulse	199	1010000	3934	NA
2ngrade_kloten_2x4-17	54	Pulse	199	1020000	13934	NA
2ngrade_kloten_2x4-17	56	Picture	stim	1027467	0	1	20201	1	0	20000	hit	160
2ngrade_kloten_2x4-17	56	Pulse	199	1030000	2533	NA
2ngrade_kloten_2x4-17	56	Response	16	1031323	3856	0
2ngrade_kloten_2x4-17	56	Pulse	199	1040000	12533	NA
2ngrade_kloten_2x4-17	57	Picture	fix2	1047869	0	1	10401	1	0	next	other	0
2ngrade_kloten_2x4-17	57	Pulse	199	1050000	2131	NA
2ngrade_kloten_2x4-17	58	Picture	feedback	1058269	0	1	20201	1	0	next	other	0
2ngrade_kloten_2x4-17	58	Pulse	199	1060000	1731	NA
2ngrade_kloten_2x4-17	58	Pulse	199	1070000	11731	NA
2ngrade_kloten_2x4-17	59	Picture	fix	1078471	0	1	19001	1	0	next	other	0
2ngrade_kloten_2x4-17	59	Pulse	199	1080000	1529	NA
2ngrade_kloten_2x4-17	59	Pulse	199	1090000	11529	NA
2ngrade_kloten_2x4-17	61	Picture	stim	1097472	0	1	20201	1	0	20000	incorrect	172
2ngrade_kloten_2x4-17	61	Pulse	199	1100000	2528	NA
2ngrade_kloten_2x4-17	61	Response	32	1102814	5342	0
2ngrade_kloten_2x4-17	61	Pulse	199	1110000	12528	NA
2ngrade_kloten_2x4-17	62	Picture	fix2	1117673	0	1	28802	1	0	next	other	0
2ngrade_kloten_2x4-17	62	Pulse	199	1120000	2327	NA
2ngrade_kloten_2x4-17	62	Pulse	199	1130000	12327	NA
2ngrade_kloten_2x4-17	62	Pulse	199	1140000	22327	NA
2ngrade_kloten_2x4-17	63	Picture	feedback	1146475	0	1	20201	1	0	next	other	0
2ngrade_kloten_2x4-17	63	Pulse	199	1150000	3525	NA
2ngrade_kloten_2x4-17	63	Pulse	199	1160000	13525	NA
2ngrade_kloten_2x4-17	64	Picture	fix	1166677	0	1	24002	1	0	next	other	0
2ngrade_kloten_2x4-17	64	Pulse	199	1170000	3323	NA
2ngrade_kloten_2x4-17	64	Pulse	199	1180000	13323	NA
2ngrade_kloten_2x4-17	64	Pulse	199	1190000	23323	NA
2ngrade_kloten_2x4-17	66	Picture	stim	1190678	0	1	20201	1	0	20000	incorrect	187
2ngrade_kloten_2x4-17	66	Pulse	199	1200000	9322	NA
2ngrade_kloten_2x4-17	66	Response	32	1202478	11800	0
2ngrade_kloten_2x4-17	66	Pulse	199	1210000	19322	NA
2ngrade_kloten_2x4-17	67	Picture	fix2	1210879	0	1	10001	1	0	next	other	0
2ngrade_kloten_2x4-17	67	Pulse	199	1220000	9121	NA
2ngrade_kloten_2x4-17	68	Picture	feedback	1220880	0	1	20201	1	0	next	other	0
2ngrade_kloten_2x4-17	68	Pulse	199	1230000	9120	NA
2ngrade_kloten_2x4-17	68	Pulse	199	1240000	19120	NA
2ngrade_kloten_2x4-17	69	Picture	fix	1241081	0	1	20801	1	0	next	other	0
2ngrade_kloten_2x4-17	69	Pulse	199	1250000	8919	NA
2ngrade_kloten_2x4-17	69	Pulse	199	1260000	18919	NA
2ngrade_kloten_2x4-17	71	Picture	stim	1261883	0	1	20201	1	0	20000	hit	199
2ngrade_kloten_2x4-17	71	Pulse	199	1270000	8117	NA
2ngrade_kloten_2x4-17	71	Response	16	1271764	9882	0
2ngrade_kloten_2x4-17	71	Pulse	199	1280000	18117	NA
2ngrade_kloten_2x4-17	72	Picture	fix2	1282084	0	1	27002	1	0	next	other	0
2ngrade_kloten_2x4-17	72	Pulse	199	1290000	7916	NA
2ngrade_kloten_2x4-17	72	Pulse	199	1300000	17916	NA
2ngrade_kloten_2x4-17	73	Picture	feedback	1309086	0	1	20201	1	0	next	other	0
2ngrade_kloten_2x4-17	73	Pulse	199	1310000	914	NA
2ngrade_kloten_2x4-17	73	Pulse	199	1320000	10914	NA
2ngrade_kloten_2x4-17	74	Picture	fix	1329287	0	1	24602	1	0	next	other	0
2ngrade_kloten_2x4-17	74	Pulse	199	1330000	713	NA
2ngrade_kloten_2x4-17	74	Pulse	199	1340000	10713	NA
2ngrade_kloten_2x4-17	74	Pulse	199	1350000	20713	NA
2ngrade_kloten_2x4-17	76	Picture	stim	1353889	0	1	20201	1	0	20000	hit	213
2ngrade_kloten_2x4-17	76	Pulse	199	1360000	6111	NA
2ngrade_kloten_2x4-17	76	Response	16	1364945	11056	0
2ngrade_kloten_2x4-17	76	Pulse	199	1370000	16111	NA
2ngrade_kloten_2x4-17	77	Picture	fix2	1374090	0	1	14801	1	0	next	other	0
2ngrade_kloten_2x4-17	77	Pulse	199	1380000	5910	NA
2ngrade_kloten_2x4-17	78	Picture	feedback	1388891	0	1	20201	1	0	next	other	0
2ngrade_kloten_2x4-17	78	Pulse	199	1390000	1109	NA
2ngrade_kloten_2x4-17	78	Pulse	199	1400000	11109	NA
2ngrade_kloten_2x4-17	79	Picture	fix	1409093	0	1	19601	1	0	next	other	0
2ngrade_kloten_2x4-17	79	Pulse	199	1410000	907	NA
2ngrade_kloten_2x4-17	79	Pulse	199	1420000	10907	NA
2ngrade_kloten_2x4-17	81	Picture	stim	1428694	0	1	20201	1	0	20000	incorrect	225
2ngrade_kloten_2x4-17	81	Pulse	199	1430000	1306	NA
2ngrade_kloten_2x4-17	81	Response	32	1437785	9091	0
2ngrade_kloten_2x4-17	81	Pulse	199	1440000	11306	NA
2ngrade_kloten_2x4-17	82	Picture	fix2	1448895	0	1	14801	1	0	next	other	0
2ngrade_kloten_2x4-17	82	Pulse	199	1450000	1105	NA
2ngrade_kloten_2x4-17	82	Pulse	199	1460000	11105	NA
2ngrade_kloten_2x4-17	83	Picture	feedback	1463696	0	1	20201	1	0	next	other	0
2ngrade_kloten_2x4-17	83	Pulse	199	1470000	6304	NA
2ngrade_kloten_2x4-17	83	Pulse	199	1480000	16304	NA
2ngrade_kloten_2x4-17	84	Picture	fix	1483898	0	1	16601	1	0	next	other	0
2ngrade_kloten_2x4-17	84	Pulse	199	1490000	6102	NA
2ngrade_kloten_2x4-17	84	Pulse	199	1500000	16102	NA
2ngrade_kloten_2x4-17	86	Picture	stim	1500499	0	1	20201	1	0	20000	hit	237
2ngrade_kloten_2x4-17	86	Response	16	1507524	7026	0
2ngrade_kloten_2x4-17	86	Pulse	199	1510000	9501	NA
2ngrade_kloten_2x4-17	86	Pulse	199	1520000	19501	NA
2ngrade_kloten_2x4-17	87	Picture	fix2	1520700	0	1	20401	1	0	next	other	0
2ngrade_kloten_2x4-17	87	Pulse	199	1530000	9300	NA
2ngrade_kloten_2x4-17	87	Pulse	199	1540000	19300	NA
2ngrade_kloten_2x4-17	88	Picture	feedback	1541101	0	1	20201	1	0	next	other	0
2ngrade_kloten_2x4-17	88	Pulse	199	1550000	8899	NA
2ngrade_kloten_2x4-17	88	Pulse	199	1560000	18899	NA
2ngrade_kloten_2x4-17	89	Picture	fix	1561303	0	1	26802	1	0	next	other	0
2ngrade_kloten_2x4-17	89	Pulse	199	1570000	8697	NA
2ngrade_kloten_2x4-17	89	Pulse	199	1580000	18697	NA
2ngrade_kloten_2x4-17	91	Picture	stim	1588104	0	1	20201	1	0	20000	hit	252
2ngrade_kloten_2x4-17	91	Pulse	199	1590000	1896	NA
2ngrade_kloten_2x4-17	91	Pulse	199	1600000	11896	NA
2ngrade_kloten_2x4-17	91	Response	16	1602866	14761	0
2ngrade_kloten_2x4-17	92	Picture	fix2	1608306	0	1	23802	1	0	next	other	0
2ngrade_kloten_2x4-17	92	Pulse	199	1610000	1694	NA
2ngrade_kloten_2x4-17	92	Pulse	199	1620000	11694	NA
2ngrade_kloten_2x4-17	92	Pulse	199	1630000	21694	NA
2ngrade_kloten_2x4-17	93	Picture	feedback	1632107	0	1	20201	1	0	next	other	0
2ngrade_kloten_2x4-17	93	Pulse	199	1640000	7893	NA
2ngrade_kloten_2x4-17	93	Pulse	199	1650000	17893	NA
2ngrade_kloten_2x4-17	94	Picture	fix	1652309	0	1	24002	1	0	next	other	0
2ngrade_kloten_2x4-17	94	Pulse	199	1660000	7691	NA
2ngrade_kloten_2x4-17	94	Pulse	199	1670000	17691	NA
2ngrade_kloten_2x4-17	96	Picture	stim	1676310	0	1	20201	1	0	20000	incorrect	265
2ngrade_kloten_2x4-17	96	Pulse	199	1680000	3690	NA
2ngrade_kloten_2x4-17	96	Response	32	1685170	8860	1
2ngrade_kloten_2x4-17	96	Pulse	199	1690000	13690	NA
2ngrade_kloten_2x4-17	97	Picture	fix2	1696512	0	1	18801	1	0	next	other	0
2ngrade_kloten_2x4-17	97	Pulse	199	1700000	3488	NA
2ngrade_kloten_2x4-17	97	Pulse	199	1710000	13488	NA
2ngrade_kloten_2x4-17	98	Picture	feedback	1715313	0	1	20201	1	0	next	other	0
2ngrade_kloten_2x4-17	98	Pulse	199	1720000	4687	NA
2ngrade_kloten_2x4-17	98	Pulse	199	1730000	14687	NA
2ngrade_kloten_2x4-17	99	Picture	fix	1735514	0	1	21401	1	0	next	other	0
2ngrade_kloten_2x4-17	99	Pulse	199	1740000	4486	NA
2ngrade_kloten_2x4-17	99	Pulse	199	1750000	14486	NA
2ngrade_kloten_2x4-17	101	Picture	stim	1756916	0	1	20201	1	0	20000	incorrect	278
2ngrade_kloten_2x4-17	101	Pulse	199	1760000	3084	NA
2ngrade_kloten_2x4-17	101	Response	32	1764200	7284	0
2ngrade_kloten_2x4-17	101	Pulse	199	1770000	13084	NA
2ngrade_kloten_2x4-17	102	Picture	fix2	1777117	0	1	18401	1	0	next	other	0
2ngrade_kloten_2x4-17	102	Pulse	199	1780000	2883	NA
2ngrade_kloten_2x4-17	102	Pulse	199	1790000	12883	NA
2ngrade_kloten_2x4-17	103	Picture	feedback	1795518	0	1	20201	1	0	next	other	0
2ngrade_kloten_2x4-17	103	Pulse	199	1800000	4482	NA
2ngrade_kloten_2x4-17	103	Pulse	199	1810000	14482	NA
2ngrade_kloten_2x4-17	104	Picture	fix	1815720	0	1	28002	1	0	next	other	0
2ngrade_kloten_2x4-17	104	Pulse	199	1820000	4281	NA
2ngrade_kloten_2x4-17	104	Pulse	199	1830000	14281	NA
2ngrade_kloten_2x4-17	104	Pulse	199	1840000	24281	NA
2ngrade_kloten_2x4-17	106	Picture	stim	1843721	0	1	20201	1	0	20000	hit	292
2ngrade_kloten_2x4-17	106	Pulse	199	1850000	6279	NA
2ngrade_kloten_2x4-17	106	Response	16	1856269	12547	0
2ngrade_kloten_2x4-17	106	Pulse	199	1860000	16279	NA
2ngrade_kloten_2x4-17	107	Picture	fix2	1864123	0	1	21601	1	0	next	other	0
2ngrade_kloten_2x4-17	107	Pulse	199	1870000	5877	NA
2ngrade_kloten_2x4-17	107	Pulse	199	1880000	15877	NA
2ngrade_kloten_2x4-17	108	Picture	feedback	1885724	0	1	20201	1	0	next	other	0
2ngrade_kloten_2x4-17	108	Pulse	199	1890000	4276	NA
2ngrade_kloten_2x4-17	108	Pulse	199	1900000	14276	NA
2ngrade_kloten_2x4-17	109	Picture	fix	1905925	0	1	25202	1	0	next	other	0
2ngrade_kloten_2x4-17	109	Pulse	199	1910000	4075	NA
2ngrade_kloten_2x4-17	109	Pulse	199	1920000	14075	NA
2ngrade_kloten_2x4-17	109	Pulse	199	1930000	24075	NA
2ngrade_kloten_2x4-17	111	Picture	stim	1931127	0	1	20201	1	0	20000	incorrect	306
2ngrade_kloten_2x4-17	111	Pulse	199	1940000	8873	NA
2ngrade_kloten_2x4-17	111	Response	32	1941896	10769	0
2ngrade_kloten_2x4-17	111	Pulse	199	1950000	18873	NA
2ngrade_kloten_2x4-17	112	Picture	fix2	1951528	0	1	16001	1	0	next	other	0
2ngrade_kloten_2x4-17	112	Pulse	199	1960000	8472	NA
2ngrade_kloten_2x4-17	113	Picture	feedback	1967530	0	1	20201	1	0	next	other	0
2ngrade_kloten_2x4-17	113	Pulse	199	1970000	2470	NA
2ngrade_kloten_2x4-17	113	Pulse	199	1980000	12470	NA
2ngrade_kloten_2x4-17	114	Picture	fix	1987731	0	1	20801	1	0	next	other	0
2ngrade_kloten_2x4-17	114	Pulse	199	1990000	2269	NA
2ngrade_kloten_2x4-17	114	Pulse	199	2000000	12269	NA
2ngrade_kloten_2x4-17	116	Picture	stim	2008532	0	1	20201	1	0	20000	incorrect	318
2ngrade_kloten_2x4-17	116	Pulse	199	2010000	1468	NA
2ngrade_kloten_2x4-17	116	Response	32	2019589	11057	0
2ngrade_kloten_2x4-17	116	Pulse	199	2020000	11468	NA
2ngrade_kloten_2x4-17	117	Picture	fix2	2028734	0	1	17801	1	0	next	other	0
2ngrade_kloten_2x4-17	117	Pulse	199	2030000	1266	NA
2ngrade_kloten_2x4-17	117	Pulse	199	2040000	11266	NA
2ngrade_kloten_2x4-17	118	Picture	feedback	2046535	0	1	20201	1	0	next	other	0
2ngrade_kloten_2x4-17	118	Pulse	199	2050000	3465	NA
2ngrade_kloten_2x4-17	118	Pulse	199	2060000	13465	NA
2ngrade_kloten_2x4-17	119	Picture	fix	2066736	0	1	26802	1	0	next	other	0
2ngrade_kloten_2x4-17	119	Pulse	199	2070000	3264	NA
2ngrade_kloten_2x4-17	119	Pulse	199	2080000	13264	NA
2ngrade_kloten_2x4-17	119	Pulse	199	2090000	23264	NA
2ngrade_kloten_2x4-17	121	Picture	stim	2093538	0	1	20201	1	0	20000	incorrect	332
2ngrade_kloten_2x4-17	121	Pulse	199	2100000	6462	NA
2ngrade_kloten_2x4-17	121	Response	32	2102161	8624	0
2ngrade_kloten_2x4-17	121	Pulse	199	2110000	16462	NA
2ngrade_kloten_2x4-17	122	Picture	fix2	2113739	0	1	22601	1	0	next	other	0
2ngrade_kloten_2x4-17	122	Pulse	199	2120000	6261	NA
2ngrade_kloten_2x4-17	122	Pulse	199	2130000	16261	NA
2ngrade_kloten_2x4-17	123	Picture	feedback	2136341	0	1	20201	1	0	next	other	0
2ngrade_kloten_2x4-17	123	Pulse	199	2140000	3659	NA
2ngrade_kloten_2x4-17	123	Pulse	199	2150000	13659	NA
2ngrade_kloten_2x4-17	124	Picture	fix	2156542	0	1	25602	1	0	next	other	0
2ngrade_kloten_2x4-17	124	Pulse	199	2160000	3458	NA
2ngrade_kloten_2x4-17	124	Pulse	199	2170000	13458	NA
2ngrade_kloten_2x4-17	124	Pulse	199	2180000	23458	NA
2ngrade_kloten_2x4-17	126	Picture	stim	2182144	0	1	20201	1	0	20000	incorrect	346
2ngrade_kloten_2x4-17	126	Pulse	199	2190000	7856	NA
2ngrade_kloten_2x4-17	126	Response	32	2195092	12948	0
2ngrade_kloten_2x4-17	126	Pulse	199	2200000	17856	NA
2ngrade_kloten_2x4-17	127	Picture	fix2	2202345	0	1	17201	1	0	next	other	0
2ngrade_kloten_2x4-17	127	Pulse	199	2210000	7655	NA
2ngrade_kloten_2x4-17	128	Picture	feedback	2219546	0	1	20201	1	0	next	other	0
2ngrade_kloten_2x4-17	128	Pulse	199	2220000	454	NA
2ngrade_kloten_2x4-17	128	Pulse	199	2230000	10454	NA
2ngrade_kloten_2x4-17	129	Picture	fix	2239748	0	1	30602	1	0	next	other	0
2ngrade_kloten_2x4-17	129	Pulse	199	2240000	252	NA
2ngrade_kloten_2x4-17	129	Pulse	199	2250000	10252	NA
2ngrade_kloten_2x4-17	129	Pulse	199	2260000	20252	NA
2ngrade_kloten_2x4-17	129	Pulse	199	2270000	30252	NA
2ngrade_kloten_2x4-17	131	Picture	stim	2270350	0	1	20201	1	0	20000	hit	360
2ngrade_kloten_2x4-17	131	Pulse	199	2280000	9650	NA
2ngrade_kloten_2x4-17	131	Response	16	2281521	11171	0
2ngrade_kloten_2x4-17	131	Pulse	199	2290000	19650	NA
2ngrade_kloten_2x4-17	132	Picture	fix2	2290551	0	1	14201	1	0	next	other	0
2ngrade_kloten_2x4-17	132	Pulse	199	2300000	9449	NA
2ngrade_kloten_2x4-17	133	Picture	feedback	2304752	0	1	20201	1	0	next	other	0
2ngrade_kloten_2x4-17	133	Pulse	199	2310000	5248	NA
2ngrade_kloten_2x4-17	133	Pulse	199	2320000	15248	NA
2ngrade_kloten_2x4-17	134	Picture	fix	2324953	0	1	30602	1	0	next	other	0
2ngrade_kloten_2x4-17	134	Pulse	199	2330000	5047	NA
2ngrade_kloten_2x4-17	134	Pulse	199	2340000	15047	NA
2ngrade_kloten_2x4-17	134	Pulse	199	2350000	25047	NA
2ngrade_kloten_2x4-17	136	Picture	stim	2355555	0	1	20201	1	0	20000	hit	373
2ngrade_kloten_2x4-17	136	Pulse	199	2360000	4445	NA
2ngrade_kloten_2x4-17	136	Response	16	2364450	8895	0
2ngrade_kloten_2x4-17	136	Pulse	199	2370000	14445	NA
2ngrade_kloten_2x4-17	137	Picture	fix2	2375757	0	1	25002	1	0	next	other	0
2ngrade_kloten_2x4-17	137	Pulse	199	2380000	4243	NA
2ngrade_kloten_2x4-17	137	Pulse	199	2390000	14243	NA
2ngrade_kloten_2x4-17	137	Pulse	199	2400000	24243	NA
2ngrade_kloten_2x4-17	138	Picture	feedback	2400758	0	1	20201	1	0	next	other	0
2ngrade_kloten_2x4-17	138	Pulse	199	2410000	9242	NA
2ngrade_kloten_2x4-17	138	Pulse	199	2420000	19242	NA
2ngrade_kloten_2x4-17	139	Picture	fix	2420960	0	1	25602	1	0	next	other	0
2ngrade_kloten_2x4-17	139	Pulse	199	2430000	9040	NA
2ngrade_kloten_2x4-17	139	Pulse	199	2440000	19040	NA
2ngrade_kloten_2x4-17	141	Picture	stim	2446561	0	1	20201	1	0	20000	hit	387
2ngrade_kloten_2x4-17	141	Pulse	199	2450000	3439	NA
2ngrade_kloten_2x4-17	141	Response	16	2455752	9190	0
2ngrade_kloten_2x4-17	141	Pulse	199	2460000	13439	NA
2ngrade_kloten_2x4-17	142	Picture	fix2	2466763	0	1	18801	1	0	next	other	0
2ngrade_kloten_2x4-17	142	Pulse	199	2470000	3237	NA
2ngrade_kloten_2x4-17	142	Pulse	199	2480000	13237	NA
2ngrade_kloten_2x4-17	143	Picture	feedback	2485564	0	1	20201	1	0	next	other	0
2ngrade_kloten_2x4-17	143	Pulse	199	2490000	4436	NA
2ngrade_kloten_2x4-17	143	Pulse	199	2500000	14436	NA
2ngrade_kloten_2x4-17	144	Picture	fix	2505765	0	1	32802	1	0	next	other	0
2ngrade_kloten_2x4-17	144	Pulse	199	2510000	4235	NA
2ngrade_kloten_2x4-17	144	Pulse	199	2520000	14235	NA
2ngrade_kloten_2x4-17	144	Pulse	199	2530000	24235	NA
2ngrade_kloten_2x4-17	146	Picture	stim	2538567	0	1	20201	1	0	20000	incorrect	401
2ngrade_kloten_2x4-17	146	Pulse	199	2540000	1433	NA
2ngrade_kloten_2x4-17	146	Response	32	2545995	7428	0
2ngrade_kloten_2x4-17	146	Pulse	199	2550000	11433	NA
2ngrade_kloten_2x4-17	147	Picture	fix2	2558769	0	1	21601	1	0	next	other	0
2ngrade_kloten_2x4-17	147	Pulse	199	2560000	1231	NA
2ngrade_kloten_2x4-17	147	Pulse	199	2570000	11231	NA
2ngrade_kloten_2x4-17	147	Pulse	199	2580000	21231	NA
2ngrade_kloten_2x4-17	148	Picture	feedback	2580370	0	1	20201	1	0	next	other	0
2ngrade_kloten_2x4-17	148	Pulse	199	2590000	9630	NA
2ngrade_kloten_2x4-17	148	Pulse	199	2600000	19630	NA
2ngrade_kloten_2x4-17	149	Picture	fix	2600571	0	1	30802	1	0	next	other	0
2ngrade_kloten_2x4-17	149	Pulse	199	2610000	9429	NA
2ngrade_kloten_2x4-17	149	Pulse	199	2620000	19429	NA
2ngrade_kloten_2x4-17	149	Pulse	199	2630000	29429	NA
2ngrade_kloten_2x4-17	151	Picture	stim	2631374	0	1	20201	1	0	20000	incorrect	416
2ngrade_kloten_2x4-17	151	Pulse	199	2640000	8626	NA
2ngrade_kloten_2x4-17	151	Response	32	2643521	12147	0
2ngrade_kloten_2x4-17	151	Pulse	199	2650000	18626	NA
2ngrade_kloten_2x4-17	152	Picture	fix2	2651575	0	1	24202	1	0	next	other	0
2ngrade_kloten_2x4-17	152	Pulse	199	2660000	8425	NA
2ngrade_kloten_2x4-17	152	Pulse	199	2670000	18425	NA
2ngrade_kloten_2x4-17	153	Picture	feedback	2675776	0	1	20201	1	0	next	other	0
2ngrade_kloten_2x4-17	153	Pulse	199	2680000	4224	NA
2ngrade_kloten_2x4-17	153	Pulse	199	2690000	14224	NA
2ngrade_kloten_2x4-17	154	Picture	fix	2695978	0	1	32002	1	0	next	other	0
2ngrade_kloten_2x4-17	154	Pulse	199	2700000	4022	NA
2ngrade_kloten_2x4-17	154	Pulse	199	2710000	14022	NA
2ngrade_kloten_2x4-17	154	Pulse	199	2720000	24022	NA
2ngrade_kloten_2x4-17	156	Picture	stim	2727980	0	1	20201	1	0	20000	incorrect	430
2ngrade_kloten_2x4-17	156	Pulse	199	2730000	2020	NA
2ngrade_kloten_2x4-17	156	Response	32	2738961	10981	0
2ngrade_kloten_2x4-17	156	Pulse	199	2740000	12020	NA
2ngrade_kloten_2x4-17	157	Picture	fix2	2748181	0	1	19201	1	0	next	other	0
2ngrade_kloten_2x4-17	157	Pulse	199	2750000	1819	NA
2ngrade_kloten_2x4-17	157	Pulse	199	2760000	11819	NA
2ngrade_kloten_2x4-17	158	Picture	feedback	2767383	0	1	20201	1	0	next	other	0
2ngrade_kloten_2x4-17	158	Pulse	199	2770000	2618	NA
2ngrade_kloten_2x4-17	158	Pulse	199	2780000	12618	NA
2ngrade_kloten_2x4-17	159	Picture	fix	2787584	0	1	17801	1	0	next	other	0
2ngrade_kloten_2x4-17	159	Pulse	199	2790000	2416	NA
2ngrade_kloten_2x4-17	159	Pulse	199	2800000	12416	NA
2ngrade_kloten_2x4-17	161	Picture	stim	2805385	0	1	20201	1	0	20000	hit	443
2ngrade_kloten_2x4-17	161	Pulse	199	2810000	4615	NA
2ngrade_kloten_2x4-17	161	Response	16	2818529	13144	0
2ngrade_kloten_2x4-17	161	Pulse	199	2820000	14615	NA
2ngrade_kloten_2x4-17	162	Picture	fix2	2825586	0	1	20801	1	0	next	other	0
2ngrade_kloten_2x4-17	162	Pulse	199	2830000	4414	NA
2ngrade_kloten_2x4-17	162	Pulse	199	2840000	14414	NA
2ngrade_kloten_2x4-17	163	Picture	feedback	2846388	0	1	20201	1	0	next	other	0
2ngrade_kloten_2x4-17	163	Pulse	199	2850000	3612	NA
2ngrade_kloten_2x4-17	163	Pulse	199	2860000	13612	NA
2ngrade_kloten_2x4-17	164	Picture	100	2866589	0	1	80205	1	0	80000	other	0
2ngrade_kloten_2x4-17	164	Pulse	199	2870000	3411	NA
2ngrade_kloten_2x4-17	164	Pulse	199	2880000	13411	NA
2ngrade_kloten_2x4-17	164	Pulse	199	2890000	23411	NA
2ngrade_kloten_2x4-17	164	Pulse	199	2900000	33411	NA
2ngrade_kloten_2x4-17	164	Pulse	199	2910000	43411	NA
2ngrade_kloten_2x4-17	164	Pulse	199	2920000	53411	NA
2ngrade_kloten_2x4-17	164	Pulse	199	2930000	63411	NA
2ngrade_kloten_2x4-17	164	Pulse	199	2940000	73411	NA
