Scenario - FeedLearn_MRI_5x8_fullRand.sce
Logfile written - 06/11/2019 09:38:18

Subject	Trial	Event Type	Code	Time	TTime	Uncertainty	Duration	Uncertainty	ReqTime	ReqDur	Stim Type	Pair Index

2ndgrade_kloten_2x4-16	0	Pulse	199	0	0	NA
2ndgrade_kloten_2x4-16	0	Pulse	199	10000	10000	NA
2ndgrade_kloten_2x4-16	1	Picture	intro	10400	0	1	39803	1	0	next	other	0
2ndgrade_kloten_2x4-16	1	Pulse	199	20000	9600	NA
2ndgrade_kloten_2x4-16	1	Pulse	199	30000	19600	NA
2ndgrade_kloten_2x4-16	1	Pulse	199	40000	29600	NA
2ndgrade_kloten_2x4-16	1	Response	16	49993	39593	0
2ndgrade_kloten_2x4-16	1	Pulse	199	50000	39600	NA
2ndgrade_kloten_2x4-16	2	Picture	start	50203	0	1	50203	1	0	next	other	0
2ndgrade_kloten_2x4-16	2	Pulse	199	60000	9797	NA
2ndgrade_kloten_2x4-16	2	Pulse	199	70000	19797	NA
2ndgrade_kloten_2x4-16	2	Pulse	199	80000	29797	NA
2ndgrade_kloten_2x4-16	2	Pulse	199	90000	39797	NA
2ndgrade_kloten_2x4-16	2	Pulse	199	100000	49797	NA
2ndgrade_kloten_2x4-16	3	Pulse	199	110000	9784	NA
2ndgrade_kloten_2x4-16	3	Pulse	199	120000	19784	NA
2ndgrade_kloten_2x4-16	3	Pulse	199	130000	29784	NA
2ndgrade_kloten_2x4-16	3	Pulse	199	140000	39784	NA
2ndgrade_kloten_2x4-16	3	Pulse	199	150000	49784	NA
2ndgrade_kloten_2x4-16	4	Picture	fix	150809	0	1	31002	1	0	next	other	0
2ndgrade_kloten_2x4-16	4	Pulse	199	160000	9191	NA
2ndgrade_kloten_2x4-16	4	Pulse	199	170000	19191	NA
2ndgrade_kloten_2x4-16	4	Pulse	199	180000	29191	NA
2ndgrade_kloten_2x4-16	6	Picture	stim	181811	0	1	20201	1	0	20000	miss	0
2ndgrade_kloten_2x4-16	6	Pulse	199	190000	8189	NA
2ndgrade_kloten_2x4-16	6	Pulse	199	200000	18189	NA
2ndgrade_kloten_2x4-16	7	Picture	fix2	202213	0	1	24402	1	0	next	other	0
2ndgrade_kloten_2x4-16	7	Pulse	199	210000	7787	NA
2ndgrade_kloten_2x4-16	7	Pulse	199	220000	17787	NA
2ndgrade_kloten_2x4-16	8	Picture	feedback	226614	0	1	20201	1	0	next	other	0
2ndgrade_kloten_2x4-16	8	Pulse	199	230000	3386	NA
2ndgrade_kloten_2x4-16	8	Pulse	199	240000	13386	NA
2ndgrade_kloten_2x4-16	9	Picture	fix	246816	0	1	20801	1	0	next	other	0
2ndgrade_kloten_2x4-16	9	Pulse	199	250000	3184	NA
2ndgrade_kloten_2x4-16	9	Pulse	199	260000	13184	NA
2ndgrade_kloten_2x4-16	11	Picture	stim	267617	0	1	20201	1	0	20000	miss	0
2ndgrade_kloten_2x4-16	11	Pulse	199	270000	2383	NA
2ndgrade_kloten_2x4-16	11	Pulse	199	280000	12383	NA
2ndgrade_kloten_2x4-16	12	Picture	fix2	287818	0	1	23602	1	0	next	other	0
2ndgrade_kloten_2x4-16	12	Pulse	199	290000	2182	NA
2ndgrade_kloten_2x4-16	12	Pulse	199	300000	12182	NA
2ndgrade_kloten_2x4-16	12	Pulse	199	310000	22182	NA
2ndgrade_kloten_2x4-16	13	Picture	feedback	311420	0	1	20201	1	0	next	other	0
2ndgrade_kloten_2x4-16	13	Pulse	199	320000	8580	NA
2ndgrade_kloten_2x4-16	13	Pulse	199	330000	18580	NA
2ndgrade_kloten_2x4-16	14	Picture	fix	331621	0	1	20801	1	0	next	other	0
2ndgrade_kloten_2x4-16	14	Pulse	199	340000	8379	NA
2ndgrade_kloten_2x4-16	14	Pulse	199	350000	18379	NA
2ndgrade_kloten_2x4-16	16	Picture	stim	352423	0	1	20201	1	0	20000	miss	0
2ndgrade_kloten_2x4-16	16	Pulse	199	360000	7577	NA
2ndgrade_kloten_2x4-16	16	Pulse	199	370000	17577	NA
2ndgrade_kloten_2x4-16	17	Picture	fix2	372624	0	1	19201	1	0	next	other	0
2ndgrade_kloten_2x4-16	17	Pulse	199	380000	7376	NA
2ndgrade_kloten_2x4-16	17	Pulse	199	390000	17376	NA
2ndgrade_kloten_2x4-16	18	Picture	feedback	391825	0	1	20201	1	0	next	other	0
2ndgrade_kloten_2x4-16	18	Pulse	199	400000	8175	NA
2ndgrade_kloten_2x4-16	18	Pulse	199	410000	18175	NA
2ndgrade_kloten_2x4-16	19	Picture	fix	412027	0	1	25202	1	0	next	other	0
2ndgrade_kloten_2x4-16	19	Pulse	199	420000	7973	NA
2ndgrade_kloten_2x4-16	19	Pulse	199	430000	17973	NA
2ndgrade_kloten_2x4-16	21	Picture	stim	437228	0	1	20201	1	0	20000	hit	63
2ndgrade_kloten_2x4-16	21	Pulse	199	440000	2772	NA
2ndgrade_kloten_2x4-16	21	Response	16	449429	12201	0
2ndgrade_kloten_2x4-16	21	Pulse	199	450000	12772	NA
2ndgrade_kloten_2x4-16	22	Picture	fix2	457430	0	1	14801	1	0	next	other	0
2ndgrade_kloten_2x4-16	22	Pulse	199	460000	2570	NA
2ndgrade_kloten_2x4-16	22	Pulse	199	470000	12570	NA
2ndgrade_kloten_2x4-16	23	Picture	feedback	472231	0	1	20201	1	0	next	other	0
2ndgrade_kloten_2x4-16	23	Pulse	199	480000	7769	NA
2ndgrade_kloten_2x4-16	23	Pulse	199	490000	17769	NA
2ndgrade_kloten_2x4-16	24	Picture	fix	492432	0	1	32802	1	0	next	other	0
2ndgrade_kloten_2x4-16	24	Pulse	199	500000	7568	NA
2ndgrade_kloten_2x4-16	24	Pulse	199	510000	17568	NA
2ndgrade_kloten_2x4-16	24	Pulse	199	520000	27568	NA
2ndgrade_kloten_2x4-16	26	Picture	stim	525234	0	1	20201	1	0	20000	hit	77
2ndgrade_kloten_2x4-16	26	Pulse	199	530000	4766	NA
2ndgrade_kloten_2x4-16	26	Response	16	539266	14032	0
2ndgrade_kloten_2x4-16	26	Pulse	199	540000	14766	NA
2ndgrade_kloten_2x4-16	27	Picture	fix2	545435	0	1	17201	1	0	next	other	0
2ndgrade_kloten_2x4-16	27	Pulse	199	550000	4565	NA
2ndgrade_kloten_2x4-16	27	Pulse	199	560000	14565	NA
2ndgrade_kloten_2x4-16	28	Picture	feedback	562637	0	1	20201	1	0	next	other	0
2ndgrade_kloten_2x4-16	28	Pulse	199	570000	7363	NA
2ndgrade_kloten_2x4-16	28	Pulse	199	580000	17363	NA
2ndgrade_kloten_2x4-16	29	Picture	fix	582838	0	1	27002	1	0	next	other	0
2ndgrade_kloten_2x4-16	29	Pulse	199	590000	7162	NA
2ndgrade_kloten_2x4-16	29	Pulse	199	600000	17162	NA
2ndgrade_kloten_2x4-16	31	Picture	stim	609840	0	1	20201	1	0	20000	incorrect	91
2ndgrade_kloten_2x4-16	31	Pulse	199	610000	160	NA
2ndgrade_kloten_2x4-16	31	Pulse	199	620000	10160	NA
2ndgrade_kloten_2x4-16	31	Response	32	621465	11626	0
2ndgrade_kloten_2x4-16	31	Pulse	199	630000	20160	NA
2ndgrade_kloten_2x4-16	32	Picture	fix2	630241	0	1	18401	1	0	next	other	0
2ndgrade_kloten_2x4-16	32	Pulse	199	640000	9759	NA
2ndgrade_kloten_2x4-16	33	Picture	feedback	648642	0	1	20201	1	0	next	other	0
2ndgrade_kloten_2x4-16	33	Pulse	199	650000	1358	NA
2ndgrade_kloten_2x4-16	33	Pulse	199	660000	11358	NA
2ndgrade_kloten_2x4-16	34	Picture	fix	668844	0	1	32802	1	0	next	other	0
2ndgrade_kloten_2x4-16	34	Pulse	199	670000	1156	NA
2ndgrade_kloten_2x4-16	34	Pulse	199	680000	11156	NA
2ndgrade_kloten_2x4-16	34	Pulse	199	690000	21156	NA
2ndgrade_kloten_2x4-16	34	Pulse	199	700000	31156	NA
2ndgrade_kloten_2x4-16	36	Picture	stim	701646	0	1	20201	1	0	20000	hit	105
2ndgrade_kloten_2x4-16	36	Pulse	199	710000	8354	NA
2ndgrade_kloten_2x4-16	36	Response	16	717224	15578	0
2ndgrade_kloten_2x4-16	36	Pulse	199	720000	18354	NA
2ndgrade_kloten_2x4-16	37	Picture	fix2	721847	0	1	27402	1	0	next	other	0
2ndgrade_kloten_2x4-16	37	Pulse	199	730000	8153	NA
2ndgrade_kloten_2x4-16	37	Pulse	199	740000	18153	NA
2ndgrade_kloten_2x4-16	38	Picture	feedback	749249	0	1	20201	1	0	next	other	0
2ndgrade_kloten_2x4-16	38	Pulse	199	750000	751	NA
2ndgrade_kloten_2x4-16	38	Pulse	199	760000	10751	NA
2ndgrade_kloten_2x4-16	39	Picture	fix	769450	0	1	19001	1	0	next	other	0
2ndgrade_kloten_2x4-16	39	Pulse	199	770000	550	NA
2ndgrade_kloten_2x4-16	39	Pulse	199	780000	10550	NA
2ndgrade_kloten_2x4-16	41	Picture	stim	788451	0	1	20201	1	0	20000	hit	119
2ndgrade_kloten_2x4-16	41	Pulse	199	790000	1549	NA
2ndgrade_kloten_2x4-16	41	Pulse	199	800000	11549	NA
2ndgrade_kloten_2x4-16	41	Response	16	808144	19693	0
2ndgrade_kloten_2x4-16	42	Picture	fix2	808653	0	1	16001	1	0	next	other	0
2ndgrade_kloten_2x4-16	42	Pulse	199	810000	1347	NA
2ndgrade_kloten_2x4-16	42	Pulse	199	820000	11347	NA
2ndgrade_kloten_2x4-16	43	Picture	feedback	824654	0	1	20201	1	0	next	other	0
2ndgrade_kloten_2x4-16	43	Pulse	199	830000	5346	NA
2ndgrade_kloten_2x4-16	43	Pulse	199	840000	15346	NA
2ndgrade_kloten_2x4-16	44	Picture	fix	844855	0	1	25002	1	0	next	other	0
2ndgrade_kloten_2x4-16	44	Pulse	199	850000	5145	NA
2ndgrade_kloten_2x4-16	44	Pulse	199	860000	15145	NA
2ndgrade_kloten_2x4-16	46	Picture	stim	869857	0	1	20201	1	0	20000	hit	132
2ndgrade_kloten_2x4-16	46	Pulse	199	870000	143	NA
2ndgrade_kloten_2x4-16	46	Pulse	199	880000	10143	NA
2ndgrade_kloten_2x4-16	46	Response	16	881859	12002	0
2ndgrade_kloten_2x4-16	46	Pulse	199	890000	20143	NA
2ndgrade_kloten_2x4-16	47	Picture	fix2	890058	0	1	14201	1	0	next	other	0
2ndgrade_kloten_2x4-16	47	Pulse	199	900000	9942	NA
2ndgrade_kloten_2x4-16	48	Picture	feedback	904259	0	1	20201	1	0	next	other	0
2ndgrade_kloten_2x4-16	48	Pulse	199	910000	5741	NA
2ndgrade_kloten_2x4-16	48	Pulse	199	920000	15741	NA
2ndgrade_kloten_2x4-16	49	Picture	fix	924460	0	1	28002	1	0	next	other	0
2ndgrade_kloten_2x4-16	49	Pulse	199	930000	5540	NA
2ndgrade_kloten_2x4-16	49	Pulse	199	940000	15540	NA
2ndgrade_kloten_2x4-16	49	Pulse	199	950000	25540	NA
2ndgrade_kloten_2x4-16	51	Picture	stim	952462	0	1	20201	1	0	20000	hit	145
2ndgrade_kloten_2x4-16	51	Pulse	199	960000	7538	NA
2ndgrade_kloten_2x4-16	51	Response	16	968187	15725	0
2ndgrade_kloten_2x4-16	51	Pulse	199	970000	17538	NA
2ndgrade_kloten_2x4-16	52	Picture	fix2	972864	0	1	22601	1	0	next	other	0
2ndgrade_kloten_2x4-16	52	Pulse	199	980000	7136	NA
2ndgrade_kloten_2x4-16	52	Pulse	199	990000	17136	NA
2ndgrade_kloten_2x4-16	53	Picture	feedback	995465	0	1	20201	1	0	next	other	0
2ndgrade_kloten_2x4-16	53	Pulse	199	1000000	4535	NA
2ndgrade_kloten_2x4-16	53	Pulse	199	1010000	14535	NA
2ndgrade_kloten_2x4-16	54	Picture	fix	1015667	0	1	21401	1	0	next	other	0
2ndgrade_kloten_2x4-16	54	Pulse	199	1020000	4333	NA
2ndgrade_kloten_2x4-16	54	Pulse	199	1030000	14333	NA
2ndgrade_kloten_2x4-16	56	Picture	stim	1037068	0	1	20201	1	0	20000	incorrect	159
2ndgrade_kloten_2x4-16	56	Pulse	199	1040000	2932	NA
2ndgrade_kloten_2x4-16	56	Pulse	199	1050000	12932	NA
2ndgrade_kloten_2x4-16	56	Response	32	1050472	13404	0
2ndgrade_kloten_2x4-16	57	Picture	fix2	1057469	0	1	20801	1	0	next	other	0
2ndgrade_kloten_2x4-16	57	Pulse	199	1060000	2531	NA
2ndgrade_kloten_2x4-16	57	Pulse	199	1070000	12531	NA
2ndgrade_kloten_2x4-16	58	Picture	feedback	1078271	0	1	20201	1	0	next	other	0
2ndgrade_kloten_2x4-16	58	Pulse	199	1080000	1729	NA
2ndgrade_kloten_2x4-16	58	Pulse	199	1090000	11729	NA
2ndgrade_kloten_2x4-16	59	Picture	fix	1098472	0	1	28202	1	0	next	other	0
2ndgrade_kloten_2x4-16	59	Pulse	199	1100000	1528	NA
2ndgrade_kloten_2x4-16	59	Pulse	199	1110000	11528	NA
2ndgrade_kloten_2x4-16	59	Pulse	199	1120000	21528	NA
2ndgrade_kloten_2x4-16	61	Picture	stim	1126674	0	1	20201	1	0	20000	hit	173
2ndgrade_kloten_2x4-16	61	Pulse	199	1130000	3326	NA
2ndgrade_kloten_2x4-16	61	Pulse	199	1140000	13326	NA
2ndgrade_kloten_2x4-16	61	Response	16	1140101	13427	0
2ndgrade_kloten_2x4-16	62	Picture	fix2	1147075	0	1	17801	1	0	next	other	0
2ndgrade_kloten_2x4-16	62	Pulse	199	1150000	2925	NA
2ndgrade_kloten_2x4-16	62	Pulse	199	1160000	12925	NA
2ndgrade_kloten_2x4-16	63	Picture	feedback	1164876	0	1	20201	1	0	next	other	0
2ndgrade_kloten_2x4-16	63	Pulse	199	1170000	5124	NA
2ndgrade_kloten_2x4-16	63	Pulse	199	1180000	15124	NA
2ndgrade_kloten_2x4-16	64	Picture	fix	1185078	0	1	24402	1	0	next	other	0
2ndgrade_kloten_2x4-16	64	Pulse	199	1190000	4922	NA
2ndgrade_kloten_2x4-16	64	Pulse	199	1200000	14922	NA
2ndgrade_kloten_2x4-16	66	Picture	stim	1209479	0	1	20201	1	0	20000	hit	186
2ndgrade_kloten_2x4-16	66	Pulse	199	1210000	521	NA
2ndgrade_kloten_2x4-16	66	Pulse	199	1220000	10521	NA
2ndgrade_kloten_2x4-16	66	Response	16	1221285	11806	0
2ndgrade_kloten_2x4-16	67	Picture	fix2	1229881	0	1	16001	1	0	next	other	0
2ndgrade_kloten_2x4-16	67	Pulse	199	1230000	119	NA
2ndgrade_kloten_2x4-16	67	Pulse	199	1240000	10119	NA
2ndgrade_kloten_2x4-16	68	Picture	feedback	1245882	0	1	20201	1	0	next	other	0
2ndgrade_kloten_2x4-16	68	Pulse	199	1250000	4118	NA
2ndgrade_kloten_2x4-16	68	Pulse	199	1260000	14118	NA
2ndgrade_kloten_2x4-16	69	Picture	fix	1266083	0	1	21401	1	0	next	other	0
2ndgrade_kloten_2x4-16	69	Pulse	199	1270000	3917	NA
2ndgrade_kloten_2x4-16	69	Pulse	199	1280000	13917	NA
2ndgrade_kloten_2x4-16	71	Picture	stim	1287485	0	1	20201	1	0	20000	hit	199
2ndgrade_kloten_2x4-16	71	Pulse	199	1290000	2515	NA
2ndgrade_kloten_2x4-16	71	Pulse	199	1300000	12515	NA
2ndgrade_kloten_2x4-16	71	Response	16	1302110	14626	0
2ndgrade_kloten_2x4-16	72	Picture	fix2	1307886	0	1	18801	1	0	next	other	0
2ndgrade_kloten_2x4-16	72	Pulse	199	1310000	2114	NA
2ndgrade_kloten_2x4-16	72	Pulse	199	1320000	12114	NA
2ndgrade_kloten_2x4-16	73	Picture	feedback	1326687	0	1	20201	1	0	next	other	0
2ndgrade_kloten_2x4-16	73	Pulse	199	1330000	3313	NA
2ndgrade_kloten_2x4-16	73	Pulse	199	1340000	13313	NA
2ndgrade_kloten_2x4-16	74	Picture	fix	1346888	0	1	16601	1	0	next	other	0
2ndgrade_kloten_2x4-16	74	Pulse	199	1350000	3112	NA
2ndgrade_kloten_2x4-16	74	Pulse	199	1360000	13112	NA
2ndgrade_kloten_2x4-16	76	Picture	stim	1363490	0	1	20201	1	0	20000	incorrect	211
2ndgrade_kloten_2x4-16	76	Pulse	199	1370000	6510	NA
2ndgrade_kloten_2x4-16	76	Response	32	1377636	14146	0
2ndgrade_kloten_2x4-16	76	Pulse	199	1380000	16510	NA
2ndgrade_kloten_2x4-16	77	Picture	fix2	1383691	0	1	19201	1	0	next	other	0
2ndgrade_kloten_2x4-16	77	Pulse	199	1390000	6309	NA
2ndgrade_kloten_2x4-16	77	Pulse	199	1400000	16309	NA
2ndgrade_kloten_2x4-16	78	Picture	feedback	1402892	0	1	20201	1	0	next	other	0
2ndgrade_kloten_2x4-16	78	Pulse	199	1410000	7108	NA
2ndgrade_kloten_2x4-16	78	Pulse	199	1420000	17108	NA
2ndgrade_kloten_2x4-16	79	Picture	fix	1423093	0	1	24002	1	0	next	other	0
2ndgrade_kloten_2x4-16	79	Pulse	199	1430000	6907	NA
2ndgrade_kloten_2x4-16	79	Pulse	199	1440000	16907	NA
2ndgrade_kloten_2x4-16	81	Picture	stim	1447095	0	1	20201	1	0	20000	incorrect	225
2ndgrade_kloten_2x4-16	81	Pulse	199	1450000	2905	NA
2ndgrade_kloten_2x4-16	81	Pulse	199	1460000	12905	NA
2ndgrade_kloten_2x4-16	81	Response	32	1466118	19023	0
2ndgrade_kloten_2x4-16	82	Picture	fix2	1467296	0	1	9401	1	0	next	other	0
2ndgrade_kloten_2x4-16	82	Pulse	199	1470000	2704	NA
2ndgrade_kloten_2x4-16	83	Picture	feedback	1476697	0	1	20201	1	0	next	other	0
2ndgrade_kloten_2x4-16	83	Pulse	199	1480000	3303	NA
2ndgrade_kloten_2x4-16	83	Pulse	199	1490000	13303	NA
2ndgrade_kloten_2x4-16	84	Picture	fix	1496898	0	1	32002	1	0	next	other	0
2ndgrade_kloten_2x4-16	84	Pulse	199	1500000	3102	NA
2ndgrade_kloten_2x4-16	84	Pulse	199	1510000	13102	NA
2ndgrade_kloten_2x4-16	84	Pulse	199	1520000	23102	NA
2ndgrade_kloten_2x4-16	86	Picture	stim	1528901	0	1	20201	1	0	20000	hit	238
2ndgrade_kloten_2x4-16	86	Pulse	199	1530000	1100	NA
2ndgrade_kloten_2x4-16	86	Pulse	199	1540000	11100	NA
2ndgrade_kloten_2x4-16	86	Response	16	1543236	14336	0
2ndgrade_kloten_2x4-16	87	Picture	fix2	1549302	0	1	21601	1	0	next	other	0
2ndgrade_kloten_2x4-16	87	Pulse	199	1550000	698	NA
2ndgrade_kloten_2x4-16	87	Pulse	199	1560000	10698	NA
2ndgrade_kloten_2x4-16	87	Pulse	199	1570000	20698	NA
2ndgrade_kloten_2x4-16	88	Picture	feedback	1570903	0	1	20201	1	0	next	other	0
2ndgrade_kloten_2x4-16	88	Pulse	199	1580000	9097	NA
2ndgrade_kloten_2x4-16	88	Pulse	199	1590000	19097	NA
2ndgrade_kloten_2x4-16	89	Picture	fix	1591105	0	1	30802	1	0	next	other	0
2ndgrade_kloten_2x4-16	89	Pulse	199	1600000	8895	NA
2ndgrade_kloten_2x4-16	89	Pulse	199	1610000	18895	NA
2ndgrade_kloten_2x4-16	89	Pulse	199	1620000	28895	NA
2ndgrade_kloten_2x4-16	91	Picture	stim	1621907	0	1	20201	1	0	20000	hit	252
2ndgrade_kloten_2x4-16	91	Pulse	199	1630000	8093	NA
2ndgrade_kloten_2x4-16	91	Response	16	1636316	14410	0
2ndgrade_kloten_2x4-16	91	Pulse	199	1640000	18093	NA
2ndgrade_kloten_2x4-16	92	Picture	fix2	1642108	0	1	27002	1	0	next	other	0
2ndgrade_kloten_2x4-16	92	Pulse	199	1650000	7892	NA
2ndgrade_kloten_2x4-16	92	Pulse	199	1660000	17892	NA
2ndgrade_kloten_2x4-16	93	Picture	feedback	1669110	0	1	20201	1	0	next	other	0
2ndgrade_kloten_2x4-16	93	Pulse	199	1670000	890	NA
2ndgrade_kloten_2x4-16	93	Pulse	199	1680000	10890	NA
2ndgrade_kloten_2x4-16	94	Picture	fix	1689311	0	1	26802	1	0	next	other	0
2ndgrade_kloten_2x4-16	94	Pulse	199	1690000	689	NA
2ndgrade_kloten_2x4-16	94	Pulse	199	1700000	10689	NA
2ndgrade_kloten_2x4-16	94	Pulse	199	1710000	20689	NA
2ndgrade_kloten_2x4-16	96	Picture	stim	1716113	0	1	20201	1	0	20000	hit	267
2ndgrade_kloten_2x4-16	96	Pulse	199	1720000	3887	NA
2ndgrade_kloten_2x4-16	96	Pulse	199	1730000	13887	NA
2ndgrade_kloten_2x4-16	96	Response	16	1732909	16796	0
2ndgrade_kloten_2x4-16	97	Picture	fix2	1736514	0	1	10001	1	0	next	other	0
2ndgrade_kloten_2x4-16	97	Pulse	199	1740000	3486	NA
2ndgrade_kloten_2x4-16	98	Picture	feedback	1746515	0	1	20201	1	0	next	other	0
2ndgrade_kloten_2x4-16	98	Pulse	199	1750000	3485	NA
2ndgrade_kloten_2x4-16	98	Pulse	199	1760000	13485	NA
2ndgrade_kloten_2x4-16	99	Picture	fix	1766716	0	1	21401	1	0	next	other	0
2ndgrade_kloten_2x4-16	99	Pulse	199	1770000	3284	NA
2ndgrade_kloten_2x4-16	99	Pulse	199	1780000	13284	NA
2ndgrade_kloten_2x4-16	101	Picture	stim	1788118	0	1	20201	1	0	20000	incorrect	279
2ndgrade_kloten_2x4-16	101	Pulse	199	1790000	1882	NA
2ndgrade_kloten_2x4-16	101	Pulse	199	1800000	11882	NA
2ndgrade_kloten_2x4-16	101	Response	32	1804489	16371	0
2ndgrade_kloten_2x4-16	102	Picture	fix2	1808319	0	1	23802	1	0	next	other	0
2ndgrade_kloten_2x4-16	102	Pulse	199	1810000	1681	NA
2ndgrade_kloten_2x4-16	102	Pulse	199	1820000	11681	NA
2ndgrade_kloten_2x4-16	102	Pulse	199	1830000	21681	NA
2ndgrade_kloten_2x4-16	103	Picture	feedback	1832121	0	1	20201	1	0	next	other	0
2ndgrade_kloten_2x4-16	103	Pulse	199	1840000	7879	NA
2ndgrade_kloten_2x4-16	103	Pulse	199	1850000	17879	NA
2ndgrade_kloten_2x4-16	104	Picture	fix	1852322	0	1	19601	1	0	next	other	0
2ndgrade_kloten_2x4-16	104	Pulse	199	1860000	7678	NA
2ndgrade_kloten_2x4-16	104	Pulse	199	1870000	17678	NA
2ndgrade_kloten_2x4-16	106	Picture	stim	1871923	0	1	20201	1	0	20000	hit	292
2ndgrade_kloten_2x4-16	106	Pulse	199	1880000	8077	NA
2ndgrade_kloten_2x4-16	106	Response	16	1884129	12206	0
2ndgrade_kloten_2x4-16	106	Pulse	199	1890000	18077	NA
2ndgrade_kloten_2x4-16	107	Picture	fix2	1892125	0	1	27002	1	0	next	other	0
2ndgrade_kloten_2x4-16	107	Pulse	199	1900000	7875	NA
2ndgrade_kloten_2x4-16	107	Pulse	199	1910000	17875	NA
2ndgrade_kloten_2x4-16	108	Picture	feedback	1919126	0	1	20201	1	0	next	other	0
2ndgrade_kloten_2x4-16	108	Pulse	199	1920000	874	NA
2ndgrade_kloten_2x4-16	108	Pulse	199	1930000	10874	NA
2ndgrade_kloten_2x4-16	109	Picture	fix	1939328	0	1	17801	1	0	next	other	0
2ndgrade_kloten_2x4-16	109	Pulse	199	1940000	672	NA
2ndgrade_kloten_2x4-16	109	Pulse	199	1950000	10672	NA
2ndgrade_kloten_2x4-16	111	Picture	stim	1957129	0	1	20201	1	0	20000	hit	305
2ndgrade_kloten_2x4-16	111	Pulse	199	1960000	2871	NA
2ndgrade_kloten_2x4-16	111	Response	16	1969182	12054	0
2ndgrade_kloten_2x4-16	111	Pulse	199	1970000	12871	NA
2ndgrade_kloten_2x4-16	112	Picture	fix2	1977330	0	1	18801	1	0	next	other	0
2ndgrade_kloten_2x4-16	112	Pulse	199	1980000	2670	NA
2ndgrade_kloten_2x4-16	112	Pulse	199	1990000	12670	NA
2ndgrade_kloten_2x4-16	113	Picture	feedback	1996131	0	1	20201	1	0	next	other	0
2ndgrade_kloten_2x4-16	113	Pulse	199	2000000	3869	NA
2ndgrade_kloten_2x4-16	113	Pulse	199	2010000	13869	NA
2ndgrade_kloten_2x4-16	114	Picture	fix	2016333	0	1	26802	1	0	next	other	0
2ndgrade_kloten_2x4-16	114	Pulse	199	2020000	3667	NA
2ndgrade_kloten_2x4-16	114	Pulse	199	2030000	13667	NA
2ndgrade_kloten_2x4-16	114	Pulse	199	2040000	23667	NA
2ndgrade_kloten_2x4-16	116	Picture	stim	2043135	0	1	20201	1	0	20000	incorrect	319
2ndgrade_kloten_2x4-16	116	Pulse	199	2050000	6865	NA
2ndgrade_kloten_2x4-16	116	Response	32	2052448	9314	0
2ndgrade_kloten_2x4-16	116	Pulse	199	2060000	16865	NA
2ndgrade_kloten_2x4-16	116	Response	16	2060761	17627	0
2ndgrade_kloten_2x4-16	117	Picture	fix2	2063336	0	1	14801	1	0	next	other	0
2ndgrade_kloten_2x4-16	117	Pulse	199	2070000	6664	NA
2ndgrade_kloten_2x4-16	118	Picture	feedback	2078137	0	1	20201	1	0	next	other	0
2ndgrade_kloten_2x4-16	118	Pulse	199	2080000	1863	NA
2ndgrade_kloten_2x4-16	118	Pulse	199	2090000	11863	NA
2ndgrade_kloten_2x4-16	119	Picture	fix	2098338	0	1	30602	1	0	next	other	0
2ndgrade_kloten_2x4-16	119	Pulse	199	2100000	1662	NA
2ndgrade_kloten_2x4-16	119	Pulse	199	2110000	11662	NA
2ndgrade_kloten_2x4-16	119	Pulse	199	2120000	21662	NA
2ndgrade_kloten_2x4-16	121	Picture	stim	2128940	0	1	20201	1	0	20000	hit	334
2ndgrade_kloten_2x4-16	121	Pulse	199	2130000	1060	NA
2ndgrade_kloten_2x4-16	121	Pulse	199	2140000	11060	NA
2ndgrade_kloten_2x4-16	121	Response	16	2144749	15809	0
2ndgrade_kloten_2x4-16	122	Picture	fix2	2149142	0	1	20401	1	0	next	other	0
2ndgrade_kloten_2x4-16	122	Pulse	199	2150000	858	NA
2ndgrade_kloten_2x4-16	122	Pulse	199	2160000	10858	NA
2ndgrade_kloten_2x4-16	123	Picture	feedback	2169543	0	1	20201	1	0	next	other	0
2ndgrade_kloten_2x4-16	123	Pulse	199	2170000	457	NA
2ndgrade_kloten_2x4-16	123	Pulse	199	2180000	10457	NA
2ndgrade_kloten_2x4-16	124	Picture	fix	2189744	0	1	26802	1	0	next	other	0
2ndgrade_kloten_2x4-16	124	Pulse	199	2190000	256	NA
2ndgrade_kloten_2x4-16	124	Pulse	199	2200000	10256	NA
2ndgrade_kloten_2x4-16	124	Pulse	199	2210000	20256	NA
2ndgrade_kloten_2x4-16	126	Picture	stim	2216546	0	1	20201	1	0	20000	miss	0
2ndgrade_kloten_2x4-16	126	Pulse	199	2220000	3454	NA
2ndgrade_kloten_2x4-16	126	Pulse	199	2230000	13454	NA
2ndgrade_kloten_2x4-16	127	Picture	fix2	2236747	0	1	25602	1	0	next	other	0
2ndgrade_kloten_2x4-16	127	Response	32	2239387	2640	0
2ndgrade_kloten_2x4-16	127	Pulse	199	2240000	3253	NA
2ndgrade_kloten_2x4-16	127	Pulse	199	2250000	13253	NA
2ndgrade_kloten_2x4-16	127	Pulse	199	2260000	23253	NA
2ndgrade_kloten_2x4-16	128	Picture	feedback	2262349	0	1	20201	1	0	next	other	0
2ndgrade_kloten_2x4-16	128	Pulse	199	2270000	7651	NA
2ndgrade_kloten_2x4-16	128	Pulse	199	2280000	17651	NA
2ndgrade_kloten_2x4-16	129	Picture	fix	2282550	0	1	24602	1	0	next	other	0
2ndgrade_kloten_2x4-16	129	Pulse	199	2290000	7450	NA
2ndgrade_kloten_2x4-16	129	Pulse	199	2300000	17450	NA
2ndgrade_kloten_2x4-16	131	Picture	stim	2307152	0	1	20201	1	0	20000	hit	361
2ndgrade_kloten_2x4-16	131	Pulse	199	2310000	2848	NA
2ndgrade_kloten_2x4-16	131	Response	16	2316793	9641	0
2ndgrade_kloten_2x4-16	131	Pulse	199	2320000	12848	NA
2ndgrade_kloten_2x4-16	132	Picture	fix2	2327553	0	1	34802	1	0	next	other	0
2ndgrade_kloten_2x4-16	132	Pulse	199	2330000	2447	NA
2ndgrade_kloten_2x4-16	132	Pulse	199	2340000	12447	NA
2ndgrade_kloten_2x4-16	132	Pulse	199	2350000	22447	NA
2ndgrade_kloten_2x4-16	132	Pulse	199	2360000	32447	NA
2ndgrade_kloten_2x4-16	133	Picture	feedback	2362356	0	1	20201	1	0	next	other	0
2ndgrade_kloten_2x4-16	133	Pulse	199	2370000	7644	NA
2ndgrade_kloten_2x4-16	133	Pulse	199	2380000	17644	NA
2ndgrade_kloten_2x4-16	134	Picture	fix	2382557	0	1	30802	1	0	next	other	0
2ndgrade_kloten_2x4-16	134	Pulse	199	2390000	7443	NA
2ndgrade_kloten_2x4-16	134	Pulse	199	2400000	17443	NA
2ndgrade_kloten_2x4-16	134	Pulse	199	2410000	27443	NA
2ndgrade_kloten_2x4-16	136	Picture	stim	2413359	0	1	20201	1	0	20000	hit	377
2ndgrade_kloten_2x4-16	136	Pulse	199	2420000	6641	NA
2ndgrade_kloten_2x4-16	136	Response	16	2423759	10400	0
2ndgrade_kloten_2x4-16	136	Pulse	199	2430000	16641	NA
2ndgrade_kloten_2x4-16	137	Picture	fix2	2433560	0	1	10401	1	0	next	other	0
2ndgrade_kloten_2x4-16	137	Pulse	199	2440000	6440	NA
2ndgrade_kloten_2x4-16	138	Picture	feedback	2443961	0	1	20201	1	0	next	other	0
2ndgrade_kloten_2x4-16	138	Pulse	199	2450000	6039	NA
2ndgrade_kloten_2x4-16	138	Pulse	199	2460000	16039	NA
2ndgrade_kloten_2x4-16	139	Picture	fix	2464162	0	1	25602	1	0	next	other	0
2ndgrade_kloten_2x4-16	139	Pulse	199	2470000	5838	NA
2ndgrade_kloten_2x4-16	139	Pulse	199	2480000	15838	NA
2ndgrade_kloten_2x4-16	141	Picture	stim	2489764	0	1	20201	1	0	20000	hit	390
2ndgrade_kloten_2x4-16	141	Pulse	199	2490000	236	NA
2ndgrade_kloten_2x4-16	141	Pulse	199	2500000	10236	NA
2ndgrade_kloten_2x4-16	141	Response	16	2500996	11232	0
2ndgrade_kloten_2x4-16	142	Picture	fix2	2509965	0	1	25002	1	0	next	other	0
2ndgrade_kloten_2x4-16	142	Pulse	199	2510000	35	NA
2ndgrade_kloten_2x4-16	142	Pulse	199	2520000	10035	NA
2ndgrade_kloten_2x4-16	142	Pulse	199	2530000	20035	NA
2ndgrade_kloten_2x4-16	143	Picture	feedback	2534967	0	1	20201	1	0	next	other	0
2ndgrade_kloten_2x4-16	143	Pulse	199	2540000	5033	NA
2ndgrade_kloten_2x4-16	143	Pulse	199	2550000	15033	NA
2ndgrade_kloten_2x4-16	144	Picture	fix	2555168	0	1	25402	1	0	next	other	0
2ndgrade_kloten_2x4-16	144	Pulse	199	2560000	4832	NA
2ndgrade_kloten_2x4-16	144	Pulse	199	2570000	14832	NA
2ndgrade_kloten_2x4-16	144	Pulse	199	2580000	24832	NA
2ndgrade_kloten_2x4-16	146	Picture	stim	2580570	0	1	20201	1	0	20000	incorrect	404
2ndgrade_kloten_2x4-16	146	Pulse	199	2590000	9430	NA
2ndgrade_kloten_2x4-16	146	Response	32	2594201	13631	0
2ndgrade_kloten_2x4-16	146	Pulse	199	2600000	19430	NA
2ndgrade_kloten_2x4-16	147	Picture	fix2	2600971	0	1	21601	1	0	next	other	0
2ndgrade_kloten_2x4-16	147	Pulse	199	2610000	9029	NA
2ndgrade_kloten_2x4-16	147	Pulse	199	2620000	19029	NA
2ndgrade_kloten_2x4-16	148	Picture	feedback	2622573	0	1	20201	1	0	next	other	0
2ndgrade_kloten_2x4-16	148	Pulse	199	2630000	7427	NA
2ndgrade_kloten_2x4-16	148	Pulse	199	2640000	17427	NA
2ndgrade_kloten_2x4-16	149	Picture	fix	2642774	0	1	19801	1	0	next	other	0
2ndgrade_kloten_2x4-16	149	Pulse	199	2650000	7226	NA
2ndgrade_kloten_2x4-16	149	Pulse	199	2660000	17226	NA
2ndgrade_kloten_2x4-16	151	Picture	stim	2662576	0	1	20201	1	0	20000	incorrect	417
2ndgrade_kloten_2x4-16	151	Pulse	199	2670000	7424	NA
2ndgrade_kloten_2x4-16	151	Response	32	2676665	14089	0
2ndgrade_kloten_2x4-16	151	Pulse	199	2680000	17424	NA
2ndgrade_kloten_2x4-16	152	Picture	fix2	2682777	0	1	28802	1	0	next	other	0
2ndgrade_kloten_2x4-16	152	Pulse	199	2690000	7223	NA
2ndgrade_kloten_2x4-16	152	Pulse	199	2700000	17223	NA
2ndgrade_kloten_2x4-16	152	Pulse	199	2710000	27223	NA
2ndgrade_kloten_2x4-16	153	Picture	feedback	2711579	0	1	20201	1	0	next	other	0
2ndgrade_kloten_2x4-16	153	Pulse	199	2720000	8421	NA
2ndgrade_kloten_2x4-16	153	Pulse	199	2730000	18421	NA
2ndgrade_kloten_2x4-16	154	Picture	fix	2731780	0	1	24002	1	0	next	other	0
2ndgrade_kloten_2x4-16	154	Pulse	199	2740000	8220	NA
2ndgrade_kloten_2x4-16	154	Pulse	199	2750000	18220	NA
2ndgrade_kloten_2x4-16	156	Picture	stim	2755782	0	1	20201	1	0	20000	hit	431
2ndgrade_kloten_2x4-16	156	Pulse	199	2760000	4218	NA
2ndgrade_kloten_2x4-16	156	Response	16	2765594	9812	0
2ndgrade_kloten_2x4-16	156	Pulse	199	2770000	14218	NA
2ndgrade_kloten_2x4-16	157	Picture	fix2	2775983	0	1	12201	1	0	next	other	0
2ndgrade_kloten_2x4-16	157	Pulse	199	2780000	4017	NA
2ndgrade_kloten_2x4-16	158	Picture	feedback	2788184	0	1	20201	1	0	next	other	0
2ndgrade_kloten_2x4-16	158	Pulse	199	2790000	1816	NA
2ndgrade_kloten_2x4-16	158	Pulse	199	2800000	11816	NA
2ndgrade_kloten_2x4-16	159	Picture	fix	2808385	0	1	25602	1	0	next	other	0
2ndgrade_kloten_2x4-16	159	Pulse	199	2810000	1615	NA
2ndgrade_kloten_2x4-16	159	Pulse	199	2820000	11615	NA
2ndgrade_kloten_2x4-16	159	Pulse	199	2830000	21615	NA
2ndgrade_kloten_2x4-16	161	Picture	stim	2833987	0	1	20201	1	0	20000	hit	444
2ndgrade_kloten_2x4-16	161	Pulse	199	2840000	6013	NA
2ndgrade_kloten_2x4-16	161	Response	16	2846705	12718	0
2ndgrade_kloten_2x4-16	161	Pulse	199	2850000	16013	NA
2ndgrade_kloten_2x4-16	162	Picture	fix2	2854388	0	1	22602	1	0	next	other	0
2ndgrade_kloten_2x4-16	162	Pulse	199	2860000	5612	NA
2ndgrade_kloten_2x4-16	162	Pulse	199	2870000	15612	NA
2ndgrade_kloten_2x4-16	163	Picture	feedback	2876990	0	1	20201	1	0	next	other	0
2ndgrade_kloten_2x4-16	163	Pulse	199	2880000	3010	NA
2ndgrade_kloten_2x4-16	163	Pulse	199	2890000	13010	NA
2ndgrade_kloten_2x4-16	164	Picture	100	2897191	0	1	80205	1	0	80000	other	0
2ndgrade_kloten_2x4-16	164	Pulse	199	2900000	2809	NA
2ndgrade_kloten_2x4-16	164	Pulse	199	2910000	12809	NA
2ndgrade_kloten_2x4-16	164	Pulse	199	2920000	22809	NA
2ndgrade_kloten_2x4-16	164	Pulse	199	2930000	32809	NA
2ndgrade_kloten_2x4-16	164	Pulse	199	2940000	42809	NA
2ndgrade_kloten_2x4-16	164	Pulse	199	2950000	52809	NA
2ndgrade_kloten_2x4-16	164	Pulse	199	2960000	62809	NA
2ndgrade_kloten_2x4-16	164	Pulse	199	2970000	72809	NA
