Scenario - FeedLearn_MRI_5x8_fullRand.sce
Logfile written - 06/11/2019 11:45:53

Subject	Trial	Event Type	Code	Time	TTime	Uncertainty	Duration	Uncertainty	ReqTime	ReqDur	Stim Type	Pair Index

2ndgrade_kloten_2x4-13	0	Pulse	199	0	0	NA
2ndgrade_kloten_2x4-13	0	Pulse	199	10000	10000	NA
2ndgrade_kloten_2x4-13	1	Picture	intro	10167	0	1	45999	1	0	next	other	0
2ndgrade_kloten_2x4-13	1	Pulse	199	20000	9834	NA
2ndgrade_kloten_2x4-13	1	Pulse	199	30000	19834	NA
2ndgrade_kloten_2x4-13	1	Pulse	199	40000	29834	NA
2ndgrade_kloten_2x4-13	1	Pulse	199	50000	39834	NA
2ndgrade_kloten_2x4-13	1	Response	16	55934	45768	0
2ndgrade_kloten_2x4-13	2	Picture	start	56165	0	1	50166	1	0	next	other	0
2ndgrade_kloten_2x4-13	2	Response	32	56834	669	0
2ndgrade_kloten_2x4-13	2	Pulse	199	60000	3835	NA
2ndgrade_kloten_2x4-13	2	Pulse	199	70000	13835	NA
2ndgrade_kloten_2x4-13	2	Pulse	199	80000	23835	NA
2ndgrade_kloten_2x4-13	2	Pulse	199	90000	33835	NA
2ndgrade_kloten_2x4-13	2	Pulse	199	100000	43835	NA
2ndgrade_kloten_2x4-13	3	Pulse	199	110000	3830	NA
2ndgrade_kloten_2x4-13	3	Pulse	199	120000	13830	NA
2ndgrade_kloten_2x4-13	3	Pulse	199	130000	23830	NA
2ndgrade_kloten_2x4-13	3	Pulse	199	140000	33830	NA
2ndgrade_kloten_2x4-13	3	Pulse	199	150000	43830	NA
2ndgrade_kloten_2x4-13	4	Picture	fix	156663	0	1	32333	1	0	next	other	0
2ndgrade_kloten_2x4-13	4	Pulse	199	160000	3337	NA
2ndgrade_kloten_2x4-13	4	Pulse	199	170000	13337	NA
2ndgrade_kloten_2x4-13	4	Pulse	199	180000	23337	NA
2ndgrade_kloten_2x4-13	6	Picture	stim	188996	0	1	20166	1	0	20000	hit	27
2ndgrade_kloten_2x4-13	6	Pulse	199	190000	1004	NA
2ndgrade_kloten_2x4-13	6	Response	16	199251	10256	0
2ndgrade_kloten_2x4-13	6	Pulse	199	200000	11004	NA
2ndgrade_kloten_2x4-13	7	Picture	fix2	209162	0	1	12333	1	0	next	other	0
2ndgrade_kloten_2x4-13	7	Pulse	199	210000	838	NA
2ndgrade_kloten_2x4-13	7	Pulse	199	220000	10838	NA
2ndgrade_kloten_2x4-13	8	Picture	feedback	221495	0	1	20166	1	0	next	other	0
2ndgrade_kloten_2x4-13	8	Pulse	199	230000	8505	NA
2ndgrade_kloten_2x4-13	8	Pulse	199	240000	18505	NA
2ndgrade_kloten_2x4-13	9	Picture	fix	241661	0	1	25499	1	0	next	other	0
2ndgrade_kloten_2x4-13	9	Pulse	199	250000	8339	NA
2ndgrade_kloten_2x4-13	9	Pulse	199	260000	18339	NA
2ndgrade_kloten_2x4-13	11	Picture	stim	267160	0	1	20166	1	0	20000	hit	40
2ndgrade_kloten_2x4-13	11	Pulse	199	270000	2840	NA
2ndgrade_kloten_2x4-13	11	Response	16	278470	11310	0
2ndgrade_kloten_2x4-13	11	Pulse	199	280000	12840	NA
2ndgrade_kloten_2x4-13	12	Picture	fix2	287493	0	1	26833	1	0	next	other	0
2ndgrade_kloten_2x4-13	12	Pulse	199	290000	2507	NA
2ndgrade_kloten_2x4-13	12	Pulse	199	300000	12507	NA
2ndgrade_kloten_2x4-13	12	Pulse	199	310000	22507	NA
2ndgrade_kloten_2x4-13	13	Picture	feedback	314326	0	1	20166	1	0	next	other	0
2ndgrade_kloten_2x4-13	13	Pulse	199	320000	5674	NA
2ndgrade_kloten_2x4-13	13	Pulse	199	330000	15674	NA
2ndgrade_kloten_2x4-13	14	Picture	fix	334492	0	1	23999	1	0	next	other	0
2ndgrade_kloten_2x4-13	14	Pulse	199	340000	5508	NA
2ndgrade_kloten_2x4-13	14	Pulse	199	350000	15508	NA
2ndgrade_kloten_2x4-13	16	Picture	stim	358492	0	1	20166	1	0	20000	hit	55
2ndgrade_kloten_2x4-13	16	Pulse	199	360000	1508	NA
2ndgrade_kloten_2x4-13	16	Pulse	199	370000	11508	NA
2ndgrade_kloten_2x4-13	16	Response	16	372620	14129	0
2ndgrade_kloten_2x4-13	17	Picture	fix2	378825	0	1	17166	1	0	next	other	0
2ndgrade_kloten_2x4-13	17	Pulse	199	380000	1175	NA
2ndgrade_kloten_2x4-13	17	Pulse	199	390000	11175	NA
2ndgrade_kloten_2x4-13	18	Picture	feedback	395991	0	1	20166	1	0	next	other	0
2ndgrade_kloten_2x4-13	18	Pulse	199	400000	4009	NA
2ndgrade_kloten_2x4-13	18	Pulse	199	410000	14009	NA
2ndgrade_kloten_2x4-13	19	Picture	fix	416157	0	1	32833	1	0	next	other	0
2ndgrade_kloten_2x4-13	19	Pulse	199	420000	3843	NA
2ndgrade_kloten_2x4-13	19	Pulse	199	430000	13843	NA
2ndgrade_kloten_2x4-13	19	Pulse	199	440000	23843	NA
2ndgrade_kloten_2x4-13	21	Picture	stim	448990	0	1	20166	1	0	20000	hit	69
2ndgrade_kloten_2x4-13	21	Pulse	199	450000	1010	NA
2ndgrade_kloten_2x4-13	21	Pulse	199	460000	11010	NA
2ndgrade_kloten_2x4-13	21	Response	16	460738	11749	0
2ndgrade_kloten_2x4-13	22	Picture	fix2	469156	0	1	23666	1	0	next	other	0
2ndgrade_kloten_2x4-13	22	Pulse	199	470000	844	NA
2ndgrade_kloten_2x4-13	22	Pulse	199	480000	10844	NA
2ndgrade_kloten_2x4-13	22	Pulse	199	490000	20844	NA
2ndgrade_kloten_2x4-13	23	Picture	feedback	492822	0	1	20166	1	0	next	other	0
2ndgrade_kloten_2x4-13	23	Pulse	199	500000	7178	NA
2ndgrade_kloten_2x4-13	23	Pulse	199	510000	17178	NA
2ndgrade_kloten_2x4-13	24	Picture	fix	512988	0	1	30666	1	0	next	other	0
2ndgrade_kloten_2x4-13	24	Pulse	199	520000	7012	NA
2ndgrade_kloten_2x4-13	24	Pulse	199	530000	17012	NA
2ndgrade_kloten_2x4-13	24	Pulse	199	540000	27012	NA
2ndgrade_kloten_2x4-13	26	Picture	stim	543654	0	1	20166	1	0	20000	hit	83
2ndgrade_kloten_2x4-13	26	Pulse	199	550000	6346	NA
2ndgrade_kloten_2x4-13	26	Response	16	557851	14197	0
2ndgrade_kloten_2x4-13	26	Pulse	199	560000	16346	NA
2ndgrade_kloten_2x4-13	27	Picture	fix2	563820	0	1	24333	1	0	next	other	0
2ndgrade_kloten_2x4-13	27	Pulse	199	570000	6180	NA
2ndgrade_kloten_2x4-13	27	Pulse	199	580000	16180	NA
2ndgrade_kloten_2x4-13	28	Picture	feedback	588153	0	1	20166	1	0	next	other	0
2ndgrade_kloten_2x4-13	28	Pulse	199	590000	1847	NA
2ndgrade_kloten_2x4-13	28	Pulse	199	600000	11847	NA
2ndgrade_kloten_2x4-13	29	Picture	fix	608319	0	1	17666	1	0	next	other	0
2ndgrade_kloten_2x4-13	29	Pulse	199	610000	1681	NA
2ndgrade_kloten_2x4-13	29	Pulse	199	620000	11681	NA
2ndgrade_kloten_2x4-13	31	Picture	stim	625985	0	1	20166	1	0	20000	incorrect	96
2ndgrade_kloten_2x4-13	31	Pulse	199	630000	4015	NA
2ndgrade_kloten_2x4-13	31	Response	32	638163	12177	0
2ndgrade_kloten_2x4-13	31	Pulse	199	640000	14015	NA
2ndgrade_kloten_2x4-13	32	Picture	fix2	646152	0	1	17833	1	0	next	other	0
2ndgrade_kloten_2x4-13	32	Pulse	199	650000	3848	NA
2ndgrade_kloten_2x4-13	32	Pulse	199	660000	13848	NA
2ndgrade_kloten_2x4-13	33	Picture	feedback	663985	0	1	20166	1	0	next	other	0
2ndgrade_kloten_2x4-13	33	Pulse	199	670000	6015	NA
2ndgrade_kloten_2x4-13	33	Pulse	199	680000	16015	NA
2ndgrade_kloten_2x4-13	34	Picture	fix	684151	0	1	23999	1	0	next	other	0
2ndgrade_kloten_2x4-13	34	Pulse	199	690000	5849	NA
2ndgrade_kloten_2x4-13	34	Pulse	199	700000	15849	NA
2ndgrade_kloten_2x4-13	36	Picture	stim	708150	0	1	20166	1	0	20000	incorrect	109
2ndgrade_kloten_2x4-13	36	Pulse	199	710000	1850	NA
2ndgrade_kloten_2x4-13	36	Response	32	719705	11554	0
2ndgrade_kloten_2x4-13	36	Pulse	199	720000	11850	NA
2ndgrade_kloten_2x4-13	37	Picture	fix2	728316	0	1	20333	1	0	next	other	0
2ndgrade_kloten_2x4-13	37	Pulse	199	730000	1684	NA
2ndgrade_kloten_2x4-13	37	Pulse	199	740000	11684	NA
2ndgrade_kloten_2x4-13	38	Picture	feedback	748649	0	1	20166	1	0	next	other	0
2ndgrade_kloten_2x4-13	38	Pulse	199	750000	1351	NA
2ndgrade_kloten_2x4-13	38	Pulse	199	760000	11351	NA
2ndgrade_kloten_2x4-13	39	Picture	fix	768815	0	1	19666	1	0	next	other	0
2ndgrade_kloten_2x4-13	39	Pulse	199	770000	1185	NA
2ndgrade_kloten_2x4-13	39	Pulse	199	780000	11185	NA
2ndgrade_kloten_2x4-13	41	Picture	stim	788482	0	1	20166	1	0	20000	incorrect	123
2ndgrade_kloten_2x4-13	41	Pulse	199	790000	1518	NA
2ndgrade_kloten_2x4-13	41	Pulse	199	800000	11518	NA
2ndgrade_kloten_2x4-13	41	Response	32	806286	17804	0
2ndgrade_kloten_2x4-13	42	Picture	fix2	808814	0	1	26999	1	0	next	other	0
2ndgrade_kloten_2x4-13	42	Pulse	199	810000	1186	NA
2ndgrade_kloten_2x4-13	42	Pulse	199	820000	11186	NA
2ndgrade_kloten_2x4-13	42	Pulse	199	830000	21186	NA
2ndgrade_kloten_2x4-13	43	Picture	feedback	835814	0	1	20166	1	0	next	other	0
2ndgrade_kloten_2x4-13	43	Pulse	199	840000	4186	NA
2ndgrade_kloten_2x4-13	43	Pulse	199	850000	14186	NA
2ndgrade_kloten_2x4-13	44	Picture	fix	855980	0	1	24999	1	0	next	other	0
2ndgrade_kloten_2x4-13	44	Pulse	199	860000	4020	NA
2ndgrade_kloten_2x4-13	44	Pulse	199	870000	14020	NA
2ndgrade_kloten_2x4-13	44	Pulse	199	880000	24020	NA
2ndgrade_kloten_2x4-13	46	Picture	stim	880979	0	1	20166	1	0	20000	hit	137
2ndgrade_kloten_2x4-13	46	Pulse	199	890000	9021	NA
2ndgrade_kloten_2x4-13	46	Response	16	895464	14485	0
2ndgrade_kloten_2x4-13	46	Pulse	199	900000	19021	NA
2ndgrade_kloten_2x4-13	47	Picture	fix2	901146	0	1	16000	1	0	next	other	0
2ndgrade_kloten_2x4-13	47	Pulse	199	910000	8854	NA
2ndgrade_kloten_2x4-13	48	Picture	feedback	917145	0	1	20166	1	0	next	other	0
2ndgrade_kloten_2x4-13	48	Pulse	199	920000	2855	NA
2ndgrade_kloten_2x4-13	48	Pulse	199	930000	12855	NA
2ndgrade_kloten_2x4-13	49	Picture	fix	937311	0	1	28333	1	0	next	other	0
2ndgrade_kloten_2x4-13	49	Pulse	199	940000	2689	NA
2ndgrade_kloten_2x4-13	49	Pulse	199	950000	12689	NA
2ndgrade_kloten_2x4-13	49	Pulse	199	960000	22689	NA
2ndgrade_kloten_2x4-13	51	Picture	stim	965644	0	1	20166	1	0	20000	incorrect	150
2ndgrade_kloten_2x4-13	51	Pulse	199	970000	4356	NA
2ndgrade_kloten_2x4-13	51	Response	32	979105	13461	0
2ndgrade_kloten_2x4-13	51	Pulse	199	980000	14356	NA
2ndgrade_kloten_2x4-13	52	Picture	fix2	985810	0	1	10333	1	0	next	other	0
2ndgrade_kloten_2x4-13	52	Pulse	199	990000	4190	NA
2ndgrade_kloten_2x4-13	53	Picture	feedback	996143	0	1	20166	1	0	next	other	0
2ndgrade_kloten_2x4-13	53	Pulse	199	1000000	3857	NA
2ndgrade_kloten_2x4-13	53	Pulse	199	1010000	13857	NA
2ndgrade_kloten_2x4-13	54	Picture	fix	1016310	0	1	20833	1	0	next	other	0
2ndgrade_kloten_2x4-13	54	Pulse	199	1020000	3690	NA
2ndgrade_kloten_2x4-13	54	Pulse	199	1030000	13690	NA
2ndgrade_kloten_2x4-13	56	Picture	stim	1037142	0	1	20166	1	0	20000	hit	163
2ndgrade_kloten_2x4-13	56	Pulse	199	1040000	2858	NA
2ndgrade_kloten_2x4-13	56	Pulse	199	1050000	12858	NA
2ndgrade_kloten_2x4-13	56	Response	16	1053799	16657	0
2ndgrade_kloten_2x4-13	57	Picture	fix2	1057309	0	1	21666	1	0	next	other	0
2ndgrade_kloten_2x4-13	57	Pulse	199	1060000	2691	NA
2ndgrade_kloten_2x4-13	57	Pulse	199	1070000	12691	NA
2ndgrade_kloten_2x4-13	58	Picture	feedback	1078975	0	1	20166	1	0	next	other	0
2ndgrade_kloten_2x4-13	58	Pulse	199	1080000	1025	NA
2ndgrade_kloten_2x4-13	58	Pulse	199	1090000	11025	NA
2ndgrade_kloten_2x4-13	59	Picture	fix	1099141	0	1	21333	1	0	next	other	0
2ndgrade_kloten_2x4-13	59	Pulse	199	1100000	859	NA
2ndgrade_kloten_2x4-13	59	Pulse	199	1110000	10859	NA
2ndgrade_kloten_2x4-13	59	Pulse	199	1120000	20859	NA
2ndgrade_kloten_2x4-13	61	Picture	stim	1120474	0	1	20166	1	0	20000	incorrect	176
2ndgrade_kloten_2x4-13	61	Pulse	199	1130000	9526	NA
2ndgrade_kloten_2x4-13	61	Response	32	1137802	17329	0
2ndgrade_kloten_2x4-13	61	Pulse	199	1140000	19526	NA
2ndgrade_kloten_2x4-13	62	Picture	fix2	1140640	0	1	25666	1	0	next	other	0
2ndgrade_kloten_2x4-13	62	Pulse	199	1150000	9360	NA
2ndgrade_kloten_2x4-13	62	Pulse	199	1160000	19360	NA
2ndgrade_kloten_2x4-13	63	Picture	feedback	1166306	0	1	20166	1	0	next	other	0
2ndgrade_kloten_2x4-13	63	Pulse	199	1170000	3694	NA
2ndgrade_kloten_2x4-13	63	Pulse	199	1180000	13694	NA
2ndgrade_kloten_2x4-13	64	Picture	fix	1186472	0	1	21333	1	0	next	other	0
2ndgrade_kloten_2x4-13	64	Pulse	199	1190000	3528	NA
2ndgrade_kloten_2x4-13	64	Pulse	199	1200000	13528	NA
2ndgrade_kloten_2x4-13	66	Picture	stim	1207805	0	1	20166	1	0	20000	miss	0
2ndgrade_kloten_2x4-13	66	Pulse	199	1210000	2195	NA
2ndgrade_kloten_2x4-13	66	Pulse	199	1220000	12195	NA
2ndgrade_kloten_2x4-13	67	Picture	fix2	1228138	0	1	9500	1	0	next	other	0
2ndgrade_kloten_2x4-13	67	Pulse	199	1230000	1862	NA
2ndgrade_kloten_2x4-13	67	Response	32	1230596	2458	0
2ndgrade_kloten_2x4-13	68	Picture	feedback	1237638	0	1	20166	1	0	next	other	0
2ndgrade_kloten_2x4-13	68	Pulse	199	1240000	2362	NA
2ndgrade_kloten_2x4-13	68	Pulse	199	1250000	12362	NA
2ndgrade_kloten_2x4-13	69	Picture	fix	1257804	0	1	21499	1	0	next	other	0
2ndgrade_kloten_2x4-13	69	Pulse	199	1260000	2196	NA
2ndgrade_kloten_2x4-13	69	Pulse	199	1270000	12196	NA
2ndgrade_kloten_2x4-13	71	Picture	stim	1279303	0	1	20166	1	0	20000	incorrect	202
2ndgrade_kloten_2x4-13	71	Pulse	199	1280000	697	NA
2ndgrade_kloten_2x4-13	71	Pulse	199	1290000	10697	NA
2ndgrade_kloten_2x4-13	71	Response	32	1297937	18633	0
2ndgrade_kloten_2x4-13	72	Picture	fix2	1299470	0	1	14833	1	0	next	other	0
2ndgrade_kloten_2x4-13	72	Pulse	199	1300000	530	NA
2ndgrade_kloten_2x4-13	72	Pulse	199	1310000	10530	NA
2ndgrade_kloten_2x4-13	73	Picture	feedback	1314303	0	1	20166	1	0	next	other	0
2ndgrade_kloten_2x4-13	73	Pulse	199	1320000	5697	NA
2ndgrade_kloten_2x4-13	73	Pulse	199	1330000	15697	NA
2ndgrade_kloten_2x4-13	74	Picture	fix	1334469	0	1	26999	1	0	next	other	0
2ndgrade_kloten_2x4-13	74	Pulse	199	1340000	5531	NA
2ndgrade_kloten_2x4-13	74	Pulse	199	1350000	15531	NA
2ndgrade_kloten_2x4-13	74	Pulse	199	1360000	25531	NA
2ndgrade_kloten_2x4-13	76	Picture	stim	1361468	0	1	20166	1	0	20000	incorrect	215
2ndgrade_kloten_2x4-13	76	Pulse	199	1370000	8532	NA
2ndgrade_kloten_2x4-13	76	Response	32	1374813	13344	0
2ndgrade_kloten_2x4-13	76	Pulse	199	1380000	18532	NA
2ndgrade_kloten_2x4-13	77	Picture	fix2	1381634	0	1	14166	1	0	next	other	0
2ndgrade_kloten_2x4-13	77	Pulse	199	1390000	8366	NA
2ndgrade_kloten_2x4-13	78	Picture	feedback	1395801	0	1	20166	1	0	next	other	0
2ndgrade_kloten_2x4-13	78	Pulse	199	1400000	4199	NA
2ndgrade_kloten_2x4-13	78	Pulse	199	1410000	14199	NA
2ndgrade_kloten_2x4-13	79	Picture	fix	1415967	0	1	30666	1	0	next	other	0
2ndgrade_kloten_2x4-13	79	Pulse	199	1420000	4033	NA
2ndgrade_kloten_2x4-13	79	Pulse	199	1430000	14033	NA
2ndgrade_kloten_2x4-13	79	Pulse	199	1440000	24033	NA
2ndgrade_kloten_2x4-13	81	Picture	stim	1446633	0	1	20166	1	0	20000	hit	229
2ndgrade_kloten_2x4-13	81	Pulse	199	1450000	3367	NA
2ndgrade_kloten_2x4-13	81	Pulse	199	1460000	13367	NA
2ndgrade_kloten_2x4-13	81	Response	16	1464074	17441	0
2ndgrade_kloten_2x4-13	82	Picture	fix2	1466799	0	1	22499	1	0	next	other	0
2ndgrade_kloten_2x4-13	82	Pulse	199	1470000	3201	NA
2ndgrade_kloten_2x4-13	82	Pulse	199	1480000	13201	NA
2ndgrade_kloten_2x4-13	83	Picture	feedback	1489299	0	1	20166	1	0	next	other	0
2ndgrade_kloten_2x4-13	83	Pulse	199	1490000	702	NA
2ndgrade_kloten_2x4-13	83	Pulse	199	1500000	10702	NA
2ndgrade_kloten_2x4-13	84	Picture	fix	1509465	0	1	24666	1	0	next	other	0
2ndgrade_kloten_2x4-13	84	Pulse	199	1510000	535	NA
2ndgrade_kloten_2x4-13	84	Pulse	199	1520000	10535	NA
2ndgrade_kloten_2x4-13	84	Pulse	199	1530000	20535	NA
2ndgrade_kloten_2x4-13	86	Picture	stim	1534131	0	1	20166	1	0	20000	hit	242
2ndgrade_kloten_2x4-13	86	Pulse	199	1540000	5869	NA
2ndgrade_kloten_2x4-13	86	Response	16	1547960	13829	0
2ndgrade_kloten_2x4-13	86	Pulse	199	1550000	15869	NA
2ndgrade_kloten_2x4-13	87	Picture	fix2	1554297	0	1	27333	1	0	next	other	0
2ndgrade_kloten_2x4-13	87	Pulse	199	1560000	5703	NA
2ndgrade_kloten_2x4-13	87	Pulse	199	1570000	15703	NA
2ndgrade_kloten_2x4-13	87	Pulse	199	1580000	25703	NA
2ndgrade_kloten_2x4-13	88	Picture	feedback	1581630	0	1	20166	1	0	next	other	0
2ndgrade_kloten_2x4-13	88	Pulse	199	1590000	8370	NA
2ndgrade_kloten_2x4-13	88	Pulse	199	1600000	18370	NA
2ndgrade_kloten_2x4-13	89	Picture	fix	1601796	0	1	16666	1	0	next	other	0
2ndgrade_kloten_2x4-13	89	Pulse	199	1610000	8204	NA
2ndgrade_kloten_2x4-13	91	Picture	stim	1618462	0	1	20166	1	0	20000	hit	255
2ndgrade_kloten_2x4-13	91	Pulse	199	1620000	1538	NA
2ndgrade_kloten_2x4-13	91	Response	16	1627627	9164	0
2ndgrade_kloten_2x4-13	91	Pulse	199	1630000	11538	NA
2ndgrade_kloten_2x4-13	92	Picture	fix2	1638628	0	1	28666	1	0	next	other	0
2ndgrade_kloten_2x4-13	92	Pulse	199	1640000	1372	NA
2ndgrade_kloten_2x4-13	92	Pulse	199	1650000	11372	NA
2ndgrade_kloten_2x4-13	92	Pulse	199	1660000	21372	NA
2ndgrade_kloten_2x4-13	93	Picture	feedback	1667294	0	1	20166	1	0	next	other	0
2ndgrade_kloten_2x4-13	93	Pulse	199	1670000	2706	NA
2ndgrade_kloten_2x4-13	93	Pulse	199	1680000	12706	NA
2ndgrade_kloten_2x4-13	94	Picture	fix	1687461	0	1	26833	1	0	next	other	0
2ndgrade_kloten_2x4-13	94	Pulse	199	1690000	2539	NA
2ndgrade_kloten_2x4-13	94	Pulse	199	1700000	12539	NA
2ndgrade_kloten_2x4-13	94	Pulse	199	1710000	22539	NA
2ndgrade_kloten_2x4-13	96	Picture	stim	1714293	0	1	20166	1	0	20000	hit	270
2ndgrade_kloten_2x4-13	96	Pulse	199	1720000	5707	NA
2ndgrade_kloten_2x4-13	96	Response	16	1724027	9734	0
2ndgrade_kloten_2x4-13	96	Pulse	199	1730000	15707	NA
2ndgrade_kloten_2x4-13	97	Picture	fix2	1734459	0	1	21499	1	0	next	other	0
2ndgrade_kloten_2x4-13	97	Pulse	199	1740000	5541	NA
2ndgrade_kloten_2x4-13	97	Pulse	199	1750000	15541	NA
2ndgrade_kloten_2x4-13	98	Picture	feedback	1755959	0	1	20166	1	0	next	other	0
2ndgrade_kloten_2x4-13	98	Pulse	199	1760000	4041	NA
2ndgrade_kloten_2x4-13	98	Pulse	199	1770000	14041	NA
2ndgrade_kloten_2x4-13	99	Picture	fix	1776125	0	1	32833	1	0	next	other	0
2ndgrade_kloten_2x4-13	99	Pulse	199	1780000	3875	NA
2ndgrade_kloten_2x4-13	99	Pulse	199	1790000	13875	NA
2ndgrade_kloten_2x4-13	99	Pulse	199	1800000	23875	NA
2ndgrade_kloten_2x4-13	101	Picture	stim	1808958	0	1	20166	1	0	20000	incorrect	284
2ndgrade_kloten_2x4-13	101	Pulse	199	1810000	1042	NA
2ndgrade_kloten_2x4-13	101	Response	32	1817292	8334	0
2ndgrade_kloten_2x4-13	101	Pulse	199	1820000	11042	NA
2ndgrade_kloten_2x4-13	102	Picture	fix2	1829124	0	1	18833	1	0	next	other	0
2ndgrade_kloten_2x4-13	102	Pulse	199	1830000	876	NA
2ndgrade_kloten_2x4-13	102	Pulse	199	1840000	10876	NA
2ndgrade_kloten_2x4-13	103	Picture	feedback	1847957	0	1	20166	1	0	next	other	0
2ndgrade_kloten_2x4-13	103	Pulse	199	1850000	2043	NA
2ndgrade_kloten_2x4-13	103	Pulse	199	1860000	12043	NA
2ndgrade_kloten_2x4-13	104	Picture	fix	1868123	0	1	19000	1	0	next	other	0
2ndgrade_kloten_2x4-13	104	Pulse	199	1870000	1877	NA
2ndgrade_kloten_2x4-13	104	Pulse	199	1880000	11877	NA
2ndgrade_kloten_2x4-13	106	Picture	stim	1887123	0	1	20166	1	0	20000	hit	297
2ndgrade_kloten_2x4-13	106	Pulse	199	1890000	2877	NA
2ndgrade_kloten_2x4-13	106	Response	16	1899717	12595	0
2ndgrade_kloten_2x4-13	106	Pulse	199	1900000	12877	NA
2ndgrade_kloten_2x4-13	107	Picture	fix2	1907288	0	1	14833	1	0	next	other	0
2ndgrade_kloten_2x4-13	107	Pulse	199	1910000	2712	NA
2ndgrade_kloten_2x4-13	107	Pulse	199	1920000	12712	NA
2ndgrade_kloten_2x4-13	108	Picture	feedback	1922122	0	1	20166	1	0	next	other	0
2ndgrade_kloten_2x4-13	108	Pulse	199	1930000	7878	NA
2ndgrade_kloten_2x4-13	108	Pulse	199	1940000	17878	NA
2ndgrade_kloten_2x4-13	109	Picture	fix	1942288	0	1	26666	1	0	next	other	0
2ndgrade_kloten_2x4-13	109	Pulse	199	1950000	7712	NA
2ndgrade_kloten_2x4-13	109	Pulse	199	1960000	17712	NA
2ndgrade_kloten_2x4-13	111	Picture	stim	1968954	0	1	20166	1	0	20000	incorrect	310
2ndgrade_kloten_2x4-13	111	Pulse	199	1970000	1046	NA
2ndgrade_kloten_2x4-13	111	Response	32	1979762	10808	0
2ndgrade_kloten_2x4-13	111	Pulse	199	1980000	11046	NA
2ndgrade_kloten_2x4-13	112	Picture	fix2	1989120	0	1	24999	1	0	next	other	0
2ndgrade_kloten_2x4-13	112	Pulse	199	1990000	880	NA
2ndgrade_kloten_2x4-13	112	Pulse	199	2000000	10880	NA
2ndgrade_kloten_2x4-13	112	Pulse	199	2010000	20880	NA
2ndgrade_kloten_2x4-13	113	Picture	feedback	2014120	0	1	20166	1	0	next	other	0
2ndgrade_kloten_2x4-13	113	Pulse	199	2020000	5880	NA
2ndgrade_kloten_2x4-13	113	Pulse	199	2030000	15880	NA
2ndgrade_kloten_2x4-13	114	Picture	fix	2034286	0	1	30666	1	0	next	other	0
2ndgrade_kloten_2x4-13	114	Pulse	199	2040000	5714	NA
2ndgrade_kloten_2x4-13	114	Pulse	199	2050000	15714	NA
2ndgrade_kloten_2x4-13	114	Pulse	199	2060000	25714	NA
2ndgrade_kloten_2x4-13	116	Picture	stim	2064952	0	1	20166	1	0	20000	hit	325
2ndgrade_kloten_2x4-13	116	Pulse	199	2070000	5048	NA
2ndgrade_kloten_2x4-13	116	Response	16	2076139	11187	0
2ndgrade_kloten_2x4-13	116	Pulse	199	2080000	15048	NA
2ndgrade_kloten_2x4-13	117	Picture	fix2	2085118	0	1	18833	1	0	next	other	0
2ndgrade_kloten_2x4-13	117	Pulse	199	2090000	4882	NA
2ndgrade_kloten_2x4-13	117	Pulse	199	2100000	14882	NA
2ndgrade_kloten_2x4-13	118	Picture	feedback	2103951	0	1	20166	1	0	next	other	0
2ndgrade_kloten_2x4-13	118	Pulse	199	2110000	6049	NA
2ndgrade_kloten_2x4-13	118	Pulse	199	2120000	16049	NA
2ndgrade_kloten_2x4-13	119	Picture	fix	2124117	0	1	25166	1	0	next	other	0
2ndgrade_kloten_2x4-13	119	Pulse	199	2130000	5883	NA
2ndgrade_kloten_2x4-13	119	Pulse	199	2140000	15883	NA
2ndgrade_kloten_2x4-13	121	Picture	stim	2149283	0	1	20166	1	0	20000	incorrect	339
2ndgrade_kloten_2x4-13	121	Pulse	199	2150000	717	NA
2ndgrade_kloten_2x4-13	121	Pulse	199	2160000	10717	NA
2ndgrade_kloten_2x4-13	121	Response	32	2163831	14548	0
2ndgrade_kloten_2x4-13	122	Picture	fix2	2169449	0	1	16000	1	0	next	other	0
2ndgrade_kloten_2x4-13	122	Pulse	199	2170000	551	NA
2ndgrade_kloten_2x4-13	122	Pulse	199	2180000	10551	NA
2ndgrade_kloten_2x4-13	123	Picture	feedback	2185449	0	1	20166	1	0	next	other	0
2ndgrade_kloten_2x4-13	123	Pulse	199	2190000	4551	NA
2ndgrade_kloten_2x4-13	123	Pulse	199	2200000	14551	NA
2ndgrade_kloten_2x4-13	124	Picture	fix	2205615	0	1	19500	1	0	next	other	0
2ndgrade_kloten_2x4-13	124	Pulse	199	2210000	4385	NA
2ndgrade_kloten_2x4-13	124	Pulse	199	2220000	14385	NA
2ndgrade_kloten_2x4-13	126	Picture	stim	2225115	0	1	20166	1	0	20000	incorrect	351
2ndgrade_kloten_2x4-13	126	Pulse	199	2230000	4885	NA
2ndgrade_kloten_2x4-13	126	Response	32	2239986	14871	0
2ndgrade_kloten_2x4-13	126	Pulse	199	2240000	14885	NA
2ndgrade_kloten_2x4-13	127	Picture	fix2	2245447	0	1	34666	1	0	next	other	0
2ndgrade_kloten_2x4-13	127	Pulse	199	2250000	4553	NA
2ndgrade_kloten_2x4-13	127	Pulse	199	2260000	14553	NA
2ndgrade_kloten_2x4-13	127	Pulse	199	2270000	24553	NA
2ndgrade_kloten_2x4-13	127	Pulse	199	2280000	34553	NA
2ndgrade_kloten_2x4-13	128	Picture	feedback	2280113	0	1	20166	1	0	next	other	0
2ndgrade_kloten_2x4-13	128	Pulse	199	2290000	9887	NA
2ndgrade_kloten_2x4-13	128	Pulse	199	2300000	19887	NA
2ndgrade_kloten_2x4-13	129	Picture	fix	2300279	0	1	26666	1	0	next	other	0
2ndgrade_kloten_2x4-13	129	Pulse	199	2310000	9721	NA
2ndgrade_kloten_2x4-13	129	Pulse	199	2320000	19721	NA
2ndgrade_kloten_2x4-13	131	Picture	stim	2326946	0	1	20166	1	0	20000	hit	367
2ndgrade_kloten_2x4-13	131	Pulse	199	2330000	3054	NA
2ndgrade_kloten_2x4-13	131	Pulse	199	2340000	13054	NA
2ndgrade_kloten_2x4-13	131	Response	16	2341931	14985	0
2ndgrade_kloten_2x4-13	132	Picture	fix2	2347112	0	1	22666	1	0	next	other	0
2ndgrade_kloten_2x4-13	132	Pulse	199	2350000	2888	NA
2ndgrade_kloten_2x4-13	132	Pulse	199	2360000	12888	NA
2ndgrade_kloten_2x4-13	133	Picture	feedback	2369778	0	1	20166	1	0	next	other	0
2ndgrade_kloten_2x4-13	133	Pulse	199	2370000	222	NA
2ndgrade_kloten_2x4-13	133	Pulse	199	2380000	10222	NA
2ndgrade_kloten_2x4-13	134	Picture	fix	2389944	0	1	25499	1	0	next	other	0
2ndgrade_kloten_2x4-13	134	Pulse	199	2390000	56	NA
2ndgrade_kloten_2x4-13	134	Pulse	199	2400000	10056	NA
2ndgrade_kloten_2x4-13	134	Pulse	199	2410000	20056	NA
2ndgrade_kloten_2x4-13	136	Picture	stim	2415443	0	1	20166	1	0	20000	miss	0
2ndgrade_kloten_2x4-13	136	Pulse	199	2420000	4557	NA
2ndgrade_kloten_2x4-13	136	Pulse	199	2430000	14557	NA
2ndgrade_kloten_2x4-13	137	Picture	fix2	2435610	0	1	20833	1	0	next	other	0
2ndgrade_kloten_2x4-13	137	Response	16	2435715	105	0
2ndgrade_kloten_2x4-13	137	Pulse	199	2440000	4390	NA
2ndgrade_kloten_2x4-13	137	Pulse	199	2450000	14390	NA
2ndgrade_kloten_2x4-13	138	Picture	feedback	2456443	0	1	20166	1	0	next	other	0
2ndgrade_kloten_2x4-13	138	Pulse	199	2460000	3557	NA
2ndgrade_kloten_2x4-13	138	Pulse	199	2470000	13557	NA
2ndgrade_kloten_2x4-13	139	Picture	fix	2476609	0	1	25333	1	0	next	other	0
2ndgrade_kloten_2x4-13	139	Pulse	199	2480000	3391	NA
2ndgrade_kloten_2x4-13	139	Pulse	199	2490000	13391	NA
2ndgrade_kloten_2x4-13	139	Pulse	199	2500000	23391	NA
2ndgrade_kloten_2x4-13	141	Picture	stim	2501941	0	1	20166	1	0	20000	hit	395
2ndgrade_kloten_2x4-13	141	Pulse	199	2510000	8059	NA
2ndgrade_kloten_2x4-13	141	Pulse	199	2520000	18059	NA
2ndgrade_kloten_2x4-13	141	Response	16	2521224	19282	0
2ndgrade_kloten_2x4-13	142	Picture	fix2	2522108	0	1	19166	1	0	next	other	0
2ndgrade_kloten_2x4-13	142	Pulse	199	2530000	7892	NA
2ndgrade_kloten_2x4-13	142	Pulse	199	2540000	17892	NA
2ndgrade_kloten_2x4-13	143	Picture	feedback	2541274	0	1	20166	1	0	next	other	0
2ndgrade_kloten_2x4-13	143	Pulse	199	2550000	8726	NA
2ndgrade_kloten_2x4-13	143	Pulse	199	2560000	18726	NA
2ndgrade_kloten_2x4-13	144	Picture	fix	2561440	0	1	24333	1	0	next	other	0
2ndgrade_kloten_2x4-13	144	Pulse	199	2570000	8560	NA
2ndgrade_kloten_2x4-13	144	Pulse	199	2580000	18560	NA
2ndgrade_kloten_2x4-13	146	Picture	stim	2585773	0	1	20166	1	0	20000	incorrect	407
2ndgrade_kloten_2x4-13	146	Pulse	199	2590000	4227	NA
2ndgrade_kloten_2x4-13	146	Response	32	2597933	12161	0
2ndgrade_kloten_2x4-13	146	Pulse	199	2600000	14227	NA
2ndgrade_kloten_2x4-13	147	Picture	fix2	2606106	0	1	9833	1	0	next	other	0
2ndgrade_kloten_2x4-13	147	Pulse	199	2610000	3894	NA
2ndgrade_kloten_2x4-13	148	Picture	feedback	2615939	0	1	20166	1	0	next	other	0
2ndgrade_kloten_2x4-13	148	Pulse	199	2620000	4061	NA
2ndgrade_kloten_2x4-13	148	Pulse	199	2630000	14061	NA
2ndgrade_kloten_2x4-13	149	Picture	fix	2636105	0	1	20833	1	0	next	other	0
2ndgrade_kloten_2x4-13	149	Pulse	199	2640000	3895	NA
2ndgrade_kloten_2x4-13	149	Pulse	199	2650000	13895	NA
2ndgrade_kloten_2x4-13	151	Picture	stim	2656938	0	1	20166	1	0	20000	hit	419
2ndgrade_kloten_2x4-13	151	Pulse	199	2660000	3062	NA
2ndgrade_kloten_2x4-13	151	Response	16	2669114	12176	0
2ndgrade_kloten_2x4-13	151	Pulse	199	2670000	13062	NA
2ndgrade_kloten_2x4-13	152	Picture	fix2	2677104	0	1	18333	1	0	next	other	0
2ndgrade_kloten_2x4-13	152	Pulse	199	2680000	2896	NA
2ndgrade_kloten_2x4-13	152	Pulse	199	2690000	12896	NA
2ndgrade_kloten_2x4-13	153	Picture	feedback	2695437	0	1	20166	1	0	next	other	0
2ndgrade_kloten_2x4-13	153	Pulse	199	2700000	4563	NA
2ndgrade_kloten_2x4-13	153	Pulse	199	2710000	14563	NA
2ndgrade_kloten_2x4-13	154	Picture	fix	2715603	0	1	30666	1	0	next	other	0
2ndgrade_kloten_2x4-13	154	Pulse	199	2720000	4397	NA
2ndgrade_kloten_2x4-13	154	Pulse	199	2730000	14397	NA
2ndgrade_kloten_2x4-13	154	Pulse	199	2740000	24397	NA
2ndgrade_kloten_2x4-13	156	Picture	stim	2746269	0	1	20166	1	0	20000	hit	434
2ndgrade_kloten_2x4-13	156	Pulse	199	2750000	3731	NA
2ndgrade_kloten_2x4-13	156	Pulse	199	2760000	13731	NA
2ndgrade_kloten_2x4-13	156	Response	16	2762899	16629	0
2ndgrade_kloten_2x4-13	157	Picture	fix2	2766435	0	1	23833	1	0	next	other	0
2ndgrade_kloten_2x4-13	157	Pulse	199	2770000	3565	NA
2ndgrade_kloten_2x4-13	157	Pulse	199	2780000	13565	NA
2ndgrade_kloten_2x4-13	157	Pulse	199	2790000	23565	NA
2ndgrade_kloten_2x4-13	158	Picture	feedback	2790268	0	1	20166	1	0	next	other	0
2ndgrade_kloten_2x4-13	158	Pulse	199	2800000	9732	NA
2ndgrade_kloten_2x4-13	158	Pulse	199	2810000	19732	NA
2ndgrade_kloten_2x4-13	159	Picture	fix	2810434	0	1	27833	1	0	next	other	0
2ndgrade_kloten_2x4-13	159	Pulse	199	2820000	9566	NA
2ndgrade_kloten_2x4-13	159	Pulse	199	2830000	19566	NA
2ndgrade_kloten_2x4-13	161	Picture	stim	2838267	0	1	20166	1	0	20000	miss	0
2ndgrade_kloten_2x4-13	161	Pulse	199	2840000	1733	NA
2ndgrade_kloten_2x4-13	161	Pulse	199	2850000	11733	NA
2ndgrade_kloten_2x4-13	162	Picture	fix2	2858600	0	1	19166	1	0	next	other	0
2ndgrade_kloten_2x4-13	162	Response	32	2858682	83	0
2ndgrade_kloten_2x4-13	162	Pulse	199	2860000	1400	NA
2ndgrade_kloten_2x4-13	162	Pulse	199	2870000	11400	NA
2ndgrade_kloten_2x4-13	163	Picture	feedback	2877766	0	1	20166	1	0	next	other	0
2ndgrade_kloten_2x4-13	163	Pulse	199	2880000	2234	NA
2ndgrade_kloten_2x4-13	163	Pulse	199	2890000	12234	NA
2ndgrade_kloten_2x4-13	164	Picture	100	2897932	0	1	80165	1	0	80000	other	0
2ndgrade_kloten_2x4-13	164	Pulse	199	2900000	2068	NA
2ndgrade_kloten_2x4-13	164	Pulse	199	2910000	12068	NA
2ndgrade_kloten_2x4-13	164	Pulse	199	2920000	22068	NA
2ndgrade_kloten_2x4-13	164	Pulse	199	2930000	32068	NA
2ndgrade_kloten_2x4-13	164	Pulse	199	2940000	42068	NA
2ndgrade_kloten_2x4-13	164	Pulse	199	2950000	52068	NA
2ndgrade_kloten_2x4-13	164	Pulse	199	2960000	62068	NA
2ndgrade_kloten_2x4-13	164	Pulse	199	2970000	72068	NA
