Scenario - 
Logfile written - 02/12/2019 10:13:05

Subject	Trial	Event Type	Code	Time	TTime	Uncertainty	Duration	Uncertainty	ReqTime	ReqDur	Stim Type	Pair Index

Ab.S.2.Kl.	1	Response	3	18295	4795	1
Ab.S.2.Kl.	1	Response	3	1534751	1521251	13
Ab.S.2.Kl.	2	Picture	consistent	1560514	25172	1	20171	2	25000	20000	miss	0
Ab.S.2.Kl.	3	Picture	pos_feedback	1601023	0	2	20171	2	0	20000	miss	0
Ab.S.2.Kl.	4	Picture	consistent	1653202	25172	1	20171	2	25000	20000	hit	6
Ab.S.2.Kl.	4	Response	16	1683088	55059	1
Ab.S.2.Kl.	5	Picture	pos_feedback	1693711	0	1	20171	1	0	20000	miss	0
Ab.S.2.Kl.	6	Picture	consistent	1747223	25172	1	20171	2	25000	20000	hit	9
Ab.S.2.Kl.	6	Response	32	1766512	44461	2
Ab.S.2.Kl.	7	Picture	pos_feedback	1787732	0	1	20171	1	0	20000	miss	0
Ab.S.2.Kl.	8	Picture	consistent	1843911	25172	1	20171	2	25000	20000	hit	12
Ab.S.2.Kl.	8	Response	16	1868834	50095	2
Ab.S.2.Kl.	9	Picture	pos_feedback	1884420	0	1	20171	1	0	20000	miss	0
Ab.S.2.Kl.	10	Picture	consistent	1935432	25172	1	20171	2	25000	20000	hit	15
Ab.S.2.Kl.	10	Response	32	1960250	49991	1
Ab.S.2.Kl.	11	Picture	pos_feedback	1975941	0	1	20171	1	0	20000	miss	0
Ab.S.2.Kl.	12	Picture	consistent	2029453	25172	1	20171	2	25000	20000	hit	18
Ab.S.2.Kl.	12	Response	32	2048363	44082	2
Ab.S.2.Kl.	13	Picture	pos_feedback	2069962	0	1	20171	2	0	20000	miss	0
Ab.S.2.Kl.	14	Picture	consistent	2126141	25172	2	20171	2	25000	20000	hit	21
Ab.S.2.Kl.	14	Response	16	2137078	36109	2
Ab.S.2.Kl.	14	Response	16	2138119	37151	1
Ab.S.2.Kl.	15	Picture	pos_feedback	2166650	0	1	20171	1	0	20000	miss	0
Ab.S.2.Kl.	16	Picture	consistent	2217828	25172	1	20171	2	25000	20000	hit	25
Ab.S.2.Kl.	16	Response	32	2246749	54093	1
Ab.S.2.Kl.	17	Picture	pos_feedback	2258338	0	1	20171	1	0	20000	miss	0
Ab.S.2.Kl.	18	Picture	consistent	2311850	25172	1	20171	2	25000	20000	hit	28
Ab.S.2.Kl.	18	Response	16	2327689	41012	2
Ab.S.2.Kl.	19	Picture	pos_feedback	2352359	0	1	20171	1	0	20000	miss	0
Ab.S.2.Kl.	20	Picture	consistent	2408204	25172	1	20171	2	25000	20000	hit	31
Ab.S.2.Kl.	20	Response	32	2422428	39396	1
Ab.S.2.Kl.	21	Picture	pos_feedback	2448714	0	1	20171	2	0	20000	miss	0
Ab.S.2.Kl.	22	Picture	consistent	2499892	25172	1	20171	2	25000	20000	hit	34
Ab.S.2.Kl.	22	Response	16	2522365	47645	1
Ab.S.2.Kl.	23	Picture	pos_feedback	2540401	0	1	20171	2	0	20000	miss	0
Ab.S.2.Kl.	24	Picture	consistent	2594246	25172	1	20171	2	25000	20000	hit	37
Ab.S.2.Kl.	24	Response	16	2619416	50342	1
Ab.S.2.Kl.	25	Picture	pos_feedback	2634755	0	1	20171	1	0	20000	miss	0
Ab.S.2.Kl.	26	Picture	consistent	2690768	25172	1	20171	2	25000	20000	hit	40
Ab.S.2.Kl.	26	Response	16	2706860	41264	1
Ab.S.2.Kl.	27	Picture	pos_feedback	2731277	0	1	20171	1	0	20000	miss	0
Ab.S.2.Kl.	28	Picture	consistent	2782455	25172	1	20171	2	25000	20000	hit	43
Ab.S.2.Kl.	28	Response	16	2800477	43195	1
Ab.S.2.Kl.	29	Picture	pos_feedback	2822964	0	1	20171	1	0	20000	miss	0
Ab.S.2.Kl.	30	Picture	consistent	2876475	25171	3	20173	4	25000	20000	hit	46
Ab.S.2.Kl.	30	Response	16	2892400	41096	1
Ab.S.2.Kl.	31	Picture	pos_feedback	2916985	0	1	20171	1	0	20000	miss	0
Ab.S.2.Kl.	32	Response	3	3628679	681187	5
Ab.S.2.Kl.	33	Picture	consistent	3654317	25172	1	20171	2	25000	20000	hit	50
Ab.S.2.Kl.	33	Response	16	3678397	49252	1
Ab.S.2.Kl.	34	Picture	pos_feedback	3694827	0	1	20171	1	0	20000	miss	0
Ab.S.2.Kl.	35	Picture	consistent	3746171	25172	2	20171	2	25000	20000	hit	53
Ab.S.2.Kl.	35	Response	32	3777374	56375	1
Ab.S.2.Kl.	36	Picture	pos_feedback	3786680	0	1	20171	2	0	20000	miss	0
Ab.S.2.Kl.	37	Picture	consistent	3840359	25172	1	20171	2	25000	20000	hit	56
Ab.S.2.Kl.	37	Response	16	3857205	42018	3
Ab.S.2.Kl.	38	Picture	pos_feedback	3880868	0	1	20171	1	0	20000	miss	0
Ab.S.2.Kl.	39	Picture	consistent	3937047	25172	1	20171	2	25000	20000	hit	59
Ab.S.2.Kl.	39	Response	16	3953789	41914	1
Ab.S.2.Kl.	40	Picture	pos_feedback	3977557	0	1	20171	2	0	20000	miss	0
Ab.S.2.Kl.	41	Picture	consistent	4028735	25172	1	20171	2	25000	20000	hit	62
Ab.S.2.Kl.	41	Response	16	4045670	42107	1
Ab.S.2.Kl.	42	Picture	pos_feedback	4069244	0	1	20171	2	0	20000	miss	0
Ab.S.2.Kl.	43	Picture	consistent	4122756	25172	1	20171	2	25000	20000	hit	65
Ab.S.2.Kl.	43	Response	32	4150856	53272	1
Ab.S.2.Kl.	44	Picture	pos_feedback	4163265	0	1	20171	1	0	20000	miss	0
Ab.S.2.Kl.	45	Picture	consistent	4219444	25176	1	20171	2	25000	20000	hit	68
Ab.S.2.Kl.	45	Response	32	4248693	54425	1
Ab.S.2.Kl.	46	Picture	pos_feedback	4259953	0	1	20171	1	0	20000	miss	0
Ab.S.2.Kl.	47	Picture	consistent	4310965	25172	1	20171	1	25000	20000	hit	71
Ab.S.2.Kl.	47	Response	16	4326973	41180	1
Ab.S.2.Kl.	48	Picture	pos_feedback	4351474	0	1	20171	2	0	20000	miss	0
Ab.S.2.Kl.	49	Picture	consistent	4405152	25172	1	20171	3	25000	20000	hit	74
Ab.S.2.Kl.	49	Response	16	4426194	46214	2
Ab.S.2.Kl.	50	Picture	pos_feedback	4445662	0	1	20171	1	0	20000	miss	0
Ab.S.2.Kl.	51	Picture	consistent	4502008	25172	1	20171	2	25000	20000	hit	77
Ab.S.2.Kl.	51	Response	16	4517976	41140	1
Ab.S.2.Kl.	52	Picture	pos_feedback	4542517	0	1	20171	2	0	20000	miss	0
Ab.S.2.Kl.	53	Picture	consistent	4593528	25172	1	20171	2	25000	20000	hit	80
Ab.S.2.Kl.	53	Response	16	4619371	51015	1
Ab.S.2.Kl.	54	Picture	pos_feedback	4634037	0	1	20171	2	0	20000	miss	0
Ab.S.2.Kl.	55	Picture	consistent	4687716	25172	1	20171	2	25000	20000	hit	83
Ab.S.2.Kl.	55	Response	16	4710059	47515	1
Ab.S.2.Kl.	56	Picture	pos_feedback	4728225	0	1	20171	2	0	20000	miss	0
Ab.S.2.Kl.	57	Picture	consistent	4784238	25172	1	20171	2	25000	20000	hit	86
Ab.S.2.Kl.	57	Response	32	4803651	44586	1
Ab.S.2.Kl.	58	Picture	pos_feedback	4824747	0	1	20171	2	0	20000	miss	0
Ab.S.2.Kl.	59	Picture	consistent	4875925	25172	1	20171	2	25000	20000	hit	89
Ab.S.2.Kl.	59	Response	16	4903551	52798	1
Ab.S.2.Kl.	60	Picture	pos_feedback	4916434	0	2	20171	2	0	20000	miss	0
Ab.S.2.Kl.	61	Picture	consistent	4970113	25172	1	20171	2	25000	20000	hit	92
Ab.S.2.Kl.	61	Response	16	4988044	43103	1
Ab.S.2.Kl.	62	Picture	pos_feedback	5010622	0	1	20171	1	0	20000	miss	0
Ab.S.2.Kl.	63	Picture	consistent	5066468	25172	1	20171	2	25000	20000	hit	95
Ab.S.2.Kl.	63	Response	32	5087786	46491	1
Ab.S.2.Kl.	64	Picture	pos_feedback	5106977	0	1	20171	2	0	20000	miss	0
Ab.S.2.Kl.	65	Picture	consistent	5157821	25172	1	20171	2	25000	20000	hit	98
Ab.S.2.Kl.	65	Response	16	5175104	42455	1
Ab.S.2.Kl.	66	Picture	pos_feedback	5198330	0	2	20171	2	0	20000	miss	0
Ab.S.2.Kl.	67	Picture	consistent	5252176	25172	1	20171	2	25000	20000	hit	101
Ab.S.2.Kl.	67	Response	16	5266882	39878	1
Ab.S.2.Kl.	68	Picture	pos_feedback	5292685	0	1	20171	1	0	20000	miss	0
Ab.S.2.Kl.	69	Picture	consistent	5348531	25172	1	20171	2	25000	20000	hit	104
Ab.S.2.Kl.	69	Response	16	5370949	47590	1
Ab.S.2.Kl.	70	Picture	pos_feedback	5389040	0	1	20171	2	0	20000	miss	0
Ab.S.2.Kl.	71	Picture	consistent	5440051	25172	1	20171	2	25000	20000	hit	107
Ab.S.2.Kl.	71	Response	32	5456809	41930	1
Ab.S.2.Kl.	72	Picture	pos_feedback	5480560	0	1	20171	2	0	20000	miss	0
Ab.S.2.Kl.	73	Picture	consistent	5534239	25172	1	20171	2	25000	20000	hit	110
Ab.S.2.Kl.	73	Response	16	5555695	46629	1
Ab.S.2.Kl.	74	Picture	pos_feedback	5574748	0	1	20171	1	0	20000	miss	0
Ab.S.2.Kl.	75	Picture	consistent	5630761	25172	1	20171	2	25000	20000	hit	113
Ab.S.2.Kl.	75	Response	32	5646021	40433	1
Ab.S.2.Kl.	76	Picture	pos_feedback	5671270	0	1	20171	2	0	20000	miss	0
Ab.S.2.Kl.	77	Picture	consistent	5722115	25172	1	20171	2	25000	20000	hit	116
Ab.S.2.Kl.	77	Response	16	5737738	40795	1
Ab.S.2.Kl.	78	Picture	pos_feedback	5762624	0	1	20171	2	0	20000	miss	0
Ab.S.2.Kl.	79	Picture	consistent	5816136	25172	1	20171	2	25000	20000	hit	119
Ab.S.2.Kl.	79	Response	32	5831739	40776	1
Ab.S.2.Kl.	80	Picture	pos_feedback	5856645	0	1	20171	2	0	20000	miss	0
Ab.S.2.Kl.	81	Picture	consistent	5912657	25172	1	20171	2	25000	20000	hit	122
Ab.S.2.Kl.	81	Response	16	5934191	46706	1
Ab.S.2.Kl.	82	Picture	pos_feedback	5953166	0	1	20171	1	0	20000	miss	0
Ab.S.2.Kl.	83	Picture	consistent	6004178	25172	1	20171	2	25000	20000	hit	125
Ab.S.2.Kl.	83	Response	16	6022681	43676	1
Ab.S.2.Kl.	84	Picture	pos_feedback	6044687	0	1	20171	1	0	20000	miss	0
Ab.S.2.Kl.	85	Picture	consistent	6098199	25172	1	20171	2	25000	20000	hit	128
Ab.S.2.Kl.	85	Response	32	6117010	43983	1
Ab.S.2.Kl.	86	Picture	pos_feedback	6138708	0	1	20171	2	0	20000	miss	0
Ab.S.2.Kl.	87	Picture	consistent	6194554	25172	1	20171	2	25000	20000	hit	131
Ab.S.2.Kl.	87	Response	32	6214426	45044	1
Ab.S.2.Kl.	88	Picture	pos_feedback	6235063	0	1	20171	2	0	20000	miss	0
Ab.S.2.Kl.	89	Picture	consistent	6286241	25172	1	20171	2	25000	20000	hit	134
Ab.S.2.Kl.	89	Response	32	6307118	46049	1
Ab.S.2.Kl.	90	Picture	pos_feedback	6326750	0	1	20171	1	0	20000	miss	0
Ab.S.2.Kl.	91	Picture	consistent	6380262	25172	1	20171	2	25000	20000	hit	137
Ab.S.2.Kl.	91	Response	16	6394912	39822	1
Ab.S.2.Kl.	92	Picture	pos_feedback	6420771	0	1	20171	1	0	20000	miss	0
