Scenario - 
Logfile written - 02/01/2019 12:11:12

Subject	Trial	Event Type	Code	Time	TTime	Uncertainty	Duration	Uncertainty	ReqTime	ReqDur	Stim Type	Pair Index

B.3Sek	1	Response	3	16589	4756	3
B.3Sek	1	Response	3	148684	136851	1
B.3Sek	2	Picture	consistent	174537	25172	1	20171	2	25000	20000	hit	4
B.3Sek	2	Response	16	208886	59521	1
B.3Sek	3	Picture	pos_feedback	215046	0	1	20171	1	0	20000	miss	0
B.3Sek	4	Picture	consistent	265724	25172	1	20171	2	25000	20000	hit	7
B.3Sek	4	Response	32	293596	53045	1
B.3Sek	5	Picture	pos_feedback	306233	0	1	20171	1	0	20000	miss	0
B.3Sek	6	Picture	consistent	359412	25172	1	20171	2	25000	20000	hit	10
B.3Sek	6	Response	16	374344	40105	1
B.3Sek	7	Picture	pos_feedback	399921	0	1	20171	1	0	20000	miss	0
B.3Sek	8	Picture	consistent	456267	25172	1	20171	2	25000	20000	hit	13
B.3Sek	8	Response	16	473216	42121	1
B.3Sek	9	Picture	pos_feedback	496776	0	1	20171	1	0	20000	miss	0
B.3Sek	10	Picture	consistent	547620	25172	1	20171	2	25000	20000	miss	0
B.3Sek	11	Picture	pos_feedback	588129	0	1	20171	1	0	20000	miss	0
B.3Sek	12	Picture	consistent	641308	25172	1	20171	2	25000	20000	hit	18
B.3Sek	12	Response	32	667417	51281	1
B.3Sek	13	Picture	pos_feedback	681817	0	1	20171	2	0	20000	miss	0
B.3Sek	14	Picture	consistent	737663	25172	1	20171	2	25000	20000	hit	21
B.3Sek	14	Response	16	757459	44968	1
B.3Sek	15	Picture	pos_feedback	778172	0	1	20171	2	0	20000	miss	0
B.3Sek	16	Picture	consistent	829350	25172	1	20171	2	25000	20000	hit	24
B.3Sek	16	Response	16	853825	49648	1
B.3Sek	17	Picture	pos_feedback	869859	0	1	20171	2	0	20000	miss	0
B.3Sek	18	Picture	consistent	923538	25172	1	20171	2	25000	20000	hit	27
B.3Sek	18	Response	32	945716	47350	1
B.3Sek	18	Response	32	953415	55049	1
B.3Sek	18	Response	32	955380	57014	1
B.3Sek	18	Response	32	957028	58663	2
B.3Sek	19	Picture	pos_feedback	964047	0	1	20171	2	0	20000	miss	0
B.3Sek	20	Picture	consistent	1019893	25172	1	20171	2	25000	20000	hit	33
B.3Sek	20	Response	32	1040114	45393	1
B.3Sek	21	Picture	pos_feedback	1060402	0	1	20171	1	0	20000	miss	0
B.3Sek	22	Picture	consistent	1111580	25172	1	20171	2	25000	20000	hit	36
B.3Sek	22	Response	32	1138194	51786	1
B.3Sek	23	Picture	pos_feedback	1152089	0	2	20171	2	0	20000	miss	0
B.3Sek	24	Picture	consistent	1205768	25172	1	20171	2	25000	20000	hit	39
B.3Sek	24	Response	16	1229961	49365	1
B.3Sek	25	Picture	pos_feedback	1246277	0	1	20171	1	0	20000	miss	0
B.3Sek	26	Picture	consistent	1302123	25172	1	20171	2	25000	20000	miss	0
B.3Sek	27	Picture	pos_feedback	1342632	0	1	20171	2	0	20000	miss	0
B.3Sek	28	Picture	consistent	1393643	25172	1	20171	2	25000	20000	hit	44
B.3Sek	28	Response	16	1413868	45397	2
B.3Sek	29	Picture	pos_feedback	1434153	0	1	20171	1	0	20000	miss	0
B.3Sek	30	Picture	consistent	1487665	25172	1	20171	2	25000	20000	hit	47
B.3Sek	30	Response	16	1515665	53172	1
B.3Sek	31	Picture	pos_feedback	1528174	0	1	20171	1	0	20000	miss	0
B.3Sek	32	Response	3	1746956	188275	1
B.3Sek	33	Picture	consistent	1772729	25172	1	20171	2	25000	20000	miss	0
B.3Sek	34	Picture	pos_feedback	1813238	0	1	20171	2	0	20000	miss	0
B.3Sek	35	Picture	consistent	1864082	25172	1	20171	2	25000	20000	hit	53
B.3Sek	35	Response	16	1891368	52458	1
B.3Sek	36	Picture	pos_feedback	1904591	0	1	20171	1	0	20000	miss	0
B.3Sek	37	Picture	consistent	1958437	25172	1	20171	2	25000	20000	hit	56
B.3Sek	37	Response	16	1979479	46215	1
B.3Sek	38	Picture	pos_feedback	1998946	0	1	20171	1	0	20000	miss	0
B.3Sek	39	Picture	consistent	2055125	25172	1	20171	2	25000	20000	hit	59
B.3Sek	39	Response	16	2067291	37338	1
B.3Sek	40	Picture	pos_feedback	2095634	0	1	20171	1	0	20000	miss	0
B.3Sek	41	Picture	consistent	2146813	25172	1	20171	2	25000	20000	hit	62
B.3Sek	41	Response	32	2155518	33878	1
B.3Sek	42	Picture	pos_feedback	2187322	0	1	20171	2	0	20000	miss	0
B.3Sek	43	Picture	consistent	2241000	25172	1	20171	2	25000	20000	hit	65
B.3Sek	43	Response	32	2274787	58959	1
B.3Sek	44	Picture	pos_feedback	2281509	0	1	20171	1	0	20000	miss	0
B.3Sek	45	Picture	consistent	2337689	25172	1	20171	2	25000	20000	hit	68
B.3Sek	45	Response	32	2357211	44695	1
B.3Sek	46	Picture	pos_feedback	2378198	0	1	20171	2	0	20000	miss	0
B.3Sek	47	Picture	consistent	2429209	25172	1	20171	2	25000	20000	hit	71
B.3Sek	47	Response	16	2444572	40535	1
B.3Sek	48	Picture	pos_feedback	2469718	0	1	20171	1	0	20000	miss	0
B.3Sek	49	Picture	consistent	2523230	25172	1	20171	2	25000	20000	hit	74
B.3Sek	49	Response	32	2546818	48760	1
B.3Sek	50	Picture	pos_feedback	2563739	0	1	20171	2	0	20000	miss	0
B.3Sek	51	Picture	consistent	2619919	25172	1	20171	2	25000	20000	hit	77
B.3Sek	51	Response	16	2637913	43166	1
B.3Sek	52	Picture	pos_feedback	2660428	0	1	20171	1	0	20000	miss	0
B.3Sek	53	Picture	consistent	2711106	25172	1	20171	2	25000	20000	hit	80
B.3Sek	53	Response	16	2730475	44542	1
B.3Sek	54	Picture	pos_feedback	2751615	0	1	20171	1	0	20000	miss	0
B.3Sek	55	Picture	consistent	2805127	25172	1	20171	2	25000	20000	hit	83
B.3Sek	55	Response	16	2829408	49453	1
B.3Sek	56	Picture	pos_feedback	2845636	0	1	20171	2	0	20000	miss	0
B.3Sek	57	Picture	consistent	2901815	25172	1	20171	2	25000	20000	hit	86
B.3Sek	57	Response	16	2921392	44749	1
B.3Sek	58	Picture	pos_feedback	2942324	0	1	20171	2	0	20000	miss	0
B.3Sek	59	Picture	consistent	2993502	25172	1	20171	2	25000	20000	hit	89
B.3Sek	59	Response	32	3015231	46901	1
B.3Sek	60	Picture	pos_feedback	3034012	0	1	20171	2	0	20000	miss	0
B.3Sek	61	Picture	consistent	3087690	25172	1	20171	2	25000	20000	hit	92
B.3Sek	61	Response	16	3101376	38858	2
B.3Sek	62	Picture	pos_feedback	3128199	0	1	20171	1	0	20000	miss	0
B.3Sek	63	Picture	consistent	3184379	25172	1	20171	2	25000	20000	hit	95
B.3Sek	63	Response	32	3201982	42776	1
B.3Sek	64	Picture	pos_feedback	3224888	0	1	20171	1	0	20000	miss	0
B.3Sek	65	Picture	consistent	3275566	25172	1	20171	2	25000	20000	hit	98
B.3Sek	65	Response	16	3301515	51122	1
B.3Sek	66	Picture	pos_feedback	3316075	0	1	20171	1	0	20000	miss	0
B.3Sek	67	Picture	consistent	3369587	25172	1	20171	2	25000	20000	hit	101
B.3Sek	67	Response	32	3394395	49980	1
B.3Sek	68	Picture	pos_feedback	3410096	0	1	20171	2	0	20000	miss	0
B.3Sek	69	Picture	consistent	3465775	25172	1	20171	2	25000	20000	hit	104
B.3Sek	69	Response	16	3492396	51793	1
B.3Sek	70	Picture	pos_feedback	3506284	0	1	20171	2	0	20000	miss	0
B.3Sek	71	Picture	consistent	3557129	25172	1	20171	2	25000	20000	hit	107
B.3Sek	71	Response	32	3574479	42522	1
B.3Sek	72	Picture	pos_feedback	3597638	0	1	20171	2	0	20000	miss	0
B.3Sek	73	Picture	consistent	3650983	25172	1	20171	2	25000	20000	hit	110
B.3Sek	73	Response	16	3670993	45182	1
B.3Sek	74	Picture	pos_feedback	3691492	0	1	20171	1	0	20000	miss	0
B.3Sek	75	Picture	consistent	3747505	25172	1	20171	2	25000	20000	hit	113
B.3Sek	75	Response	16	3767484	45151	1
B.3Sek	76	Picture	pos_feedback	3788014	0	1	20171	1	0	20000	miss	0
B.3Sek	77	Picture	consistent	3838859	25172	1	20171	2	25000	20000	hit	116
B.3Sek	77	Response	16	3856752	43066	1
B.3Sek	78	Picture	pos_feedback	3879368	0	1	20171	2	0	20000	miss	0
B.3Sek	79	Picture	consistent	3932880	25172	1	20171	2	25000	20000	hit	119
B.3Sek	79	Response	32	3947849	40142	1
B.3Sek	80	Picture	pos_feedback	3973389	0	1	20171	1	0	20000	miss	0
B.3Sek	81	Picture	consistent	4029402	25172	1	20171	2	25000	20000	hit	122
B.3Sek	81	Response	32	4053697	49468	19
B.3Sek	82	Picture	pos_feedback	4069911	0	1	20171	1	0	20000	miss	0
B.3Sek	83	Picture	consistent	4120755	25172	1	20171	2	25000	20000	hit	125
B.3Sek	83	Response	16	4133079	37496	1
B.3Sek	84	Picture	pos_feedback	4161264	0	1	20171	1	0	20000	miss	0
B.3Sek	85	Picture	consistent	4214610	25172	1	20171	2	25000	20000	hit	128
B.3Sek	85	Response	16	4230866	41428	1
B.3Sek	86	Picture	pos_feedback	4255119	0	1	20171	1	0	20000	miss	0
B.3Sek	87	Picture	consistent	4311131	25172	1	20171	2	25000	20000	hit	131
B.3Sek	87	Response	16	4325104	39145	2
B.3Sek	88	Picture	pos_feedback	4351641	0	1	20171	2	0	20000	miss	0
B.3Sek	89	Picture	consistent	4402652	25172	1	20171	2	25000	20000	hit	134
B.3Sek	89	Response	32	4415702	38223	1
B.3Sek	90	Picture	pos_feedback	4443161	0	1	20171	1	0	20000	miss	0
B.3Sek	91	Picture	consistent	4496506	25172	1	20171	2	25000	20000	hit	137
B.3Sek	91	Response	16	4517348	46014	1
B.3Sek	92	Picture	pos_feedback	4537015	0	1	20171	1	0	20000	miss	0
