Scenario - 
Logfile written - 01/22/2019 10:08:32

Subject	Trial	Event Type	Code	Time	TTime	Uncertainty	Duration	Uncertainty	ReqTime	ReqDur	Stim Type	Pair Index

D.S.	1	Response	3	43543	15039	2
D.S.	1	Response	3	84557	56053	1
D.S.	2	Picture	consistent	110522	25172	1	20171	2	25000	20000	hit	4
D.S.	2	Response	32	128533	43184	1
D.S.	3	Picture	pos_feedback	151031	0	1	20171	1	0	20000	miss	0
D.S.	4	Picture	consistent	202042	25172	1	20171	2	25000	20000	hit	7
D.S.	4	Response	32	225257	48387	1
D.S.	5	Picture	pos_feedback	242551	0	1	20171	1	0	20000	miss	0
D.S.	6	Picture	consistent	296063	25172	1	20171	2	25000	20000	hit	10
D.S.	6	Response	16	324302	53411	1
D.S.	7	Picture	pos_feedback	336572	0	1	20171	1	0	20000	miss	0
D.S.	8	Response	32	383987	16908	1
D.S.	8	Picture	consistent	392251	25172	1	20171	2	25000	20000	hit	14
D.S.	8	Response	32	397813	30735	1
D.S.	9	Picture	pos_feedback	432760	0	1	20171	1	0	20000	miss	0
D.S.	10	Picture	consistent	483771	25172	1	20171	2	25000	20000	hit	17
D.S.	10	Response	32	500600	42002	1
D.S.	11	Picture	pos_feedback	524280	0	1	20171	1	0	20000	miss	0
D.S.	12	Picture	consistent	577792	25172	1	20171	2	25000	20000	hit	20
D.S.	12	Response	16	596469	43850	1
D.S.	13	Picture	pos_feedback	618301	0	1	20171	1	0	20000	miss	0
D.S.	14	Picture	consistent	673980	25172	1	20171	2	25000	20000	hit	23
D.S.	14	Response	32	691278	42470	1
D.S.	15	Picture	pos_feedback	714488	0	1	20171	1	0	20000	miss	0
D.S.	16	Picture	consistent	765500	25172	1	20171	2	25000	20000	hit	26
D.S.	16	Response	16	784693	44365	1
D.S.	17	Picture	pos_feedback	806009	0	1	20171	1	0	20000	miss	0
D.S.	18	Picture	consistent	859520	25172	1	20171	1	25000	20000	hit	29
D.S.	18	Response	16	884347	49998	1
D.S.	19	Picture	pos_feedback	900029	0	1	20171	1	0	20000	miss	0
D.S.	20	Response	32	950558	20022	1
D.S.	20	Picture	consistent	955708	25172	1	20171	2	25000	20000	hit	33
D.S.	20	Response	32	980334	49798	1
D.S.	21	Picture	pos_feedback	996217	0	1	20171	1	0	20000	miss	0
D.S.	22	Picture	consistent	1047229	25172	1	20171	2	25000	20000	hit	36
D.S.	22	Response	16	1064153	42097	1
D.S.	23	Picture	pos_feedback	1087737	0	1	20171	1	0	20000	miss	0
D.S.	24	Picture	consistent	1141249	25172	1	20171	2	25000	20000	hit	39
D.S.	24	Response	16	1163769	47692	1
D.S.	25	Picture	pos_feedback	1181758	0	1	20171	1	0	20000	miss	0
D.S.	26	Picture	consistent	1237437	25172	1	20171	2	25000	20000	hit	42
D.S.	26	Response	32	1254749	42484	1
D.S.	27	Picture	pos_feedback	1277946	0	1	20171	1	0	20000	miss	0
D.S.	28	Picture	consistent	1328624	25172	1	20171	2	25000	20000	hit	45
D.S.	28	Response	32	1348129	44677	1
D.S.	29	Picture	pos_feedback	1369133	0	1	20171	1	0	20000	miss	0
D.S.	30	Picture	consistent	1425479	25172	1	20171	2	25000	20000	hit	48
D.S.	30	Response	16	1442446	42140	1
D.S.	31	Picture	pos_feedback	1465988	0	1	20171	1	0	20000	miss	0
D.S.	32	Response	3	1529140	32646	1
D.S.	33	Picture	consistent	1557674	25172	1	20171	2	25000	20000	hit	52
D.S.	33	Response	16	1579609	47107	1
D.S.	34	Picture	pos_feedback	1598183	0	1	20171	1	0	20000	miss	0
D.S.	35	Picture	consistent	1652029	25172	1	20171	2	25000	20000	hit	55
D.S.	35	Response	16	1677860	51003	1
D.S.	36	Picture	pos_feedback	1692538	0	1	20171	1	0	20000	miss	0
D.S.	37	Picture	consistent	1745716	25172	1	20171	2	25000	20000	hit	58
D.S.	37	Response	32	1760912	40368	1
D.S.	38	Picture	pos_feedback	1786225	0	1	20171	1	0	20000	miss	0
D.S.	39	Picture	consistent	1841904	25172	1	20171	2	25000	20000	hit	61
D.S.	39	Response	32	1858373	41641	1
D.S.	40	Picture	pos_feedback	1882413	0	1	20171	1	0	20000	miss	0
D.S.	41	Picture	consistent	1936425	25172	1	20171	2	25000	20000	hit	64
D.S.	41	Response	16	1953900	42648	1
D.S.	42	Picture	pos_feedback	1976934	0	1	20171	1	0	20000	miss	0
D.S.	43	Picture	consistent	2033279	25172	1	20171	2	25000	20000	hit	67
D.S.	43	Response	16	2052360	44253	1
D.S.	44	Picture	pos_feedback	2073788	0	1	20171	1	0	20000	miss	0
D.S.	45	Picture	consistent	2129801	25172	1	20171	2	25000	20000	hit	70
D.S.	45	Response	16	2146900	42272	1
D.S.	46	Picture	pos_feedback	2170310	0	1	20171	1	0	20000	miss	0
D.S.	47	Picture	consistent	2221488	25172	1	20171	2	25000	20000	hit	73
D.S.	47	Response	16	2241127	44812	1
D.S.	48	Picture	pos_feedback	2261996	0	1	20171	1	0	20000	miss	0
D.S.	49	Picture	consistent	2315342	25172	1	20171	2	25000	20000	hit	76
D.S.	49	Response	16	2329613	39444	1
D.S.	50	Picture	pos_feedback	2355850	0	1	20171	1	0	20000	miss	0
D.S.	51	Picture	consistent	2411863	25172	1	20171	2	25000	20000	hit	79
D.S.	51	Response	32	2428053	41362	1
D.S.	52	Picture	pos_feedback	2452372	0	1	20171	1	0	20000	miss	0
D.S.	53	Picture	consistent	2503383	25172	1	20171	2	25000	20000	hit	82
D.S.	53	Response	32	2525797	47587	1
D.S.	54	Picture	pos_feedback	2543892	0	1	20171	1	0	20000	miss	0
D.S.	55	Picture	consistent	2599571	25172	1	20171	2	25000	20000	hit	85
D.S.	55	Response	16	2615501	41103	1
D.S.	56	Picture	pos_feedback	2640080	0	1	20171	1	0	20000	miss	0
D.S.	57	Picture	consistent	2696092	25172	1	20171	2	25000	20000	hit	88
D.S.	57	Response	16	2714474	43554	1
D.S.	58	Picture	pos_feedback	2736601	0	1	20171	1	0	20000	miss	0
D.S.	59	Picture	consistent	2787612	25172	1	20171	2	25000	20000	hit	91
D.S.	59	Response	32	2806749	44309	1
D.S.	60	Picture	pos_feedback	2828121	0	1	20171	1	0	20000	miss	0
D.S.	61	Picture	consistent	2881800	25172	1	20171	2	25000	20000	hit	94
D.S.	61	Response	32	2906098	49470	1
D.S.	62	Picture	pos_feedback	2922309	0	1	20171	1	0	20000	miss	0
D.S.	63	Picture	consistent	2978488	25172	1	20171	2	25000	20000	hit	97
D.S.	63	Response	32	3002528	49212	1
D.S.	64	Picture	pos_feedback	3018997	0	1	20171	1	0	20000	miss	0
D.S.	65	Picture	consistent	3070008	25172	1	20171	2	25000	20000	hit	100
D.S.	65	Response	32	3091146	46310	1
D.S.	66	Picture	pos_feedback	3110517	0	1	20171	1	0	20000	miss	0
D.S.	67	Picture	consistent	3164029	25172	1	20171	2	25000	20000	hit	103
D.S.	67	Response	32	3182279	43423	1
D.S.	67	Response	32	3200812	61956	1
D.S.	68	Picture	pos_feedback	3204538	0	1	20171	1	0	20000	miss	0
D.S.	69	Picture	consistent	3260217	25172	1	20171	2	25000	20000	hit	107
D.S.	69	Response	32	3281489	46445	1
D.S.	70	Picture	pos_feedback	3300726	0	1	20171	1	0	20000	miss	0
D.S.	71	Picture	consistent	3351403	25172	1	20171	2	25000	20000	hit	110
D.S.	71	Response	32	3370564	44333	1
D.S.	72	Picture	pos_feedback	3391912	0	1	20171	1	0	20000	miss	0
D.S.	73	Picture	consistent	3448425	25172	1	20171	2	25000	20000	hit	113
D.S.	73	Response	16	3465237	41984	1
D.S.	74	Picture	pos_feedback	3488934	0	1	20171	1	0	20000	miss	0
D.S.	75	Picture	consistent	3544779	25172	1	20171	1	25000	20000	hit	116
D.S.	75	Response	16	3562573	42966	1
D.S.	76	Picture	pos_feedback	3585288	0	1	20171	1	0	20000	miss	0
D.S.	77	Picture	consistent	3636300	25172	1	20171	2	25000	20000	hit	119
D.S.	77	Response	16	3650351	39224	1
D.S.	78	Picture	pos_feedback	3676808	0	1	20171	1	0	20000	miss	0
D.S.	79	Picture	consistent	3730320	25172	1	20171	2	25000	20000	hit	122
D.S.	79	Response	16	3755145	49997	1
D.S.	80	Picture	pos_feedback	3770829	0	1	20171	1	0	20000	miss	0
D.S.	81	Picture	consistent	3826842	25172	1	20171	2	25000	20000	hit	125
D.S.	81	Response	32	3845827	44158	1
D.S.	82	Picture	pos_feedback	3867351	0	1	20171	1	0	20000	miss	0
D.S.	83	Picture	consistent	3918028	25172	1	20171	2	25000	20000	hit	128
D.S.	83	Response	16	3931845	38989	1
D.S.	84	Picture	pos_feedback	3958537	0	1	20171	1	0	20000	miss	0
D.S.	85	Picture	consistent	4011882	25172	1	20171	2	25000	20000	hit	131
D.S.	85	Response	32	4031291	44581	1
D.S.	86	Picture	pos_feedback	4052391	0	1	20171	1	0	20000	miss	0
D.S.	87	Picture	consistent	4108404	25172	1	20171	2	25000	20000	hit	134
D.S.	87	Response	16	4127117	43885	1
D.S.	88	Picture	pos_feedback	4148913	0	1	20171	1	0	20000	miss	0
D.S.	89	Picture	consistent	4200091	25172	1	20171	2	25000	20000	hit	137
D.S.	89	Response	16	4220849	45931	1
D.S.	90	Picture	pos_feedback	4240600	0	1	20171	1	0	20000	miss	0
D.S.	91	Picture	consistent	4293778	25172	1	20171	2	25000	20000	hit	140
D.S.	91	Response	32	4309808	41202	1
D.S.	92	Picture	pos_feedback	4334287	0	1	20171	1	0	20000	miss	0
