Scenario - 
Logfile written - 02/12/2019 11:32:56

Subject	Trial	Event Type	Code	Time	TTime	Uncertainty	Duration	Uncertainty	ReqTime	ReqDur	Stim Type	Pair Index

E.P.3.Kl.	1	Response	3	39406	27739	1
E.P.3.Kl.	1	Response	3	1027426	1015759	1
E.P.3.Kl.	2	Picture	consistent	1053234	25172	1	20171	2	25000	20000	miss	0
E.P.3.Kl.	3	Picture	pos_feedback	1093743	0	1	20171	1	0	20000	miss	0
E.P.3.Kl.	3	Response	16	1115839	22096	1
E.P.3.Kl.	4	Picture	consistent	1144588	25172	1	20171	2	25000	20000	hit	7
E.P.3.Kl.	4	Response	16	1178970	59554	1
E.P.3.Kl.	5	Picture	pos_feedback	1185097	0	1	20171	1	0	20000	miss	0
E.P.3.Kl.	6	Picture	consistent	1238609	25172	1	20171	2	25000	20000	hit	10
E.P.3.Kl.	6	Response	32	1255831	42394	2
E.P.3.Kl.	7	Picture	pos_feedback	1279118	0	1	20171	2	0	20000	miss	0
E.P.3.Kl.	8	Picture	consistent	1335464	25172	1	20171	2	25000	20000	miss	0
E.P.3.Kl.	9	Picture	pos_feedback	1375973	0	1	20171	2	0	20000	hit	14
E.P.3.Kl.	9	Response	16	1388559	12586	1
E.P.3.Kl.	10	Picture	consistent	1427151	25172	1	20171	2	25000	20000	hit	16
E.P.3.Kl.	10	Response	32	1453847	51868	1
E.P.3.Kl.	11	Picture	pos_feedback	1467660	0	1	20171	1	0	20000	miss	0
E.P.3.Kl.	12	Picture	consistent	1521172	25172	1	20171	2	25000	20000	hit	19
E.P.3.Kl.	12	Response	32	1540564	44565	1
E.P.3.Kl.	13	Picture	pos_feedback	1561681	0	1	20171	2	0	20000	miss	0
E.P.3.Kl.	14	Picture	consistent	1617860	25172	1	20171	2	25000	20000	hit	22
E.P.3.Kl.	14	Response	16	1639497	46808	1
E.P.3.Kl.	15	Picture	pos_feedback	1658370	0	1	20171	1	0	20000	miss	0
E.P.3.Kl.	16	Picture	consistent	1709714	25172	1	20171	2	25000	20000	hit	25
E.P.3.Kl.	16	Response	16	1727180	42638	1
E.P.3.Kl.	17	Picture	pos_feedback	1750224	0	1	20171	1	0	20000	miss	0
E.P.3.Kl.	18	Picture	consistent	1803902	25172	1	20171	2	25000	20000	hit	28
E.P.3.Kl.	18	Response	32	1822109	43379	1
E.P.3.Kl.	19	Picture	pos_feedback	1844411	0	1	20171	1	0	20000	miss	0
E.P.3.Kl.	20	Picture	consistent	1900424	25172	1	20171	2	25000	20000	hit	31
E.P.3.Kl.	20	Response	16	1918153	42902	1
E.P.3.Kl.	21	Picture	pos_feedback	1940933	0	1	20171	1	0	20000	miss	0
E.P.3.Kl.	22	Picture	consistent	1991944	25172	1	20171	2	25000	20000	hit	34
E.P.3.Kl.	22	Response	16	2010561	43789	1
E.P.3.Kl.	23	Picture	pos_feedback	2032453	0	1	20171	1	0	20000	miss	0
E.P.3.Kl.	24	Picture	consistent	2085799	25172	1	20171	2	25000	20000	hit	37
E.P.3.Kl.	24	Response	32	2103417	42791	1
E.P.3.Kl.	25	Picture	pos_feedback	2126308	0	1	20171	2	0	20000	miss	0
E.P.3.Kl.	26	Picture	consistent	2182487	25172	1	20171	2	25000	20000	hit	40
E.P.3.Kl.	26	Response	32	2203380	46065	1
E.P.3.Kl.	27	Picture	pos_feedback	2222996	0	1	20171	1	0	20000	miss	0
E.P.3.Kl.	28	Picture	consistent	2274008	25172	1	20171	2	25000	20000	hit	43
E.P.3.Kl.	28	Response	16	2287580	38745	2
E.P.3.Kl.	29	Picture	pos_feedback	2314517	0	1	20171	1	0	20000	miss	0
E.P.3.Kl.	30	Picture	consistent	2368362	25172	1	20171	2	25000	20000	hit	46
E.P.3.Kl.	30	Response	16	2388243	45054	1
E.P.3.Kl.	31	Picture	pos_feedback	2408871	0	1	20171	1	0	20000	miss	0
E.P.3.Kl.	32	Response	3	2579248	139870	1
E.P.3.Kl.	33	Picture	consistent	2605082	25172	1	20171	2	25000	20000	hit	50
E.P.3.Kl.	33	Response	32	2621971	42061	1
E.P.3.Kl.	34	Picture	pos_feedback	2645591	0	2	20171	2	0	20000	miss	0
E.P.3.Kl.	35	Picture	consistent	2696436	25172	1	20171	2	25000	20000	hit	53
E.P.3.Kl.	35	Response	32	2721667	50403	1
E.P.3.Kl.	36	Picture	pos_feedback	2736945	0	1	20171	1	0	20000	miss	0
E.P.3.Kl.	37	Picture	consistent	2790624	25172	1	20171	2	25000	20000	hit	56
E.P.3.Kl.	37	Response	32	2817355	51904	1
E.P.3.Kl.	38	Picture	pos_feedback	2831133	0	1	20171	2	0	20000	miss	0
E.P.3.Kl.	39	Picture	consistent	2886979	25172	1	20171	1	25000	20000	hit	59
E.P.3.Kl.	39	Response	16	2902215	40409	1
E.P.3.Kl.	40	Picture	pos_feedback	2927488	0	1	20171	1	0	20000	miss	0
E.P.3.Kl.	41	Picture	consistent	2978166	25172	1	20171	2	25000	20000	hit	62
E.P.3.Kl.	41	Response	16	3000662	47669	1
E.P.3.Kl.	42	Picture	pos_feedback	3018675	0	1	20171	1	0	20000	miss	0
E.P.3.Kl.	43	Picture	consistent	3071853	25172	1	20171	2	25000	20000	hit	65
E.P.3.Kl.	43	Response	32	3082725	36044	1
E.P.3.Kl.	44	Picture	pos_feedback	3112362	0	1	20171	2	0	20000	miss	0
E.P.3.Kl.	45	Picture	consistent	3168542	25172	1	20171	2	25000	20000	hit	68
E.P.3.Kl.	45	Response	16	3183393	40023	2
E.P.3.Kl.	46	Picture	pos_feedback	3209051	0	1	20171	1	0	20000	miss	0
E.P.3.Kl.	47	Picture	consistent	3260062	25172	1	20171	2	25000	20000	hit	71
E.P.3.Kl.	47	Response	32	3277408	42518	1
E.P.3.Kl.	48	Picture	pos_feedback	3300571	0	1	20171	2	0	20000	miss	0
E.P.3.Kl.	49	Picture	consistent	3354083	25172	1	20171	2	25000	20000	hit	74
E.P.3.Kl.	49	Response	16	3372501	43590	1
E.P.3.Kl.	50	Picture	pos_feedback	3394592	0	1	20171	2	0	20000	miss	0
E.P.3.Kl.	51	Picture	consistent	3450605	25172	1	20171	2	25000	20000	hit	77
E.P.3.Kl.	51	Response	32	3469591	44159	1
E.P.3.Kl.	52	Picture	pos_feedback	3491114	0	1	20171	1	0	20000	miss	0
E.P.3.Kl.	53	Picture	consistent	3541959	25172	1	20171	2	25000	20000	hit	80
E.P.3.Kl.	53	Response	16	3558694	41907	1
E.P.3.Kl.	53	Response	32	3573270	56483	2
E.P.3.Kl.	53	Response	32	3580637	63851	1
E.P.3.Kl.	54	Picture	pos_feedback	3582468	0	1	20171	2	0	20000	miss	0
E.P.3.Kl.	55	Picture	consistent	3635980	25172	1	20171	2	25000	20000	hit	85
E.P.3.Kl.	55	Response	32	3655151	44344	1
E.P.3.Kl.	56	Picture	pos_feedback	3676489	0	1	20171	2	0	20000	miss	0
E.P.3.Kl.	57	Picture	consistent	3732168	25172	1	20171	1	25000	20000	hit	88
E.P.3.Kl.	57	Response	16	3749474	42478	1
E.P.3.Kl.	58	Picture	pos_feedback	3772677	0	1	20171	1	0	20000	miss	0
E.P.3.Kl.	59	Picture	consistent	3823355	25172	1	20171	2	25000	20000	hit	91
E.P.3.Kl.	59	Response	32	3837563	39380	1
E.P.3.Kl.	60	Picture	pos_feedback	3863864	0	2	20171	2	0	20000	miss	0
E.P.3.Kl.	61	Picture	consistent	3920377	25172	1	20171	2	25000	20000	hit	94
E.P.3.Kl.	61	Response	32	3936503	41299	1
E.P.3.Kl.	62	Picture	pos_feedback	3960886	0	1	20171	2	0	20000	miss	0
E.P.3.Kl.	63	Picture	consistent	4016565	25172	1	20171	2	25000	20000	hit	97
E.P.3.Kl.	63	Response	32	4038443	47050	1
E.P.3.Kl.	64	Picture	pos_feedback	4057074	0	1	20171	1	0	20000	miss	0
E.P.3.Kl.	65	Picture	consistent	4108086	25172	1	20171	2	25000	20000	hit	100
E.P.3.Kl.	65	Response	16	4133359	50446	1
E.P.3.Kl.	66	Picture	pos_feedback	4148595	0	1	20171	2	0	20000	miss	0
E.P.3.Kl.	67	Picture	consistent	4202440	25172	1	20171	2	25000	20000	hit	103
E.P.3.Kl.	67	Response	16	4231518	54250	1
E.P.3.Kl.	68	Picture	pos_feedback	4242949	0	1	20171	2	0	20000	miss	0
E.P.3.Kl.	69	Picture	consistent	4298962	25172	1	20171	2	25000	20000	hit	106
E.P.3.Kl.	69	Response	32	4318690	44900	1
E.P.3.Kl.	70	Picture	pos_feedback	4339471	0	1	20171	2	0	20000	miss	0
E.P.3.Kl.	71	Picture	consistent	4390649	25172	1	20171	2	25000	20000	hit	109
E.P.3.Kl.	71	Response	16	4408279	42802	1
E.P.3.Kl.	72	Picture	pos_feedback	4431158	0	1	20171	1	0	20000	miss	0
E.P.3.Kl.	73	Picture	consistent	4484337	25172	1	20171	2	25000	20000	hit	112
E.P.3.Kl.	73	Response	16	4502533	43369	1
E.P.3.Kl.	74	Picture	pos_feedback	4524846	0	1	20171	2	0	20000	miss	0
E.P.3.Kl.	75	Picture	consistent	4580525	25172	1	20171	2	25000	20000	hit	115
E.P.3.Kl.	75	Response	32	4595653	40301	1
E.P.3.Kl.	76	Picture	pos_feedback	4621034	0	1	20171	2	0	20000	miss	0
E.P.3.Kl.	77	Picture	consistent	4671712	25172	1	20171	2	25000	20000	hit	118
E.P.3.Kl.	77	Response	16	4689570	43030	1
E.P.3.Kl.	78	Picture	pos_feedback	4712221	0	1	20171	1	0	20000	miss	0
E.P.3.Kl.	79	Picture	consistent	4768734	25172	1	20171	2	25000	20000	hit	121
E.P.3.Kl.	79	Response	16	4784791	41229	1
E.P.3.Kl.	80	Picture	pos_feedback	4809243	0	1	20171	2	0	20000	miss	0
E.P.3.Kl.	81	Picture	consistent	4865256	25172	1	20171	2	25000	20000	hit	124
E.P.3.Kl.	81	Response	16	4884748	44664	1
E.P.3.Kl.	82	Picture	pos_feedback	4905765	0	1	20171	2	0	20000	miss	0
E.P.3.Kl.	83	Picture	consistent	4956943	25172	1	20171	2	25000	20000	hit	127
E.P.3.Kl.	83	Response	16	4978414	46644	1
E.P.3.Kl.	84	Picture	pos_feedback	4997452	0	1	20171	2	0	20000	miss	0
E.P.3.Kl.	85	Picture	consistent	5050964	25172	1	20171	2	25000	20000	hit	130
E.P.3.Kl.	85	Response	16	5072398	46606	1
E.P.3.Kl.	86	Picture	pos_feedback	5091473	0	1	20171	1	0	20000	miss	0
E.P.3.Kl.	87	Picture	consistent	5147486	25172	1	20171	2	25000	20000	hit	133
E.P.3.Kl.	87	Response	32	5165350	43037	1
E.P.3.Kl.	88	Picture	pos_feedback	5187995	0	1	20171	1	0	20000	miss	0
E.P.3.Kl.	89	Picture	consistent	5238673	25172	1	20171	2	25000	20000	hit	136
E.P.3.Kl.	89	Response	16	5262193	48692	1
E.P.3.Kl.	90	Picture	pos_feedback	5279182	0	1	20171	2	0	20000	miss	0
E.P.3.Kl.	91	Picture	consistent	5333027	25172	1	20171	2	25000	20000	hit	139
E.P.3.Kl.	91	Response	32	5354146	46291	1
E.P.3.Kl.	92	Picture	pos_feedback	5373536	0	1	20171	2	0	20000	miss	0
