Scenario - 
Logfile written - 01/22/2019 12:00:02

Subject	Trial	Event Type	Code	Time	TTime	Uncertainty	Duration	Uncertainty	ReqTime	ReqDur	Stim Type	Pair Index

M.M.A.	1	Response	3	30588	11086	1
M.M.A.	1	Response	16	904617	885115	1
M.M.A.	1	Response	3	1336709	1317207	1
M.M.A.	2	Picture	consistent	1362485	25173	1	20171	2	25000	20000	miss	0
M.M.A.	3	Picture	pos_feedback	1402995	0	1	20171	1	0	20000	hit	6
M.M.A.	3	Response	32	1410386	7391	1
M.M.A.	4	Picture	consistent	1453673	25173	1	20171	1	25000	20000	hit	8
M.M.A.	4	Response	32	1462807	34306	1
M.M.A.	5	Picture	pos_feedback	1494183	0	1	20171	1	0	20000	miss	0
M.M.A.	6	Picture	consistent	1547696	25173	1	20171	1	25000	20000	hit	11
M.M.A.	6	Response	16	1566318	43795	1
M.M.A.	7	Picture	pos_feedback	1588205	0	1	20171	1	0	20000	miss	0
M.M.A.	8	Picture	consistent	1643885	25173	1	20171	2	25000	20000	hit	14
M.M.A.	8	Response	32	1661149	42437	1
M.M.A.	9	Picture	pos_feedback	1684395	0	1	20171	1	0	20000	miss	0
M.M.A.	10	Picture	consistent	1735407	25173	1	20171	2	25000	20000	hit	17
M.M.A.	10	Response	16	1740846	30612	1
M.M.A.	11	Picture	pos_feedback	1775916	0	1	20171	1	0	20000	miss	0
M.M.A.	12	Picture	consistent	1829095	25173	1	20171	1	25000	20000	hit	20
M.M.A.	12	Response	32	1845909	41987	1
M.M.A.	13	Picture	pos_feedback	1869605	0	1	20171	1	0	20000	miss	0
M.M.A.	14	Picture	consistent	1925618	25173	1	20171	2	25000	20000	hit	23
M.M.A.	14	Response	32	1946371	45925	1
M.M.A.	15	Picture	pos_feedback	1966128	0	1	20171	1	0	20000	miss	0
M.M.A.	16	Picture	consistent	2017140	25173	1	20171	2	25000	20000	hit	26
M.M.A.	16	Response	16	2035034	43067	1
M.M.A.	17	Picture	pos_feedback	2057649	0	1	20171	1	0	20000	miss	0
M.M.A.	18	Picture	consistent	2111162	25173	1	20171	2	25000	20000	hit	29
M.M.A.	18	Response	16	2129683	43694	1
M.M.A.	19	Picture	pos_feedback	2151671	0	1	20171	1	0	20000	miss	0
M.M.A.	20	Picture	consistent	2207518	25173	1	20171	1	25000	20000	hit	32
M.M.A.	20	Response	16	2222391	40046	1
M.M.A.	21	Picture	pos_feedback	2248027	0	1	20171	1	0	20000	miss	0
M.M.A.	22	Picture	consistent	2299039	25173	1	20171	1	25000	20000	hit	35
M.M.A.	22	Response	32	2312577	38711	1
M.M.A.	23	Picture	pos_feedback	2339549	0	1	20171	1	0	20000	miss	0
M.M.A.	24	Picture	consistent	2392895	25173	1	20171	1	25000	20000	hit	38
M.M.A.	24	Response	16	2409826	42104	1
M.M.A.	25	Picture	pos_feedback	2433404	0	1	20171	1	0	20000	miss	0
M.M.A.	26	Picture	consistent	2489418	25173	1	20171	2	25000	20000	hit	41
M.M.A.	26	Response	16	2502757	38512	1
M.M.A.	27	Picture	pos_feedback	2529927	0	1	20171	1	0	20000	miss	0
M.M.A.	28	Picture	consistent	2580939	25173	1	20171	2	25000	20000	hit	44
M.M.A.	28	Response	16	2596815	41048	1
M.M.A.	29	Picture	pos_feedback	2621449	0	1	20171	1	0	20000	miss	0
M.M.A.	30	Picture	consistent	2674628	25173	1	20171	2	25000	20000	hit	47
M.M.A.	30	Response	16	2695486	46031	1
M.M.A.	31	Picture	pos_feedback	2715138	0	1	20171	1	0	20000	miss	0
M.M.A.	32	Response	3	3082775	337130	1
M.M.A.	33	Picture	consistent	3108730	25173	1	20171	2	25000	20000	hit	51
M.M.A.	33	Response	32	3126486	42929	1
M.M.A.	34	Picture	pos_feedback	3149240	0	1	20171	1	0	20000	miss	0
M.M.A.	35	Picture	consistent	3200419	25173	1	20171	2	25000	20000	hit	54
M.M.A.	35	Response	16	3217755	42509	1
M.M.A.	36	Picture	pos_feedback	3240928	0	1	20171	1	0	20000	miss	0
M.M.A.	37	Picture	consistent	3294107	25173	1	20171	2	25000	20000	hit	57
M.M.A.	37	Response	16	3307043	38108	1
M.M.A.	38	Picture	pos_feedback	3334617	0	1	20171	1	0	20000	miss	0
M.M.A.	39	Picture	consistent	3390297	25173	1	20171	2	25000	20000	hit	60
M.M.A.	39	Response	32	3405940	40816	1
M.M.A.	40	Picture	pos_feedback	3430806	0	1	20171	1	0	20000	miss	0
M.M.A.	41	Picture	consistent	3481485	25173	1	20171	2	25000	20000	hit	63
M.M.A.	41	Response	16	3494461	38149	1
M.M.A.	42	Picture	pos_feedback	3521994	0	1	20171	1	0	20000	miss	0
M.M.A.	43	Picture	consistent	3575507	25173	1	20171	2	25000	20000	hit	66
M.M.A.	43	Response	16	3586637	36303	1
M.M.A.	44	Picture	pos_feedback	3616017	0	1	20171	1	0	20000	miss	0
M.M.A.	45	Picture	consistent	3672196	25173	1	20171	1	25000	20000	hit	69
M.M.A.	45	Response	32	3690565	43541	1
M.M.A.	46	Picture	pos_feedback	3712706	0	1	20171	1	0	20000	miss	0
M.M.A.	47	Picture	consistent	3763718	25173	1	20171	1	25000	20000	hit	72
M.M.A.	47	Response	16	3781086	42540	1
M.M.A.	48	Picture	pos_feedback	3804228	0	1	20171	1	0	20000	miss	0
M.M.A.	49	Picture	consistent	3857740	25173	1	20171	1	25000	20000	hit	75
M.M.A.	49	Response	16	3872072	39504	1
M.M.A.	50	Picture	pos_feedback	3898250	0	1	20171	1	0	20000	miss	0
M.M.A.	51	Picture	consistent	3954263	25173	1	20171	2	25000	20000	hit	78
M.M.A.	51	Response	16	3966361	37271	1
M.M.A.	52	Picture	pos_feedback	3994773	0	1	20171	1	0	20000	miss	0
M.M.A.	53	Picture	consistent	4045785	25173	1	20171	2	25000	20000	hit	81
M.M.A.	53	Response	32	4060521	39910	1
M.M.A.	54	Picture	pos_feedback	4086294	0	1	20171	1	0	20000	miss	0
M.M.A.	55	Picture	consistent	4139973	25173	1	20171	2	25000	20000	hit	84
M.M.A.	55	Response	16	4154354	39553	1
M.M.A.	56	Picture	pos_feedback	4180483	0	1	20171	1	0	20000	miss	0
M.M.A.	57	Picture	consistent	4236163	25173	1	20171	1	25000	20000	hit	87
M.M.A.	57	Response	16	4259668	48677	1
M.M.A.	58	Picture	pos_feedback	4276672	0	1	20171	1	0	20000	miss	0
M.M.A.	59	Picture	consistent	4327684	25173	1	20171	1	25000	20000	hit	90
M.M.A.	59	Response	16	4343067	40556	1
M.M.A.	60	Picture	pos_feedback	4368194	0	1	20171	1	0	20000	miss	0
M.M.A.	61	Picture	consistent	4421707	25173	1	20171	2	25000	20000	hit	93
M.M.A.	61	Response	32	4437220	40686	1
M.M.A.	62	Picture	pos_feedback	4462216	0	1	20171	1	0	20000	miss	0
M.M.A.	63	Picture	consistent	4517896	25173	1	20171	1	25000	20000	hit	96
M.M.A.	63	Response	16	4533022	40299	1
M.M.A.	64	Picture	pos_feedback	4558405	0	1	20171	1	0	20000	miss	0
M.M.A.	65	Picture	consistent	4609417	25173	1	20171	2	25000	20000	hit	99
M.M.A.	65	Response	16	4613247	29003	1
M.M.A.	65	Response	32	4613568	29323	1
M.M.A.	65	Response	16	4629685	45440	1
M.M.A.	65	Response	32	4630006	45761	1
M.M.A.	66	Picture	pos_feedback	4649927	0	1	20171	1	0	20000	miss	0
M.M.A.	67	Picture	consistent	4703106	25173	1	20171	1	25000	20000	hit	105
M.M.A.	67	Response	32	4710450	32516	1
M.M.A.	67	Response	16	4710871	32938	1
M.M.A.	68	Picture	pos_feedback	4743616	0	1	20171	1	0	20000	miss	0
M.M.A.	69	Picture	consistent	4799629	25173	1	20171	2	25000	20000	hit	109
M.M.A.	69	Response	16	4810255	35799	1
M.M.A.	69	Response	32	4810280	35824	1
M.M.A.	70	Picture	pos_feedback	4840139	0	1	20171	1	0	20000	miss	0
M.M.A.	71	Picture	consistent	4890817	25173	1	20171	2	25000	20000	hit	113
M.M.A.	71	Response	16	4903389	37744	1
M.M.A.	72	Picture	pos_feedback	4931327	0	1	20171	1	0	20000	miss	0
M.M.A.	73	Picture	consistent	4987673	25173	1	20171	1	25000	20000	hit	116
M.M.A.	73	Response	16	5005883	43382	1
M.M.A.	74	Picture	pos_feedback	5028183	0	1	20171	1	0	20000	miss	0
M.M.A.	75	Picture	consistent	5084196	25173	1	20171	2	25000	20000	hit	119
M.M.A.	75	Response	32	5101482	42458	1
M.M.A.	76	Picture	pos_feedback	5124706	0	1	20171	1	0	20000	miss	0
M.M.A.	77	Picture	consistent	5175718	25173	1	20171	2	25000	20000	hit	122
M.M.A.	77	Response	16	5191349	40804	1
M.M.A.	78	Picture	pos_feedback	5216227	0	1	20171	1	0	20000	miss	0
M.M.A.	79	Picture	consistent	5269740	25173	1	20171	2	25000	20000	hit	125
M.M.A.	79	Response	16	5289475	44908	1
M.M.A.	80	Picture	pos_feedback	5310249	0	1	20171	1	0	20000	miss	0
M.M.A.	81	Picture	consistent	5366263	25173	1	20171	1	25000	20000	hit	128
M.M.A.	81	Response	32	5388662	47572	1
M.M.A.	82	Picture	pos_feedback	5406772	0	1	20171	1	0	20000	miss	0
M.M.A.	83	Picture	consistent	5457617	25173	1	20171	1	25000	20000	hit	131
M.M.A.	83	Response	16	5492157	59712	1
M.M.A.	84	Picture	pos_feedback	5498127	0	1	20171	1	0	20000	miss	0
M.M.A.	85	Picture	consistent	5551640	25173	1	20171	1	25000	20000	hit	134
M.M.A.	85	Response	16	5564521	38054	1
M.M.A.	85	Response	32	5572068	45601	1
M.M.A.	86	Picture	pos_feedback	5592149	0	1	20171	1	0	20000	miss	0
M.M.A.	87	Response	16	5633537	10380	1
M.M.A.	87	Picture	consistent	5648329	25173	1	20171	2	25000	20000	hit	139
M.M.A.	87	Response	16	5652820	29663	1
M.M.A.	87	Response	16	5655981	32825	1
M.M.A.	88	Picture	pos_feedback	5688839	0	1	20171	1	0	20000	hit	142
M.M.A.	88	Response	32	5707701	18862	1
M.M.A.	89	Response	16	5725580	10902	1
M.M.A.	89	Response	32	5727802	13124	1
M.M.A.	89	Response	16	5729640	14962	1
M.M.A.	89	Response	32	5732030	17352	1
M.M.A.	89	Response	16	5734085	19407	1
M.M.A.	89	Response	32	5736088	21410	1
M.M.A.	89	Response	16	5738313	23635	1
M.M.A.	89	Picture	consistent	5739851	25173	1	20171	2	25000	20000	hit	151
M.M.A.	89	Response	32	5741155	26477	1
M.M.A.	89	Response	16	5741886	27208	1
M.M.A.	89	Response	32	5745353	30675	1
M.M.A.	89	Response	16	5745675	30997	1
M.M.A.	89	Response	32	5748773	34095	1
M.M.A.	89	Response	16	5749813	35135	1
M.M.A.	89	Response	16	5752742	38064	1
M.M.A.	89	Response	32	5753502	38824	1
M.M.A.	89	Response	16	5756625	41947	1
M.M.A.	89	Response	32	5756650	41972	1
M.M.A.	89	Response	16	5759503	44825	1
M.M.A.	89	Response	32	5759934	45256	1
M.M.A.	89	Response	16	5763535	48857	1
M.M.A.	89	Response	32	5763560	48882	1
M.M.A.	89	Response	16	5766153	51475	1
M.M.A.	89	Response	32	5767043	52365	1
M.M.A.	89	Response	32	5769403	54725	1
M.M.A.	89	Response	16	5770034	55356	1
M.M.A.	89	Response	32	5772793	58115	1
M.M.A.	89	Response	16	5773813	59135	1
M.M.A.	89	Response	16	5778588	63910	1
M.M.A.	89	Response	32	5779049	64371	1
M.M.A.	90	Picture	pos_feedback	5780360	0	1	20171	1	0	20000	hit	174
M.M.A.	90	Response	32	5782266	1906	1
M.M.A.	90	Response	16	5784611	4250	1
M.M.A.	90	Response	32	5786015	5655	1
M.M.A.	90	Response	16	5788060	7700	1
M.M.A.	90	Response	32	5790333	9973	1
M.M.A.	90	Response	16	5791781	11421	1
M.M.A.	90	Response	32	5793813	13453	1
M.M.A.	90	Response	16	5796566	16206	1
M.M.A.	91	Picture	consistent	5833873	25173	1	20171	2	25000	20000	hit	183
M.M.A.	91	Response	16	5851679	42979	1
M.M.A.	92	Picture	pos_feedback	5874382	0	1	20171	1	0	20000	miss	0
