Scenario - 
Logfile written - 02/15/2019 08:51:27

Subject	Pulse	Event Type	Code	Time	TTime	Uncertainty	Duration	Uncertainty	ReqTime	ReqDur	Stim Type	Pair Index

M.P.4.kl	1	Pulse	199	0	0	NA
M.P.4.kl	2	Pulse	199	10000	10000	NA
M.P.4.kl	3	Pulse	199	20000	20000	NA
M.P.4.kl	4	Pulse	199	30000	30000	NA
M.P.4.kl	5	Pulse	199	40000	40000	NA
M.P.4.kl	6	Pulse	199	50000	50000	NA
M.P.4.kl	7	Pulse	199	60000	60000	NA
M.P.4.kl	8	Pulse	199	70000	70000	NA
M.P.4.kl	9	Pulse	199	80000	80000	NA
M.P.4.kl	10	Pulse	199	90000	90000	NA
M.P.4.kl	11	Pulse	199	100000	100000	NA
M.P.4.kl	12	Pulse	199	110000	110000	NA
M.P.4.kl	13	Pulse	199	120000	120000	NA
M.P.4.kl	14	Pulse	199	130000	130000	NA
M.P.4.kl	15	Pulse	199	140000	140000	NA
M.P.4.kl	16	Pulse	199	150000	150000	NA
M.P.4.kl	17	Pulse	199	160000	160000	NA
M.P.4.kl	17	Quit		165053	165053	NA
