Scenario - 
Logfile written - 06/06/2016 11:44:36

Subject	Trial	Event Type	Code	Time	TTime	Uncertainty	Duration	Uncertainty	ReqTime	ReqDur	Stim Type	Pair Index

s007_lastBlock	1	Response	3	19461	8795	2
s007_lastBlock	2	Response	3	29542	9877	1
s007_lastBlock	3	Picture	consistent	35164	5166	2	19999	3	5000	next	miss	0
s007_lastBlock	4	Response	32	58849	3686	1
s007_lastBlock	4	Picture	pos_feedback	60329	5166	2	14999	4	5000	next	other	0
s007_lastBlock	5	Picture	consistent	85994	5166	2	11166	3	5000	next	hit	7
s007_lastBlock	5	Response	32	97027	16199	1
s007_lastBlock	6	Picture	pos_feedback	102327	5167	1	14999	2	5000	next	other	0
s007_lastBlock	7	Picture	consistent	130158	5166	1	9833	2	5000	next	hit	10
s007_lastBlock	7	Response	32	139860	14868	2
s007_lastBlock	8	Picture	pos_feedback	145157	5166	1	14999	2	5000	next	other	0
s007_lastBlock	9	Picture	consistent	175489	5167	1	9499	2	5000	next	hit	13
s007_lastBlock	9	Response	32	184867	14545	1
s007_lastBlock	10	Picture	pos_feedback	190154	5166	1	14999	2	5000	next	other	0
s007_lastBlock	11	Picture	consistent	215486	5166	1	12999	2	5000	next	hit	16
s007_lastBlock	11	Response	16	228298	17978	1
s007_lastBlock	12	Picture	pos_feedback	233651	5166	2	15000	3	5000	next	other	0
s007_lastBlock	13	Picture	consistent	261483	5166	1	8833	2	5000	next	hit	19
s007_lastBlock	13	Response	32	270260	13943	1
s007_lastBlock	14	Picture	pos_feedback	275482	5166	1	14999	2	5000	next	other	0
s007_lastBlock	15	Picture	consistent	305813	5166	2	14999	4	5000	next	hit	22
s007_lastBlock	15	Response	32	320737	20090	1
s007_lastBlock	16	Picture	pos_feedback	325979	5167	1	14999	2	5000	next	other	0
s007_lastBlock	17	Picture	consistent	351310	5166	2	12500	3	5000	next	hit	25
s007_lastBlock	17	Response	32	363772	17628	1
s007_lastBlock	18	Picture	pos_feedback	368976	5166	1	14999	2	5000	next	other	0
s007_lastBlock	19	Picture	consistent	396808	5167	1	12165	3	5000	next	hit	28
s007_lastBlock	19	Response	32	408917	17276	2
s007_lastBlock	20	Picture	pos_feedback	414140	5167	1	14999	2	5000	next	other	0
s007_lastBlock	21	Picture	consistent	444471	5166	1	8666	2	5000	next	hit	31
s007_lastBlock	21	Response	16	453035	13730	1
s007_lastBlock	22	Picture	pos_feedback	458304	5167	1	14998	3	5000	next	other	0
s007_lastBlock	23	Response	3	506394	27925	2
s007_lastBlock	24	Picture	consistent	511967	5167	1	19998	3	5000	next	miss	0
s007_lastBlock	25	Response	32	532705	740	1
s007_lastBlock	25	Picture	pos_feedback	537132	5167	1	14999	2	5000	next	other	0
s007_lastBlock	26	Picture	consistent	567630	5167	1	14665	3	5000	next	hit	38
s007_lastBlock	26	Response	32	582266	19803	1
s007_lastBlock	27	Picture	pos_feedback	587462	5167	1	14999	2	5000	next	other	0
s007_lastBlock	28	Picture	consistent	615460	5166	1	13499	2	5000	next	hit	41
s007_lastBlock	28	Response	32	628860	18566	1
s007_lastBlock	29	Picture	pos_feedback	634125	5166	2	14999	4	5000	next	other	0
s007_lastBlock	30	Picture	consistent	659624	5167	1	16165	2	5000	next	hit	44
s007_lastBlock	30	Response	16	675733	21276	2
s007_lastBlock	31	Picture	pos_feedback	680956	5167	1	14999	2	5000	next	other	0
s007_lastBlock	32	Picture	consistent	706287	5166	2	13833	3	5000	next	hit	47
s007_lastBlock	32	Response	32	719987	18866	1
s007_lastBlock	33	Picture	pos_feedback	725286	5166	1	14999	2	5000	next	other	0
s007_lastBlock	34	Picture	consistent	755617	5166	2	12333	3	5000	next	hit	50
s007_lastBlock	34	Response	16	767818	17367	1
s007_lastBlock	35	Picture	pos_feedback	773116	5166	1	14999	2	5000	next	other	0
s007_lastBlock	36	Picture	consistent	800948	5166	1	14666	2	5000	next	hit	53
s007_lastBlock	36	Response	16	815527	19745	1
s007_lastBlock	37	Picture	pos_feedback	820780	5166	1	14999	2	5000	next	other	0
s007_lastBlock	38	Picture	consistent	851111	5166	1	15333	2	5000	next	hit	56
s007_lastBlock	38	Response	32	866284	20339	2
s007_lastBlock	39	Picture	pos_feedback	871610	5166	1	14999	2	5000	next	other	0
s007_lastBlock	40	Picture	consistent	896942	5167	1	17332	2	5000	next	hit	59
s007_lastBlock	40	Response	32	914232	22457	1
s007_lastBlock	41	Picture	pos_feedback	919440	5166	1	14999	2	5000	next	other	0
s007_lastBlock	42	Picture	consistent	947272	5167	1	14165	2	5000	next	hit	62
s007_lastBlock	42	Response	16	961382	19277	1
s007_lastBlock	43	Picture	pos_feedback	966604	5167	1	14999	2	5000	next	other	0
s007_lastBlock	44	Picture	consistent	991935	5166	2	10500	3	5000	next	hit	65
s007_lastBlock	44	Response	16	1002278	15509	2
s007_lastBlock	45	Picture	pos_feedback	1007601	5166	1	14999	2	5000	next	other	0
s007_lastBlock	46	Picture	consistent	1035433	5167	1	9166	2	5000	next	hit	68
s007_lastBlock	46	Response	32	1044414	14148	1
s007_lastBlock	47	Picture	pos_feedback	1049765	5166	1	14999	2	5000	next	other	0
s007_lastBlock	48	Picture	consistent	1077596	5166	2	14666	3	5000	next	hit	71
s007_lastBlock	48	Response	32	1092213	19783	1
s007_lastBlock	49	Picture	pos_feedback	1097429	5167	1	14998	3	5000	next	other	0
s007_lastBlock	50	Picture	consistent	1127760	5167	1	11332	3	5000	next	hit	74
s007_lastBlock	50	Response	16	1139002	16409	2
s007_lastBlock	51	Picture	pos_feedback	1144259	5167	1	14999	2	5000	next	other	0
s007_lastBlock	52	Picture	consistent	1172090	5166	2	12166	3	5000	next	hit	77
s007_lastBlock	52	Response	32	1184182	17258	1
s007_lastBlock	53	Picture	pos_feedback	1189423	5167	1	14999	2	5000	next	other	0
s007_lastBlock	54	Picture	consistent	1214754	5166	1	6000	2	5000	next	hit	80
s007_lastBlock	54	Response	32	1220663	11075	1
s007_lastBlock	55	Picture	pos_feedback	1225920	5166	1	14999	2	5000	next	other	0
s007_lastBlock	56	Picture	consistent	1251252	5167	1	8666	2	5000	next	hit	83
s007_lastBlock	56	Response	32	1259791	13706	1
s007_lastBlock	57	Picture	pos_feedback	1265084	5166	1	14999	2	5000	next	other	0
s007_lastBlock	58	Picture	consistent	1295416	5167	1	5833	2	5000	next	hit	86
s007_lastBlock	58	Response	32	1301063	10814	2
s007_lastBlock	59	Picture	pos_feedback	1306415	5166	1	14999	2	5000	next	other	0
s007_lastBlock	60	Picture	consistent	1336746	5166	1	12833	2	5000	next	hit	89
s007_lastBlock	60	Response	16	1349484	17904	2
s007_lastBlock	61	Picture	pos_feedback	1354745	5166	1	14999	2	5000	next	other	0
s007_lastBlock	62	Picture	consistent	1380077	5167	1	11166	2	5000	next	hit	92
s007_lastBlock	62	Response	16	1391185	16275	1
s007_lastBlock	63	Picture	pos_feedback	1396409	5166	1	14999	2	5000	next	other	0
s007_lastBlock	64	Picture	consistent	1424241	5167	1	13165	2	5000	next	hit	95
s007_lastBlock	64	Response	16	1437305	18231	1
s007_lastBlock	65	Picture	pos_feedback	1442573	5167	1	14999	2	5000	next	other	0
s007_lastBlock	66	Picture	consistent	1472904	5166	1	12999	2	5000	next	hit	98
s007_lastBlock	66	Response	32	1485762	18024	1
s007_lastBlock	67	Picture	pos_feedback	1491070	5167	1	14999	2	5000	next	other	0
s007_lastBlock	68	Picture	consistent	1521401	5166	1	11666	2	5000	next	hit	101
s007_lastBlock	68	Response	32	1533041	16806	1
s007_lastBlock	69	Picture	pos_feedback	1538233	5166	1	14999	2	5000	next	other	0
s007_lastBlock	70	Picture	consistent	1563565	5167	1	9499	2	5000	next	hit	104
s007_lastBlock	70	Response	32	1572883	14485	1
s007_lastBlock	71	Picture	pos_feedback	1578231	5167	1	14999	2	5000	next	other	0
s007_lastBlock	72	Picture	consistent	1606062	5166	1	11999	2	5000	next	hit	107
s007_lastBlock	72	Response	32	1618040	17144	1
s007_lastBlock	73	Picture	pos_feedback	1623228	5167	1	14999	2	5000	next	other	0
s007_lastBlock	74	Picture	consistent	1653559	5166	1	9333	2	5000	next	hit	110
s007_lastBlock	74	Response	16	1662767	14374	1
s007_lastBlock	75	Picture	pos_feedback	1668058	5166	1	14999	2	5000	next	other	0
s007_lastBlock	76	Picture	consistent	1695890	5167	1	11165	3	5000	next	hit	113
s007_lastBlock	76	Response	16	1706914	16191	1
s007_lastBlock	77	Picture	pos_feedback	1712222	5167	1	14999	2	5000	next	other	0
s007_lastBlock	78	Picture	consistent	1737553	5166	2	9000	3	5000	next	hit	116
s007_lastBlock	78	Response	32	1746475	14088	1
s007_lastBlock	79	Picture	pos_feedback	1751719	5166	1	14999	2	5000	next	other	0
s007_lastBlock	80	Picture	consistent	1782051	5167	1	12165	3	5000	next	hit	119
s007_lastBlock	80	Response	32	1794105	17221	1
s007_lastBlock	81	Picture	pos_feedback	1799383	5167	1	14999	2	5000	next	other	0
s007_lastBlock	82	Picture	consistent	1827214	5166	2	13833	3	5000	next	hit	122
s007_lastBlock	82	Response	32	1840902	18854	2
s007_lastBlock	83	Picture	pos_feedback	1846213	5166	1	14999	2	5000	next	other	0
s007_lastBlock	84	Picture	consistent	1871545	5167	1	12832	2	5000	next	hit	125
s007_lastBlock	84	Response	32	1884292	17914	2
s007_lastBlock	85	Picture	pos_feedback	1889544	5167	1	14999	2	5000	next	other	0
s007_lastBlock	86	Picture	consistent	1917375	5166	1	10499	3	5000	next	hit	128
s007_lastBlock	86	Response	16	1927848	15639	1
s007_lastBlock	87	Picture	pos_feedback	1933041	5167	1	14999	2	5000	next	other	0
s007_lastBlock	88	Picture	consistent	1963372	5166	1	14999	2	5000	next	hit	131
s007_lastBlock	88	Response	16	1978346	20140	1
s007_lastBlock	89	Picture	pos_feedback	1983537	5166	2	14999	4	5000	next	other	0
s007_lastBlock	90	Picture	consistent	2008869	5166	1	6333	2	5000	next	hit	134
s007_lastBlock	90	Response	32	2015104	11401	1
s007_lastBlock	91	Picture	pos_feedback	2020368	5166	2	14999	4	5000	next	other	0
s007_lastBlock	92	Picture	consistent	2045700	5166	1	13666	2	5000	next	hit	137
s007_lastBlock	92	Response	32	2059337	18803	2
s007_lastBlock	93	Picture	pos_feedback	2064532	5166	1	14999	2	5000	next	other	0
s007_lastBlock	94	Picture	consistent	2094863	5166	2	14500	3	5000	next	hit	140
s007_lastBlock	94	Response	16	2109294	19597	1
s007_lastBlock	95	Picture	pos_feedback	2114529	5166	1	14999	2	5000	next	other	0
s007_lastBlock	96	Picture	consistent	2142360	5166	2	13833	3	5000	next	hit	143
s007_lastBlock	96	Response	32	2156115	18921	1
s007_lastBlock	97	Picture	pos_feedback	2161359	5166	1	14999	2	5000	next	other	0
s007_lastBlock	98	Picture	consistent	2191691	5167	1	10332	2	5000	next	hit	146
s007_lastBlock	98	Response	16	2201883	15359	1
s007_lastBlock	99	Picture	pos_feedback	2207190	5167	1	14999	2	5000	next	other	0
s007_lastBlock	100	Picture	consistent	2235021	5166	1	15166	2	5000	next	hit	149
s007_lastBlock	100	Response	16	2250095	20240	1
s007_lastBlock	101	Picture	pos_feedback	2255353	5166	1	14999	2	5000	next	other	0
s007_lastBlock	102	Picture	consistent	2285684	5166	2	17999	3	5000	next	hit	152
s007_lastBlock	102	Response	32	2303576	23058	1
s007_lastBlock	103	Picture	pos_feedback	2308850	5167	1	14999	2	5000	next	other	0
s007_lastBlock	104	Picture	consistent	2339181	5166	1	13499	2	5000	next	hit	155
s007_lastBlock	104	Response	16	2352537	18522	1
s007_lastBlock	105	Picture	pos_feedback	2357846	5166	2	14999	4	5000	next	other	0
s007_lastBlock	106	Picture	consistent	2383178	5166	1	9999	3	5000	next	hit	158
s007_lastBlock	106	Response	32	2393152	15140	1
s007_lastBlock	107	Picture	pos_feedback	2398344	5167	1	14999	2	5000	next	other	0
s007_lastBlock	108	Picture	consistent	2426175	5166	1	12499	3	5000	next	hit	161
s007_lastBlock	108	Response	32	2438584	17575	1
s007_lastBlock	109	Picture	pos_feedback	2443841	5167	1	14999	2	5000	next	other	0
s007_lastBlock	110	Picture	consistent	2469173	5167	1	9832	2	5000	next	hit	164
s007_lastBlock	110	Response	16	2478981	14975	2
s007_lastBlock	111	Picture	pos_feedback	2484172	5167	1	14999	2	5000	next	other	0
s007_lastBlock	112	Picture	consistent	2509503	5166	1	14999	2	5000	next	hit	167
s007_lastBlock	112	Response	16	2524387	20050	1
s007_lastBlock	113	Picture	pos_feedback	2529669	5167	1	14999	2	5000	next	other	0
s007_lastBlock	114	Picture	consistent	2557500	5166	1	13332	3	5000	next	hit	170
s007_lastBlock	114	Response	32	2570732	18398	2
s007_lastBlock	115	Picture	pos_feedback	2575999	5167	1	14999	2	5000	next	other	0
s007_lastBlock	116	Picture	consistent	2603830	5166	2	9333	3	5000	next	hit	173
s007_lastBlock	116	Response	16	2612979	14315	1
s007_lastBlock	117	Picture	pos_feedback	2618329	5166	2	14999	4	5000	next	other	0
s007_lastBlock	118	Picture	consistent	2648661	5167	1	16499	2	5000	next	hit	176
s007_lastBlock	118	Response	32	2665120	21626	1
s007_lastBlock	119	Picture	pos_feedback	2670326	5166	1	14999	2	5000	next	other	0
s007_lastBlock	120	Picture	consistent	2695658	5167	1	13666	2	5000	next	hit	179
s007_lastBlock	120	Response	16	2709284	18793	2
s007_lastBlock	121	Picture	pos_feedback	2714490	5166	1	14999	2	5000	next	other	0
s007_lastBlock	122	Picture	consistent	2739822	5167	1	10999	2	5000	next	hit	182
s007_lastBlock	122	Response	32	2750635	15980	1
s007_lastBlock	123	Picture	pos_feedback	2755987	5166	1	14999	2	5000	next	other	0
s007_lastBlock	124	Picture	consistent	2783819	5167	1	13332	2	5000	next	hit	185
s007_lastBlock	124	Response	32	2797002	18350	1
s007_lastBlock	125	Picture	pos_feedback	2802317	5166	2	14999	4	5000	next	other	0
s007_lastBlock	126	Picture	consistent	2827649	5166	1	12666	2	5000	next	hit	188
s007_lastBlock	126	Response	16	2840279	17796	1
s007_lastBlock	127	Picture	pos_feedback	2845481	5166	1	14999	2	5000	next	other	0
s007_lastBlock	128	Picture	consistent	2875813	5167	1	9166	2	5000	next	hit	191
s007_lastBlock	128	Response	16	2884806	14160	1
s007_lastBlock	129	Picture	pos_feedback	2890145	5166	1	14999	2	5000	next	other	0
s007_lastBlock	130	Picture	consistent	2917977	5167	1	9499	2	5000	next	hit	194
s007_lastBlock	130	Response	16	2927361	14551	1
s007_lastBlock	131	Picture	pos_feedback	2932642	5166	2	14999	3	5000	next	other	0
s007_lastBlock	132	Picture	consistent	2962974	5167	1	13832	2	5000	next	hit	197
s007_lastBlock	132	Response	32	2976635	18828	2
s007_lastBlock	133	Picture	pos_feedback	2981972	5166	2	14999	4	5000	next	other	0
s007_lastBlock	134	Picture	consistent	3009804	5166	1	14999	2	5000	next	hit	200
s007_lastBlock	134	Response	16	3024634	19996	1
s007_lastBlock	135	Picture	pos_feedback	3029969	5166	2	14999	3	5000	next	other	0
s007_lastBlock	136	Picture	consistent	3060301	5167	1	11499	2	5000	next	hit	203
s007_lastBlock	136	Response	32	3071708	16574	1
s007_lastBlock	137	Picture	pos_feedback	3076966	5166	1	14999	2	5000	next	other	0
s007_lastBlock	138	Picture	consistent	3102298	5166	1	16332	2	5000	next	hit	206
s007_lastBlock	138	Response	16	3118591	21459	1
s007_lastBlock	139	Picture	pos_feedback	3123797	5167	1	14999	2	5000	next	other	0
s007_lastBlock	140	Picture	consistent	3149128	5166	1	14666	2	5000	next	hit	209
s007_lastBlock	140	Response	32	3163657	19695	1
s007_lastBlock	141	Picture	pos_feedback	3168960	5166	1	14999	2	5000	next	other	0
s007_lastBlock	142	Picture	consistent	3199292	5167	1	9832	2	5000	next	hit	212
s007_lastBlock	142	Response	16	3209006	14881	1
s007_lastBlock	143	Picture	pos_feedback	3214291	5167	1	14999	2	5000	next	other	0
s007_lastBlock	144	Picture	consistent	3239622	5166	1	14666	2	5000	next	hit	215
s007_lastBlock	144	Response	16	3254176	19720	1
s007_lastBlock	145	Picture	pos_feedback	3259454	5166	2	14999	3	5000	next	other	0
s007_lastBlock	146	Picture	consistent	3289786	5167	1	12832	2	5000	next	hit	218
s007_lastBlock	146	Response	16	3302434	17815	1
s007_lastBlock	147	Picture	pos_feedback	3307785	5167	1	14999	2	5000	next	other	0
s007_lastBlock	148	Picture	consistent	3335616	5166	1	14666	2	5000	next	hit	221
s007_lastBlock	148	Response	16	3350216	19766	1
s007_lastBlock	149	Picture	pos_feedback	3355448	5166	1	14999	2	5000	next	other	0
s007_lastBlock	150	Picture	consistent	3383280	5167	1	10666	2	5000	next	hit	224
s007_lastBlock	150	Response	32	3393832	15719	1
s007_lastBlock	151	Picture	pos_feedback	3399112	5166	1	14999	2	5000	next	other	0
s007_lastBlock	152	Picture	consistent	3426943	5166	2	14666	3	5000	next	hit	227
s007_lastBlock	152	Response	32	3441576	19799	1
s007_lastBlock	153	Picture	pos_feedback	3446776	5167	1	14999	2	5000	next	other	0
s007_lastBlock	154	Picture	consistent	3474607	5166	1	16832	2	5000	next	hit	230
s007_lastBlock	154	Response	32	3491258	21817	2
s007_lastBlock	155	Picture	pos_feedback	3496606	5167	1	14999	2	5000	next	other	0
s007_lastBlock	156	Picture	consistent	3526937	5166	1	11666	2	5000	next	hit	233
s007_lastBlock	156	Response	16	3538524	16753	2
s007_lastBlock	157	Picture	pos_feedback	3543769	5166	1	14999	2	5000	next	other	0
s007_lastBlock	158	Picture	consistent	3569101	5166	1	11666	2	5000	next	hit	236
s007_lastBlock	158	Response	16	3580587	16652	1
s007_lastBlock	159	Picture	pos_feedback	3585933	5166	1	14999	2	5000	next	other	0
s007_lastBlock	160	Picture	consistent	3611265	5167	1	16832	2	5000	next	hit	239
s007_lastBlock	160	Response	16	3628075	21977	2
s007_lastBlock	161	Picture	pos_feedback	3633263	5166	2	14999	4	5000	next	other	0
s007_lastBlock	162	Picture	consistent	3658595	5166	1	7000	2	5000	next	hit	242
s007_lastBlock	162	Response	32	3665496	12067	1
s007_lastBlock	163	Picture	pos_feedback	3670761	5166	1	14999	2	5000	next	other	0
s007_lastBlock	164	Picture	consistent	3701092	5166	1	13999	2	5000	next	hit	245
s007_lastBlock	164	Response	32	3715029	19103	2
s007_lastBlock	165	Picture	pos_feedback	3720258	5167	1	14999	2	5000	next	other	0
s007_lastBlock	166	Picture	consistent	3750589	5166	1	14666	2	5000	next	hit	248
s007_lastBlock	166	Response	16	3765154	19731	1
s007_lastBlock	167	Picture	pos_feedback	3770421	5166	1	14999	2	5000	next	other	0
s007_lastBlock	168	Picture	consistent	3798253	5167	1	10166	2	5000	next	hit	251
s007_lastBlock	168	Response	16	3808294	15208	2
s007_lastBlock	169	Picture	pos_feedback	3813585	5166	1	14999	2	5000	next	other	0
s007_lastBlock	170	Picture	consistent	3838917	5167	1	12666	2	5000	next	hit	254
s007_lastBlock	170	Response	32	3851558	17808	1
s007_lastBlock	171	Picture	pos_feedback	3856749	5166	1	14999	2	5000	next	other	0
s007_lastBlock	172	Picture	consistent	3884580	5166	2	12166	3	5000	next	hit	257
s007_lastBlock	172	Response	32	3896694	17280	1
s007_lastBlock	173	Picture	pos_feedback	3901913	5167	1	14999	2	5000	next	other	0
s007_lastBlock	174	Picture	consistent	3932244	5166	1	11332	3	5000	next	hit	260
s007_lastBlock	174	Response	32	3943501	16423	1
s007_lastBlock	175	Picture	pos_feedback	3948743	5167	1	14999	2	5000	next	other	0
s007_lastBlock	176	Picture	consistent	3974075	5167	1	15332	2	5000	next	hit	263
s007_lastBlock	176	Response	32	3989367	20459	2
s007_lastBlock	177	Picture	pos_feedback	3994573	5166	1	14999	2	5000	next	other	0
s007_lastBlock	178	Picture	consistent	4022405	5167	1	14332	2	5000	next	hit	266
s007_lastBlock	178	Response	32	4036622	19384	1
s007_lastBlock	179	Picture	pos_feedback	4041903	5166	2	14999	4	5000	next	other	0
s007_lastBlock	180	Picture	consistent	4072235	5167	1	16165	3	5000	next	hit	269
s007_lastBlock	180	Response	32	4088282	21214	1
s007_lastBlock	181	Picture	pos_feedback	4093567	5167	1	14999	2	5000	next	other	0
s007_lastBlock	182	Picture	consistent	4118898	5166	2	12166	3	5000	next	hit	272
s007_lastBlock	182	Response	16	4130985	17253	1
s007_lastBlock	183	Picture	pos_feedback	4136231	5167	1	14999	2	5000	next	other	0
s007_lastBlock	184	Picture	consistent	4164062	5166	1	14499	2	5000	next	hit	275
s007_lastBlock	184	Response	16	4178383	19487	1
s007_lastBlock	185	Picture	pos_feedback	4183728	5167	1	14999	2	5000	next	other	0
s007_lastBlock	186	Picture	consistent	4214059	5166	1	15166	2	5000	next	hit	278
s007_lastBlock	186	Response	32	4229152	20259	1
s007_lastBlock	187	Picture	pos_feedback	4234391	5166	1	14999	2	5000	next	other	0
s007_lastBlock	188	Picture	consistent	4262222	5166	2	12333	3	5000	next	hit	281
s007_lastBlock	188	Response	32	4274460	17404	1
s007_lastBlock	189	Picture	pos_feedback	4279721	5166	1	14999	2	5000	next	other	0
s007_lastBlock	190	Picture	consistent	4310053	5167	1	11832	2	5000	next	hit	284
s007_lastBlock	190	Response	32	4321731	16845	1
s007_lastBlock	191	Picture	pos_feedback	4327052	5167	1	14999	2	5000	next	other	0
s007_lastBlock	192	Picture	consistent	4354883	5166	1	10166	2	5000	next	hit	287
s007_lastBlock	192	Response	16	4365015	15298	2
s007_lastBlock	193	Picture	pos_feedback	4370215	5166	2	14999	4	5000	next	other	0
s007_lastBlock	194	Picture	consistent	4395547	5166	1	14166	2	5000	next	hit	290
s007_lastBlock	194	Response	32	4409669	19288	1
s007_lastBlock	195	Picture	pos_feedback	4414879	5166	1	14999	2	5000	next	other	0
s007_lastBlock	196	Picture	consistent	4440211	5166	1	7333	2	5000	next	hit	293
s007_lastBlock	196	Response	32	4447393	12348	1
s007_lastBlock	197	Picture	pos_feedback	4452710	5166	1	14999	2	5000	next	other	0
s007_lastBlock	198	Picture	consistent	4483041	5166	2	16499	3	5000	next	hit	296
s007_lastBlock	198	Response	16	4499424	21549	1
s007_lastBlock	199	Picture	pos_feedback	4504707	5167	1	14999	2	5000	next	other	0
s007_lastBlock	200	Picture	consistent	4535038	5166	1	19999	2	5000	next	miss	0
s007_lastBlock	200	Response	16	4554930	25058	1
s007_lastBlock	201	Picture	pos_feedback	4560203	5166	1	14999	2	5000	next	other	0
s007_lastBlock	202	Picture	consistent	4585535	5167	1	11999	2	5000	next	hit	302
s007_lastBlock	202	Response	32	4597444	17076	1
s007_lastBlock	203	Picture	pos_feedback	4602700	5166	1	14999	2	5000	next	other	0
s007_lastBlock	204	Picture	consistent	4630532	5167	1	18499	2	5000	next	hit	305
s007_lastBlock	204	Response	32	4648886	23521	1
s007_lastBlock	205	Picture	pos_feedback	4654197	5166	1	14999	2	5000	next	other	0
s007_lastBlock	206	Picture	consistent	4682028	5166	2	8500	3	5000	next	hit	308
s007_lastBlock	206	Response	32	4690499	13637	1
s007_lastBlock	207	Picture	pos_feedback	4695694	5166	1	14999	2	5000	next	other	0
s007_lastBlock	208	Picture	consistent	4721026	5166	1	14999	2	5000	next	hit	311
s007_lastBlock	208	Response	32	4735959	20099	1
s007_lastBlock	209	Picture	pos_feedback	4741191	5166	1	14999	2	5000	next	other	0
s007_lastBlock	210	Picture	consistent	4769023	5167	1	12499	2	5000	next	hit	314
s007_lastBlock	210	Response	32	4781345	17489	1
s007_lastBlock	211	Picture	pos_feedback	4786688	5166	1	14999	2	5000	next	other	0
s007_lastBlock	212	Picture	consistent	4817020	5167	1	13499	2	5000	next	hit	317
s007_lastBlock	212	Response	16	4830468	18615	1
s007_lastBlock	213	Picture	pos_feedback	4835685	5166	1	14999	2	5000	next	other	0
s007_lastBlock	214	Picture	consistent	4863517	5167	1	13165	3	5000	next	hit	320
s007_lastBlock	214	Response	32	4876630	18280	1
s007_lastBlock	215	Picture	pos_feedback	4881849	5167	1	14999	2	5000	next	other	0
s007_lastBlock	216	Picture	consistent	4907180	5166	2	10000	3	5000	next	hit	323
s007_lastBlock	216	Response	32	4917102	15088	1
s007_lastBlock	217	Picture	pos_feedback	4922346	5166	1	14999	2	5000	next	other	0
s007_lastBlock	218	Picture	consistent	4952677	5166	2	11666	3	5000	next	hit	326
s007_lastBlock	218	Response	16	4964240	16729	1
s007_lastBlock	219	Picture	pos_feedback	4969510	5167	1	14999	2	5000	next	other	0
s007_lastBlock	220	Picture	consistent	4999841	5166	1	10333	2	5000	next	hit	329
s007_lastBlock	220	Response	16	5010118	15443	1
s007_lastBlock	221	Picture	pos_feedback	5015340	5166	1	14999	2	5000	next	other	0
s007_lastBlock	222	Picture	consistent	5040672	5167	1	11499	2	5000	next	hit	332
s007_lastBlock	222	Response	32	5052115	16610	1
s007_lastBlock	223	Picture	pos_feedback	5057337	5166	2	14999	3	5000	next	other	0
s007_lastBlock	224	Picture	consistent	5082669	5166	1	12332	3	5000	next	hit	335
s007_lastBlock	224	Response	32	5094883	17380	1
s007_lastBlock	225	Picture	pos_feedback	5100168	5167	1	14999	2	5000	next	other	0
s007_lastBlock	226	Picture	consistent	5130499	5166	1	9666	2	5000	next	hit	338
s007_lastBlock	226	Response	32	5139983	14650	1
s007_lastBlock	227	Picture	pos_feedback	5145332	5167	1	14999	2	5000	next	other	0
s007_lastBlock	228	Picture	consistent	5173163	5166	1	13499	2	5000	next	hit	341
s007_lastBlock	228	Response	32	5186621	18624	1
s007_lastBlock	229	Picture	pos_feedback	5191829	5167	1	14999	2	5000	next	other	0
s007_lastBlock	230	Picture	consistent	5222160	5166	1	11166	2	5000	next	hit	344
s007_lastBlock	230	Response	16	5233272	16278	1
s007_lastBlock	231	Picture	pos_feedback	5238492	5166	1	14999	2	5000	next	other	0
s007_lastBlock	232	Picture	consistent	5266324	5167	1	10499	2	5000	next	hit	347
s007_lastBlock	232	Response	32	5276644	15487	1
s007_lastBlock	233	Picture	pos_feedback	5281989	5166	2	14999	3	5000	next	other	0
s007_lastBlock	234	Picture	consistent	5307321	5166	1	15499	2	5000	next	hit	350
s007_lastBlock	234	Response	16	5322645	20490	2
s007_lastBlock	235	Picture	pos_feedback	5327986	5166	2	14999	4	5000	next	other	0
s007_lastBlock	236	Picture	consistent	5358318	5167	1	9666	2	5000	next	hit	353
s007_lastBlock	236	Response	16	5367839	14688	2
s007_lastBlock	237	Picture	pos_feedback	5373150	5166	1	14999	2	5000	next	other	0
s007_lastBlock	238	Picture	consistent	5400982	5167	1	15832	2	5000	next	hit	356
s007_lastBlock	238	Response	16	5416651	20836	1
s007_lastBlock	239	Picture	pos_feedback	5421980	5166	1	14999	2	5000	next	other	0
s007_lastBlock	240	Picture	consistent	5447312	5166	1	12332	3	5000	next	hit	359
s007_lastBlock	240	Response	32	5459564	17418	1
s007_lastBlock	241	Picture	pos_feedback	5464811	5167	1	14999	2	5000	next	other	0
s007_lastBlock	242	Picture	consistent	5492642	5166	1	9666	2	5000	next	hit	362
s007_lastBlock	242	Response	32	5502175	14699	2
s007_lastBlock	243	Picture	pos_feedback	5507475	5167	1	14999	2	5000	next	other	0
s007_lastBlock	244	Picture	consistent	5532806	5166	2	13166	3	5000	next	hit	365
s007_lastBlock	244	Response	32	5545915	18275	2
s007_lastBlock	245	Picture	pos_feedback	5551138	5166	2	14999	4	5000	next	other	0
s007_lastBlock	246	Picture	consistent	5576470	5166	1	10000	2	5000	next	hit	368
s007_lastBlock	246	Response	32	5586355	15051	2
s007_lastBlock	247	Picture	pos_feedback	5591636	5166	1	14999	2	5000	next	other	0
s007_lastBlock	248	Picture	consistent	5619467	5166	2	13333	3	5000	next	hit	371
s007_lastBlock	248	Response	32	5632673	18372	1
s007_lastBlock	249	Picture	pos_feedback	5637966	5166	1	14999	2	5000	next	other	0
s007_lastBlock	250	Picture	consistent	5668297	5166	2	14166	3	5000	next	hit	374
s007_lastBlock	250	Response	32	5682381	19250	2
s007_lastBlock	251	Picture	pos_feedback	5687630	5167	1	14999	2	5000	next	other	0
s007_lastBlock	252	Picture	consistent	5712961	5166	1	6833	2	5000	next	hit	377
s007_lastBlock	252	Response	32	5719766	11971	1
s007_lastBlock	253	Picture	pos_feedback	5724961	5167	1	14998	3	5000	next	other	0
s007_lastBlock	254	Picture	consistent	5755292	5166	1	9499	2	5000	next	hit	380
s007_lastBlock	254	Response	32	5764650	14524	1
s007_lastBlock	255	Picture	pos_feedback	5769958	5167	1	14999	2	5000	next	other	0
s007_lastBlock	256	Picture	consistent	5797789	5166	1	11666	2	5000	next	hit	383
s007_lastBlock	256	Response	32	5809343	16720	1
s007_lastBlock	257	Picture	pos_feedback	5814621	5166	2	14999	3	5000	next	other	0
s007_lastBlock	258	Picture	consistent	5844953	5167	1	11665	3	5000	next	hit	386
s007_lastBlock	258	Response	16	5856550	16764	1
s007_lastBlock	259	Picture	pos_feedback	5861785	5167	1	14999	2	5000	next	other	0
s007_lastBlock	260	Picture	consistent	5887117	5167	1	12499	2	5000	next	hit	389
s007_lastBlock	260	Response	32	5899439	17489	1
s007_lastBlock	261	Picture	pos_feedback	5904782	5166	1	14999	2	5000	next	other	0
s007_lastBlock	262	Picture	consistent	5932614	5167	1	10499	2	5000	next	hit	392
s007_lastBlock	262	Response	16	5942934	15487	1
s007_lastBlock	263	Picture	pos_feedback	5948279	5166	1	14999	2	5000	next	other	0
s007_lastBlock	264	Picture	consistent	5978611	5167	1	15832	2	5000	next	hit	395
s007_lastBlock	264	Response	32	5994344	20900	2
s007_lastBlock	265	Picture	pos_feedback	5999609	5166	1	14999	2	5000	next	other	0
s007_lastBlock	266	Picture	consistent	6024941	5166	1	14999	2	5000	next	hit	398
s007_lastBlock	266	Response	16	6039899	20124	1
s007_lastBlock	267	Picture	pos_feedback	6045106	5166	1	14999	2	5000	next	other	0
s007_lastBlock	268	Picture	consistent	6072938	5167	1	19999	2	5000	next	miss	0
s007_lastBlock	269	Picture	pos_feedback	6098103	5166	1	14999	2	5000	next	other	0
s007_lastBlock	270	Picture	consistent	6128434	5166	1	7500	2	5000	next	hit	403
s007_lastBlock	270	Response	32	6135882	12614	1
s007_lastBlock	271	Picture	pos_feedback	6141100	5166	1	14999	2	5000	next	other	0
s007_lastBlock	272	Picture	consistent	6166432	5167	1	10499	2	5000	next	hit	406
s007_lastBlock	272	Response	16	6176743	15478	2
s007_lastBlock	273	Picture	pos_feedback	6182097	5166	2	14999	3	5000	next	other	0
s007_lastBlock	274	Picture	consistent	6209929	5166	1	15332	2	5000	next	hit	409
s007_lastBlock	274	Response	32	6225140	20377	1
s007_lastBlock	275	Picture	pos_feedback	6230428	5167	1	14999	2	5000	next	other	0
s007_lastBlock	276	Picture	consistent	6260759	5166	1	17332	2	5000	next	hit	412
s007_lastBlock	276	Response	16	6278048	22455	1
s007_lastBlock	277	Picture	pos_feedback	6283257	5166	2	15000	3	5000	next	other	0
s007_lastBlock	278	Picture	consistent	6308589	5166	1	9666	2	5000	next	hit	415
s007_lastBlock	278	Response	32	6318103	14680	1
s007_lastBlock	279	Picture	pos_feedback	6323422	5167	1	14999	2	5000	next	other	0
s007_lastBlock	280	Picture	consistent	6351253	5166	1	12166	2	5000	next	hit	418
s007_lastBlock	280	Response	16	6363384	17297	1
s007_lastBlock	281	Picture	pos_feedback	6368585	5166	1	14999	2	5000	next	other	0
s007_lastBlock	282	Picture	consistent	6398917	5167	1	14332	2	5000	next	hit	421
s007_lastBlock	282	Response	16	6413113	19363	1
s007_lastBlock	283	Picture	pos_feedback	6418415	5166	2	14999	4	5000	next	other	0
s007_lastBlock	284	Picture	consistent	6443747	5166	1	13499	2	5000	next	hit	424
s007_lastBlock	284	Response	32	6457105	18524	1
s007_lastBlock	285	Picture	pos_feedback	6462412	5166	2	14999	4	5000	next	other	0
s007_lastBlock	286	Picture	consistent	6490244	5166	1	9166	2	5000	next	hit	427
s007_lastBlock	286	Response	32	6499344	14266	1
s007_lastBlock	287	Picture	pos_feedback	6504576	5166	2	14999	4	5000	next	other	0
s007_lastBlock	288	Picture	consistent	6534908	5167	1	8833	2	5000	next	hit	430
s007_lastBlock	288	Response	32	6543697	13956	1
s007_lastBlock	289	Picture	pos_feedback	6548907	5166	1	14999	2	5000	next	other	0
s007_lastBlock	290	Picture	consistent	6574238	5166	2	7167	3	5000	next	hit	433
s007_lastBlock	290	Response	32	6581233	12161	2
s007_lastBlock	291	Picture	pos_feedback	6586571	5166	1	14999	2	5000	next	other	0
s007_lastBlock	292	Picture	consistent	6614403	5167	1	11332	2	5000	next	hit	436
s007_lastBlock	292	Response	16	6625618	16382	1
s007_lastBlock	293	Picture	pos_feedback	6630901	5166	2	15000	3	5000	next	other	0
s007_lastBlock	294	Picture	consistent	6661233	5166	1	10666	2	5000	next	hit	439
s007_lastBlock	294	Response	32	6671831	15764	1
s007_lastBlock	295	Picture	pos_feedback	6677065	5166	1	14999	2	5000	next	other	0
s007_lastBlock	296	Picture	consistent	6702397	5167	1	18332	2	5000	next	hit	442
s007_lastBlock	296	Response	32	6720586	23356	1
s007_lastBlock	297	Picture	pos_feedback	6725895	5166	1	14999	2	5000	next	other	0
s007_lastBlock	298	Picture	consistent	6753727	5166	1	12332	3	5000	next	hit	445
s007_lastBlock	298	Response	32	6765900	17339	1
s007_lastBlock	299	Picture	pos_feedback	6771226	5167	1	14999	2	5000	next	other	0
s007_lastBlock	300	Picture	consistent	6801557	5166	1	8666	2	5000	next	hit	448
s007_lastBlock	300	Response	32	6810175	13784	2
s007_lastBlock	301	Picture	pos_feedback	6815389	5166	2	15000	3	5000	next	other	0
s007_lastBlock	302	Picture	consistent	6840721	5166	1	14166	2	5000	next	hit	451
s007_lastBlock	302	Response	16	6854728	19173	1
s007_lastBlock	303	Picture	pos_feedback	6860053	5166	1	14999	2	5000	next	other	0
s007_lastBlock	304	Picture	consistent	6887885	5167	1	12499	2	5000	next	hit	454
s007_lastBlock	304	Response	16	6900231	17513	1
s007_lastBlock	305	Picture	pos_feedback	6905550	5166	1	14999	2	5000	next	other	0
s007_lastBlock	306	Picture	consistent	6935882	5167	1	15665	2	5000	next	hit	457
s007_lastBlock	306	Response	16	6951431	20716	1
s007_lastBlock	307	Picture	pos_feedback	6956714	5167	1	14999	2	5000	next	other	0
s007_lastBlock	308	Picture	consistent	6982045	5166	1	14166	2	5000	next	hit	460
s007_lastBlock	308	Response	32	6996063	19184	1
s007_lastBlock	309	Picture	pos_feedback	7001377	5166	2	14999	4	5000	next	other	0
s007_lastBlock	310	Picture	consistent	7029209	5166	1	9999	2	5000	next	hit	463
s007_lastBlock	310	Response	32	7039118	15075	1
s007_lastBlock	311	Picture	pos_feedback	7044375	5167	1	14999	2	5000	next	other	0
s007_lastBlock	312	Picture	consistent	7074706	5166	1	11166	2	5000	next	hit	466
s007_lastBlock	312	Response	32	7085812	16272	1
s007_lastBlock	313	Picture	pos_feedback	7091038	5166	1	14999	2	5000	next	other	0
s007_lastBlock	314	Picture	consistent	7116370	5166	1	19999	2	5000	next	miss	0
s007_lastBlock	314	Response	16	7136349	25145	1
s007_lastBlock	315	Picture	pos_feedback	7141535	5166	1	14999	2	5000	next	other	0
s007_lastBlock	316	Picture	consistent	7169366	5166	2	7833	3	5000	next	hit	472
s007_lastBlock	316	Response	32	7177174	12974	1
s007_lastBlock	317	Picture	pos_feedback	7182366	5167	1	14999	2	5000	next	other	0
s007_lastBlock	318	Picture	consistent	7212697	5166	1	12666	2	5000	next	hit	475
s007_lastBlock	318	Response	16	7225244	17713	1
s007_lastBlock	319	Picture	pos_feedback	7230529	5166	1	14999	2	5000	next	other	0
s007_lastBlock	320	Picture	consistent	7255861	5167	1	9166	2	5000	next	hit	478
s007_lastBlock	320	Response	16	7264978	14284	1
s007_lastBlock	321	Picture	pos_feedback	7270193	5166	1	14999	2	5000	next	other	0
s007_lastBlock	322	Picture	consistent	7298025	5167	1	10332	3	5000	next	hit	481
s007_lastBlock	322	Response	32	7308318	15460	1
s007_lastBlock	323	Picture	pos_feedback	7313524	5167	1	14999	2	5000	next	other	0
s007_lastBlock	324	Picture	consistent	7343855	5166	1	8833	2	5000	next	hit	484
s007_lastBlock	324	Response	16	7352589	13900	1
s007_lastBlock	325	Picture	pos_feedback	7357854	5166	1	14999	2	5000	next	other	0
s007_lastBlock	326	Picture	consistent	7383186	5167	1	12666	2	5000	next	hit	487
s007_lastBlock	326	Response	32	7395742	17723	1
s007_lastBlock	327	Picture	pos_feedback	7401018	5166	1	14999	2	5000	next	other	0
s007_lastBlock	328	Picture	consistent	7428850	5167	1	11832	2	5000	next	hit	490
s007_lastBlock	328	Response	32	7440621	16938	1
s007_lastBlock	329	Picture	pos_feedback	7445848	5166	2	14999	4	5000	next	other	0
s007_lastBlock	330	Picture	consistent	7476180	5167	1	11666	2	5000	next	hit	493
s007_lastBlock	330	Response	16	7487685	16672	1
s007_lastBlock	331	Picture	pos_feedback	7493012	5166	1	14999	2	5000	next	other	0
s007_lastBlock	332	Picture	consistent	7518344	5167	1	11999	2	5000	next	hit	496
s007_lastBlock	332	Response	32	7530172	16995	1
s007_lastBlock	333	Picture	pos_feedback	7535509	5166	1	14999	2	5000	next	other	0
s007_lastBlock	334	Picture	consistent	7563341	5167	1	9666	2	5000	next	hit	499
s007_lastBlock	334	Response	16	7572978	14804	1
s007_lastBlock	335	Picture	pos_feedback	7578173	5166	1	14999	2	5000	next	other	0
s007_lastBlock	336	Picture	consistent	7608505	5167	1	7666	2	5000	next	hit	502
s007_lastBlock	336	Response	32	7616018	12680	2
s007_lastBlock	337	Picture	pos_feedback	7621337	5166	1	14999	2	5000	next	other	0
s007_lastBlock	338	Picture	consistent	7646669	5167	1	11832	2	5000	next	hit	505
s007_lastBlock	338	Response	32	7658351	16849	1
s007_lastBlock	339	Picture	pos_feedback	7663668	5167	1	14999	2	5000	next	other	0
s007_lastBlock	340	Picture	consistent	7691499	5166	1	12333	2	5000	next	hit	508
s007_lastBlock	340	Response	16	7703698	17365	1
s007_lastBlock	341	Picture	pos_feedback	7708998	5166	1	14999	2	5000	next	other	0
s007_lastBlock	342	Picture	consistent	7739329	5166	1	9333	2	5000	next	hit	511
s007_lastBlock	342	Response	16	7748506	14343	1
s007_lastBlock	343	Picture	pos_feedback	7753828	5166	2	14999	3	5000	next	other	0
s007_lastBlock	344	Picture	consistent	7779160	5166	1	12666	2	5000	next	hit	514
s007_lastBlock	344	Response	16	7791730	17736	1
s007_lastBlock	345	Picture	pos_feedback	7796992	5166	1	14999	2	5000	next	other	0
s007_lastBlock	346	Picture	consistent	7824824	5167	1	10999	2	5000	next	hit	517
s007_lastBlock	346	Response	16	7835800	16143	1
s007_lastBlock	347	Picture	pos_feedback	7840989	5166	2	14999	4	5000	next	other	0
s007_lastBlock	348	Picture	consistent	7871321	5167	1	7999	2	5000	next	hit	520
s007_lastBlock	348	Response	32	7879229	13075	1
s007_lastBlock	349	Picture	pos_feedback	7884487	5167	1	14999	2	5000	next	other	0
s007_lastBlock	350	Picture	consistent	7909818	5166	1	11833	2	5000	next	hit	523
s007_lastBlock	350	Response	32	7921613	16961	2
s007_lastBlock	351	Picture	pos_feedback	7926817	5166	1	14999	2	5000	next	other	0
s007_lastBlock	352	Picture	consistent	7954649	5167	1	15499	2	5000	next	hit	526
s007_lastBlock	352	Response	16	7970026	20544	1
s007_lastBlock	353	Picture	pos_feedback	7975314	5166	1	14999	2	5000	next	other	0
s007_lastBlock	354	Picture	consistent	8005645	5166	2	12500	3	5000	next	hit	529
s007_lastBlock	354	Response	32	8017979	17500	1
s007_lastBlock	355	Picture	pos_feedback	8023311	5166	1	14999	2	5000	next	other	0
s007_lastBlock	356	Picture	consistent	8048642	5166	2	15166	3	5000	next	hit	532
s007_lastBlock	356	Response	16	8063751	20275	1
s007_lastBlock	357	Picture	pos_feedback	8068975	5167	1	14998	3	5000	next	other	0
s007_lastBlock	358	Picture	consistent	8096806	5166	1	9833	2	5000	next	hit	535
s007_lastBlock	358	Response	32	8106519	14879	1
s007_lastBlock	359	Picture	pos_feedback	8111805	5166	1	14999	2	5000	next	other	0
s007_lastBlock	360	Picture	consistent	8142136	5166	2	9333	3	5000	next	hit	538
s007_lastBlock	360	Response	16	8151321	14351	1
s007_lastBlock	361	Picture	pos_feedback	8156635	5166	2	15000	3	5000	next	other	0
s007_lastBlock	362	Picture	consistent	8181967	5166	1	13833	2	5000	next	hit	541
s007_lastBlock	362	Response	16	8195771	18970	1
s007_lastBlock	363	Picture	pos_feedback	8200966	5166	1	14999	2	5000	next	other	0
s007_lastBlock	364	Picture	consistent	8228797	5166	2	14499	4	5000	next	hit	544
s007_lastBlock	364	Response	16	8243189	19558	1
s007_lastBlock	365	Picture	pos_feedback	8248463	5167	1	14999	2	5000	next	other	0
s007_lastBlock	366	Picture	consistent	8278794	5166	1	10000	2	5000	next	hit	547
s007_lastBlock	366	Response	32	8288682	15054	1
s007_lastBlock	367	Picture	pos_feedback	8293960	5166	1	14999	2	5000	next	other	0
s007_lastBlock	368	Picture	consistent	8319292	5167	1	9332	2	5000	next	hit	550
s007_lastBlock	368	Response	32	8328481	14356	2
s007_lastBlock	369	Picture	pos_feedback	8333791	5167	1	14999	2	5000	next	other	0
s007_lastBlock	370	Picture	consistent	8361622	5166	1	8666	2	5000	next	hit	553
s007_lastBlock	370	Response	32	8370172	13716	1
s007_lastBlock	371	Picture	pos_feedback	8375455	5167	1	14999	2	5000	next	other	0
s007_lastBlock	372	Picture	consistent	8405786	5166	1	12499	2	5000	next	hit	556
s007_lastBlock	372	Response	32	8418219	17599	1
s007_lastBlock	373	Picture	pos_feedback	8423451	5166	2	14999	4	5000	next	other	0
s007_lastBlock	374	Picture	consistent	8448783	5166	1	11999	2	5000	next	hit	559
s007_lastBlock	374	Response	32	8460675	17058	1
s007_lastBlock	375	Picture	pos_feedback	8465949	5167	1	14999	2	5000	next	other	0
s007_lastBlock	376	Picture	consistent	8493780	5166	1	14999	2	5000	next	hit	562
s007_lastBlock	376	Response	16	8508711	20097	1
s007_lastBlock	377	Picture	pos_feedback	8513946	5167	1	14999	2	5000	next	other	0
s007_lastBlock	378	Picture	consistent	8544277	5166	1	11999	2	5000	next	hit	565
s007_lastBlock	378	Response	32	8556178	17067	1
s007_lastBlock	379	Picture	pos_feedback	8561442	5166	2	14999	4	5000	next	other	0
s007_lastBlock	380	Picture	consistent	8586774	5166	1	12999	2	5000	next	hit	568
s007_lastBlock	380	Response	16	8599638	18030	1
s007_lastBlock	381	Picture	pos_feedback	8604940	5167	1	14999	2	5000	next	other	0
s007_lastBlock	382	Picture	consistent	8632771	5166	1	10166	2	5000	next	hit	571
s007_lastBlock	382	Response	16	8642833	15228	1
s007_lastBlock	383	Picture	pos_feedback	8648103	5166	2	14999	4	5000	next	other	0
s007_lastBlock	384	Picture	consistent	8678435	5167	1	13666	2	5000	next	hit	574
s007_lastBlock	384	Response	32	8692040	18772	2
s007_lastBlock	385	Picture	pos_feedback	8697267	5166	1	14999	2	5000	next	other	0
s007_lastBlock	386	Picture	consistent	8722599	5167	1	10999	2	5000	next	hit	577
s007_lastBlock	386	Response	32	8733515	16083	1
s007_lastBlock	387	Picture	pos_feedback	8738764	5166	1	14999	2	5000	next	other	0
s007_lastBlock	388	Picture	consistent	8766596	5167	1	7666	2	5000	next	hit	580
s007_lastBlock	388	Response	32	8774191	12762	1
s007_lastBlock	389	Picture	pos_feedback	8779428	5166	1	14999	2	5000	next	other	0
s007_lastBlock	390	Picture	consistent	8809760	5167	1	9666	2	5000	next	hit	583
s007_lastBlock	390	Response	32	8819344	14751	2
s007_lastBlock	391	Picture	pos_feedback	8824592	5166	1	14999	2	5000	next	other	0
s007_lastBlock	392	Picture	consistent	8849924	5167	1	9499	2	5000	next	hit	586
s007_lastBlock	392	Response	32	8859305	14548	1
s007_lastBlock	393	Picture	pos_feedback	8864589	5166	2	14999	3	5000	next	other	0
s007_lastBlock	394	Picture	consistent	8892421	5166	1	11832	3	5000	next	hit	589
s007_lastBlock	394	Response	32	8904084	16829	1
s007_lastBlock	395	Picture	pos_feedback	8909420	5167	1	14999	2	5000	next	other	0
s007_lastBlock	396	Picture	consistent	8939751	5166	1	15666	2	5000	next	hit	592
s007_lastBlock	396	Response	16	8955387	20802	1
s007_lastBlock	397	Picture	pos_feedback	8960583	5166	1	14999	2	5000	next	other	0
s007_lastBlock	398	Picture	consistent	8985915	5167	1	12666	2	5000	next	hit	595
s007_lastBlock	398	Response	16	8998518	17770	1
s007_lastBlock	399	Picture	pos_feedback	9003747	5166	1	14999	2	5000	next	other	0
s007_lastBlock	400	Picture	consistent	9031578	5166	2	15666	3	5000	next	hit	598
s007_lastBlock	400	Response	16	9047220	20808	1
s007_lastBlock	401	Picture	pos_feedback	9052411	5167	1	14999	2	5000	next	other	0
s007_lastBlock	402	Picture	consistent	9082742	5167	1	9666	2	5000	next	hit	601
s007_lastBlock	402	Response	32	9092227	14652	2
s007_lastBlock	403	Picture	pos_feedback	9097574	5166	1	14999	2	5000	next	other	0
s007_lastBlock	404	Picture	consistent	9122906	5166	1	12332	3	5000	next	hit	604
s007_lastBlock	404	Response	16	9135063	17323	1
s007_lastBlock	405	Picture	pos_feedback	9140405	5167	1	14999	2	5000	next	other	0
s007_lastBlock	406	Picture	consistent	9168236	5166	1	9833	2	5000	next	hit	607
s007_lastBlock	406	Response	32	9177947	14877	1
s007_lastBlock	407	Picture	pos_feedback	9183235	5166	1	14999	3	5000	next	other	0
s007_lastBlock	408	Picture	consistent	9213567	5167	1	11666	2	5000	next	hit	610
s007_lastBlock	408	Response	16	9225178	16778	1
s007_lastBlock	409	Picture	pos_feedback	9230399	5166	1	14999	2	5000	next	other	0
s007_lastBlock	410	Picture	consistent	9255731	5167	1	15499	2	5000	next	hit	613
s007_lastBlock	410	Response	32	9271090	20526	1
s007_lastBlock	411	Picture	pos_feedback	9276396	5166	1	14999	2	5000	next	other	0
s007_lastBlock	412	Picture	consistent	9304227	5166	2	12500	3	5000	next	hit	616
s007_lastBlock	412	Response	32	9316693	17632	1
s007_lastBlock	413	Picture	pos_feedback	9321893	5166	1	14999	2	5000	next	other	0
s007_lastBlock	414	Picture	consistent	9352224	5166	1	11666	2	5000	next	hit	619
s007_lastBlock	414	Response	32	9363797	16739	1
s007_lastBlock	415	Picture	pos_feedback	9369057	5167	1	14998	3	5000	next	other	0
s007_lastBlock	416	Picture	consistent	9394388	5166	1	12666	2	5000	next	hit	622
s007_lastBlock	416	Response	32	9407005	17783	2
s007_lastBlock	417	Picture	pos_feedback	9412220	5166	2	14999	4	5000	next	other	0
s007_lastBlock	418	Picture	consistent	9440052	5166	1	12666	2	5000	next	hit	625
s007_lastBlock	418	Response	16	9452620	17734	1
s007_lastBlock	419	Picture	pos_feedback	9457884	5166	1	14999	2	5000	next	other	0
s007_lastBlock	420	Picture	consistent	9488215	5166	2	12500	3	5000	next	hit	628
s007_lastBlock	420	Response	16	9500586	17537	1
s007_lastBlock	421	Picture	pos_feedback	9505881	5166	1	14999	2	5000	next	other	0
s007_lastBlock	422	Picture	consistent	9531213	5167	1	14499	2	5000	next	hit	631
s007_lastBlock	422	Response	32	9545602	19556	1
s007_lastBlock	423	Picture	pos_feedback	9550878	5166	1	14999	2	5000	next	other	0
s007_lastBlock	424	Quit		9716062	140019
