Scenario - 
Logfile written - 06/06/2016 17:27:31

Subject	Trial	Event Type	Code	Time	TTime	Uncertainty	Duration	Uncertainty	ReqTime	ReqDur	Stim Type	Pair Index

S008	1	Response	3	359691	349025	1
S008	2	Response	3	388230	28420	1
S008	3	Picture	consistent	393474	5166	2	19999	3	5000	next	miss	0
S008	4	Picture	pos_feedback	418639	5166	2	14999	4	5000	next	other	0
S008	4	Response	32	425267	11794	1
S008	5	Picture	consistent	443971	5166	1	5333	2	5000	next	hit	7
S008	5	Response	32	449255	10450	1
S008	6	Picture	pos_feedback	454470	5166	2	14999	4	5000	next	other	0
S008	7	Picture	consistent	482302	5166	1	5333	2	5000	next	hit	10
S008	7	Response	32	487552	10416	1
S008	8	Picture	pos_feedback	492801	5166	1	14999	2	5000	next	other	0
S008	9	Picture	consistent	523133	5167	1	6499	2	5000	next	hit	13
S008	9	Response	16	529495	11529	1
S008	10	Picture	pos_feedback	534798	5166	2	15000	3	5000	next	other	0
S008	11	Picture	consistent	560130	5166	1	5833	2	5000	next	hit	16
S008	11	Response	32	565836	10872	1
S008	12	Picture	pos_feedback	571129	5166	2	14999	4	5000	next	other	0
S008	13	Picture	consistent	598961	5166	1	4333	2	5000	next	hit	19
S008	13	Response	16	603256	9461	2
S008	14	Picture	pos_feedback	608460	5166	1	14999	2	5000	next	other	0
S008	15	Picture	consistent	638792	5167	1	6499	2	5000	next	hit	22
S008	15	Response	16	645114	11489	1
S008	16	Picture	pos_feedback	650458	5167	1	14999	2	5000	next	other	0
S008	17	Picture	consistent	675789	5166	1	5333	2	5000	next	hit	25
S008	17	Response	32	681058	10435	1
S008	18	Picture	pos_feedback	686289	5167	1	14999	2	5000	next	other	0
S008	19	Picture	consistent	714120	5166	1	6000	2	5000	next	hit	28
S008	19	Response	16	719939	10985	1
S008	20	Picture	pos_feedback	725286	5166	1	14999	2	5000	next	other	0
S008	21	Picture	consistent	755617	5166	2	6000	3	5000	next	hit	31
S008	21	Response	32	761488	11037	2
S008	22	Picture	pos_feedback	766783	5166	2	14999	3	5000	next	other	0
S008	23	Picture	consistent	792115	5166	1	6166	2	5000	next	hit	34
S008	23	Response	32	798131	11182	1
S008	24	Picture	pos_feedback	803448	5167	1	14999	2	5000	next	other	0
S008	25	Picture	consistent	831279	5166	1	4333	2	5000	next	hit	37
S008	25	Response	16	835530	9417	1
S008	26	Picture	pos_feedback	840778	5166	2	15000	3	5000	next	other	0
S008	27	Picture	consistent	871110	5166	1	4833	2	5000	next	hit	40
S008	27	Response	32	875827	9883	2
S008	28	Picture	pos_feedback	881109	5166	1	14999	2	5000	next	other	0
S008	29	Picture	consistent	906441	5166	1	6499	3	5000	next	hit	43
S008	29	Response	32	912904	11629	2
S008	30	Picture	pos_feedback	918107	5167	1	14999	2	5000	next	other	0
S008	31	Picture	consistent	945938	5166	2	4167	3	5000	next	hit	46
S008	31	Response	16	949946	9174	1
S008	32	Picture	pos_feedback	955271	5166	1	14999	2	5000	next	other	0
S008	33	Picture	consistent	985602	5166	2	7667	3	5000	next	hit	49
S008	33	Response	32	993156	12720	1
S008	34	Picture	pos_feedback	998435	5166	1	14999	2	5000	next	other	0
S008	35	Picture	consistent	1023767	5167	1	12332	2	5000	next	hit	52
S008	35	Response	16	1035943	17343	1
S008	36	Picture	pos_feedback	1041265	5166	2	14999	4	5000	next	other	0
S008	37	Picture	consistent	1069097	5166	1	6999	3	5000	next	hit	55
S008	37	Response	32	1075926	11995	1
S008	38	Picture	pos_feedback	1081263	5167	1	14999	2	5000	next	other	0
S008	39	Picture	consistent	1111594	5166	1	13333	2	5000	next	hit	58
S008	39	Response	32	1124825	18397	1
S008	40	Picture	pos_feedback	1130093	5166	1	14999	2	5000	next	other	0
S008	41	Picture	consistent	1155425	5167	1	9166	2	5000	next	hit	61
S008	41	Response	16	1164436	14178	1
S008	42	Picture	pos_feedback	1169757	5166	1	14999	2	5000	next	other	0
S008	43	Picture	consistent	1197589	5167	1	18332	2	5000	next	hit	64
S008	43	Response	32	1215860	23438	1
S008	44	Picture	pos_feedback	1221087	5166	1	14999	2	5000	next	other	0
S008	45	Picture	consistent	1251418	5166	2	7167	3	5000	next	hit	67
S008	45	Response	16	1258449	12197	1
S008	46	Picture	pos_feedback	1263751	5166	1	14999	2	5000	next	other	0
S008	47	Picture	consistent	1289083	5167	1	7332	3	5000	next	hit	70
S008	47	Response	32	1296342	12426	1
S008	48	Picture	pos_feedback	1301582	5167	1	14999	2	5000	next	other	0
S008	49	Picture	consistent	1329413	5166	1	7000	2	5000	next	hit	73
S008	49	Response	16	1336392	12145	1
S008	50	Picture	pos_feedback	1341579	5166	1	14999	2	5000	next	other	0
S008	51	Picture	consistent	1371911	5167	1	6499	2	5000	next	hit	76
S008	51	Response	32	1378288	11544	1
S008	52	Picture	pos_feedback	1383576	5166	2	14999	4	5000	next	other	0
S008	53	Picture	consistent	1408908	5166	1	12499	2	5000	next	hit	79
S008	53	Response	32	1421318	17576	1
S008	54	Picture	pos_feedback	1426574	5167	1	14999	2	5000	next	other	0
S008	55	Picture	consistent	1454405	5166	1	4500	2	5000	next	hit	82
S008	55	Response	32	1458788	9549	1
S008	56	Picture	pos_feedback	1464071	5166	1	14999	2	5000	next	other	0
S008	57	Picture	consistent	1494403	5167	1	4166	2	5000	next	hit	85
S008	57	Response	16	1498480	9244	1
S008	58	Picture	pos_feedback	1503735	5166	1	14999	2	5000	next	other	0
S008	59	Picture	consistent	1529067	5166	1	4333	2	5000	next	hit	88
S008	59	Response	16	1533348	9447	1
S008	60	Picture	pos_feedback	1538566	5166	1	14999	2	5000	next	other	0
S008	61	Picture	consistent	1566398	5166	1	4999	3	5000	next	hit	91
S008	61	Response	32	1571224	9992	2
S008	62	Picture	pos_feedback	1576564	5167	1	14999	2	5000	next	other	0
S008	63	Response	3	1668903	67174	1
S008	64	Picture	consistent	1674224	5166	1	14333	2	5000	next	hit	95
S008	64	Response	16	1688531	19473	2
S008	65	Picture	pos_feedback	1693723	5166	1	14999	2	5000	next	other	0
S008	66	Picture	consistent	1724054	5166	1	10666	2	5000	next	hit	98
S008	66	Response	32	1734617	15729	1
S008	67	Picture	pos_feedback	1739887	5167	1	14999	2	5000	next	other	0
S008	68	Picture	consistent	1770218	5166	1	7666	2	5000	next	hit	101
S008	68	Response	32	1777812	12760	1
S008	69	Picture	pos_feedback	1783050	5166	2	14999	3	5000	next	other	0
S008	70	Picture	consistent	1808382	5166	1	3000	2	5000	next	hit	104
S008	70	Response	16	1811345	8129	1
S008	71	Picture	pos_feedback	1816548	5166	1	14999	2	5000	next	other	0
S008	72	Picture	consistent	1841880	5167	1	12166	2	5000	next	hit	107
S008	72	Response	32	1853897	17184	1
S008	73	Picture	pos_feedback	1859212	5166	1	14999	2	5000	next	other	0
S008	74	Picture	consistent	1884544	5167	1	7833	2	5000	next	hit	110
S008	74	Response	32	1892212	12835	2
S008	75	Picture	pos_feedback	1897543	5166	1	14999	2	5000	next	other	0
S008	76	Picture	consistent	1925374	5166	2	6667	3	5000	next	hit	113
S008	76	Response	16	1931937	11729	1
S008	77	Picture	pos_feedback	1937207	5166	1	14999	2	5000	next	other	0
S008	78	Picture	consistent	1965038	5166	2	6667	3	5000	next	hit	116
S008	78	Response	16	1971579	11707	1
S008	79	Picture	pos_feedback	1976871	5166	1	14999	2	5000	next	other	0
S008	80	Picture	consistent	2007202	5166	2	5667	3	5000	next	hit	119
S008	80	Response	32	2012815	10779	1
S008	81	Picture	pos_feedback	2018035	5166	1	14999	2	5000	next	other	0
S008	82	Picture	consistent	2045867	5167	1	5666	2	5000	next	hit	122
S008	82	Response	32	2051388	10688	1
S008	83	Picture	pos_feedback	2056699	5166	1	14999	2	5000	next	other	0
S008	84	Picture	consistent	2087031	5167	1	4499	2	5000	next	hit	125
S008	84	Response	16	2091480	9616	1
S008	85	Picture	pos_feedback	2096697	5167	1	14999	2	5000	next	other	0
S008	86	Picture	consistent	2127028	5166	1	5166	2	5000	next	hit	128
S008	86	Response	16	2132043	10181	1
S008	87	Picture	pos_feedback	2137361	5167	1	14999	2	5000	next	other	0
S008	88	Picture	consistent	2167692	5166	1	4166	2	5000	next	hit	131
S008	88	Response	16	2171795	9269	1
S008	89	Picture	pos_feedback	2177025	5167	1	14999	2	5000	next	other	0
S008	90	Picture	consistent	2202356	5166	2	4667	3	5000	next	hit	134
S008	90	Response	32	2206944	9754	1
S008	91	Picture	pos_feedback	2212189	5166	1	14999	2	5000	next	other	0
S008	92	Picture	consistent	2240021	5167	1	4833	2	5000	next	hit	137
S008	92	Response	16	2244763	9909	1
S008	93	Picture	pos_feedback	2250020	5166	1	14999	2	5000	next	other	0
S008	94	Picture	consistent	2275352	5167	1	5499	2	5000	next	hit	140
S008	94	Response	32	2280778	10593	1
S008	95	Picture	pos_feedback	2286018	5167	1	14999	2	5000	next	other	0
S008	96	Picture	consistent	2313849	5166	1	3833	2	5000	next	hit	143
S008	96	Response	16	2317571	8888	1
S008	97	Picture	pos_feedback	2322848	5166	2	14999	4	5000	next	other	0
S008	98	Picture	consistent	2348180	5166	1	9833	2	5000	next	hit	146
S008	98	Response	32	2357893	14879	1
S008	99	Picture	pos_feedback	2363179	5166	1	14999	2	5000	next	other	0
S008	100	Picture	consistent	2391011	5167	1	4833	2	5000	next	hit	149
S008	100	Response	32	2395706	9862	2
S008	101	Picture	pos_feedback	2401010	5166	1	14999	2	5000	next	other	0
S008	102	Picture	consistent	2431341	5166	2	8333	3	5000	next	hit	152
S008	102	Response	32	2439522	13347	1
S008	103	Picture	pos_feedback	2444840	5166	2	15000	3	5000	next	other	0
S008	104	Picture	consistent	2475172	5166	1	8166	2	5000	next	hit	155
S008	104	Response	32	2483168	13162	1
S008	105	Picture	pos_feedback	2488504	5166	2	14999	3	5000	next	other	0
S008	106	Picture	consistent	2516336	5166	1	4333	2	5000	next	hit	158
S008	106	Response	16	2520484	9314	1
S008	107	Picture	pos_feedback	2525835	5166	1	14999	2	5000	next	other	0
S008	108	Picture	consistent	2551167	5166	1	7333	2	5000	next	hit	161
S008	108	Response	32	2558332	12331	1
S008	109	Picture	pos_feedback	2563666	5166	1	14999	2	5000	next	other	0
S008	110	Picture	consistent	2591498	5167	1	10999	2	5000	next	hit	164
S008	110	Response	32	2602448	16117	1
S008	111	Picture	pos_feedback	2607663	5166	1	14999	2	5000	next	other	0
S008	112	Picture	consistent	2637995	5167	1	8499	2	5000	next	hit	167
S008	112	Response	32	2646431	13603	2
S008	113	Picture	pos_feedback	2651660	5166	2	14999	3	5000	next	other	0
S008	114	Picture	consistent	2676992	5166	1	6666	2	5000	next	hit	170
S008	114	Response	32	2683613	11787	1
S008	115	Picture	pos_feedback	2688825	5167	1	14999	2	5000	next	other	0
S008	116	Picture	consistent	2716656	5166	1	19499	2	5000	next	hit	173
S008	116	Response	16	2736065	24575	2
S008	117	Picture	pos_feedback	2741321	5166	1	14999	2	5000	next	other	0
S008	118	Picture	consistent	2766653	5166	1	5999	3	5000	next	hit	176
S008	118	Response	16	2772598	11111	1
S008	119	Picture	pos_feedback	2777819	5167	1	14999	2	5000	next	other	0
S008	120	Picture	consistent	2805650	5166	2	9166	4	5000	next	hit	179
S008	120	Response	32	2814703	14219	1
S008	121	Picture	pos_feedback	2819983	5167	1	14999	2	5000	next	other	0
S008	122	Picture	consistent	2847814	5166	1	17166	2	5000	next	hit	182
S008	122	Response	32	2864907	22259	1
S008	123	Picture	pos_feedback	2870146	5166	1	14999	2	5000	next	other	0
S008	124	Picture	consistent	2895478	5167	1	12166	2	5000	next	hit	185
S008	124	Response	16	2907535	17224	1
S008	125	Picture	pos_feedback	2912810	5166	1	14999	2	5000	next	other	0
S008	126	Picture	consistent	2938142	5167	1	12665	3	5000	next	hit	188
S008	126	Response	32	2950676	17701	1
S008	127	Picture	pos_feedback	2955974	5167	1	14999	2	5000	next	other	0
S008	128	Picture	consistent	2983805	5166	2	12000	3	5000	next	hit	191
S008	128	Response	16	2995735	17096	1
S008	129	Picture	pos_feedback	3000971	5166	1	14999	2	5000	next	other	0
S008	130	Picture	consistent	3031302	5166	1	9666	2	5000	next	hit	194
S008	130	Response	32	3040849	14713	1
S008	131	Picture	pos_feedback	3046135	5167	1	14999	2	5000	next	other	0
S008	132	Picture	consistent	3076466	5166	1	5500	2	5000	next	hit	197
S008	132	Response	16	3081879	10579	1
S008	133	Picture	pos_feedback	3087132	5166	1	14999	2	5000	next	other	0
S008	134	Picture	consistent	3112464	5167	1	8166	2	5000	next	hit	200
S008	134	Response	16	3120600	13303	1
S008	135	Picture	pos_feedback	3125796	5166	1	14999	2	5000	next	other	0
S008	136	Picture	consistent	3156127	5166	2	7333	3	5000	next	hit	203
S008	136	Response	32	3163374	12413	1
S008	137	Picture	pos_feedback	3168627	5167	1	14999	2	5000	next	other	0
S008	138	Picture	consistent	3196458	5166	1	7166	2	5000	next	hit	206
S008	138	Response	32	3203456	12164	1
S008	139	Picture	pos_feedback	3208791	5167	1	14999	2	5000	next	other	0
S008	140	Picture	consistent	3239122	5166	1	8000	2	5000	next	hit	209
S008	140	Response	32	3246961	13005	1
S008	141	Picture	pos_feedback	3252288	5166	1	14999	2	5000	next	other	0
S008	142	Picture	consistent	3277620	5167	1	13165	2	5000	next	hit	212
S008	142	Response	16	3290739	18286	1
S008	143	Picture	pos_feedback	3295952	5167	1	14999	2	5000	next	other	0
S008	144	Picture	consistent	3323783	5166	1	10166	2	5000	next	hit	215
S008	144	Response	16	3333848	15231	1
S008	145	Picture	pos_feedback	3339115	5166	2	14999	4	5000	next	other	0
S008	146	Picture	consistent	3366947	5166	1	9499	3	5000	next	hit	218
S008	146	Response	32	3376297	14516	1
S008	147	Picture	pos_feedback	3381613	5167	1	14999	2	5000	next	other	0
S008	148	Picture	consistent	3406944	5166	2	2334	3	5000	next	hit	221
S008	148	Response	16	3409173	7395	2
S008	149	Picture	pos_feedback	3414444	5166	1	14999	2	5000	next	other	0
S008	150	Picture	consistent	3444775	5166	1	7833	3	5000	next	hit	224
S008	150	Response	32	3452536	12927	1
S008	151	Picture	pos_feedback	3457774	5166	2	14999	4	5000	next	other	0
S008	152	Picture	consistent	3483106	5166	1	14832	3	5000	next	hit	227
S008	152	Response	32	3497913	19973	1
S008	153	Picture	pos_feedback	3503105	5167	1	14999	2	5000	next	other	0
S008	154	Picture	consistent	3533436	5166	1	1333	3	5000	next	hit	230
S008	154	Response	16	3534676	6406	1
S008	155	Picture	pos_feedback	3539936	5167	1	14999	2	5000	next	other	0
S008	156	Picture	consistent	3565267	5166	2	11833	3	5000	next	hit	233
S008	156	Response	32	3576917	16816	1
S008	157	Picture	pos_feedback	3582266	5166	1	14999	2	5000	next	other	0
S008	158	Picture	consistent	3607598	5166	1	6999	3	5000	next	hit	236
S008	158	Response	16	3614495	12063	1
S008	159	Picture	pos_feedback	3619764	5167	1	14999	2	5000	next	other	0
S008	160	Picture	consistent	3650095	5166	1	5333	2	5000	next	hit	239
S008	160	Response	32	3655278	10349	1
S008	161	Picture	pos_feedback	3660595	5167	1	14999	2	5000	next	other	0
S008	162	Picture	consistent	3688426	5166	1	4500	2	5000	next	hit	242
S008	162	Response	16	3692742	9482	1
S008	163	Picture	pos_feedback	3698092	5166	1	14999	2	5000	next	other	0
S008	164	Picture	consistent	3728423	5166	2	7500	3	5000	next	hit	245
S008	164	Response	32	3735884	12627	1
S008	165	Picture	pos_feedback	3741089	5166	1	14999	2	5000	next	other	0
S008	166	Picture	consistent	3768921	5167	1	6833	2	5000	next	hit	248
S008	166	Response	32	3775704	11950	1
S008	167	Picture	pos_feedback	3780920	5166	1	14999	2	5000	next	other	0
S008	168	Picture	consistent	3811251	5166	2	6833	3	5000	next	hit	251
S008	168	Response	16	3817935	11850	1
S008	169	Picture	pos_feedback	3823251	5167	1	14999	2	5000	next	other	0
S008	170	Picture	consistent	3848582	5166	1	8500	2	5000	next	hit	254
S008	170	Response	32	3856908	13492	1
S008	171	Picture	pos_feedback	3862248	5166	1	14999	2	5000	next	other	0
S008	172	Picture	consistent	3890080	5167	1	6666	2	5000	next	hit	257
S008	172	Response	16	3896579	11666	1
S008	173	Picture	pos_feedback	3901912	5166	1	14999	2	5000	next	other	0
S008	174	Picture	consistent	3927244	5167	1	7499	2	5000	next	hit	260
S008	174	Response	32	3934720	12643	1
S008	175	Picture	pos_feedback	3939910	5167	1	14999	2	5000	next	other	0
S008	176	Picture	consistent	3965241	5166	1	4667	2	5000	next	hit	263
S008	176	Response	16	3969821	9746	1
S008	177	Picture	pos_feedback	3975074	5166	1	14999	2	5000	next	other	0
S008	178	Picture	consistent	4002906	5167	1	7832	2	5000	next	hit	266
S008	178	Response	16	4010708	12969	1
S008	179	Picture	pos_feedback	4015905	5167	1	14999	2	5000	next	other	0
S008	180	Picture	consistent	4043736	5167	1	5500	2	5000	next	hit	269
S008	180	Response	16	4049060	10491	1
S008	181	Picture	pos_feedback	4054402	5166	1	14999	2	5000	next	other	0
S008	182	Picture	consistent	4082234	5167	1	6166	2	5000	next	hit	272
S008	182	Response	16	4088299	11232	1
S008	183	Picture	pos_feedback	4093566	5166	1	14999	2	5000	next	other	0
S008	184	Picture	consistent	4123898	5167	1	4499	2	5000	next	hit	275
S008	184	Response	32	4128298	9567	1
S008	185	Picture	pos_feedback	4133564	5167	1	14999	2	5000	next	other	0
S008	186	Picture	consistent	4163895	5166	1	18165	3	5000	next	hit	278
S008	186	Response	32	4181945	23216	2
S008	187	Picture	pos_feedback	4187227	5167	1	14999	2	5000	next	other	0
S008	188	Picture	consistent	4217558	5166	1	12499	2	5000	next	hit	281
S008	188	Response	32	4230009	17617	1
S008	189	Picture	pos_feedback	4235224	5167	1	14999	2	5000	next	other	0
S008	190	Picture	consistent	4260555	5166	2	7333	3	5000	next	hit	284
S008	190	Response	32	4267720	12331	2
S008	191	Picture	pos_feedback	4273055	5167	1	14999	2	5000	next	other	0
S008	192	Picture	consistent	4298386	5166	1	5000	2	5000	next	hit	287
S008	192	Response	16	4303280	10060	2
S008	193	Picture	pos_feedback	4308552	5166	1	14999	2	5000	next	other	0
S008	194	Picture	consistent	4338884	5167	1	15332	2	5000	next	hit	290
S008	194	Response	32	4354132	20415	1
S008	195	Picture	pos_feedback	4359382	5166	1	14999	2	5000	next	other	0
S008	196	Picture	consistent	4389714	5167	1	7499	2	5000	next	hit	293
S008	196	Response	16	4397101	12554	1
S008	197	Picture	pos_feedback	4402379	5166	2	14999	4	5000	next	other	0
S008	198	Picture	consistent	4430211	5166	1	13499	2	5000	next	hit	296
S008	198	Response	32	4443678	18633	1
S008	199	Picture	pos_feedback	4448876	5166	2	14999	4	5000	next	other	0
S008	200	Picture	consistent	4476708	5166	1	11666	2	5000	next	hit	299
S008	200	Response	16	4488200	16658	1
S008	201	Picture	pos_feedback	4493540	5166	1	14999	2	5000	next	other	0
S008	202	Picture	consistent	4518872	5167	1	16499	2	5000	next	hit	302
S008	202	Response	32	4535281	21576	1
S008	203	Picture	pos_feedback	4540537	5166	1	14999	2	5000	next	other	0
S008	204	Picture	consistent	4570868	5166	2	12000	3	5000	next	hit	305
S008	204	Response	16	4582800	17098	1
S008	205	Picture	pos_feedback	4588034	5166	1	14999	2	5000	next	other	0
S008	206	Picture	consistent	4613366	5167	1	7832	3	5000	next	hit	308
S008	206	Response	32	4621098	12899	1
S008	207	Picture	pos_feedback	4626365	5167	1	14999	2	5000	next	other	0
S008	208	Picture	consistent	4654196	5166	2	5500	3	5000	next	hit	311
S008	208	Response	16	4659614	10584	1
S008	209	Picture	pos_feedback	4664862	5166	1	14999	2	5000	next	other	0
S008	210	Picture	consistent	4690194	5166	1	5666	2	5000	next	hit	314
S008	210	Response	32	4695755	10727	2
S008	211	Picture	pos_feedback	4701027	5167	1	14999	2	5000	next	other	0
S008	212	Picture	consistent	4728858	5166	1	5500	2	5000	next	hit	317
S008	212	Response	32	4734300	10608	1
S008	213	Picture	pos_feedback	4739524	5166	1	14999	2	5000	next	other	0
S008	214	Picture	consistent	4769855	5166	2	4833	4	5000	next	hit	320
S008	214	Response	16	4774550	9861	1
S008	215	Picture	pos_feedback	4779855	5167	1	14999	2	5000	next	other	0
S008	216	Picture	consistent	4807686	5166	1	6500	2	5000	next	hit	323
S008	216	Response	32	4814006	11486	1
S008	217	Picture	pos_feedback	4819352	5166	1	14999	2	5000	next	other	0
S008	218	Picture	consistent	4849684	5167	1	9499	2	5000	next	hit	326
S008	218	Response	32	4859119	14602	1
S008	219	Picture	pos_feedback	4864349	5166	1	14999	2	5000	next	other	0
S008	220	Picture	consistent	4892181	5167	1	11832	2	5000	next	hit	329
S008	220	Response	32	4903856	16842	1
S008	221	Picture	pos_feedback	4909180	5167	1	14999	2	5000	next	other	0
S008	222	Picture	consistent	4939511	5166	1	10666	2	5000	next	hit	332
S008	222	Response	32	4950132	15787	1
S008	223	Picture	pos_feedback	4955343	5166	2	14999	3	5000	next	other	0
S008	224	Picture	consistent	4980675	5166	1	5166	2	5000	next	hit	335
S008	224	Response	32	4985705	10196	1
S008	225	Picture	pos_feedback	4991008	5167	1	14999	2	5000	next	other	0
S008	226	Picture	consistent	5016339	5166	2	6999	4	5000	next	hit	338
S008	226	Response	32	5023264	12091	2
S008	227	Picture	pos_feedback	5028505	5167	1	14999	2	5000	next	other	0
S008	228	Picture	consistent	5056337	5167	1	12499	2	5000	next	hit	341
S008	228	Response	32	5068691	17521	2
S008	229	Picture	pos_feedback	5074002	5166	1	14999	2	5000	next	other	0
S008	230	Picture	consistent	5101834	5167	1	11166	2	5000	next	hit	344
S008	230	Response	32	5112850	16183	1
S008	231	Picture	pos_feedback	5118166	5166	1	14999	2	5000	next	other	0
S008	232	Picture	consistent	5143498	5167	1	12499	2	5000	next	hit	347
S008	232	Response	16	5155871	17540	1
S008	233	Picture	pos_feedback	5161163	5166	1	14999	2	5000	next	other	0
S008	234	Picture	consistent	5191495	5167	1	9999	2	5000	next	hit	350
S008	234	Response	32	5201320	14992	1
S008	235	Picture	pos_feedback	5206660	5166	1	14999	2	5000	next	other	0
S008	236	Picture	consistent	5231992	5166	1	4166	2	5000	next	hit	353
S008	236	Response	16	5236107	9281	1
S008	237	Picture	pos_feedback	5241325	5167	1	14999	2	5000	next	other	0
S008	238	Picture	consistent	5269156	5166	1	5333	2	5000	next	hit	356
S008	238	Response	32	5274360	10370	1
S008	239	Picture	pos_feedback	5279655	5166	2	15000	3	5000	next	other	0
S008	240	Picture	consistent	5304987	5166	1	4000	2	5000	next	hit	359
S008	240	Response	16	5308961	9140	1
S008	241	Picture	pos_feedback	5314153	5166	1	14999	2	5000	next	other	0
S008	242	Picture	consistent	5344485	5167	1	5666	2	5000	next	hit	362
S008	242	Response	16	5350057	10739	1
S008	243	Picture	pos_feedback	5355317	5166	1	14999	2	5000	next	other	0
S008	244	Picture	consistent	5385649	5167	1	7332	3	5000	next	hit	365
S008	244	Response	32	5392882	12400	2
S008	245	Picture	pos_feedback	5398148	5167	1	14999	2	5000	next	other	0
S008	246	Picture	consistent	5428479	5166	1	5333	2	5000	next	hit	368
S008	246	Response	32	5433743	10430	1
S008	247	Picture	pos_feedback	5438978	5166	2	14999	4	5000	next	other	0
S008	248	Picture	consistent	5469310	5167	1	3833	2	5000	next	hit	371
S008	248	Response	16	5473057	8914	1
S008	249	Picture	pos_feedback	5478309	5166	1	14999	2	5000	next	other	0
S008	250	Picture	consistent	5506141	5167	1	4666	2	5000	next	hit	374
S008	250	Response	32	5510652	9678	1
S008	251	Picture	pos_feedback	5515973	5166	2	14999	4	5000	next	other	0
S008	252	Picture	consistent	5546305	5167	1	19998	3	5000	next	miss	0
S008	253	Picture	pos_feedback	5571470	5167	1	14999	2	5000	next	other	0
S008	254	Picture	consistent	5596801	5166	2	7333	3	5000	next	hit	379
S008	254	Response	32	5604014	12379	2
S008	255	Picture	pos_feedback	5609301	5167	1	14999	2	5000	next	other	0
S008	256	Picture	consistent	5634632	5166	1	19999	2	5000	next	miss	0
S008	257	Picture	pos_feedback	5659797	5166	2	14999	3	5000	next	other	0
S008	258	Picture	consistent	5687629	5166	1	4999	3	5000	next	hit	384
S008	258	Response	32	5692484	10021	1
S008	259	Picture	pos_feedback	5697795	5167	1	14999	2	5000	next	other	0
S008	260	Picture	consistent	5725626	5166	2	6667	3	5000	next	hit	387
S008	260	Response	16	5732166	11706	1
S008	261	Picture	pos_feedback	5737459	5166	1	14999	2	5000	next	other	0
S008	262	Picture	consistent	5762791	5167	1	5666	2	5000	next	hit	390
S008	262	Response	16	5768393	10769	1
S008	263	Picture	pos_feedback	5773623	5166	1	14999	2	5000	next	other	0
S008	264	Picture	consistent	5801455	5167	1	4999	3	5000	next	hit	393
S008	264	Response	32	5806366	10078	1
S008	265	Picture	pos_feedback	5811621	5167	1	14999	2	5000	next	other	0
S008	266	Picture	consistent	5839452	5166	1	7333	2	5000	next	hit	396
S008	266	Response	32	5846758	12472	1
S008	267	Picture	pos_feedback	5851951	5166	2	14999	4	5000	next	other	0
S008	268	Picture	consistent	5877283	5166	1	6333	2	5000	next	hit	399
S008	268	Response	16	5883547	11430	1
S008	269	Picture	pos_feedback	5888782	5166	2	14999	3	5000	next	other	0
S008	270	Picture	consistent	5914114	5166	1	5333	2	5000	next	hit	402
S008	270	Response	32	5919363	10415	1
S008	271	Picture	pos_feedback	5924613	5166	2	14999	4	5000	next	other	0
S008	272	Picture	consistent	5954945	5167	1	7999	2	5000	next	hit	405
S008	272	Response	16	5962832	13054	1
S008	273	Picture	pos_feedback	5968111	5167	1	14999	2	5000	next	other	0
S008	274	Picture	consistent	5993442	5166	1	5333	2	5000	next	hit	408
S008	274	Response	32	5998709	10433	1
S008	275	Picture	pos_feedback	6003942	5167	1	14999	2	5000	next	other	0
S008	276	Picture	consistent	6031773	5166	1	5833	2	5000	next	hit	411
S008	276	Response	32	6037472	10865	1
S008	277	Picture	pos_feedback	6042772	5166	2	14999	3	5000	next	other	0
S008	278	Picture	consistent	6073104	5167	1	3999	3	5000	next	hit	414
S008	278	Response	16	6077080	9143	1
S008	279	Picture	pos_feedback	6082270	5167	1	14999	2	5000	next	other	0
S008	280	Picture	consistent	6112601	5166	1	10166	2	5000	next	hit	417
S008	280	Response	32	6122614	15179	2
S008	281	Picture	pos_feedback	6127933	5166	2	14999	4	5000	next	other	0
S008	282	Picture	consistent	6155765	5166	1	19165	2	5000	next	hit	420
S008	282	Response	32	6174815	24216	1
S008	283	Picture	pos_feedback	6180097	5167	1	14999	2	5000	next	other	0
S008	284	Picture	consistent	6207928	5166	1	5167	2	5000	next	hit	423
S008	284	Response	32	6212999	10237	1
S008	285	Picture	pos_feedback	6218261	5166	1	14999	2	5000	next	other	0
S008	286	Picture	consistent	6248592	5166	1	7333	2	5000	next	hit	426
S008	286	Response	32	6255876	12450	1
S008	287	Picture	pos_feedback	6261091	5166	2	14999	4	5000	next	other	0
S008	288	Picture	consistent	6291423	5167	1	4333	2	5000	next	hit	429
S008	288	Response	16	6295639	9383	1
S008	289	Picture	pos_feedback	6300922	5166	1	14999	2	5000	next	other	0
S008	290	Picture	consistent	6326254	5167	1	6499	3	5000	next	hit	432
S008	290	Response	32	6332729	11642	1
S008	291	Picture	pos_feedback	6337920	5167	1	14999	2	5000	next	other	0
S008	292	Picture	consistent	6368251	5166	1	6000	2	5000	next	hit	435
S008	292	Response	32	6374147	11062	1
S008	293	Picture	pos_feedback	6379417	5166	1	14999	2	5000	next	other	0
S008	294	Picture	consistent	6404749	5167	1	9666	2	5000	next	hit	438
S008	294	Response	32	6414359	14777	1
S008	295	Picture	pos_feedback	6419581	5166	1	14999	2	5000	next	other	0
S008	296	Picture	consistent	6447413	5167	1	4833	2	5000	next	hit	441
S008	296	Response	16	6452191	9945	1
S008	297	Picture	pos_feedback	6457412	5166	1	14999	2	5000	next	other	0
S008	298	Picture	consistent	6482744	5167	1	8832	2	5000	next	hit	444
S008	298	Response	16	6491422	13845	1
S008	299	Picture	pos_feedback	6496743	5167	1	14999	2	5000	next	other	0
S008	300	Picture	consistent	6522074	5166	2	8833	3	5000	next	hit	447
S008	300	Response	32	6530790	13882	1
S008	301	Picture	pos_feedback	6536073	5166	2	14999	4	5000	next	other	0
S008	302	Picture	consistent	6563905	5166	1	7333	2	5000	next	hit	450
S008	302	Response	32	6571112	12373	1
S008	303	Picture	pos_feedback	6576404	5166	1	14999	2	5000	next	other	0
S008	304	Picture	consistent	6606735	5166	2	8833	3	5000	next	hit	453
S008	304	Response	32	6615504	13935	2
S008	305	Picture	pos_feedback	6620735	5167	1	14999	2	5000	next	other	0
S008	306	Picture	consistent	6646066	5166	2	5667	3	5000	next	hit	456
S008	306	Response	32	6651631	10731	1
S008	307	Picture	pos_feedback	6656899	5166	1	14999	2	5000	next	other	0
S008	308	Picture	consistent	6684730	5166	2	6333	3	5000	next	hit	459
S008	308	Response	32	6690983	11419	2
S008	309	Picture	pos_feedback	6696230	5167	1	14999	2	5000	next	other	0
S008	310	Picture	consistent	6726561	5166	1	5666	2	5000	next	hit	462
S008	310	Response	16	6732056	10661	2
S008	311	Picture	pos_feedback	6737394	5167	1	14999	2	5000	next	other	0
S008	312	Picture	consistent	6762725	5166	1	4333	2	5000	next	hit	465
S008	312	Response	32	6766972	9413	2
S008	313	Picture	pos_feedback	6772225	5167	1	14999	2	5000	next	other	0
S008	314	Picture	consistent	6800056	5166	1	6500	2	5000	next	hit	468
S008	314	Response	16	6806391	11501	2
S008	315	Picture	pos_feedback	6811722	5166	1	14999	2	5000	next	other	0
S008	316	Picture	consistent	6842053	5166	2	6833	3	5000	next	hit	471
S008	316	Response	32	6848858	11971	1
S008	317	Picture	pos_feedback	6854053	5167	1	14999	2	5000	next	other	0
S008	318	Picture	consistent	6879384	5166	2	4667	3	5000	next	hit	474
S008	318	Response	16	6883877	9659	1
S008	319	Picture	pos_feedback	6889217	5166	1	14999	2	5000	next	other	0
S008	320	Picture	consistent	6917049	5167	1	8166	2	5000	next	hit	477
S008	320	Response	32	6925080	13198	1
S008	321	Picture	pos_feedback	6930381	5166	1	14999	2	5000	next	other	0
S008	322	Picture	consistent	6960712	5166	2	7833	3	5000	next	hit	480
S008	322	Response	32	6968422	12876	2
S008	323	Picture	pos_feedback	6973712	5167	1	14999	2	5000	next	other	0
S008	324	Picture	consistent	6999043	5166	1	9833	2	5000	next	hit	483
S008	324	Response	32	7008810	14933	1
S008	325	Picture	pos_feedback	7014042	5166	1	14999	2	5000	next	other	0
S008	326	Picture	consistent	7041874	5167	1	5666	2	5000	next	hit	486
S008	326	Response	16	7047512	10805	1
S008	327	Picture	pos_feedback	7052706	5166	2	14999	4	5000	next	other	0
S008	328	Picture	consistent	7083038	5167	1	4999	3	5000	next	hit	489
S008	328	Response	32	7088012	10141	2
S008	329	Picture	pos_feedback	7093204	5167	1	14999	2	5000	next	other	0
S008	330	Picture	consistent	7118535	5166	2	7167	3	5000	next	hit	492
S008	330	Response	16	7125668	12299	1
S008	331	Picture	pos_feedback	7130868	5166	1	14999	2	5000	next	other	0
S008	332	Picture	consistent	7158699	5166	2	5833	4	5000	next	hit	495
S008	332	Response	32	7164399	10866	1
S008	333	Picture	pos_feedback	7169699	5167	1	14999	2	5000	next	other	0
S008	334	Picture	consistent	7200030	5166	1	4000	2	5000	next	hit	498
S008	334	Response	16	7203851	8987	1
S008	335	Picture	pos_feedback	7209196	5166	1	14999	2	5000	next	other	0
S008	336	Picture	consistent	7234528	5166	1	6666	2	5000	next	hit	501
S008	336	Response	32	7241030	11668	1
S008	337	Picture	pos_feedback	7246360	5166	2	14999	4	5000	next	other	0
S008	338	Picture	consistent	7274192	5166	1	5999	3	5000	next	hit	504
S008	338	Response	32	7280029	11003	1
S008	339	Picture	pos_feedback	7285358	5167	1	14999	2	5000	next	other	0
S008	340	Picture	consistent	7315689	5166	1	5000	2	5000	next	hit	507
S008	340	Response	16	7320630	10107	1
S008	341	Picture	pos_feedback	7325855	5166	1	14999	2	5000	next	other	0
S008	342	Picture	consistent	7351187	5166	1	5999	3	5000	next	hit	510
S008	342	Response	32	7357059	11038	2
S008	343	Picture	pos_feedback	7362353	5167	1	14999	2	5000	next	other	0
S008	344	Picture	consistent	7390184	5166	2	5167	3	5000	next	hit	513
S008	344	Response	16	7395318	10300	1
S008	345	Picture	pos_feedback	7400517	5166	1	14999	2	5000	next	other	0
S008	346	Picture	consistent	7430848	5166	2	4500	3	5000	next	hit	516
S008	346	Response	32	7435227	9545	2
S008	347	Picture	pos_feedback	7440514	5166	2	14999	4	5000	next	other	0
S008	348	Picture	consistent	7465846	5166	1	7166	2	5000	next	hit	519
S008	348	Response	32	7472982	12302	1
S008	349	Picture	pos_feedback	7478179	5167	1	14999	2	5000	next	other	0
S008	350	Picture	consistent	7506010	5166	1	5666	3	5000	next	hit	522
S008	350	Response	32	7511564	10720	1
S008	351	Picture	pos_feedback	7516843	5167	1	14999	2	5000	next	other	0
S008	352	Picture	consistent	7547174	5166	1	6833	2	5000	next	hit	525
S008	352	Response	32	7553916	11908	2
S008	353	Picture	pos_feedback	7559173	5166	2	14999	3	5000	next	other	0
S008	354	Picture	consistent	7584505	5166	1	11333	2	5000	next	hit	528
S008	354	Response	32	7595727	16388	1
S008	355	Picture	pos_feedback	7601004	5166	1	14999	2	5000	next	other	0
S008	356	Picture	consistent	7628835	5166	2	11666	3	5000	next	hit	531
S008	356	Response	32	7640477	16808	1
S008	357	Picture	pos_feedback	7645668	5167	1	14999	2	5000	next	other	0
S008	358	Picture	consistent	7675999	5166	1	11666	2	5000	next	hit	534
S008	358	Response	32	7687478	16645	1
S008	359	Picture	pos_feedback	7692831	5166	1	14999	2	5000	next	other	0
S008	360	Picture	consistent	7718163	5166	1	9499	2	5000	next	hit	537
S008	360	Response	32	7727550	14553	2
S008	361	Picture	pos_feedback	7732829	5167	1	14999	2	5000	next	other	0
S008	362	Picture	consistent	7760660	5166	1	8833	2	5000	next	hit	540
S008	362	Response	32	7769343	13849	2
S008	363	Picture	pos_feedback	7774659	5166	1	14999	2	5000	next	other	0
S008	364	Picture	consistent	7804991	5167	1	10166	2	5000	next	hit	543
S008	364	Response	16	7815012	15188	2
S008	365	Picture	pos_feedback	7820323	5166	1	14999	2	5000	next	other	0
S008	366	Picture	consistent	7845655	5167	1	5999	2	5000	next	hit	546
S008	366	Response	32	7851491	11003	1
S008	367	Picture	pos_feedback	7856820	5166	2	15000	3	5000	next	other	0
S008	368	Picture	consistent	7884652	5166	1	5000	2	5000	next	hit	549
S008	368	Response	16	7889544	10058	1
S008	369	Picture	pos_feedback	7894818	5166	1	14999	2	5000	next	other	0
S008	369	Response	32	7913154	23502	1
S008	370	Picture	consistent	7925149	5166	2	4167	3	5000	next	hit	553
S008	370	Response	32	7929259	9276	1
S008	371	Picture	pos_feedback	7934482	5166	1	14999	2	5000	next	other	0
S008	372	Picture	consistent	7959814	5167	1	10166	2	5000	next	hit	556
S008	372	Response	32	7969850	15203	1
S008	373	Picture	pos_feedback	7975146	5166	1	14999	2	5000	next	other	0
S008	374	Picture	consistent	8002978	5167	1	7499	2	5000	next	hit	559
S008	374	Response	32	8010320	12509	1
S008	375	Picture	pos_feedback	8015643	5166	2	15000	3	5000	next	other	0
S008	376	Picture	consistent	8045975	5167	1	5000	2	5000	next	hit	562
S008	376	Response	32	8050901	10093	1
S008	377	Picture	pos_feedback	8056141	5166	1	14999	2	5000	next	other	0
S008	378	Picture	consistent	8081473	5167	1	6166	2	5000	next	hit	565
S008	378	Response	32	8087461	11155	1
S008	379	Picture	pos_feedback	8092805	5166	1	14999	2	5000	next	other	0
S008	380	Picture	consistent	8120637	5167	1	7166	2	5000	next	hit	568
S008	380	Response	32	8127684	12214	1
S008	381	Picture	pos_feedback	8132969	5166	1	14999	2	5000	next	other	0
S008	382	Picture	consistent	8163300	5166	2	4334	3	5000	next	hit	571
S008	382	Response	16	8167484	9350	1
S008	383	Picture	pos_feedback	8172800	5166	1	14999	2	5000	next	other	0
S008	384	Picture	consistent	8198132	5167	1	5833	2	5000	next	hit	574
S008	384	Response	32	8203922	10957	2
S008	385	Picture	pos_feedback	8209131	5166	1	14999	2	5000	next	other	0
S008	386	Picture	consistent	8236962	5166	2	8833	3	5000	next	hit	577
S008	386	Response	32	8245757	13961	1
S008	387	Picture	pos_feedback	8250961	5166	2	15000	3	5000	next	other	0
S008	388	Picture	consistent	8281293	5167	1	8833	2	5000	next	hit	580
S008	388	Response	32	8290060	13934	1
S008	389	Picture	pos_feedback	8295292	5166	1	14999	2	5000	next	other	0
S008	390	Picture	consistent	8320624	5167	1	9166	2	5000	next	hit	583
S008	390	Response	32	8329691	14234	1
S008	391	Picture	pos_feedback	8334956	5166	1	14999	2	5000	next	other	0
S008	392	Picture	consistent	8362787	5166	2	10166	4	5000	next	hit	586
S008	392	Response	32	8372887	15266	1
S008	393	Picture	pos_feedback	8378120	5167	1	14999	2	5000	next	other	0
S008	394	Picture	consistent	8408451	5166	1	4000	2	5000	next	hit	589
S008	394	Response	16	8412380	9095	2
S008	395	Picture	pos_feedback	8417617	5166	1	14999	2	5000	next	other	0
S008	396	Picture	consistent	8442949	5166	1	10166	2	5000	next	hit	592
S008	396	Response	32	8453012	15229	2
S008	397	Picture	pos_feedback	8458281	5166	1	14999	2	5000	next	other	0
S008	398	Picture	consistent	8486113	5167	1	8333	2	5000	next	hit	595
S008	398	Response	32	8494286	13340	2
S008	399	Picture	pos_feedback	8499612	5166	1	14999	2	5000	next	other	0
S008	400	Picture	consistent	8529943	5166	1	11333	2	5000	next	hit	598
S008	400	Response	32	8541108	16331	2
S008	401	Picture	pos_feedback	8546442	5166	1	14999	2	5000	next	other	0
S008	402	Picture	consistent	8571774	5166	1	5333	2	5000	next	hit	601
S008	402	Response	32	8577069	10461	1
S008	403	Picture	pos_feedback	8582273	5166	1	14999	2	5000	next	other	0
S008	404	Picture	consistent	8610105	5167	1	4833	2	5000	next	hit	604
S008	404	Response	32	8614771	9833	1
S008	405	Picture	pos_feedback	8620104	5166	1	14999	2	5000	next	other	0
S008	406	Picture	consistent	8650435	5166	2	5333	3	5000	next	hit	607
S008	406	Response	32	8655718	10449	1
S008	407	Picture	pos_feedback	8660935	5167	1	14999	2	5000	next	other	0
S008	408	Picture	consistent	8686266	5166	2	4833	4	5000	next	hit	610
S008	408	Response	16	8691072	9972	1
S008	409	Picture	pos_feedback	8696266	5167	1	14999	2	5000	next	other	0
S008	410	Picture	consistent	8724097	5166	1	14999	2	5000	next	hit	613
S008	410	Response	32	8738942	20011	1
S008	411	Picture	pos_feedback	8744263	5167	1	14999	2	5000	next	other	0
S008	412	Picture	consistent	8774594	5166	1	3333	2	5000	next	hit	616
S008	412	Response	16	8777891	8463	1
S008	413	Picture	pos_feedback	8783093	5166	2	14999	4	5000	next	other	0
S008	414	Picture	consistent	8808425	5166	1	6333	2	5000	next	hit	619
S008	414	Response	16	8814631	11372	1
S008	415	Picture	pos_feedback	8819924	5166	2	14999	4	5000	next	other	0
S008	416	Picture	consistent	8847756	5167	1	4666	2	5000	next	hit	622
S008	416	Response	32	8852393	9804	1
S008	417	Picture	pos_feedback	8857589	5167	1	14999	2	5000	next	other	0
S008	418	Picture	consistent	8887920	5166	1	4333	2	5000	next	hit	625
S008	418	Response	16	8892186	9432	1
S008	419	Picture	pos_feedback	8897419	5166	1	14999	2	5000	next	other	0
S008	420	Picture	consistent	8922751	5166	1	4666	2	5000	next	hit	628
S008	420	Response	32	8927245	9660	1
S008	421	Picture	pos_feedback	8932584	5167	1	14999	2	5000	next	other	0
S008	422	Picture	consistent	8960415	5166	1	8833	2	5000	next	hit	631
S008	422	Response	32	8969115	13866	1
S008	423	Picture	pos_feedback	8974414	5166	1	14999	2	5000	next	other	0
S008	424	Picture	consistent	9004746	5167	1	4333	2	5000	next	hit	634
S008	424	Response	16	9009037	9458	1
S008	425	Picture	pos_feedback	9014245	5166	1	14999	2	5000	next	other	0
S008	426	Picture	consistent	9039577	5167	1	5833	2	5000	next	hit	637
S008	426	Response	16	9045385	10975	1
S008	427	Picture	pos_feedback	9050576	5166	1	14999	2	5000	next	other	0
S008	428	Picture	consistent	9078407	5166	2	6333	3	5000	next	hit	640
S008	428	Response	32	9084671	11430	1
S008	429	Picture	pos_feedback	9089907	5167	1	14999	2	5000	next	other	0
S008	430	Response	16	9119613	4541	2
S008	430	Picture	consistent	9120238	5166	1	19999	2	5000	next	miss	0
S008	431	Picture	pos_feedback	9145403	5166	1	14999	2	5000	next	other	0
S008	431	Response	16	9152039	11802	1
S008	432	Picture	consistent	9170735	5167	1	9166	2	5000	next	hit	647
S008	432	Response	32	9179857	14289	1
S008	433	Picture	pos_feedback	9185067	5166	1	14999	2	5000	next	other	0
S008	434	Picture	consistent	9212899	5167	1	4833	2	5000	next	hit	650
S008	434	Response	16	9217584	9852	1
S008	435	Picture	pos_feedback	9222898	5166	1	14999	2	5000	next	other	0
S008	436	Picture	consistent	9253229	5166	2	6833	3	5000	next	hit	653
S008	436	Response	32	9259955	11892	1
S008	437	Picture	pos_feedback	9265229	5167	1	14999	2	5000	next	other	0
S008	438	Picture	consistent	9290560	5166	1	12833	2	5000	next	hit	656
S008	438	Response	16	9303354	17960	1
S008	439	Picture	pos_feedback	9308559	5166	1	14999	2	5000	next	other	0
S008	440	Picture	consistent	9336391	5167	1	13332	2	5000	next	hit	659
S008	440	Response	32	9349659	18435	1
S008	441	Picture	pos_feedback	9354889	5166	2	14999	4	5000	next	other	0
S008	442	Picture	consistent	9385221	5167	1	6499	2	5000	next	hit	662
S008	442	Response	32	9391589	11535	1
S008	443	Picture	pos_feedback	9396887	5167	1	14999	2	5000	next	other	0
S008	444	Picture	consistent	9422218	5166	2	5333	3	5000	next	hit	665
S008	444	Response	32	9427374	10322	2
S008	445	Picture	pos_feedback	9432718	5167	1	14999	2	5000	next	other	0
S008	446	Picture	consistent	9460549	5166	1	12166	2	5000	next	hit	668
S008	446	Response	16	9472542	17159	1
S008	447	Picture	pos_feedback	9477881	5166	2	14999	4	5000	next	other	0
S008	448	Picture	consistent	9508213	5167	1	5166	2	5000	next	hit	671
S008	448	Response	32	9513245	10199	2
S008	449	Picture	pos_feedback	9518545	5166	2	14999	3	5000	next	other	0
S008	450	Picture	consistent	9543877	5166	1	6000	2	5000	next	hit	674
S008	450	Response	32	9549697	10986	1
S008	451	Picture	pos_feedback	9555043	5166	1	14999	2	5000	next	other	0
S008	452	Picture	consistent	9582875	5167	1	6499	2	5000	next	hit	677
S008	452	Response	32	9589229	11521	1
S008	453	Picture	pos_feedback	9594540	5166	2	14999	4	5000	next	other	0
S008	454	Picture	consistent	9624872	5167	1	4833	2	5000	next	hit	680
S008	454	Response	32	9629613	9908	1
S008	455	Picture	pos_feedback	9634871	5166	1	14999	2	5000	next	other	0
S008	456	Picture	consistent	9660203	5167	1	5333	2	5000	next	hit	683
S008	456	Response	32	9665495	10459	1
S008	457	Picture	pos_feedback	9670702	5166	1	14999	2	5000	next	other	0
S008	458	Picture	consistent	9698534	5167	1	3833	2	5000	next	hit	686
S008	458	Response	16	9702191	8824	1
S008	459	Picture	pos_feedback	9707533	5166	1	14999	2	5000	next	other	0
S008	460	Picture	consistent	9737864	5166	2	4500	3	5000	next	hit	689
S008	460	Response	16	9742326	9628	1
S008	461	Picture	pos_feedback	9747530	5166	2	14999	4	5000	next	other	0
S008	462	Picture	consistent	9772862	5166	1	4666	3	5000	next	hit	692
S008	462	Response	32	9777433	9737	2
S008	463	Picture	pos_feedback	9782695	5167	1	14999	2	5000	next	other	0
S008	464	Response	3	10589671	781811	2
S008	465	Picture	consistent	10594975	5166	1	16666	2	5000	next	hit	696
S008	465	Response	32	10611490	21681	1
S008	466	Picture	pos_feedback	10616807	5166	1	14999	2	5000	next	other	0
S008	467	Picture	consistent	10647138	5166	2	5667	3	5000	next	hit	699
S008	467	Response	32	10652670	10698	1
S008	468	Picture	pos_feedback	10657971	5166	1	14999	2	5000	next	other	0
S008	469	Picture	consistent	10685803	5167	1	9499	2	5000	next	hit	702
S008	469	Response	32	10695165	14529	2
S008	470	Picture	pos_feedback	10700468	5166	1	14999	2	5000	next	other	0
S008	471	Picture	consistent	10728300	5167	1	5499	2	5000	next	hit	705
S008	471	Response	16	10733748	10615	1
S008	472	Picture	pos_feedback	10738966	5167	1	14999	2	5000	next	other	0
S008	473	Picture	consistent	10766797	5166	1	5667	2	5000	next	hit	708
S008	473	Response	16	10772428	10797	1
S008	474	Picture	pos_feedback	10777630	5166	1	14999	2	5000	next	other	0
S008	474	Response	32	10786311	13847	1
S008	475	Picture	consistent	10807961	5166	1	5333	2	5000	next	hit	712
S008	475	Response	32	10813236	10441	2
S008	476	Picture	pos_feedback	10818461	5167	1	14999	2	5000	next	other	0
S008	477	Picture	consistent	10843792	5166	1	7333	2	5000	next	hit	715
S008	477	Response	32	10850990	12364	1
S008	478	Picture	pos_feedback	10856291	5166	2	14999	4	5000	next	other	0
S008	479	Picture	consistent	10886623	5167	1	5999	2	5000	next	hit	718
S008	479	Response	32	10892564	11108	1
S008	480	Picture	pos_feedback	10897789	5167	1	14999	2	5000	next	other	0
S008	481	Picture	consistent	10923120	5166	2	4167	3	5000	next	hit	721
S008	481	Response	16	10927117	9163	1
S008	482	Picture	pos_feedback	10932453	5166	1	14999	2	5000	next	other	0
S008	483	Picture	consistent	10957785	5167	1	6166	2	5000	next	hit	724
S008	483	Response	32	10963794	11176	2
S008	484	Picture	pos_feedback	10969117	5166	2	14999	3	5000	next	other	0
S008	485	Picture	consistent	10996949	5167	1	8833	2	5000	next	hit	727
S008	485	Response	32	11005624	13842	1
S008	486	Picture	pos_feedback	11010948	5166	1	14999	2	5000	next	other	0
S008	487	Picture	consistent	11038779	5166	2	5333	4	5000	next	hit	730
S008	487	Response	32	11044019	10406	1
S008	488	Picture	pos_feedback	11049279	5167	1	14999	2	5000	next	other	0
S008	489	Picture	consistent	11074610	5166	2	4833	4	5000	next	hit	733
S008	489	Response	16	11079345	9901	1
S008	490	Picture	pos_feedback	11084610	5167	1	14999	2	5000	next	other	0
S008	491	Picture	consistent	11114941	5166	1	7000	2	5000	next	hit	736
S008	491	Response	32	11121912	12137	2
S008	492	Picture	pos_feedback	11127107	5166	1	14999	2	5000	next	other	0
S008	493	Picture	consistent	11152439	5167	1	4333	2	5000	next	hit	739
S008	493	Response	32	11156588	9316	1
S008	494	Picture	pos_feedback	11161938	5166	1	14999	2	5000	next	other	0
S008	495	Picture	consistent	11189770	5167	1	4833	2	5000	next	hit	742
S008	495	Response	16	11194540	9937	1
S008	496	Picture	pos_feedback	11199769	5166	1	14999	2	5000	next	other	0
S008	497	Picture	consistent	11225101	5167	1	4666	2	5000	next	hit	745
S008	497	Response	32	11229651	9717	1
S008	498	Picture	pos_feedback	11234933	5166	2	14999	3	5000	next	other	0
S008	499	Picture	consistent	11265265	5167	1	8666	2	5000	next	hit	748
S008	499	Response	32	11273756	13658	2
S008	500	Picture	pos_feedback	11279097	5166	1	14999	2	5000	next	other	0
S008	501	Picture	consistent	11309428	5166	2	4500	3	5000	next	hit	751
S008	501	Response	16	11313895	9633	1
S008	502	Picture	pos_feedback	11319094	5166	2	14999	4	5000	next	other	0
S008	503	Picture	consistent	11346926	5166	1	6166	2	5000	next	hit	754
S008	503	Response	32	11352924	11164	1
S008	504	Picture	pos_feedback	11358259	5167	1	14999	2	5000	next	other	0
S008	505	Picture	consistent	11383590	5166	2	4000	3	5000	next	hit	757
S008	505	Response	32	11387410	8986	1
S008	506	Picture	pos_feedback	11392756	5166	2	14999	3	5000	next	other	0
S008	507	Picture	consistent	11418088	5166	1	3166	3	5000	next	hit	760
S008	507	Response	16	11421113	8191	1
S008	508	Picture	pos_feedback	11426421	5167	1	14999	2	5000	next	other	0
S008	509	Picture	consistent	11456752	5166	1	6833	2	5000	next	hit	763
S008	509	Response	32	11463484	11898	1
S008	510	Picture	pos_feedback	11468751	5166	2	14999	3	5000	next	other	0
S008	511	Picture	consistent	11499083	5167	1	3833	2	5000	next	hit	766
S008	511	Response	16	11502876	8960	1
S008	512	Picture	pos_feedback	11508082	5166	1	14999	2	5000	next	other	0
S008	513	Picture	consistent	11533414	5166	1	6166	2	5000	next	hit	769
S008	513	Response	16	11539440	11192	1
S008	514	Picture	pos_feedback	11544746	5166	2	14999	4	5000	next	other	0
S008	515	Picture	consistent	11575078	5167	1	6499	2	5000	next	hit	772
S008	515	Response	32	11581406	11495	1
S008	516	Picture	pos_feedback	11586744	5167	1	14999	2	5000	next	other	0
S008	517	Picture	consistent	11614575	5166	1	4333	2	5000	next	hit	775
S008	517	Response	16	11618804	9395	1
S008	518	Picture	pos_feedback	11624075	5167	1	14999	2	5000	next	other	0
S008	519	Picture	consistent	11651906	5166	1	2833	2	5000	next	hit	778
S008	519	Response	32	11654715	7975	1
S008	520	Picture	pos_feedback	11659905	5166	2	15000	3	5000	next	other	0
S008	521	Picture	consistent	11685237	5166	1	4333	2	5000	next	hit	781
S008	521	Response	16	11689405	9334	2
S008	522	Picture	pos_feedback	11694737	5167	1	14999	2	5000	next	other	0
S008	523	Picture	consistent	11722568	5166	1	4833	2	5000	next	hit	784
S008	523	Response	32	11727288	9886	1
S008	524	Picture	pos_feedback	11732567	5166	2	15000	3	5000	next	other	0
S008	525	Picture	consistent	11762899	5166	1	6166	2	5000	next	hit	787
S008	525	Response	16	11768966	11233	1
S008	526	Picture	pos_feedback	11774231	5166	2	14999	4	5000	next	other	0
S008	527	Picture	consistent	11799563	5166	1	5166	3	5000	next	hit	790
S008	527	Response	32	11804700	10303	1
S008	528	Picture	pos_feedback	11809896	5167	1	14999	2	5000	next	other	0
S008	529	Picture	consistent	11840227	5166	1	5333	2	5000	next	hit	793
S008	529	Response	16	11845507	10446	1
S008	530	Picture	pos_feedback	11850726	5166	2	14999	4	5000	next	other	0
S008	531	Picture	consistent	11876058	5166	1	7666	2	5000	next	hit	796
S008	531	Response	32	11883559	12667	1
S008	532	Picture	pos_feedback	11888891	5167	1	14999	2	5000	next	other	0
S008	533	Picture	consistent	11919222	5166	1	4333	2	5000	next	hit	799
S008	533	Response	16	11923431	9375	2
S008	534	Picture	pos_feedback	11928721	5166	2	14999	3	5000	next	other	0
S008	535	Picture	consistent	11956553	5166	1	9333	2	5000	next	hit	802
S008	535	Response	32	11965780	14393	1
S008	536	Picture	pos_feedback	11971052	5166	1	14999	2	5000	next	other	0
S008	537	Picture	consistent	11998883	5166	2	5667	3	5000	next	hit	805
S008	537	Response	32	12004436	10719	1
S008	538	Picture	pos_feedback	12009716	5166	1	14999	2	5000	next	other	0
S008	539	Picture	consistent	12037548	5167	1	4499	2	5000	next	hit	808
S008	539	Response	32	12041870	9489	1
S008	540	Picture	pos_feedback	12047214	5167	1	14999	2	5000	next	other	0
S008	541	Picture	consistent	12077545	5166	1	4500	2	5000	next	hit	811
S008	541	Response	32	12081899	9520	1
S008	542	Picture	pos_feedback	12087211	5166	1	14999	2	5000	next	other	0
S008	543	Picture	consistent	12117542	5166	2	9666	4	5000	next	hit	814
S008	543	Response	32	12127045	14669	1
S008	544	Picture	pos_feedback	12132375	5167	1	14999	2	5000	next	other	0
S008	545	Picture	consistent	12160206	5166	1	6167	2	5000	next	hit	817
S008	545	Response	32	12166240	11200	1
S008	546	Picture	pos_feedback	12171539	5166	1	14999	2	5000	next	other	0
S008	547	Picture	consistent	12201870	5166	1	4500	2	5000	next	hit	820
S008	547	Response	32	12206217	9513	1
S008	548	Picture	pos_feedback	12211536	5166	1	14999	2	5000	next	other	0
S008	549	Picture	consistent	12236868	5166	1	4666	2	5000	next	hit	823
S008	549	Response	32	12241471	9769	1
S008	550	Picture	pos_feedback	12246701	5167	1	14999	2	5000	next	other	0
S008	551	Picture	consistent	12274532	5166	1	4666	3	5000	next	hit	826
S008	551	Response	16	12279087	9721	1
S008	552	Picture	pos_feedback	12284365	5167	1	14999	2	5000	next	other	0
S008	553	Picture	consistent	12309696	5166	2	7500	3	5000	next	hit	829
S008	553	Response	32	12317131	12601	2
S008	554	Picture	pos_feedback	12322362	5166	2	14999	4	5000	next	other	0
S008	555	Picture	consistent	12347694	5166	1	5000	2	5000	next	hit	832
S008	555	Response	32	12352514	9986	1
S008	556	Picture	pos_feedback	12357860	5166	1	14999	2	5000	next	other	0
S008	557	Picture	consistent	12385692	5167	1	8499	2	5000	next	hit	835
S008	557	Response	16	12394065	13540	1
S008	558	Picture	pos_feedback	12399357	5166	2	14999	3	5000	next	other	0
S008	559	Picture	consistent	12424689	5166	1	19999	2	5000	next	miss	0
S008	560	Picture	pos_feedback	12449854	5166	1	14999	2	5000	next	other	0
S008	560	Response	16	12457943	13255	1
S008	560	Response	32	12460370	15682	1
S008	561	Picture	consistent	12475186	5167	1	9166	2	5000	next	hit	842
S008	561	Response	32	12484201	14182	1
S008	562	Picture	pos_feedback	12489518	5166	1	14999	2	5000	next	other	0
S008	562	Response	32	12497141	12789	1
S008	563	Picture	consistent	12519849	5166	2	19999	3	5000	next	miss	0
S008	564	Response	32	12544777	4929	1
S008	564	Picture	pos_feedback	12545014	5166	2	14999	4	5000	next	other	0
S008	565	Picture	consistent	12570346	5166	1	3833	2	5000	next	hit	849
S008	565	Response	32	12574065	8885	1
S008	566	Picture	pos_feedback	12579346	5167	1	14999	2	5000	next	other	0
S008	567	Picture	consistent	12609677	5166	1	6166	2	5000	next	hit	852
S008	567	Response	32	12615807	11296	1
S008	568	Picture	pos_feedback	12621010	5167	1	14998	3	5000	next	other	0
S008	569	Picture	consistent	12648841	5166	1	4666	3	5000	next	hit	855
S008	569	Response	32	12653460	9785	1
S008	570	Picture	pos_feedback	12658674	5167	1	14999	2	5000	next	other	0
S008	571	Picture	consistent	12689005	5166	1	4500	2	5000	next	hit	858
S008	571	Response	16	12693437	9598	1
S008	572	Picture	pos_feedback	12698671	5166	1	14999	2	5000	next	other	0
S008	573	Picture	consistent	12726503	5167	1	4499	2	5000	next	hit	861
S008	573	Response	16	12730867	9531	1
S008	574	Picture	pos_feedback	12736169	5167	1	14999	2	5000	next	other	0
S008	575	Response	32	12761717	2883	1
S008	575	Picture	consistent	12764000	5166	1	3167	2	5000	next	hit	865
S008	575	Response	32	12767143	8309	2
S008	576	Picture	pos_feedback	12772333	5166	1	14999	2	5000	next	other	0
S008	577	Picture	consistent	12800165	5167	1	4166	2	5000	next	hit	868
S008	577	Response	16	12804162	9164	1
S008	578	Picture	pos_feedback	12809497	5166	1	14999	2	5000	next	other	0
S008	579	Picture	consistent	12839829	5167	1	3499	2	5000	next	hit	871
S008	579	Response	16	12843208	8546	2
S008	580	Picture	pos_feedback	12848495	5167	1	14999	2	5000	next	other	0
S008	581	Picture	consistent	12876326	5166	1	7666	2	5000	next	hit	874
S008	581	Response	32	12883814	12654	1
S008	582	Picture	pos_feedback	12889159	5167	1	14999	2	5000	next	other	0
S008	582	Response	32	12897405	13413	1
S008	583	Picture	consistent	12919490	5166	1	7000	2	5000	next	hit	878
S008	583	Response	32	12926379	12055	1
S008	584	Picture	pos_feedback	12931656	5166	1	14999	2	5000	next	other	0
S008	584	Response	32	12951136	24646	1
S008	585	Picture	consistent	12956988	5167	1	5166	2	5000	next	hit	882
S008	585	Response	32	12962036	10215	1
S008	586	Picture	pos_feedback	12967320	5166	1	14999	2	5000	next	other	0
S008	586	Response	16	12973157	11003	2
S008	587	Picture	consistent	12992652	5166	1	5666	2	5000	next	hit	886
S008	587	Response	16	12998234	10748	1
S008	588	Picture	pos_feedback	13003485	5167	1	14999	2	5000	next	other	0
S008	589	Picture	consistent	13028816	5166	1	19999	2	5000	next	miss	0
S008	590	Response	32	13053024	4209	1
S008	590	Picture	pos_feedback	13053981	5166	1	14999	2	5000	next	other	0
S008	591	Picture	consistent	13084313	5167	1	4333	2	5000	next	hit	892
S008	591	Response	16	13088492	9346	1
S008	592	Picture	pos_feedback	13093812	5166	1	14999	2	5000	next	other	0
S008	593	Picture	consistent	13121644	5167	1	8499	2	5000	next	hit	895
S008	593	Response	16	13130108	13631	1
S008	594	Picture	pos_feedback	13135309	5166	1	14999	2	5000	next	other	0
S008	595	Picture	consistent	13165641	5167	1	16332	2	5000	next	hit	898
S008	595	Response	32	13181940	21466	1
S008	596	Picture	pos_feedback	13187139	5166	1	14999	2	5000	next	other	0
S008	597	Picture	consistent	13212471	5166	1	6333	2	5000	next	hit	901
S008	597	Response	16	13218648	11343	1
S008	598	Picture	pos_feedback	13223970	5166	1	14999	2	5000	next	other	0
S008	599	Picture	consistent	13254302	5167	1	7332	2	5000	next	hit	904
S008	599	Response	32	13261481	12346	1
S008	600	Picture	pos_feedback	13266801	5167	1	14999	2	5000	next	other	0
S008	601	Picture	consistent	13294632	5166	1	4667	2	5000	next	hit	907
S008	601	Response	32	13299170	9704	2
S008	602	Picture	pos_feedback	13304465	5166	1	14999	2	5000	next	other	0
S008	603	Picture	consistent	13329797	5167	1	3833	2	5000	next	hit	910
S008	603	Response	16	13333547	8917	1
S008	604	Picture	pos_feedback	13338796	5166	1	14999	2	5000	next	other	0
S008	605	Picture	consistent	13369127	5166	2	5500	3	5000	next	hit	913
S008	605	Response	32	13374446	10485	1
S008	606	Picture	pos_feedback	13379793	5166	1	14999	2	5000	next	other	0
S008	607	Picture	consistent	13405125	5166	1	5166	2	5000	next	hit	916
S008	607	Response	16	13410180	10221	1
S008	608	Picture	pos_feedback	13415458	5167	1	14999	2	5000	next	other	0
S008	609	Picture	consistent	13443289	5166	1	4167	2	5000	next	hit	919
S008	609	Response	32	13447396	9273	1
S008	610	Picture	pos_feedback	13452622	5166	1	14999	2	5000	next	other	0
S008	611	Picture	consistent	13482953	5166	1	2833	3	5000	next	hit	922
S008	611	Response	16	13485654	7867	1
S008	612	Picture	pos_feedback	13490953	5167	1	14999	2	5000	next	other	0
S008	613	Picture	consistent	13518784	5166	1	7166	3	5000	next	hit	925
S008	613	Response	32	13525802	12184	1
S008	614	Picture	pos_feedback	13531117	5167	1	14999	2	5000	next	other	0
S008	615	Picture	consistent	13558948	5166	1	7000	2	5000	next	hit	928
S008	615	Response	32	13565768	11986	1
S008	616	Picture	pos_feedback	13571114	5166	1	14999	2	5000	next	other	0
S008	617	Picture	consistent	13598946	5167	1	5333	2	5000	next	hit	931
S008	617	Response	32	13604212	10433	1
S008	618	Picture	pos_feedback	13609445	5166	1	14999	2	5000	next	other	0
S008	619	Picture	consistent	13639776	5166	2	6667	3	5000	next	hit	934
S008	619	Response	32	13646260	11650	1
S008	620	Picture	pos_feedback	13651609	5166	1	14999	2	5000	next	other	0
S008	621	Picture	consistent	13681940	5166	1	4833	2	5000	next	hit	937
S008	621	Response	32	13686589	9815	2
S008	622	Picture	pos_feedback	13691940	5167	1	14999	2	5000	next	other	0
S008	622	Response	16	13697923	11150	2
S008	623	Picture	consistent	13717271	5166	2	12666	3	5000	next	hit	941
S008	623	Response	32	13729808	17703	2
S008	624	Picture	pos_feedback	13735103	5166	2	14999	4	5000	next	other	0
S008	625	Picture	consistent	13760435	5166	1	10833	2	5000	next	hit	944
S008	625	Response	16	13771231	15962	1
S008	626	Picture	pos_feedback	13776434	5166	1	14999	2	5000	next	other	0
S008	627	Picture	consistent	13801766	5167	1	4333	2	5000	next	hit	947
S008	627	Response	32	13805996	9397	2
S008	628	Picture	pos_feedback	13811265	5166	1	14999	2	5000	next	other	0
S008	629	Picture	consistent	13839097	5167	1	12666	2	5000	next	hit	950
S008	629	Response	16	13851735	17805	2
S008	630	Picture	pos_feedback	13856929	5166	1	14999	2	5000	next	other	0
S008	631	Picture	consistent	13887260	5166	1	5666	3	5000	next	hit	953
S008	631	Response	32	13892859	10765	2
S008	632	Picture	pos_feedback	13898093	5167	1	14999	2	5000	next	other	0
S008	633	Picture	consistent	13923424	5166	2	6500	3	5000	next	hit	956
S008	633	Response	16	13929804	11546	1
S008	634	Picture	pos_feedback	13935090	5166	2	14999	4	5000	next	other	0
S008	635	Picture	consistent	13960422	5166	1	5500	2	5000	next	hit	959
S008	635	Response	32	13965855	10599	1
S008	636	Picture	pos_feedback	13971088	5166	1	14999	2	5000	next	other	0
S008	637	Picture	consistent	13998920	5167	1	3166	2	5000	next	hit	962
S008	637	Response	16	14001968	8215	1
S008	638	Picture	pos_feedback	14007252	5166	2	14999	4	5000	next	other	0
S008	639	Picture	consistent	14037584	5167	1	3499	3	5000	next	hit	965
S008	639	Response	32	14040972	8555	1
S008	640	Picture	pos_feedback	14046250	5167	1	14999	2	5000	next	other	0
S008	641	Picture	consistent	14076581	5166	1	4000	2	5000	next	hit	968
S008	641	Response	16	14080477	9062	1
S008	642	Picture	pos_feedback	14085747	5166	1	14999	2	5000	next	other	0
S008	643	Picture	consistent	14113579	5167	1	5833	2	5000	next	hit	971
S008	643	Response	32	14119266	10854	1
S008	644	Picture	pos_feedback	14124578	5166	1	14999	2	5000	next	other	0
S008	645	Picture	consistent	14149910	5167	1	3000	2	5000	next	hit	974
S008	645	Response	16	14152756	8013	1
S008	646	Picture	pos_feedback	14158076	5166	1	14999	2	5000	next	other	0
S008	647	Picture	consistent	14185907	5166	2	4333	4	5000	next	hit	977
S008	647	Response	32	14190197	9456	1
S008	648	Picture	pos_feedback	14195407	5167	1	14999	2	5000	next	other	0
S008	649	Picture	consistent	14225738	5166	1	4167	2	5000	next	hit	980
S008	649	Response	16	14229792	9220	1
S008	650	Picture	pos_feedback	14235071	5166	1	14999	2	5000	next	other	0
S008	651	Picture	consistent	14260402	5166	2	6000	3	5000	next	hit	983
S008	651	Response	32	14266249	11013	1
S008	652	Picture	pos_feedback	14271568	5166	2	14999	4	5000	next	other	0
S008	652	Response	32	14290901	24499	2
S008	653	Picture	consistent	14296900	5166	1	19999	2	5000	next	miss	0
S008	654	Response	32	14321347	4448	1
S008	654	Picture	pos_feedback	14322065	5166	1	14999	2	5000	next	other	0
S008	654	Response	32	14339556	22657	1
S008	655	Picture	consistent	14352396	5166	2	6167	3	5000	next	hit	991
S008	655	Response	16	14358509	11279	1
S008	656	Picture	pos_feedback	14363729	5166	1	14999	2	5000	next	other	0
S008	657	Picture	consistent	14389061	5167	1	3666	2	5000	next	hit	994
S008	657	Response	16	14392670	8776	1
S008	658	Picture	pos_feedback	14397893	5166	2	15000	3	5000	next	other	0
S008	658	Response	32	14417793	25066	1
S008	659	Picture	consistent	14425725	5166	1	3666	3	5000	next	hit	998
S008	659	Response	32	14429313	8754	1
S008	660	Response	32	14431676	2285	1
S008	660	Picture	pos_feedback	14434558	5167	1	14999	2	5000	next	other	0
S008	660	Response	32	14441303	11912	2
S008	660	Response	16	14446846	17455	1
S008	661	Picture	consistent	14464889	5166	1	4000	2	5000	next	hit	1004
S008	661	Response	32	14468740	9017	1
S008	662	Picture	pos_feedback	14474055	5166	1	14999	2	5000	next	other	0
S008	663	Picture	consistent	14501887	5167	1	4499	3	5000	next	hit	1007
S008	663	Response	16	14506301	9581	1
S008	664	Picture	pos_feedback	14511553	5167	1	14999	2	5000	next	other	0
S008	665	Picture	consistent	14541884	5166	1	5666	3	5000	next	hit	1010
S008	665	Response	32	14547460	10742	1
S008	666	Picture	pos_feedback	14552717	5167	1	14999	2	5000	next	other	0
S008	667	Picture	consistent	14578048	5166	2	6000	3	5000	next	hit	1013
S008	667	Response	16	14583960	11078	1
S008	668	Picture	pos_feedback	14589214	5166	2	14999	4	5000	next	other	0
S008	669	Picture	consistent	14619546	5167	1	19998	3	5000	next	miss	0
S008	670	Picture	pos_feedback	14644711	5167	1	14999	2	5000	next	other	0
S008	670	Response	32	14647946	8402	2
S008	671	Picture	consistent	14670042	5166	2	13833	3	5000	next	hit	1019
S008	671	Response	32	14683849	18973	1
S008	672	Picture	pos_feedback	14689041	5166	1	14999	2	5000	next	other	0
S008	673	Picture	consistent	14716873	5167	1	5999	2	5000	next	hit	1022
S008	673	Response	32	14722773	11067	2
S008	674	Picture	pos_feedback	14728039	5167	1	14999	2	5000	next	other	0
S008	674	Response	16	14738456	15584	1
S008	675	Picture	consistent	14755870	5166	1	6833	2	5000	next	hit	1026
S008	675	Response	32	14762562	11858	2
S008	676	Picture	pos_feedback	14767869	5166	2	14999	4	5000	next	other	0
S008	677	Response	16	14791168	3133	1
S008	677	Picture	consistent	14793201	5166	1	19999	2	5000	next	miss	0
S008	678	Picture	pos_feedback	14818366	5166	1	14999	2	5000	next	other	0
S008	678	Response	32	14825095	11895	1
S008	679	Picture	consistent	14846198	5167	1	6166	2	5000	next	hit	1033
S008	679	Response	16	14852209	11178	1
S008	680	Picture	pos_feedback	14857530	5166	1	14999	2	5000	next	other	0
S008	681	Picture	consistent	14887862	5167	1	4666	2	5000	next	hit	1036
S008	681	Response	32	14892396	9701	1
S008	682	Picture	pos_feedback	14897694	5166	1	14999	2	5000	next	other	0
S008	683	Picture	consistent	14928026	5167	1	8166	2	5000	next	hit	1039
S008	683	Response	32	14936158	13299	1
S008	684	Picture	pos_feedback	14941358	5166	1	14999	2	5000	next	other	0
S008	685	Picture	consistent	14969190	5167	1	4666	2	5000	next	hit	1042
S008	685	Response	16	14973811	9788	1
S008	686	Picture	pos_feedback	14979022	5166	1	14999	2	5000	next	other	0
S008	687	Picture	consistent	15004354	5166	1	6666	2	5000	next	hit	1045
S008	687	Response	32	15010910	11722	1
S008	688	Picture	pos_feedback	15016186	5166	2	15000	3	5000	next	other	0
S008	689	Picture	consistent	15041518	5166	1	4667	2	5000	next	hit	1048
S008	689	Response	16	15046101	9749	1
S008	690	Picture	pos_feedback	15051351	5166	1	14999	2	5000	next	other	0
S008	691	Picture	consistent	15081682	5166	1	4167	2	5000	next	hit	1051
S008	691	Response	32	15085740	9224	1
S008	692	Picture	pos_feedback	15091015	5166	1	14999	2	5000	next	other	0
S008	693	Picture	consistent	15116347	5167	1	6166	2	5000	next	hit	1054
S008	693	Response	32	15122446	11266	1
S008	694	Picture	pos_feedback	15127679	5166	1	14999	2	5000	next	other	0
S008	695	Picture	consistent	15155511	5167	1	16332	2	5000	next	hit	1057
S008	695	Response	32	15171750	21406	1
S008	696	Picture	pos_feedback	15177009	5166	2	14999	3	5000	next	other	0
S008	697	Picture	consistent	15204841	5166	1	6833	2	5000	next	hit	1060
S008	697	Response	16	15211533	11858	1
S008	698	Picture	pos_feedback	15216840	5166	1	14999	2	5000	next	other	0
S008	699	Picture	consistent	15247171	5166	2	5000	3	5000	next	hit	1063
S008	699	Response	32	15252112	10107	1
S008	700	Picture	pos_feedback	15257337	5166	2	14999	4	5000	next	other	0
S008	701	Picture	consistent	15282669	5166	1	8833	2	5000	next	hit	1066
S008	701	Response	32	15291447	13944	1
S008	702	Picture	pos_feedback	15296668	5166	1	14999	2	5000	next	other	0
S008	702	Response	16	15306469	14967	1
S008	703	Picture	consistent	15324500	5167	1	4333	2	5000	next	hit	1070
S008	703	Response	16	15328688	9355	1
S008	704	Picture	pos_feedback	15333999	5166	1	14999	2	5000	next	other	0
S008	704	Response	32	15356844	28011	1
S008	705	Response	32	15364235	5071	1
S008	705	Picture	consistent	15364330	5166	2	8333	3	5000	next	hit	1075
S008	705	Response	16	15372527	13363	1
S008	706	Picture	pos_feedback	15377830	5167	1	14999	2	5000	next	other	0
S008	706	Response	16	15382974	10311	1
S008	707	Picture	consistent	15403161	5166	1	5333	2	5000	next	hit	1079
S008	707	Response	32	15408424	10429	1
S008	708	Picture	pos_feedback	15413661	5167	1	14999	2	5000	next	other	0
S008	709	Picture	consistent	15441492	5166	1	4333	2	5000	next	hit	1082
S008	709	Response	32	15445740	9414	1
S008	710	Picture	pos_feedback	15450991	5166	2	15000	3	5000	next	other	0
S008	711	Response	32	15479827	3671	1
S008	711	Picture	consistent	15481323	5167	1	15665	3	5000	next	hit	1086
S008	711	Response	32	15496898	20742	1
S008	712	Picture	pos_feedback	15502155	5167	1	14999	2	5000	next	other	0
S008	713	Picture	consistent	15527486	5166	2	14833	3	5000	next	hit	1089
S008	713	Response	32	15542275	19955	2
S008	714	Picture	pos_feedback	15547485	5166	1	14999	2	5000	next	other	0
S008	715	Picture	consistent	15575317	5167	1	19998	2	5000	next	miss	0
S008	716	Picture	pos_feedback	15600482	5167	1	14999	2	5000	next	other	0
S008	716	Response	16	15607611	12296	2
S008	717	Picture	consistent	15630813	5166	1	10499	3	5000	next	hit	1095
S008	717	Response	32	15641207	15560	1
S008	718	Picture	pos_feedback	15646479	5167	1	14999	2	5000	next	other	0
S008	719	Picture	consistent	15671810	5166	2	8333	3	5000	next	hit	1098
S008	719	Response	32	15680047	13403	2
S008	720	Picture	pos_feedback	15685309	5166	2	14999	4	5000	next	other	0
S008	721	Picture	consistent	15713141	5166	1	19999	2	5000	next	miss	0
S008	722	Picture	pos_feedback	15738306	5166	1	14999	2	5000	next	other	0
S008	722	Response	16	15747714	14574	1
S008	722	Response	16	15757051	23911	1
S008	723	Picture	consistent	15768637	5166	2	3667	3	5000	next	hit	1105
S008	723	Response	32	15772120	8649	2
S008	724	Picture	pos_feedback	15777470	5166	1	14999	2	5000	next	other	0
S008	725	Picture	consistent	15802802	5167	1	4999	3	5000	next	hit	1108
S008	725	Response	16	15807731	10096	1
S008	726	Picture	pos_feedback	15812968	5167	1	14999	2	5000	next	other	0
S008	727	Picture	consistent	15840799	5166	2	4167	3	5000	next	hit	1111
S008	727	Response	32	15844882	9249	1
S008	728	Picture	pos_feedback	15850132	5166	1	14999	2	5000	next	other	0
S008	729	Picture	consistent	15880463	5166	2	3833	4	5000	next	hit	1114
S008	729	Response	16	15884256	8959	1
S008	730	Picture	pos_feedback	15889463	5167	1	14999	2	5000	next	other	0
S008	731	Picture	consistent	15914794	5166	2	3000	4	5000	next	hit	1117
S008	731	Response	32	15917717	8089	2
S008	732	Picture	pos_feedback	15922961	5167	1	14999	2	5000	next	other	0
S008	733	Picture	consistent	15950792	5166	1	5833	2	5000	next	hit	1120
S008	733	Response	16	15956547	10921	1
S008	734	Picture	pos_feedback	15961791	5166	2	14999	4	5000	next	other	0
S008	735	Picture	consistent	15992123	5167	1	3666	2	5000	next	hit	1123
S008	735	Response	32	15995656	8700	1
S008	736	Picture	pos_feedback	16000956	5167	1	14999	2	5000	next	other	0
S008	737	Picture	consistent	16026287	5166	1	4500	2	5000	next	hit	1126
S008	737	Response	32	16030619	9498	2
S008	738	Picture	pos_feedback	16035953	5166	1	14999	2	5000	next	other	0
S008	739	Picture	consistent	16063785	5167	1	5333	2	5000	next	hit	1129
S008	739	Response	32	16069050	10432	1
S008	740	Picture	pos_feedback	16074284	5166	1	14999	2	5000	next	other	0
S008	741	Picture	consistent	16104615	5166	2	6833	3	5000	next	hit	1132
S008	741	Response	16	16111304	11855	1
S008	742	Picture	pos_feedback	16116615	5167	1	14999	2	5000	next	other	0
S008	743	Picture	consistent	16141946	5166	2	3833	4	5000	next	hit	1135
S008	743	Response	32	16145662	8882	1
S008	744	Picture	pos_feedback	16150946	5167	1	14999	2	5000	next	other	0
S008	745	Picture	consistent	16178777	5166	1	5500	2	5000	next	hit	1138
S008	745	Response	16	16184137	10526	1
S008	746	Picture	pos_feedback	16189443	5166	1	14999	2	5000	next	other	0
S008	747	Picture	consistent	16219775	5167	1	5333	2	5000	next	hit	1141
S008	747	Response	16	16225018	10410	1
S008	748	Picture	pos_feedback	16230274	5166	1	14999	2	5000	next	other	0
S008	749	Picture	consistent	16255606	5167	1	3499	3	5000	next	hit	1144
S008	749	Response	32	16258929	8490	2
S008	750	Picture	pos_feedback	16264272	5167	1	14999	2	5000	next	other	0
S008	751	Picture	consistent	16292103	5166	1	3833	2	5000	next	hit	1147
S008	751	Response	32	16295780	8843	1
S008	752	Picture	pos_feedback	16301103	5167	1	14999	2	5000	next	other	0
S008	753	Picture	consistent	16331434	5166	1	5333	2	5000	next	hit	1150
S008	753	Response	32	16336722	10454	1
S008	754	Picture	pos_feedback	16341933	5166	1	14999	2	5000	next	other	0
S008	755	Picture	consistent	16367265	5166	1	4000	2	5000	next	hit	1153
S008	755	Response	32	16371093	8994	1
S008	756	Picture	pos_feedback	16376431	5166	1	14999	2	5000	next	other	0
S008	757	Picture	consistent	16404263	5167	1	4833	2	5000	next	hit	1156
S008	757	Response	32	16409018	9922	1
S008	758	Picture	pos_feedback	16414262	5166	1	14999	2	5000	next	other	0
S008	759	Response	32	16443348	3921	1
S008	759	Picture	consistent	16444593	5166	1	11500	2	5000	next	hit	1160
S008	759	Response	32	16456017	16590	1
S008	760	Picture	pos_feedback	16461259	5166	1	14999	2	5000	next	other	0
S008	761	Picture	consistent	16486591	5167	1	3833	2	5000	next	hit	1163
S008	761	Response	32	16490251	8827	1
S008	762	Picture	pos_feedback	16495590	5166	1	14999	2	5000	next	other	0
S008	763	Picture	consistent	16523421	5166	2	5667	3	5000	next	hit	1166
S008	763	Response	32	16528946	10691	1
S008	764	Picture	pos_feedback	16534254	5166	1	14999	2	5000	next	other	0
S008	764	Response	32	16546553	17465	1
S008	765	Picture	consistent	16564585	5166	2	3334	3	5000	next	hit	1170
S008	765	Response	32	16567873	8454	2
S008	766	Picture	pos_feedback	16573085	5166	1	14999	2	5000	next	other	0
S008	767	Picture	consistent	16598417	5167	1	5999	2	5000	next	hit	1173
S008	767	Response	32	16604366	11116	1
S008	768	Picture	pos_feedback	16609582	5166	2	15000	3	5000	next	other	0
S008	768	Response	32	16628098	23682	2
S008	769	Response	32	16636147	3899	1
S008	769	Picture	consistent	16637414	5166	1	5000	2	5000	next	hit	1178
S008	769	Response	32	16642293	10045	2
S008	770	Response	16	16647406	4992	2
S008	770	Picture	pos_feedback	16647580	5166	1	14999	2	5000	next	other	0
S008	770	Response	32	16648294	5880	1
S008	770	Response	16	16649627	7213	1
S008	770	Response	32	16650867	8453	2
S008	771	Response	32	16676196	3451	1
S008	771	Picture	consistent	16677911	5166	2	4833	3	5000	next	hit	1186
S008	771	Response	32	16682611	9866	1
S008	772	Picture	pos_feedback	16687911	5167	1	14999	2	5000	next	other	0
S008	772	Response	16	16700424	17680	1
S008	773	Picture	consistent	16713242	5166	2	6333	3	5000	next	hit	1190
S008	773	Response	32	16719425	11349	1
S008	774	Picture	pos_feedback	16724742	5167	1	14999	2	5000	next	other	0
S008	775	Picture	consistent	16752573	5166	1	1167	2	5000	next	hit	1193
S008	775	Response	32	16753609	6202	1
S008	776	Picture	pos_feedback	16758906	5166	1	14999	2	5000	next	other	0
S008	777	Picture	consistent	16789237	5166	2	4000	3	5000	next	hit	1196
S008	777	Response	32	16793151	9080	1
S008	778	Picture	pos_feedback	16798404	5167	1	14999	2	5000	next	other	0
S008	779	Picture	consistent	16823735	5166	1	13166	2	5000	next	hit	1199
S008	779	Response	32	16836766	18197	1
S008	780	Picture	pos_feedback	16842067	5166	2	14999	4	5000	next	other	0
S008	781	Picture	consistent	16869899	5167	1	5333	2	5000	next	hit	1202
S008	781	Response	32	16875149	10417	1
S008	782	Picture	pos_feedback	16880398	5166	1	14999	2	5000	next	other	0
S008	783	Picture	consistent	16910729	5166	2	4334	3	5000	next	hit	1205
S008	783	Response	16	16915006	9443	2
S008	784	Picture	pos_feedback	16920229	5166	1	14999	2	5000	next	other	0
S008	785	Picture	consistent	16945561	5167	1	6166	2	5000	next	hit	1208
S008	785	Response	32	16951556	11162	1
S008	786	Picture	pos_feedback	16956893	5166	1	14999	2	5000	next	other	0
S008	787	Picture	consistent	16984725	5167	1	11166	2	5000	next	hit	1211
S008	787	Response	32	16995732	16174	1
S008	788	Picture	pos_feedback	17001057	5166	1	14999	2	5000	next	other	0
S008	789	Picture	consistent	17031388	5166	2	7667	3	5000	next	hit	1214
S008	789	Response	16	17039023	12801	1
S008	790	Picture	pos_feedback	17044221	5166	1	14999	2	5000	next	other	0
S008	791	Picture	consistent	17069552	5166	2	9167	3	5000	next	hit	1217
S008	791	Response	32	17078604	14218	1
S008	792	Picture	pos_feedback	17083885	5166	1	14999	2	5000	next	other	0
S008	793	Picture	consistent	17111716	5166	2	4000	3	5000	next	hit	1220
S008	793	Response	32	17115625	9075	2
S008	794	Picture	pos_feedback	17120882	5166	2	15000	3	5000	next	other	0
S008	795	Picture	consistent	17151214	5166	1	3166	2	5000	next	hit	1223
S008	795	Response	16	17154202	8154	1
S008	796	Picture	pos_feedback	17159547	5167	1	14999	2	5000	next	other	0
S008	796	Response	32	17163389	9009	1
S008	797	Picture	consistent	17184878	5166	1	3500	2	5000	next	hit	1227
S008	797	Response	32	17188312	8600	1
S008	798	Picture	pos_feedback	17193544	5166	2	14999	4	5000	next	other	0
S008	799	Picture	consistent	17221376	5166	1	3333	2	5000	next	hit	1230
S008	799	Response	32	17224590	8380	1
S008	800	Picture	pos_feedback	17229875	5166	2	14999	3	5000	next	other	0
S008	801	Picture	consistent	17260207	5167	1	5166	2	5000	next	hit	1233
S008	801	Response	32	17265309	10269	1
S008	802	Picture	pos_feedback	17270539	5166	2	14999	3	5000	next	other	0
S008	803	Picture	consistent	17295871	5166	1	19999	2	5000	next	miss	0
S008	804	Response	32	17315983	113	1
S008	804	Picture	pos_feedback	17321036	5166	1	14999	2	5000	next	other	0
S008	805	Picture	consistent	17348868	5167	1	4833	2	5000	next	hit	1239
S008	805	Response	16	17353529	9828	2
S008	806	Picture	pos_feedback	17358867	5166	1	14999	2	5000	next	other	0
S008	806	Response	32	17372970	19269	1
S008	807	Picture	consistent	17389198	5166	1	3333	3	5000	next	hit	1243
S008	807	Response	32	17392459	8427	1
S008	808	Picture	pos_feedback	17397698	5167	1	14999	2	5000	next	other	0
S008	809	Picture	consistent	17423029	5166	2	3334	3	5000	next	hit	1246
S008	809	Response	32	17426198	8335	1
S008	810	Picture	pos_feedback	17431529	5166	1	14999	2	5000	next	other	0
S008	811	Picture	consistent	17459360	5166	2	6167	3	5000	next	hit	1249
S008	811	Response	16	17465454	11260	1
S008	812	Picture	pos_feedback	17470693	5166	1	14999	2	5000	next	other	0
S008	813	Picture	consistent	17501024	5166	2	9500	3	5000	next	hit	1252
S008	813	Response	16	17510407	14549	1
S008	814	Picture	pos_feedback	17515690	5166	1	14999	2	5000	next	other	0
S008	815	Picture	consistent	17541022	5167	1	3333	2	5000	next	hit	1255
S008	815	Response	32	17544173	8318	1
S008	816	Picture	pos_feedback	17549521	5166	1	14999	2	5000	next	other	0
S008	817	Picture	consistent	17577353	5167	1	8666	2	5000	next	hit	1258
S008	817	Response	32	17585843	13657	1
S008	818	Picture	pos_feedback	17591185	5166	1	14999	2	5000	next	other	0
S008	819	Picture	consistent	17621516	5166	2	2667	3	5000	next	hit	1261
S008	819	Response	32	17624044	7694	1
S008	820	Picture	pos_feedback	17629349	5166	1	14999	2	5000	next	other	0
S008	821	Picture	consistent	17654681	5166	1	18999	2	5000	next	hit	1264
S008	821	Response	32	17673494	23979	1
S008	822	Picture	pos_feedback	17678846	5166	1	14999	2	5000	next	other	0
S008	823	Picture	consistent	17706678	5167	1	3499	2	5000	next	hit	1267
S008	823	Response	16	17710099	8588	1
S008	824	Picture	pos_feedback	17715344	5167	1	14999	2	5000	next	other	0
S008	825	Picture	consistent	17745675	5166	1	7999	3	5000	next	hit	1270
S008	825	Response	32	17753518	13009	1
S008	826	Picture	pos_feedback	17758841	5167	1	14999	2	5000	next	other	0
S008	827	Picture	consistent	17784173	5167	1	8999	2	5000	next	hit	1273
S008	827	Response	32	17793003	13997	2
S008	828	Picture	pos_feedback	17798338	5166	1	14999	2	5000	next	other	0
S008	828	Response	32	17819320	26148	1
S008	829	Picture	consistent	17826170	5167	1	8333	2	5000	next	hit	1277
S008	829	Response	32	17834445	13442	1
S008	830	Picture	pos_feedback	17839669	5166	1	14999	2	5000	next	other	0
S008	831	Picture	consistent	17870000	5166	1	4333	2	5000	next	hit	1280
S008	831	Response	16	17874240	9406	1
S008	832	Picture	pos_feedback	17879500	5167	1	14999	2	5000	next	other	0
S008	832	Response	32	17890859	16526	1
S008	833	Picture	consistent	17904831	5166	1	9666	2	5000	next	hit	1284
S008	833	Response	32	17914421	14756	1
S008	834	Picture	pos_feedback	17919664	5167	1	14999	2	5000	next	other	0
S008	834	Response	32	17926802	12305	1
S008	835	Picture	consistent	17947495	5166	1	5333	2	5000	next	hit	1288
S008	835	Response	32	17952748	10419	1
S008	836	Picture	pos_feedback	17957994	5166	2	14999	4	5000	next	other	0
S008	837	Picture	consistent	17988326	5167	1	6499	3	5000	next	hit	1291
S008	837	Response	16	17994714	11555	1
S008	838	Picture	pos_feedback	17999992	5167	1	14999	2	5000	next	other	0
S008	839	Picture	consistent	18025323	5166	2	6833	3	5000	next	hit	1294
S008	839	Response	16	18032039	11882	1
S008	840	Picture	pos_feedback	18037323	5167	1	14999	2	5000	next	other	0
S008	841	Picture	consistent	18065154	5166	1	4167	2	5000	next	hit	1297
S008	841	Response	16	18069280	9292	1
S008	842	Picture	pos_feedback	18074487	5166	1	14999	2	5000	next	other	0
S008	842	Response	32	18092413	23092	1
S008	843	Picture	consistent	18104818	5166	1	5500	2	5000	next	hit	1301
S008	843	Response	32	18110154	10502	1
S008	844	Picture	pos_feedback	18115484	5166	1	14999	2	5000	next	other	0
S008	844	Response	16	18126527	16209	1
S008	845	Picture	consistent	18140816	5166	1	6666	2	5000	next	hit	1305
S008	845	Response	32	18147329	11679	1
S008	846	Picture	pos_feedback	18152648	5166	2	14999	4	5000	next	other	0
S008	846	Response	32	18161305	13823	1
S008	847	Picture	consistent	18180480	5166	1	4000	2	5000	next	hit	1309
S008	847	Response	16	18184357	9043	2
S008	848	Picture	pos_feedback	18189646	5166	1	14999	2	5000	next	other	0
S008	849	Picture	consistent	18219977	5166	2	4333	4	5000	next	hit	1312
S008	849	Response	32	18224136	9325	1
S008	850	Picture	pos_feedback	18229477	5167	1	14999	2	5000	next	other	0
S008	851	Picture	consistent	18254808	5166	2	3334	3	5000	next	hit	1315
S008	851	Response	16	18257967	8325	1
S008	852	Picture	pos_feedback	18263308	5166	1	14999	2	5000	next	other	0
S008	853	Picture	consistent	18291139	5166	2	4000	3	5000	next	hit	1318
S008	853	Response	16	18295012	9039	1
S008	854	Picture	pos_feedback	18300305	5166	2	15000	3	5000	next	other	0
S008	855	Picture	consistent	18330637	5167	1	4833	2	5000	next	hit	1321
S008	855	Response	32	18335297	9827	1
S008	856	Picture	pos_feedback	18340636	5166	1	14999	2	5000	next	other	0
S008	857	Picture	consistent	18365968	5167	1	19499	2	5000	next	hit	1324
S008	857	Response	32	18385378	24577	1
S008	858	Picture	pos_feedback	18390633	5166	1	14999	2	5000	next	other	0
S008	859	Picture	consistent	18418464	5166	2	3833	4	5000	next	hit	1327
S008	859	Response	32	18422158	8860	1
S008	860	Picture	pos_feedback	18427464	5167	1	14999	2	5000	next	other	0
S008	861	Picture	consistent	18457795	5166	1	2500	2	5000	next	hit	1330
S008	861	Response	32	18460121	7492	1
S008	862	Picture	pos_feedback	18465461	5166	2	14999	4	5000	next	other	0
S008	863	Picture	consistent	18490793	5166	1	4000	2	5000	next	hit	1333
S008	863	Response	32	18494608	8981	1
S008	864	Picture	pos_feedback	18499959	5166	1	14999	2	5000	next	other	0
S008	864	Response	16	18505692	10899	1
S008	865	Response	32	20601426	2076302	1
S008	865	Quit		38207586	19682462
