Scenario - 
Logfile written - 05/26/2016 17:21:33

Subject	Trial	Event Type	Code	Time	TTime	Uncertainty	Duration	Uncertainty	ReqTime	ReqDur	Stim Type	Pair Index

s104	1	Response	3	259141	248308	2
s104	2	Response	3	298340	39020	1
s104	3	Picture	consistent	303651	5166	1	19999	2	5000	next	miss	0
s104	4	Response	16	324623	973	1
s104	4	Picture	pos_feedback	328817	5167	1	14999	2	5000	next	other	0
s104	5	Picture	consistent	354149	5167	1	6499	3	5000	next	hit	7
s104	5	Response	16	360600	11618	1
s104	6	Picture	pos_feedback	365815	5167	1	14999	2	5000	next	other	0
s104	7	Picture	consistent	393647	5167	1	7833	2	5000	next	hit	10
s104	7	Response	32	401368	12888	1
s104	8	Picture	pos_feedback	406646	5166	1	14999	3	5000	next	other	0
s104	9	Picture	consistent	436978	5167	1	5333	2	5000	next	hit	13
s104	9	Response	16	442250	10439	2
s104	10	Picture	pos_feedback	447477	5166	2	15000	3	5000	next	other	0
s104	11	Picture	consistent	472809	5166	2	12000	3	5000	next	hit	16
s104	11	Response	16	484645	17002	2
s104	12	Picture	pos_feedback	489975	5166	2	15000	3	5000	next	other	0
s104	13	Picture	consistent	517807	5166	1	8000	2	5000	next	hit	19
s104	13	Response	32	525646	13005	1
s104	14	Picture	pos_feedback	530973	5166	1	14999	3	5000	next	other	0
s104	15	Picture	consistent	561305	5166	1	5833	2	5000	next	hit	22
s104	15	Response	16	566977	10838	2
s104	16	Picture	pos_feedback	572304	5166	2	15000	3	5000	next	other	0
s104	17	Picture	consistent	597637	5167	1	5333	2	5000	next	hit	25
s104	17	Response	32	602814	10344	1
s104	18	Picture	pos_feedback	608136	5166	1	14999	2	5000	next	other	0
s104	19	Picture	consistent	635968	5166	1	7166	2	5000	next	hit	28
s104	19	Response	32	643060	12258	1
s104	20	Picture	pos_feedback	648301	5167	1	14999	2	5000	next	other	0
s104	21	Picture	consistent	678632	5166	2	8500	3	5000	next	hit	31
s104	21	Response	16	687011	13545	1
s104	22	Picture	pos_feedback	692298	5166	2	15000	3	5000	next	other	0
s104	23	Picture	consistent	717631	5167	1	8166	2	5000	next	hit	34
s104	23	Response	32	725666	13202	1
s104	24	Picture	pos_feedback	730963	5166	1	14999	3	5000	next	other	0
s104	25	Picture	consistent	758795	5166	1	4833	2	5000	next	hit	37
s104	25	Response	16	763489	9860	1
s104	26	Picture	pos_feedback	768795	5167	1	14999	2	5000	next	other	0
s104	27	Picture	consistent	799126	5166	2	9000	3	5000	next	hit	40
s104	27	Response	32	807943	13983	1
s104	28	Picture	pos_feedback	813292	5166	2	15000	3	5000	next	other	0
s104	29	Picture	consistent	838624	5166	2	14166	4	5000	next	hit	43
s104	29	Response	16	852634	19176	1
s104	30	Picture	pos_feedback	857957	5167	1	14999	2	5000	next	other	0
s104	31	Picture	consistent	885789	5167	1	16166	2	5000	next	hit	46
s104	31	Response	32	901807	21185	1
s104	32	Picture	pos_feedback	907121	5166	1	14999	2	5000	next	other	0
s104	33	Picture	consistent	937453	5167	1	4500	2	5000	next	hit	49
s104	33	Response	16	941784	9498	1
s104	34	Picture	pos_feedback	947119	5166	1	14999	2	5000	next	other	0
s104	35	Picture	consistent	972451	5166	1	4500	2	5000	next	hit	52
s104	35	Response	16	976915	9630	1
s104	36	Picture	pos_feedback	982117	5166	1	14999	3	5000	next	other	0
s104	37	Picture	consistent	1009949	5166	1	7833	2	5000	next	hit	55
s104	37	Response	32	1017741	12958	1
s104	38	Picture	pos_feedback	1022949	5167	1	14999	2	5000	next	other	0
s104	39	Picture	consistent	1053280	5166	1	6500	2	5000	next	hit	58
s104	39	Response	32	1059720	11606	1
s104	40	Picture	pos_feedback	1064946	5166	2	15000	3	5000	next	other	0
s104	41	Picture	consistent	1090278	5166	2	9167	3	5000	next	hit	61
s104	41	Response	16	1099297	14185	1
s104	42	Picture	pos_feedback	1104611	5166	1	14999	2	5000	next	other	0
s104	43	Picture	consistent	1132443	5166	1	19166	2	5000	next	hit	64
s104	43	Response	32	1151476	24199	1
s104	44	Picture	pos_feedback	1156775	5166	1	14999	2	5000	next	other	0
s104	45	Picture	consistent	1187107	5166	1	5500	2	5000	next	hit	67
s104	45	Response	16	1192583	10642	1
s104	46	Picture	pos_feedback	1197773	5166	1	14999	2	5000	next	other	0
s104	47	Picture	consistent	1223105	5166	1	8333	2	5000	next	hit	70
s104	47	Response	16	1231416	13477	1
s104	48	Picture	pos_feedback	1236604	5166	2	15000	3	5000	next	other	0
s104	49	Picture	consistent	1264436	5166	2	6167	3	5000	next	hit	73
s104	49	Response	16	1270574	11304	1
s104	50	Picture	pos_feedback	1275769	5166	1	14999	3	5000	next	other	0
s104	51	Picture	consistent	1306101	5167	1	10333	2	5000	next	hit	76
s104	51	Response	16	1316280	15346	1
s104	52	Picture	pos_feedback	1321600	5166	1	14999	3	5000	next	other	0
s104	53	Picture	consistent	1346932	5166	1	6833	2	5000	next	hit	79
s104	53	Response	32	1353709	11943	1
s104	54	Picture	pos_feedback	1358932	5167	1	14999	2	5000	next	other	0
s104	55	Picture	consistent	1386764	5167	1	8332	3	5000	next	hit	82
s104	55	Response	32	1394944	13347	1
s104	56	Picture	pos_feedback	1400263	5167	1	14999	2	5000	next	other	0
s104	57	Picture	consistent	1430595	5167	1	5166	2	5000	next	hit	85
s104	57	Response	16	1435728	10300	1
s104	58	Picture	pos_feedback	1440927	5166	2	15000	3	5000	next	other	0
s104	59	Picture	consistent	1466260	5167	1	4499	2	5000	next	hit	88
s104	59	Response	16	1470652	9559	1
s104	60	Picture	pos_feedback	1475926	5167	1	14999	2	5000	next	other	0
s104	61	Picture	consistent	1503758	5167	1	5499	3	5000	next	hit	91
s104	61	Response	32	1509213	10622	2
s104	62	Picture	pos_feedback	1514424	5167	1	14999	2	5000	next	other	0
s104	63	Response	3	1651211	111622	1
s104	64	Picture	consistent	1656583	5166	1	10000	2	5000	next	hit	95
s104	64	Response	32	1666400	14983	2
s104	65	Picture	pos_feedback	1671749	5166	1	14999	3	5000	next	other	0
s104	66	Picture	consistent	1697081	5166	1	11333	2	5000	next	hit	98
s104	66	Response	16	1708331	16416	2
s104	67	Picture	pos_feedback	1713580	5166	2	15000	3	5000	next	other	0
s104	68	Picture	consistent	1741412	5166	2	6833	4	5000	next	hit	101
s104	68	Response	32	1748217	11971	1
s104	69	Picture	pos_feedback	1753412	5167	1	14999	2	5000	next	other	0
s104	70	Picture	consistent	1783744	5167	1	8832	3	5000	next	hit	104
s104	70	Response	32	1792415	13838	1
s104	71	Picture	pos_feedback	1797743	5167	1	14999	2	5000	next	other	0
s104	72	Picture	consistent	1828075	5167	1	7999	2	5000	next	hit	107
s104	72	Response	16	1835895	12987	1
s104	73	Picture	pos_feedback	1841241	5167	1	14999	2	5000	next	other	0
s104	74	Picture	consistent	1866573	5167	1	6333	2	5000	next	hit	110
s104	74	Response	32	1872746	11340	1
s104	75	Picture	pos_feedback	1878072	5166	1	14999	3	5000	next	other	0
s104	76	Picture	consistent	1905904	5166	1	9166	2	5000	next	hit	113
s104	76	Response	16	1914892	14154	2
s104	77	Picture	pos_feedback	1920237	5167	1	14999	2	5000	next	other	0
s104	78	Picture	consistent	1945569	5167	1	7999	3	5000	next	hit	116
s104	78	Response	16	1953507	13105	1
s104	79	Picture	pos_feedback	1958735	5167	1	14999	2	5000	next	other	0
s104	80	Picture	consistent	1989067	5167	1	7333	2	5000	next	hit	119
s104	80	Response	16	1996259	12359	1
s104	81	Picture	pos_feedback	2001566	5166	1	14999	2	5000	next	other	0
s104	82	Picture	consistent	2029398	5166	1	8833	2	5000	next	hit	122
s104	82	Response	16	2038111	13879	1
s104	83	Picture	pos_feedback	2043397	5166	1	14999	3	5000	next	other	0
s104	84	Picture	consistent	2068729	5166	2	7167	3	5000	next	hit	125
s104	84	Response	32	2075743	12180	1
s104	85	Picture	pos_feedback	2081062	5166	1	14999	2	5000	next	other	0
s104	86	Picture	consistent	2108894	5167	1	5666	2	5000	next	hit	128
s104	86	Response	16	2114406	10679	1
s104	87	Picture	pos_feedback	2119727	5167	1	14999	2	5000	next	other	0
s104	88	Picture	consistent	2150058	5166	2	12667	3	5000	next	hit	131
s104	88	Response	32	2162557	17665	2
s104	89	Picture	pos_feedback	2167891	5166	1	14999	2	5000	next	other	0
s104	90	Picture	consistent	2195723	5167	1	11166	2	5000	next	hit	134
s104	90	Response	32	2206715	16159	1
s104	91	Picture	pos_feedback	2212055	5166	2	15000	3	5000	next	other	0
s104	92	Picture	consistent	2239887	5166	2	8333	3	5000	next	hit	137
s104	92	Response	16	2248070	13349	1
s104	93	Picture	pos_feedback	2253387	5167	1	14999	2	5000	next	other	0
s104	94	Picture	consistent	2278719	5167	1	10333	2	5000	next	hit	140
s104	94	Response	32	2288925	15373	1
s104	95	Picture	pos_feedback	2294218	5166	1	14999	2	5000	next	other	0
s104	96	Picture	consistent	2319550	5166	1	11166	2	5000	next	hit	143
s104	96	Response	16	2330687	16303	1
s104	97	Picture	pos_feedback	2335882	5166	2	15000	3	5000	next	other	0
s104	98	Picture	consistent	2366214	5166	2	13500	3	5000	next	hit	146
s104	98	Response	16	2379657	18609	1
s104	99	Picture	pos_feedback	2384880	5166	1	14999	2	5000	next	other	0
s104	100	Picture	consistent	2415212	5167	1	12833	2	5000	next	hit	149
s104	100	Response	16	2427922	17877	2
s104	101	Picture	pos_feedback	2433211	5166	1	14999	2	5000	next	other	0
s104	102	Picture	consistent	2458543	5166	1	15499	2	5000	next	hit	152
s104	102	Response	32	2473965	20588	1
s104	103	Picture	pos_feedback	2479209	5167	1	14999	2	5000	next	other	0
s104	104	Picture	consistent	2504541	5167	1	9999	2	5000	next	hit	155
s104	104	Response	16	2514514	15140	2
s104	105	Picture	pos_feedback	2519707	5167	1	14999	2	5000	next	other	0
s104	106	Picture	consistent	2550038	5166	2	9667	3	5000	next	hit	158
s104	106	Response	16	2559665	14793	1
s104	107	Picture	pos_feedback	2564871	5166	1	14999	2	5000	next	other	0
s104	108	Response	32	2592611	5074	1
s104	108	Picture	consistent	2592703	5166	1	10833	2	5000	next	hit	162
s104	108	Response	16	2603514	15977	1
s104	109	Picture	pos_feedback	2608702	5166	1	14999	3	5000	next	other	0
s104	110	Picture	consistent	2636534	5166	1	15499	2	5000	next	hit	165
s104	110	Response	32	2651862	20494	1
s104	111	Picture	pos_feedback	2657200	5167	1	14999	2	5000	next	other	0
s104	112	Picture	consistent	2687532	5167	1	10166	2	5000	next	hit	168
s104	112	Response	16	2697544	15179	1
s104	113	Picture	pos_feedback	2702864	5166	1	14999	2	5000	next	other	0
s104	114	Picture	consistent	2728196	5166	1	12000	2	5000	next	hit	171
s104	114	Response	16	2740154	17124	1
s104	115	Picture	pos_feedback	2745362	5166	1	14999	2	5000	next	other	0
s104	116	Picture	consistent	2773194	5167	1	13166	2	5000	next	hit	174
s104	116	Response	16	2786280	18253	1
s104	117	Picture	pos_feedback	2791526	5166	1	14999	3	5000	next	other	0
s104	118	Picture	consistent	2821858	5166	1	9500	2	5000	next	hit	177
s104	118	Response	32	2831261	14569	1
s104	119	Picture	pos_feedback	2836524	5166	1	14999	2	5000	next	other	0
s104	120	Picture	consistent	2866856	5167	1	10833	2	5000	next	hit	180
s104	120	Response	32	2877548	15859	2
s104	121	Picture	pos_feedback	2882855	5166	1	14999	2	5000	next	other	0
s104	122	Picture	consistent	2913187	5167	1	12499	2	5000	next	hit	183
s104	122	Response	32	2925575	17555	1
s104	123	Picture	pos_feedback	2930853	5167	1	14999	2	5000	next	other	0
s104	124	Picture	consistent	2956185	5167	1	11666	2	5000	next	hit	186
s104	124	Response	32	2967759	16741	2
s104	125	Picture	pos_feedback	2973017	5166	1	14999	3	5000	next	other	0
s104	126	Picture	consistent	2998349	5166	1	11333	2	5000	next	hit	189
s104	126	Response	16	3009636	16453	1
s104	127	Picture	pos_feedback	3014848	5166	2	15000	3	5000	next	other	0
s104	128	Picture	consistent	3045180	5166	1	8166	3	5000	next	hit	192
s104	128	Response	16	3053203	13189	1
s104	129	Picture	pos_feedback	3058513	5167	1	14999	2	5000	next	other	0
s104	130	Picture	consistent	3083845	5167	1	8999	3	5000	next	hit	195
s104	130	Response	32	3092762	14084	1
s104	131	Picture	pos_feedback	3098011	5167	1	14999	2	5000	next	other	0
s104	132	Picture	consistent	3125843	5167	1	8833	2	5000	next	hit	198
s104	132	Response	32	3134633	13957	1
s104	133	Picture	pos_feedback	3139842	5166	1	14999	2	5000	next	other	0
s104	134	Picture	consistent	3167674	5166	1	13333	2	5000	next	hit	201
s104	134	Response	16	3180867	18359	1
s104	135	Picture	pos_feedback	3186173	5166	1	14999	2	5000	next	other	0
s104	136	Picture	consistent	3214005	5166	1	12333	2	5000	next	hit	204
s104	136	Response	16	3226154	17315	2
s104	137	Picture	pos_feedback	3231504	5166	1	14999	3	5000	next	other	0
s104	138	Picture	consistent	3256836	5166	1	8500	2	5000	next	hit	207
s104	138	Response	32	3265308	13638	1
s104	139	Picture	pos_feedback	3270502	5166	1	14999	3	5000	next	other	0
s104	140	Picture	consistent	3298334	5166	1	13666	2	5000	next	hit	210
s104	140	Response	32	3311868	18700	1
s104	141	Picture	pos_feedback	3317167	5167	1	14999	2	5000	next	other	0
s104	142	Picture	consistent	3347498	5166	2	10833	3	5000	next	hit	213
s104	142	Response	16	3358279	15947	1
s104	143	Picture	pos_feedback	3363498	5167	1	14999	2	5000	next	other	0
s104	144	Picture	consistent	3388830	5167	1	9999	2	5000	next	hit	216
s104	144	Response	32	3398666	15003	1
s104	145	Picture	pos_feedback	3403996	5167	1	14999	2	5000	next	other	0
s104	146	Picture	consistent	3431827	5166	2	8500	3	5000	next	hit	219
s104	146	Response	32	3440217	13556	1
s104	147	Picture	pos_feedback	3445493	5166	2	15000	3	5000	next	other	0
s104	148	Picture	consistent	3475825	5166	1	10666	2	5000	next	hit	222
s104	148	Response	32	3486330	15671	1
s104	149	Picture	pos_feedback	3491658	5167	1	14999	2	5000	next	other	0
s104	150	Picture	consistent	3519490	5167	1	8333	2	5000	next	hit	225
s104	150	Response	32	3527725	13402	2
s104	151	Picture	pos_feedback	3532989	5166	1	14999	2	5000	next	other	0
s104	152	Picture	consistent	3563321	5167	1	8666	2	5000	next	hit	228
s104	152	Response	16	3571892	13738	1
s104	153	Picture	pos_feedback	3577153	5166	2	15000	3	5000	next	other	0
s104	154	Picture	consistent	3602485	5166	2	7333	4	5000	next	hit	231
s104	154	Response	16	3609794	12475	1
s104	155	Picture	pos_feedback	3614985	5167	1	14999	2	5000	next	other	0
s104	156	Picture	consistent	3640317	5166	1	7333	2	5000	next	hit	234
s104	156	Response	16	3647625	12474	1
s104	157	Picture	pos_feedback	3652816	5166	2	15000	3	5000	next	other	0
s104	158	Picture	consistent	3678148	5166	2	13000	3	5000	next	hit	237
s104	158	Response	16	3690976	17994	1
s104	159	Picture	pos_feedback	3696314	5166	1	14999	3	5000	next	other	0
s104	160	Picture	consistent	3724146	5166	1	10333	2	5000	next	hit	240
s104	160	Response	16	3734390	15410	1
s104	161	Picture	pos_feedback	3739645	5166	2	14999	4	5000	next	other	0
s104	162	Picture	consistent	3769977	5166	1	7166	3	5000	next	hit	243
s104	162	Response	16	3776967	12156	1
s104	163	Picture	pos_feedback	3782310	5167	1	14999	2	5000	next	other	0
s104	164	Picture	consistent	3810142	5167	1	11166	2	5000	next	hit	246
s104	164	Response	32	3821259	16284	2
s104	165	Picture	pos_feedback	3826474	5166	1	15000	2	5000	next	other	0
s104	166	Picture	consistent	3856806	5166	1	7666	2	5000	next	hit	249
s104	166	Response	16	3864395	12755	1
s104	167	Picture	pos_feedback	3869639	5167	1	14999	2	5000	next	other	0
s104	168	Picture	consistent	3894971	5167	1	9499	2	5000	next	hit	252
s104	168	Response	32	3904426	14622	2
s104	169	Picture	pos_feedback	3909637	5167	1	14999	2	5000	next	other	0
s104	170	Picture	consistent	3937469	5167	1	10499	2	5000	next	hit	255
s104	170	Response	32	3947792	15490	2
s104	171	Picture	pos_feedback	3953135	5167	1	14999	2	5000	next	other	0
s104	172	Picture	consistent	3983466	5166	2	8500	3	5000	next	hit	258
s104	172	Response	16	3991859	13559	2
s104	173	Picture	pos_feedback	3997132	5166	2	15000	3	5000	next	other	0
s104	174	Picture	consistent	4024964	5166	2	10000	3	5000	next	hit	261
s104	174	Response	32	4034902	15104	1
s104	175	Picture	pos_feedback	4040130	5166	1	14999	3	5000	next	other	0
s104	176	Picture	consistent	4065462	5166	1	10333	2	5000	next	hit	264
s104	176	Response	16	4075757	15461	1
s104	177	Picture	pos_feedback	4080961	5166	2	15000	3	5000	next	other	0
s104	178	Picture	consistent	4108793	5166	2	6667	3	5000	next	hit	267
s104	178	Response	16	4115331	11704	1
s104	179	Picture	pos_feedback	4120626	5166	1	14999	3	5000	next	other	0
s104	180	Picture	consistent	4145958	5166	1	10166	2	5000	next	hit	270
s104	180	Response	32	4156062	15270	2
s104	181	Picture	pos_feedback	4161291	5167	1	14999	2	5000	next	other	0
s104	182	Picture	consistent	4191623	5167	1	9499	2	5000	next	hit	273
s104	182	Response	16	4200986	14530	1
s104	183	Picture	pos_feedback	4206288	5166	2	15000	3	5000	next	other	0
s104	184	Picture	consistent	4236620	5166	2	10833	3	5000	next	hit	276
s104	184	Response	32	4247316	15862	1
s104	185	Picture	pos_feedback	4252620	5167	1	14999	2	5000	next	other	0
s104	186	Picture	consistent	4282951	5166	2	8500	3	5000	next	hit	279
s104	186	Response	16	4291337	13552	1
s104	187	Picture	pos_feedback	4296617	5166	2	15000	3	5000	next	other	0
s104	188	Picture	consistent	4321949	5166	2	10500	3	5000	next	hit	282
s104	188	Response	16	4332383	15600	2
s104	189	Picture	pos_feedback	4337615	5166	1	15000	2	5000	next	other	0
s104	190	Picture	consistent	4365447	5166	1	13833	2	5000	next	hit	285
s104	190	Response	32	4379229	18948	2
s104	191	Picture	pos_feedback	4384446	5166	1	14999	3	5000	next	other	0
s104	192	Picture	consistent	4412278	5166	1	10666	2	5000	next	hit	288
s104	192	Response	16	4422808	15696	1
s104	193	Picture	pos_feedback	4428111	5167	1	14999	2	5000	next	other	0
s104	194	Picture	consistent	4453443	5167	1	17166	2	5000	next	hit	291
s104	194	Response	32	4470428	22152	1
s104	195	Picture	pos_feedback	4475775	5166	1	14999	2	5000	next	other	0
s104	196	Picture	consistent	4501107	5166	1	10500	2	5000	next	hit	294
s104	196	Response	16	4511564	15623	2
s104	197	Picture	pos_feedback	4516773	5166	1	14999	2	5000	next	other	0
s104	198	Picture	consistent	4547105	5167	1	13332	2	5000	next	hit	297
s104	198	Response	32	4560375	18437	1
s104	199	Picture	pos_feedback	4565604	5167	1	14999	2	5000	next	other	0
s104	200	Picture	consistent	4593436	5167	1	16332	2	5000	next	hit	300
s104	200	Response	32	4609647	21378	1
s104	201	Picture	pos_feedback	4614935	5167	1	14999	2	5000	next	other	0
s104	202	Picture	consistent	4642767	5167	1	9332	3	5000	next	hit	303
s104	202	Response	16	4652054	14454	1
s104	203	Picture	pos_feedback	4657266	5167	1	14999	2	5000	next	other	0
s104	204	Picture	consistent	4687598	5167	1	14832	2	5000	next	hit	306
s104	204	Response	16	4702406	19975	1
s104	205	Picture	pos_feedback	4707597	5167	1	14999	2	5000	next	other	0
s104	206	Picture	consistent	4732929	5167	1	8999	2	5000	next	hit	309
s104	206	Response	16	4741836	14074	1
s104	207	Picture	pos_feedback	4747095	5167	1	14999	2	5000	next	other	0
s104	208	Picture	consistent	4777427	5167	1	8332	3	5000	next	hit	312
s104	208	Response	16	4785627	13367	1
s104	209	Picture	pos_feedback	4790926	5167	1	14999	2	5000	next	other	0
s104	210	Picture	consistent	4821258	5167	1	6833	2	5000	next	hit	315
s104	210	Response	16	4827989	11898	1
s104	211	Picture	pos_feedback	4833257	5166	1	14999	2	5000	next	other	0
s104	212	Picture	consistent	4863589	5167	1	8333	2	5000	next	hit	318
s104	212	Response	16	4871834	13412	1
s104	213	Picture	pos_feedback	4877088	5166	1	14999	3	5000	next	other	0
s104	214	Picture	consistent	4904920	5166	1	9500	2	5000	next	hit	321
s104	214	Response	16	4914286	14532	1
s104	215	Picture	pos_feedback	4919586	5166	1	14999	2	5000	next	other	0
s104	216	Picture	consistent	4947418	5166	1	11499	3	5000	next	hit	324
s104	216	Response	32	4958831	16579	1
s104	217	Picture	pos_feedback	4964084	5167	1	14999	2	5000	next	other	0
s104	218	Picture	consistent	4989416	5167	1	11666	2	5000	next	hit	327
s104	218	Response	16	5001027	16778	1
s104	219	Picture	pos_feedback	5006248	5166	2	15000	3	5000	next	other	0
s104	220	Picture	consistent	5031580	5166	2	13833	3	5000	next	hit	330
s104	220	Response	32	5045344	18930	1
s104	221	Picture	pos_feedback	5050579	5166	2	15000	3	5000	next	other	0
s104	222	Picture	consistent	5075911	5166	2	10500	3	5000	next	hit	333
s104	222	Response	32	5086279	15534	1
s104	223	Picture	pos_feedback	5091577	5166	2	15000	3	5000	next	other	0
s104	224	Picture	consistent	5121909	5166	1	7500	2	5000	next	hit	336
s104	224	Response	16	5129309	12566	1
s104	225	Picture	pos_feedback	5134575	5166	1	14999	3	5000	next	other	0
s104	226	Picture	consistent	5162407	5166	1	12500	2	5000	next	hit	339
s104	226	Response	16	5174761	17520	2
s104	227	Picture	pos_feedback	5180073	5166	1	14999	2	5000	next	other	0
s104	228	Picture	consistent	5205405	5166	1	17332	3	5000	next	hit	342
s104	228	Response	32	5222598	22359	1
s104	229	Picture	pos_feedback	5227904	5167	1	14999	2	5000	next	other	0
s104	230	Picture	consistent	5253236	5166	1	9499	3	5000	next	hit	345
s104	230	Response	16	5262617	14547	1
s104	231	Picture	pos_feedback	5267902	5167	1	14999	2	5000	next	other	0
s104	232	Picture	consistent	5298234	5167	1	9832	3	5000	next	hit	348
s104	232	Response	16	5307896	14829	1
s104	233	Picture	pos_feedback	5313233	5167	1	14999	2	5000	next	other	0
s104	234	Picture	consistent	5341065	5167	1	9999	3	5000	next	hit	351
s104	234	Response	32	5350952	15054	1
s104	235	Picture	pos_feedback	5356231	5167	1	14999	2	5000	next	other	0
s104	236	Picture	consistent	5381563	5167	1	8999	3	5000	next	hit	354
s104	236	Response	32	5390516	14120	1
s104	237	Picture	pos_feedback	5395729	5167	1	14999	2	5000	next	other	0
s104	238	Picture	consistent	5426061	5167	1	14999	2	5000	next	hit	357
s104	238	Response	16	5441012	20118	1
s104	239	Picture	pos_feedback	5446226	5166	1	14999	3	5000	next	other	0
s104	240	Picture	consistent	5476558	5166	1	17832	3	5000	next	hit	360
s104	240	Response	32	5494354	22962	1
s104	241	Picture	pos_feedback	5499557	5167	1	14999	2	5000	next	other	0
s104	242	Picture	consistent	5527389	5167	1	7333	2	5000	next	hit	363
s104	242	Response	32	5534538	12316	1
s104	243	Picture	pos_feedback	5539888	5166	1	14999	3	5000	next	other	0
s104	244	Picture	consistent	5567720	5166	1	9000	2	5000	next	hit	366
s104	244	Response	16	5576653	14099	1
s104	245	Picture	pos_feedback	5581886	5166	1	14999	2	5000	next	other	0
s104	246	Picture	consistent	5609718	5166	1	10333	2	5000	next	hit	369
s104	246	Response	16	5619909	15357	1
s104	247	Picture	pos_feedback	5625217	5166	1	14999	3	5000	next	other	0
s104	248	Picture	consistent	5650549	5166	1	12666	2	5000	next	hit	372
s104	248	Response	16	5663193	17810	1
s104	249	Picture	pos_feedback	5668382	5167	1	14999	2	5000	next	other	0
s104	250	Picture	consistent	5698713	5166	2	6834	3	5000	next	hit	375
s104	250	Response	16	5705520	11973	1
s104	251	Picture	pos_feedback	5710713	5166	1	14999	2	5000	next	other	0
s104	252	Picture	consistent	5736045	5166	1	9166	2	5000	next	hit	378
s104	252	Response	16	5745181	14302	1
s104	253	Picture	pos_feedback	5750378	5167	1	14999	2	5000	next	other	0
s104	254	Picture	consistent	5780709	5166	2	9500	3	5000	next	hit	381
s104	254	Response	32	5790043	14500	1
s104	255	Picture	pos_feedback	5795375	5166	2	15000	3	5000	next	other	0
s104	256	Picture	consistent	5825707	5166	1	7500	2	5000	next	hit	384
s104	256	Response	16	5833157	12616	1
s104	257	Picture	pos_feedback	5838373	5166	1	14999	3	5000	next	other	0
s104	258	Picture	consistent	5866205	5166	1	11166	2	5000	next	hit	387
s104	258	Response	32	5877276	16237	1
s104	259	Picture	pos_feedback	5882538	5167	1	14999	2	5000	next	other	0
s104	260	Picture	consistent	5910370	5167	1	14332	2	5000	next	hit	390
s104	260	Response	16	5924622	19419	1
s104	261	Picture	pos_feedback	5929869	5167	1	14999	2	5000	next	other	0
s104	262	Picture	consistent	5955201	5167	1	6166	2	5000	next	hit	393
s104	262	Response	16	5961262	11228	1
s104	263	Picture	pos_feedback	5966533	5166	2	15000	3	5000	next	other	0
s104	264	Picture	consistent	5994365	5166	2	13166	4	5000	next	hit	396
s104	264	Response	16	6007373	18174	1
s104	265	Picture	pos_feedback	6012698	5167	1	14999	2	5000	next	other	0
s104	266	Picture	consistent	6040530	5167	1	9333	2	5000	next	hit	399
s104	266	Response	32	6049771	14408	1
s104	267	Picture	pos_feedback	6055029	5166	1	14999	2	5000	next	other	0
s104	268	Picture	consistent	6080361	5166	1	7333	2	5000	next	hit	402
s104	268	Response	16	6087545	12350	2
s104	269	Picture	pos_feedback	6092860	5166	2	15000	3	5000	next	other	0
s104	270	Picture	consistent	6123192	5166	1	14000	2	5000	next	hit	405
s104	270	Response	16	6137010	18984	2
s104	271	Picture	pos_feedback	6142358	5166	1	14999	2	5000	next	other	0
s104	272	Picture	consistent	6172690	5167	1	6499	3	5000	next	hit	408
s104	272	Response	16	6179025	11502	1
s104	273	Picture	pos_feedback	6184356	5167	1	14999	2	5000	next	other	0
s104	274	Picture	consistent	6212188	5167	1	8499	2	5000	next	hit	411
s104	274	Response	32	6220568	13547	1
s104	275	Picture	pos_feedback	6225854	5167	1	14999	2	5000	next	other	0
s104	276	Picture	consistent	6251186	5167	1	15499	2	5000	next	hit	414
s104	276	Response	32	6266567	20548	2
s104	277	Picture	pos_feedback	6271851	5166	2	15000	3	5000	next	other	0
s104	278	Picture	consistent	6302183	5166	1	12833	2	5000	next	hit	417
s104	278	Response	32	6314993	17976	1
s104	279	Picture	pos_feedback	6320182	5166	1	15000	2	5000	next	other	0
s104	280	Picture	consistent	6345514	5166	2	12833	3	5000	next	hit	420
s104	280	Response	16	6358278	17930	1
s104	281	Picture	pos_feedback	6363513	5166	2	15000	3	5000	next	other	0
s104	282	Picture	consistent	6388846	5167	1	9499	2	5000	next	hit	423
s104	282	Response	16	6398256	14577	1
s104	283	Picture	pos_feedback	6403511	5166	2	15000	3	5000	next	other	0
s104	284	Picture	consistent	6433843	5166	1	8000	2	5000	next	hit	426
s104	284	Response	32	6441801	13124	1
s104	285	Picture	pos_feedback	6447009	5166	1	15000	2	5000	next	other	0
s104	286	Picture	consistent	6474841	5166	1	10166	3	5000	next	hit	429
s104	286	Response	16	6484887	15212	1
s104	287	Picture	pos_feedback	6490174	5167	1	14999	2	5000	next	other	0
s104	288	Picture	consistent	6520506	5167	1	6666	2	5000	next	hit	432
s104	288	Response	16	6527101	11762	1
s104	289	Picture	pos_feedback	6532338	5166	2	15000	3	5000	next	other	0
s104	290	Picture	consistent	6562670	5166	1	7666	3	5000	next	hit	435
s104	290	Response	32	6570164	12660	1
s104	291	Picture	pos_feedback	6575503	5167	1	14999	2	5000	next	other	0
s104	292	Picture	consistent	6603335	5167	1	13666	2	5000	next	hit	438
s104	292	Response	32	6616822	18654	2
s104	293	Picture	pos_feedback	6622167	5166	1	14999	3	5000	next	other	0
s104	294	Picture	consistent	6647499	5166	1	11333	2	5000	next	hit	441
s104	294	Response	16	6658670	16337	1
s104	295	Picture	pos_feedback	6663998	5166	2	15000	3	5000	next	other	0
s104	296	Picture	consistent	6689330	5166	2	9000	3	5000	next	hit	444
s104	296	Response	32	6698282	14118	1
s104	297	Picture	pos_feedback	6703496	5166	2	15000	3	5000	next	other	0
s104	298	Picture	consistent	6731328	5166	1	16500	2	5000	next	hit	447
s104	298	Response	32	6747690	21528	1
s104	299	Picture	pos_feedback	6752994	5166	1	14999	2	5000	next	other	0
s104	300	Picture	consistent	6778326	5166	1	13499	2	5000	next	hit	450
s104	300	Response	32	6791744	18584	1
s104	301	Picture	pos_feedback	6796992	5167	1	14999	2	5000	next	other	0
s104	302	Picture	consistent	6824824	5167	1	7833	2	5000	next	hit	453
s104	302	Response	32	6832625	12968	1
s104	303	Picture	pos_feedback	6837823	5166	1	14999	2	5000	next	other	0
s104	304	Picture	consistent	6868155	5167	1	8333	2	5000	next	hit	456
s104	304	Response	16	6876433	13445	1
s104	305	Picture	pos_feedback	6881654	5166	1	14999	2	5000	next	other	0
s104	306	Picture	consistent	6906986	5166	1	12166	2	5000	next	hit	459
s104	306	Response	32	6919010	17190	1
s104	307	Picture	pos_feedback	6924319	5167	1	14999	2	5000	next	other	0
s104	308	Picture	consistent	6952151	5167	1	13166	2	5000	next	hit	462
s104	308	Response	32	6965158	18174	2
s104	309	Picture	pos_feedback	6970483	5166	1	14999	2	5000	next	other	0
s104	310	Picture	consistent	7000815	5167	1	12832	3	5000	next	hit	465
s104	310	Response	16	7013567	17919	2
s104	311	Picture	pos_feedback	7018814	5167	1	14999	2	5000	next	other	0
s104	312	Picture	consistent	7044146	5166	1	13333	2	5000	next	hit	468
s104	312	Response	32	7057419	18439	1
s104	313	Picture	pos_feedback	7062645	5166	1	14999	2	5000	next	other	0
s104	314	Picture	consistent	7090477	5166	1	8166	2	5000	next	hit	471
s104	314	Response	16	7098522	13211	1
s104	315	Picture	pos_feedback	7103810	5167	1	14999	2	5000	next	other	0
s104	316	Picture	consistent	7134141	5166	2	6500	3	5000	next	hit	474
s104	316	Response	16	7140456	11481	1
s104	317	Picture	pos_feedback	7145807	5166	2	15000	3	5000	next	other	0
s104	318	Picture	consistent	7171140	5167	1	19999	2	5000	next	miss	0
s104	318	Response	16	7191070	25097	1
s104	319	Picture	pos_feedback	7196305	5166	1	14999	2	5000	next	other	0
s104	320	Picture	consistent	7224137	5167	1	10666	2	5000	next	hit	480
s104	320	Response	16	7234697	15727	1
s104	321	Picture	pos_feedback	7239969	5166	2	15000	3	5000	next	other	0
s104	322	Picture	consistent	7270301	5166	1	10166	3	5000	next	hit	483
s104	322	Response	16	7280360	15225	1
s104	323	Picture	pos_feedback	7285634	5167	1	14999	2	5000	next	other	0
s104	324	Picture	consistent	7310966	5167	1	10333	2	5000	next	hit	486
s104	324	Response	32	7321162	15363	1
s104	325	Picture	pos_feedback	7326465	5166	1	14999	2	5000	next	other	0
s104	326	Picture	consistent	7354297	5166	1	11999	3	5000	next	hit	489
s104	326	Response	32	7366111	16980	1
s104	327	Picture	pos_feedback	7371463	5167	1	14999	2	5000	next	other	0
s104	328	Picture	consistent	7401795	5167	1	10499	2	5000	next	hit	492
s104	328	Response	16	7412165	15537	2
s104	329	Picture	pos_feedback	7417460	5166	2	15000	3	5000	next	other	0
s104	330	Picture	consistent	7442793	5167	1	10666	2	5000	next	hit	495
s104	330	Response	16	7453295	15669	2
s104	331	Picture	pos_feedback	7458625	5166	1	14999	2	5000	next	other	0
s104	332	Picture	consistent	7486457	5166	1	7666	3	5000	next	hit	498
s104	332	Response	16	7494087	12796	1
s104	333	Picture	pos_feedback	7499290	5167	1	14999	2	5000	next	other	0
s104	334	Picture	consistent	7529622	5167	1	12499	2	5000	next	hit	501
s104	334	Response	32	7541949	17494	2
s104	335	Picture	pos_feedback	7547287	5166	2	15000	3	5000	next	other	0
s104	336	Picture	consistent	7572619	5166	2	7167	3	5000	next	hit	504
s104	336	Response	16	7579701	12248	1
s104	337	Picture	pos_feedback	7584952	5166	1	14999	2	5000	next	other	0
s104	338	Picture	consistent	7612784	5166	1	10666	2	5000	next	hit	507
s104	338	Response	16	7623299	15681	2
s104	339	Picture	pos_feedback	7628617	5167	1	14999	2	5000	next	other	0
s104	340	Picture	consistent	7658948	5166	2	9167	3	5000	next	hit	510
s104	340	Response	16	7667930	14148	1
s104	341	Picture	pos_feedback	7673281	5166	1	14999	2	5000	next	other	0
s104	342	Picture	consistent	7698613	5166	1	8000	2	5000	next	hit	513
s104	342	Response	16	7706469	13022	1
s104	343	Picture	pos_feedback	7711779	5166	1	14999	2	5000	next	other	0
s104	344	Picture	consistent	7739611	5166	1	10833	2	5000	next	hit	516
s104	344	Response	32	7750288	15843	1
s104	345	Picture	pos_feedback	7755610	5166	1	14999	3	5000	next	other	0
s104	346	Picture	consistent	7785942	5166	1	12999	3	5000	next	hit	519
s104	346	Response	32	7798826	18050	1
s104	347	Picture	pos_feedback	7804108	5167	1	14999	2	5000	next	other	0
s104	348	Picture	consistent	7829440	5167	1	10666	2	5000	next	hit	522
s104	348	Response	16	7839999	15726	2
s104	349	Picture	pos_feedback	7845272	5166	2	15000	3	5000	next	other	0
s104	350	Picture	consistent	7873104	5167	1	9333	2	5000	next	hit	525
s104	350	Response	16	7882270	14333	2
s104	351	Picture	pos_feedback	7887604	5167	1	14999	2	5000	next	other	0
s104	352	Picture	consistent	7917935	5166	2	11166	4	5000	next	hit	528
s104	352	Response	32	7929008	16239	1
s104	353	Picture	pos_feedback	7934268	5167	1	14999	2	5000	next	other	0
s104	354	Picture	consistent	7959600	5167	1	8499	3	5000	next	hit	531
s104	354	Response	16	7967946	13513	1
s104	355	Picture	pos_feedback	7973266	5167	1	14999	2	5000	next	other	0
s104	356	Picture	consistent	8001098	5167	1	6333	2	5000	next	hit	534
s104	356	Response	16	8007347	11416	1
s104	357	Picture	pos_feedback	8012597	5166	1	15000	2	5000	next	other	0
s104	358	Picture	consistent	8042929	5166	1	10333	2	5000	next	hit	537
s104	358	Response	16	8053236	15473	1
s104	359	Picture	pos_feedback	8058428	5166	1	15000	2	5000	next	other	0
s104	360	Picture	consistent	8083760	5166	2	15500	3	5000	next	hit	540
s104	360	Response	32	8099126	20532	1
s104	361	Picture	pos_feedback	8104426	5166	1	14999	2	5000	next	other	0
s104	362	Picture	consistent	8132258	5166	1	11833	2	5000	next	hit	543
s104	362	Response	32	8144040	16948	2
s104	363	Picture	pos_feedback	8149257	5166	1	14999	2	5000	next	other	0
s104	364	Picture	consistent	8179589	5167	1	17832	2	5000	next	hit	546
s104	364	Response	16	8197336	22914	1
s104	365	Picture	pos_feedback	8202588	5167	1	14999	2	5000	next	other	0
s104	366	Picture	consistent	8227920	5167	1	10666	2	5000	next	hit	549
s104	366	Response	32	8238434	15681	2
s104	367	Picture	pos_feedback	8243752	5166	2	15000	3	5000	next	other	0
s104	368	Picture	consistent	8271584	5166	1	10000	2	5000	next	hit	552
s104	368	Response	16	8281549	15131	2
s104	369	Picture	pos_feedback	8286750	5166	1	14999	3	5000	next	other	0
s104	370	Picture	consistent	8317082	5166	1	10166	2	5000	next	hit	555
s104	370	Response	16	8327139	15223	1
s104	371	Picture	pos_feedback	8332415	5167	1	14999	2	5000	next	other	0
s104	372	Picture	consistent	8357747	5167	1	10499	2	5000	next	hit	558
s104	372	Response	32	8368126	15546	1
s104	373	Picture	pos_feedback	8373413	5167	1	14999	2	5000	next	other	0
s104	374	Picture	consistent	8401244	5166	2	7500	3	5000	next	hit	561
s104	374	Response	16	8408694	12616	1
s104	375	Picture	pos_feedback	8413910	5166	2	15000	3	5000	next	other	0
s104	376	Picture	consistent	8444242	5166	1	19333	2	5000	next	hit	564
s104	376	Response	32	8463458	24382	1
s104	377	Picture	pos_feedback	8468741	5166	1	14999	2	5000	next	other	0
s104	378	Picture	consistent	8494073	5166	1	8833	2	5000	next	hit	567
s104	378	Response	32	8502750	13843	1
s104	379	Picture	pos_feedback	8508072	5166	2	15000	3	5000	next	other	0
s104	380	Picture	consistent	8535904	5166	1	9000	2	5000	next	hit	570
s104	380	Response	32	8544785	14047	1
s104	381	Picture	pos_feedback	8550070	5166	1	15000	2	5000	next	other	0
s104	382	Picture	consistent	8580402	5166	1	13666	2	5000	next	hit	573
s104	382	Response	16	8594000	18764	1
s104	383	Picture	pos_feedback	8599234	5166	2	15000	3	5000	next	other	0
s104	384	Picture	consistent	8624567	5167	1	12666	2	5000	next	hit	576
s104	384	Response	32	8637190	17790	1
s104	385	Picture	pos_feedback	8642399	5166	1	14999	2	5000	next	other	0
s104	386	Picture	consistent	8670231	5167	1	12333	2	5000	next	hit	579
s104	386	Response	16	8682467	17403	2
s104	387	Picture	pos_feedback	8687730	5166	1	14999	2	5000	next	other	0
s104	388	Picture	consistent	8718062	5167	1	9166	2	5000	next	hit	582
s104	388	Response	16	8727129	14234	1
s104	389	Picture	pos_feedback	8732394	5166	2	15000	3	5000	next	other	0
s104	390	Picture	consistent	8757727	5167	1	9666	2	5000	next	hit	585
s104	390	Response	16	8767222	14662	1
s104	391	Picture	pos_feedback	8772559	5166	1	14999	2	5000	next	other	0
s104	392	Picture	consistent	8800391	5166	1	8833	2	5000	next	hit	588
s104	392	Response	32	8809117	13892	1
s104	393	Picture	pos_feedback	8814390	5166	1	15000	2	5000	next	other	0
s104	394	Picture	consistent	8844722	5166	1	12666	2	5000	next	hit	591
s104	394	Response	32	8857254	17698	1
s104	395	Picture	pos_feedback	8862555	5167	1	14999	2	5000	next	other	0
s104	396	Picture	consistent	8887887	5167	1	8333	2	5000	next	hit	594
s104	396	Response	32	8896157	13437	1
s104	397	Picture	pos_feedback	8901386	5166	1	14999	2	5000	next	other	0
s104	398	Picture	consistent	8929218	5167	1	12166	2	5000	next	hit	597
s104	398	Response	32	8941332	17281	1
s104	399	Picture	pos_feedback	8946550	5166	2	15000	3	5000	next	other	0
s104	400	Picture	consistent	8976882	5166	1	9833	2	5000	next	hit	600
s104	400	Response	32	8986633	14917	1
s104	401	Picture	pos_feedback	8991881	5166	2	15000	3	5000	next	other	0
s104	402	Picture	consistent	9017213	5166	2	8167	3	5000	next	hit	603
s104	402	Response	32	9025335	13288	1
s104	403	Picture	pos_feedback	9030546	5166	1	14999	3	5000	next	other	0
s104	404	Picture	consistent	9058378	5166	1	11166	2	5000	next	hit	606
s104	404	Response	16	9069441	16229	1
s104	405	Picture	pos_feedback	9074711	5167	1	14999	2	5000	next	other	0
s104	406	Picture	consistent	9105042	5166	2	7667	3	5000	next	hit	609
s104	406	Response	32	9112660	12784	1
s104	407	Picture	pos_feedback	9117875	5166	1	14999	2	5000	next	other	0
s104	408	Picture	consistent	9143207	5166	1	13999	3	5000	next	hit	612
s104	408	Response	32	9157060	19019	1
s104	409	Picture	pos_feedback	9162373	5167	1	14999	2	5000	next	other	0
s104	410	Picture	consistent	9190205	5167	1	11499	2	5000	next	hit	615
s104	410	Response	16	9201537	16499	1
s104	411	Picture	pos_feedback	9206871	5167	1	14999	2	5000	next	other	0
s104	412	Picture	consistent	9237202	5166	2	10000	3	5000	next	hit	618
s104	412	Response	32	9247177	15141	1
s104	413	Picture	pos_feedback	9252368	5166	2	15000	3	5000	next	other	0
s104	414	Picture	consistent	9277700	5166	2	11833	3	5000	next	hit	621
s104	414	Response	16	9289362	16828	2
s104	415	Picture	pos_feedback	9294700	5167	1	14999	2	5000	next	other	0
s104	416	Picture	consistent	9322532	5167	1	9832	2	5000	next	hit	624
s104	416	Response	32	9332274	14909	1
s104	417	Picture	pos_feedback	9337531	5167	1	14999	2	5000	next	other	0
s104	418	Picture	consistent	9367863	5167	1	9332	3	5000	next	hit	627
s104	418	Response	16	9377045	14349	1
s104	419	Picture	pos_feedback	9382362	5167	1	14999	2	5000	next	other	0
s104	420	Picture	consistent	9407694	5167	1	10333	2	5000	next	hit	630
s104	420	Response	32	9417947	15420	2
s104	421	Picture	pos_feedback	9423193	5166	1	14999	2	5000	next	other	0
s104	422	Picture	consistent	9451025	5166	1	12833	2	5000	next	hit	633
s104	422	Response	16	9463800	17941	1
s104	423	Picture	pos_feedback	9469024	5166	1	14999	2	5000	next	other	0
s104	424	Picture	consistent	9499356	5166	1	7000	2	5000	next	hit	636
s104	424	Response	32	9506215	12025	1
s104	425	Picture	pos_feedback	9511522	5166	1	14999	2	5000	next	other	0
s104	426	Picture	consistent	9536854	5166	1	15499	2	5000	next	hit	639
s104	426	Response	16	9552166	20478	1
s104	427	Picture	pos_feedback	9557520	5167	1	14999	2	5000	next	other	0
s104	428	Picture	consistent	9585352	5167	1	10666	2	5000	next	hit	642
s104	428	Response	32	9595956	15771	2
s104	429	Picture	pos_feedback	9601184	5166	1	14999	2	5000	next	other	0
s104	430	Picture	consistent	9631516	5166	1	6833	2	5000	next	hit	645
s104	430	Response	16	9638302	11952	2
s104	431	Picture	pos_feedback	9643515	5166	2	15000	3	5000	next	other	0
s104	432	Picture	consistent	9668847	5166	2	11667	3	5000	next	hit	648
s104	432	Response	16	9680451	16770	1
s104	433	Picture	pos_feedback	9685680	5166	1	14999	2	5000	next	other	0
s104	434	Picture	consistent	9713512	5167	1	8333	2	5000	next	hit	651
s104	434	Response	16	9721758	13413	2
s104	435	Picture	pos_feedback	9727011	5166	1	14999	3	5000	next	other	0
s104	436	Picture	consistent	9757343	5166	1	8500	2	5000	next	hit	654
s104	436	Response	32	9765687	13510	1
s104	437	Picture	pos_feedback	9771009	5166	1	14999	2	5000	next	other	0
s104	438	Picture	consistent	9796341	5166	1	12833	2	5000	next	hit	657
s104	438	Response	32	9809057	17882	2
s104	439	Picture	pos_feedback	9814340	5166	1	14999	2	5000	next	other	0
s104	440	Picture	consistent	9842172	5166	1	9500	2	5000	next	hit	660
s104	440	Response	32	9851535	14529	1
s104	441	Picture	pos_feedback	9856838	5166	1	14999	2	5000	next	other	0
s104	442	Picture	consistent	9887170	5167	1	8666	2	5000	next	hit	663
s104	442	Response	32	9895813	13810	1
s104	443	Picture	pos_feedback	9901002	5166	2	15000	3	5000	next	other	0
s104	444	Picture	consistent	9926334	5166	2	11500	3	5000	next	hit	666
s104	444	Response	16	9937788	16620	1
s104	445	Picture	pos_feedback	9943000	5166	1	15000	2	5000	next	other	0
s104	446	Picture	consistent	9970832	5166	1	9166	3	5000	next	hit	669
s104	446	Response	16	9979952	14286	1
s104	447	Picture	pos_feedback	9985165	5167	1	14999	2	5000	next	other	0
s104	448	Picture	consistent	10015497	5167	1	9499	2	5000	next	hit	672
s104	448	Response	32	10024871	14541	2
s104	449	Picture	pos_feedback	10030163	5167	1	14999	2	5000	next	other	0
s104	450	Picture	consistent	10055495	5167	1	12832	2	5000	next	hit	675
s104	450	Response	32	10068206	17878	1
s104	451	Picture	pos_feedback	10073494	5167	1	14999	2	5000	next	other	0
s104	452	Picture	consistent	10101326	5167	1	15832	2	5000	next	hit	678
s104	452	Response	32	10116981	20822	1
s104	453	Picture	pos_feedback	10122325	5167	1	14999	2	5000	next	other	0
s104	454	Picture	consistent	10152656	5166	2	17333	3	5000	next	hit	681
s104	454	Response	16	10169941	22451	1
s104	455	Picture	pos_feedback	10175155	5166	1	15000	2	5000	next	other	0
s104	456	Picture	consistent	10200487	5166	2	7167	3	5000	next	hit	684
s104	456	Response	32	10207571	12250	1
s104	457	Picture	pos_feedback	10212820	5166	1	14999	2	5000	next	other	0
s104	458	Picture	consistent	10240652	5166	1	14999	2	5000	next	hit	687
s104	458	Response	16	10255594	20108	1
s104	459	Picture	pos_feedback	10260818	5167	1	14999	2	5000	next	other	0
s104	460	Picture	consistent	10291149	5166	2	18666	3	5000	next	hit	690
s104	460	Response	32	10309688	23705	1
s104	461	Picture	pos_feedback	10314982	5167	1	14999	2	5000	next	other	0
s104	462	Picture	consistent	10340314	5167	1	19999	2	5000	next	miss	0
s104	463	Response	16	10361512	1199	1
s104	463	Picture	pos_feedback	10365479	5166	1	14999	2	5000	next	other	0
s104	464	Response	3	11718201	1327557	1
s104	465	Picture	consistent	11723578	5167	1	8666	2	5000	next	hit	697
s104	465	Response	16	11732076	13665	1
s104	466	Picture	pos_feedback	11737410	5166	1	14999	3	5000	next	other	0
s104	467	Picture	consistent	11767742	5166	1	8666	2	5000	next	hit	700
s104	467	Response	16	11776332	13756	1
s104	468	Picture	pos_feedback	11781575	5167	1	14999	2	5000	next	other	0
s104	469	Picture	consistent	11809407	5167	1	11166	2	5000	next	hit	703
s104	469	Response	32	11820420	16180	1
s104	470	Picture	pos_feedback	11825739	5166	1	14999	2	5000	next	other	0
s104	471	Picture	consistent	11853571	5166	1	7833	2	5000	next	hit	706
s104	471	Response	32	11861351	12946	1
s104	472	Picture	pos_feedback	11866570	5166	2	15000	3	5000	next	other	0
s104	473	Picture	consistent	11891902	5166	2	6667	3	5000	next	hit	709
s104	473	Response	32	11898420	11684	1
s104	474	Picture	pos_feedback	11903735	5166	1	14999	2	5000	next	other	0
s104	475	Picture	consistent	11934067	5167	1	8166	2	5000	next	hit	712
s104	475	Response	32	11942128	13228	1
s104	476	Picture	pos_feedback	11947400	5167	1	14999	2	5000	next	other	0
s104	476	Response	32	11966820	24587	1
s104	477	Picture	consistent	11972732	5167	1	7333	2	5000	next	hit	716
s104	477	Response	16	11980006	12441	1
s104	478	Picture	pos_feedback	11985231	5166	1	14999	2	5000	next	other	0
s104	479	Picture	consistent	12015563	5167	1	7166	2	5000	next	hit	719
s104	479	Response	16	12022598	12202	1
s104	480	Picture	pos_feedback	12027896	5167	1	14999	2	5000	next	other	0
s104	481	Picture	consistent	12055727	5166	2	7167	3	5000	next	hit	722
s104	481	Response	16	12062730	12169	1
s104	482	Picture	pos_feedback	12068060	5166	1	14999	3	5000	next	other	0
s104	483	Picture	consistent	12093392	5166	1	6500	2	5000	next	hit	725
s104	483	Response	16	12099832	11606	1
s104	484	Picture	pos_feedback	12105058	5166	2	15000	3	5000	next	other	0
s104	485	Picture	consistent	12135390	5166	1	9500	2	5000	next	hit	728
s104	485	Response	16	12144704	14480	1
s104	486	Picture	pos_feedback	12150056	5166	1	14999	2	5000	next	other	0
s104	487	Picture	consistent	12177888	5166	1	12333	2	5000	next	hit	731
s104	487	Response	16	12190062	17340	1
s104	488	Picture	pos_feedback	12195387	5166	1	14999	3	5000	next	other	0
s104	489	Picture	consistent	12225719	5167	1	15333	2	5000	next	hit	734
s104	489	Response	32	12240893	20341	1
s104	490	Picture	pos_feedback	12246218	5166	1	14999	2	5000	next	other	0
s104	491	Picture	consistent	12271550	5166	1	8666	2	5000	next	hit	737
s104	491	Response	16	12280087	13703	1
s104	492	Picture	pos_feedback	12285383	5167	1	14999	2	5000	next	other	0
s104	493	Picture	consistent	12310715	5167	1	14499	2	5000	next	hit	740
s104	493	Response	16	12325068	19520	1
s104	494	Picture	pos_feedback	12330380	5166	2	15000	3	5000	next	other	0
s104	495	Picture	consistent	12355712	5166	2	10667	3	5000	next	hit	743
s104	495	Response	32	12366224	15678	1
s104	496	Picture	pos_feedback	12371545	5166	1	14999	2	5000	next	other	0
s104	497	Picture	consistent	12399377	5167	1	9499	3	5000	next	hit	746
s104	497	Response	16	12408719	14509	2
s104	498	Picture	pos_feedback	12414043	5167	1	14999	2	5000	next	other	0
s104	499	Picture	consistent	12444375	5167	1	13332	2	5000	next	hit	749
s104	499	Response	16	12457592	18384	1
s104	500	Picture	pos_feedback	12462874	5167	1	14999	2	5000	next	other	0
s104	501	Picture	consistent	12490706	5167	1	13999	2	5000	next	hit	752
s104	501	Response	32	12504662	19123	1
s104	502	Picture	pos_feedback	12509871	5166	1	15000	2	5000	next	other	0
s104	503	Picture	consistent	12537703	5166	1	9000	2	5000	next	hit	755
s104	503	Response	32	12546662	14125	1
s104	504	Picture	pos_feedback	12551869	5166	1	14999	3	5000	next	other	0
s104	505	Picture	consistent	12579701	5166	1	8500	2	5000	next	hit	758
s104	505	Response	16	12588099	13564	1
s104	506	Picture	pos_feedback	12593367	5166	1	14999	2	5000	next	other	0
s104	507	Picture	consistent	12623699	5166	1	6666	2	5000	next	hit	761
s104	507	Response	16	12630223	11690	1
s104	508	Picture	pos_feedback	12635532	5167	1	14999	2	5000	next	other	0
s104	509	Picture	consistent	12660864	5167	1	19999	2	5000	next	miss	0
s104	510	Picture	pos_feedback	12686029	5166	1	14999	3	5000	next	other	0
s104	511	Picture	consistent	12716361	5166	1	9166	2	5000	next	hit	766
s104	511	Response	16	12725406	14211	1
s104	512	Picture	pos_feedback	12730694	5167	1	14999	2	5000	next	other	0
s104	513	Picture	consistent	12758526	5167	1	6499	2	5000	next	hit	769
s104	513	Response	32	12764958	11599	1
s104	514	Picture	pos_feedback	12770192	5167	1	14999	2	5000	next	other	0
s104	515	Picture	consistent	12795524	5167	1	6666	2	5000	next	hit	772
s104	515	Response	16	12802118	11761	1
s104	516	Picture	pos_feedback	12807356	5166	2	15000	3	5000	next	other	0
s104	517	Picture	consistent	12832688	5166	2	8167	3	5000	next	hit	775
s104	517	Response	32	12840773	13251	1
s104	518	Picture	pos_feedback	12846021	5166	1	14999	3	5000	next	other	0
s104	519	Picture	consistent	12876353	5167	1	9333	2	5000	next	hit	778
s104	519	Response	32	12885592	14406	1
s104	520	Picture	pos_feedback	12890852	5166	1	14999	3	5000	next	other	0
s104	521	Picture	consistent	12921184	5166	1	11999	2	5000	next	hit	781
s104	521	Response	32	12933012	16994	1
s104	522	Picture	pos_feedback	12938350	5167	1	14999	2	5000	next	other	0
s104	523	Picture	consistent	12963682	5167	1	7000	2	5000	next	hit	784
s104	523	Response	32	12970578	12063	1
s104	524	Picture	pos_feedback	12975848	5166	1	14999	2	5000	next	other	0
s104	525	Picture	consistent	13001180	5166	1	11166	2	5000	next	hit	787
s104	525	Response	32	13012279	16265	1
s104	526	Picture	pos_feedback	13017512	5166	2	15000	3	5000	next	other	0
s104	527	Picture	consistent	13047844	5166	2	8000	3	5000	next	hit	790
s104	527	Response	16	13055763	13085	1
s104	528	Picture	pos_feedback	13061010	5166	1	15000	2	5000	next	other	0
s104	529	Picture	consistent	13088842	5166	1	9000	2	5000	next	hit	793
s104	529	Response	16	13097728	14052	1
s104	530	Picture	pos_feedback	13103008	5166	1	14999	3	5000	next	other	0
s104	531	Picture	consistent	13130840	5166	1	5500	2	5000	next	hit	796
s104	531	Response	16	13136163	10489	1
s104	532	Picture	pos_feedback	13141506	5166	1	15000	2	5000	next	other	0
s104	533	Picture	consistent	13169338	5166	1	17666	2	5000	next	hit	799
s104	533	Response	32	13186942	22770	1
s104	534	Picture	pos_feedback	13192170	5166	2	15000	3	5000	next	other	0
s104	535	Picture	consistent	13217502	5166	2	10000	3	5000	next	hit	802
s104	535	Response	16	13227418	15082	1
s104	536	Picture	pos_feedback	13232668	5166	2	15000	3	5000	next	other	0
s104	537	Picture	consistent	13263000	5166	1	10000	2	5000	next	hit	805
s104	537	Response	16	13272975	15141	1
s104	538	Picture	pos_feedback	13278166	5166	1	14999	2	5000	next	other	0
s104	539	Picture	consistent	13308498	5167	1	7166	2	5000	next	hit	808
s104	539	Response	16	13315594	12263	1
s104	540	Picture	pos_feedback	13320831	5167	1	14999	2	5000	next	other	0
s104	541	Picture	consistent	13346163	5167	1	6999	2	5000	next	hit	811
s104	541	Response	32	13353017	12021	1
s104	542	Picture	pos_feedback	13358329	5167	1	14999	2	5000	next	other	0
s104	543	Picture	consistent	13386161	5167	1	8499	2	5000	next	hit	814
s104	543	Response	16	13394539	13545	1
s104	544	Picture	pos_feedback	13399827	5167	1	14999	2	5000	next	other	0
s104	545	Picture	consistent	13427659	5167	1	7833	2	5000	next	hit	817
s104	545	Response	16	13435314	12822	1
s104	546	Picture	pos_feedback	13440658	5166	1	14999	2	5000	next	other	0
s104	547	Picture	consistent	13465990	5166	1	10499	3	5000	next	hit	820
s104	547	Response	16	13476412	15588	1
s104	548	Picture	pos_feedback	13481656	5167	1	14999	2	5000	next	other	0
s104	549	Picture	consistent	13511988	5167	1	10666	2	5000	next	hit	823
s104	549	Response	32	13522612	15791	1
s104	550	Picture	pos_feedback	13527820	5166	1	14999	3	5000	next	other	0
s104	551	Picture	consistent	13558152	5166	1	9500	2	5000	next	hit	826
s104	551	Response	16	13567475	14489	2
s104	552	Picture	pos_feedback	13572818	5166	1	14999	2	5000	next	other	0
s104	553	Picture	consistent	13600650	5167	1	8166	2	5000	next	hit	829
s104	553	Response	32	13608721	13238	1
s104	554	Picture	pos_feedback	13613983	5167	1	14999	2	5000	next	other	0
s104	555	Picture	consistent	13639315	5167	1	10166	2	5000	next	hit	832
s104	555	Response	16	13649384	15236	1
s104	556	Picture	pos_feedback	13654647	5166	1	14999	3	5000	next	other	0
s104	557	Picture	consistent	13679979	5166	1	6500	2	5000	next	hit	835
s104	557	Response	32	13686387	11574	2
s104	558	Picture	pos_feedback	13691645	5166	1	15000	2	5000	next	other	0
s104	559	Picture	consistent	13719477	5166	1	11666	2	5000	next	hit	838
s104	559	Response	16	13731073	16762	1
s104	560	Picture	pos_feedback	13736310	5167	1	14999	2	5000	next	other	0
s104	561	Picture	consistent	13766642	5167	1	9332	3	5000	next	hit	841
s104	561	Response	32	13775833	14358	1
s104	562	Picture	pos_feedback	13781141	5167	1	14999	2	5000	next	other	0
s104	563	Picture	consistent	13811473	5167	1	7499	2	5000	next	hit	844
s104	563	Response	16	13818846	12540	2
s104	564	Picture	pos_feedback	13824139	5167	1	14999	2	5000	next	other	0
s104	565	Picture	consistent	13851971	5167	1	15499	2	5000	next	hit	847
s104	565	Response	32	13867359	20555	1
s104	566	Picture	pos_feedback	13872636	5166	1	14999	3	5000	next	other	0
s104	567	Picture	consistent	13900468	5166	1	11333	2	5000	next	hit	850
s104	567	Response	16	13911626	16324	1
s104	568	Picture	pos_feedback	13916967	5166	1	15000	2	5000	next	other	0
s104	569	Picture	consistent	13947299	5166	1	5500	2	5000	next	hit	853
s104	569	Response	16	13952721	10588	1
s104	570	Picture	pos_feedback	13957965	5166	1	15000	2	5000	next	other	0
s104	571	Picture	consistent	13983297	5166	1	8500	2	5000	next	hit	856
s104	571	Response	32	13991618	13487	1
s104	572	Picture	pos_feedback	13996963	5166	1	15000	2	5000	next	other	0
s104	573	Picture	consistent	14022295	5166	2	9833	3	5000	next	hit	859
s104	573	Response	16	14031964	14835	1
s104	574	Picture	pos_feedback	14037295	5167	1	14999	2	5000	next	other	0
s104	575	Picture	consistent	14067626	5166	2	6500	3	5000	next	hit	862
s104	575	Response	16	14074035	11575	1
s104	576	Picture	pos_feedback	14079292	5166	2	15000	3	5000	next	other	0
s104	577	Picture	consistent	14109624	5166	2	10166	4	5000	next	hit	865
s104	577	Response	16	14119614	15156	2
s104	578	Picture	pos_feedback	14124957	5167	1	14999	2	5000	next	other	0
s104	579	Picture	consistent	14150289	5166	1	6500	2	5000	next	hit	868
s104	579	Response	16	14156638	11515	1
s104	580	Picture	pos_feedback	14161955	5166	1	14999	2	5000	next	other	0
s104	581	Picture	consistent	14189787	5166	1	8333	2	5000	next	hit	871
s104	581	Response	16	14198082	13461	1
s104	582	Picture	pos_feedback	14203286	5166	1	15000	2	5000	next	other	0
s104	583	Picture	consistent	14228618	5166	1	7333	2	5000	next	hit	874
s104	583	Response	16	14235924	12472	1
s104	584	Picture	pos_feedback	14241118	5167	1	14999	2	5000	next	other	0
s104	585	Picture	consistent	14271450	5167	1	11165	3	5000	next	hit	877
s104	585	Response	32	14282513	16230	2
s104	586	Picture	pos_feedback	14287782	5167	1	14999	2	5000	next	other	0
s104	587	Picture	consistent	14315614	5166	1	6333	2	5000	next	hit	880
s104	587	Response	16	14321800	11352	1
s104	588	Picture	pos_feedback	14327113	5166	2	15000	3	5000	next	other	0
s104	589	Picture	consistent	14354945	5166	1	19999	2	5000	next	miss	0
s104	590	Response	32	14375519	575	1
s104	590	Picture	pos_feedback	14380111	5167	1	14999	2	5000	next	other	0
s104	591	Picture	consistent	14405443	5167	1	7999	3	5000	next	hit	886
s104	591	Response	16	14413398	13122	1
s104	592	Picture	pos_feedback	14418609	5167	1	14999	2	5000	next	other	0
s104	593	Picture	consistent	14448941	5167	1	10332	3	5000	next	hit	889
s104	593	Response	32	14459245	15471	1
s104	594	Picture	pos_feedback	14464440	5167	1	14999	2	5000	next	other	0
s104	595	Picture	consistent	14489772	5167	1	14832	3	5000	next	hit	892
s104	595	Response	16	14504519	19914	2
s104	596	Picture	pos_feedback	14509771	5167	1	14999	2	5000	next	other	0
s104	597	Picture	consistent	14537603	5167	1	12499	2	5000	next	hit	895
s104	597	Response	16	14550074	17638	1
s104	598	Picture	pos_feedback	14555269	5167	1	14999	2	5000	next	other	0
s104	599	Picture	consistent	14580601	5167	1	8333	2	5000	next	hit	898
s104	599	Response	16	14588820	13386	1
s104	600	Picture	pos_feedback	14594100	5166	1	14999	2	5000	next	other	0
s104	601	Picture	consistent	14624432	5167	1	8666	2	5000	next	hit	901
s104	601	Response	16	14632970	13705	1
s104	602	Picture	pos_feedback	14638264	5166	2	15000	3	5000	next	other	0
s104	603	Picture	consistent	14668596	5166	1	11000	2	5000	next	hit	904
s104	603	Response	16	14679497	16067	1
s104	604	Picture	pos_feedback	14684762	5166	1	14999	2	5000	next	other	0
s104	605	Picture	consistent	14712594	5166	1	7833	2	5000	next	hit	907
s104	605	Response	16	14720380	12952	1
s104	606	Picture	pos_feedback	14725593	5166	2	15000	3	5000	next	other	0
s104	607	Picture	consistent	14753425	5166	2	6500	3	5000	next	hit	910
s104	607	Response	16	14759900	11641	2
s104	608	Picture	pos_feedback	14765091	5166	2	15000	3	5000	next	other	0
s104	609	Picture	consistent	14790423	5166	2	10333	3	5000	next	hit	913
s104	609	Response	32	14800668	15411	1
s104	610	Picture	pos_feedback	14805923	5167	1	14999	2	5000	next	other	0
s104	611	Picture	consistent	14831255	5167	1	11666	2	5000	next	hit	916
s104	611	Response	32	14842800	16712	1
s104	612	Picture	pos_feedback	14848087	5166	1	14999	3	5000	next	other	0
s104	613	Picture	consistent	14875919	5166	1	7833	2	5000	next	hit	919
s104	613	Response	16	14883656	12903	1
s104	614	Picture	pos_feedback	14888918	5166	2	15000	3	5000	next	other	0
s104	615	Picture	consistent	14919250	5166	2	8167	3	5000	next	hit	922
s104	615	Response	16	14927241	13157	1
s104	616	Picture	pos_feedback	14932583	5166	1	14999	2	5000	next	other	0
s104	617	Picture	consistent	14962915	5167	1	7999	3	5000	next	hit	925
s104	617	Response	16	14970787	13039	1
s104	618	Picture	pos_feedback	14976081	5167	1	14999	2	5000	next	other	0
s104	619	Picture	consistent	15001413	5167	1	7666	2	5000	next	hit	928
s104	619	Response	32	15009053	12807	1
s104	620	Picture	pos_feedback	15014246	5167	1	14999	2	5000	next	other	0
s104	621	Picture	consistent	15042077	5166	2	8667	3	5000	next	hit	931
s104	621	Response	16	15050698	13787	1
s104	622	Picture	pos_feedback	15055910	5166	1	14999	2	5000	next	other	0
s104	623	Picture	consistent	15081242	5166	1	15166	2	5000	next	hit	934
s104	623	Response	16	15096360	20284	2
s104	624	Picture	pos_feedback	15101575	5167	1	14999	2	5000	next	other	0
s104	625	Picture	consistent	15131906	5166	1	9000	2	5000	next	hit	937
s104	625	Response	16	15140729	13989	1
s104	626	Picture	pos_feedback	15146072	5166	1	15000	2	5000	next	other	0
s104	627	Picture	consistent	15173904	5166	1	9166	2	5000	next	hit	940
s104	627	Response	16	15182989	14251	2
s104	628	Picture	pos_feedback	15188237	5167	1	14999	2	5000	next	other	0
s104	629	Picture	consistent	15216069	5167	1	7999	2	5000	next	hit	943
s104	629	Response	16	15224011	13109	2
s104	630	Picture	pos_feedback	15229235	5167	1	14999	2	5000	next	other	0
s104	631	Picture	consistent	15254567	5167	1	12166	2	5000	next	hit	946
s104	631	Response	16	15266624	17224	1
s104	632	Picture	pos_feedback	15271899	5166	1	14999	3	5000	next	other	0
s104	633	Picture	consistent	15299731	5166	1	11333	2	5000	next	hit	949
s104	633	Response	32	15310988	16423	1
s104	634	Picture	pos_feedback	15316230	5166	2	15000	3	5000	next	other	0
s104	635	Picture	consistent	15341562	5166	2	9667	3	5000	next	hit	952
s104	635	Response	16	15351048	14652	1
s104	636	Picture	pos_feedback	15356395	5166	1	14999	2	5000	next	other	0
s104	637	Picture	consistent	15384227	5166	1	9166	2	5000	next	hit	955
s104	637	Response	32	15393261	14200	2
s104	638	Picture	pos_feedback	15398560	5167	1	14999	2	5000	next	other	0
s104	639	Picture	consistent	15423892	5167	1	11332	3	5000	next	hit	958
s104	639	Response	32	15435144	16419	2
s104	640	Picture	pos_feedback	15440391	5167	1	14999	2	5000	next	other	0
s104	641	Picture	consistent	15470723	5167	1	14499	2	5000	next	hit	961
s104	641	Response	32	15485154	19598	1
s104	642	Picture	pos_feedback	15490388	5166	1	15000	2	5000	next	other	0
s104	643	Picture	consistent	15520720	5166	1	18832	3	5000	next	hit	964
s104	643	Response	16	15539377	23823	1
s104	644	Picture	pos_feedback	15544719	5167	1	14999	2	5000	next	other	0
s104	645	Picture	consistent	15575051	5167	1	6999	2	5000	next	hit	967
s104	645	Response	16	15581956	12072	1
s104	646	Picture	pos_feedback	15587217	5167	1	14999	2	5000	next	other	0
s104	647	Picture	consistent	15612549	5167	1	7333	2	5000	next	hit	970
s104	647	Response	16	15619806	12424	1
s104	648	Picture	pos_feedback	15625048	5166	1	14999	3	5000	next	other	0
s104	649	Picture	consistent	15655380	5166	1	13333	2	5000	next	hit	973
s104	649	Response	32	15668673	18459	1
s104	650	Picture	pos_feedback	15673879	5166	1	14999	2	5000	next	other	0
s104	651	Picture	consistent	15704211	5167	1	7499	3	5000	next	hit	976
s104	651	Response	16	15711644	12600	2
s104	652	Picture	pos_feedback	15716877	5167	1	14999	2	5000	next	other	0
s104	653	Picture	consistent	15744709	5167	1	8666	2	5000	next	hit	979
s104	653	Response	16	15753294	13752	1
s104	654	Picture	pos_feedback	15758541	5166	2	15000	3	5000	next	other	0
s104	655	Picture	consistent	15786373	5166	2	10666	4	5000	next	hit	982
s104	655	Response	32	15796868	15661	2
s104	656	Picture	pos_feedback	15802206	5167	1	14999	2	5000	next	other	0
s104	657	Picture	consistent	15827538	5166	1	13333	2	5000	next	hit	985
s104	657	Response	32	15840724	18352	1
s104	658	Picture	pos_feedback	15846037	5166	1	14999	2	5000	next	other	0
s104	659	Picture	consistent	15871369	5166	1	8500	2	5000	next	hit	988
s104	659	Response	16	15879796	13593	1
s104	660	Picture	pos_feedback	15885035	5166	1	14999	2	5000	next	other	0
s104	661	Picture	consistent	15915367	5166	1	8000	2	5000	next	hit	991
s104	661	Response	16	15923323	13122	1
s104	662	Picture	pos_feedback	15928533	5166	1	14999	2	5000	next	other	0
s104	663	Picture	consistent	15956365	5167	1	7333	2	5000	next	hit	994
s104	663	Response	16	15963597	12399	2
s104	664	Picture	pos_feedback	15968864	5166	1	14999	3	5000	next	other	0
s104	665	Picture	consistent	15996696	5166	1	11166	2	5000	next	hit	997
s104	665	Response	32	16007718	16188	1
s104	666	Picture	pos_feedback	16013029	5167	1	14999	2	5000	next	other	0
s104	667	Picture	consistent	16038361	5167	1	7999	2	5000	next	hit	1000
s104	667	Response	16	16046214	13020	1
s104	668	Picture	pos_feedback	16051527	5167	1	14999	2	5000	next	other	0
s104	669	Picture	consistent	16079359	5167	1	9166	2	5000	next	hit	1003
s104	669	Response	16	16088421	14229	2
s104	670	Picture	pos_feedback	16093691	5166	1	15000	2	5000	next	other	0
s104	671	Picture	consistent	16124023	5166	1	16666	2	5000	next	hit	1006
s104	671	Response	32	16140588	21731	2
s104	672	Picture	pos_feedback	16145855	5166	1	15000	2	5000	next	other	0
s104	673	Picture	consistent	16171187	5166	2	12833	3	5000	next	hit	1009
s104	673	Response	32	16183842	17821	1
s104	674	Picture	pos_feedback	16189187	5167	1	14999	2	5000	next	other	0
s104	675	Picture	consistent	16219518	5166	2	10000	3	5000	next	hit	1012
s104	675	Response	32	16229449	15097	1
s104	676	Picture	pos_feedback	16234684	5166	1	14999	3	5000	next	other	0
s104	677	Picture	consistent	16265016	5166	1	7166	2	5000	next	hit	1015
s104	677	Response	16	16272014	12164	1
s104	678	Picture	pos_feedback	16277349	5167	1	14999	2	5000	next	other	0
s104	679	Picture	consistent	16305181	5167	1	12166	2	5000	next	hit	1018
s104	679	Response	16	16317176	17162	1
s104	680	Picture	pos_feedback	16322513	5166	1	14999	2	5000	next	other	0
s104	681	Picture	consistent	16347845	5166	1	9333	2	5000	next	hit	1021
s104	681	Response	16	16357005	14326	1
s104	682	Picture	pos_feedback	16362344	5166	2	15000	3	5000	next	other	0
s104	683	Picture	consistent	16387676	5166	2	7833	4	5000	next	hit	1024
s104	683	Response	16	16395424	12914	1
s104	684	Picture	pos_feedback	16400676	5167	1	14999	2	5000	next	other	0
s104	685	Picture	consistent	16431008	5167	1	8999	2	5000	next	hit	1027
s104	685	Response	16	16439851	14010	2
s104	686	Picture	pos_feedback	16445174	5167	1	14999	2	5000	next	other	0
s104	687	Picture	consistent	16475505	5166	2	8333	3	5000	next	hit	1030
s104	687	Response	32	16483681	13342	1
s104	688	Picture	pos_feedback	16489005	5167	1	14999	2	5000	next	other	0
s104	689	Picture	consistent	16514337	5167	1	10499	2	5000	next	hit	1033
s104	689	Response	32	16524742	15572	1
s104	690	Picture	pos_feedback	16530003	5167	1	14999	2	5000	next	other	0
s104	691	Picture	consistent	16560334	5166	2	7000	3	5000	next	hit	1036
s104	691	Response	16	16567253	12085	1
s104	692	Picture	pos_feedback	16572501	5167	1	14999	2	5000	next	other	0
s104	693	Picture	consistent	16600333	5167	1	7666	2	5000	next	hit	1039
s104	693	Response	16	16607944	12778	1
s104	694	Picture	pos_feedback	16613165	5166	1	14999	3	5000	next	other	0
s104	695	Picture	consistent	16638497	5166	1	7667	2	5000	next	hit	1042
s104	695	Response	16	16646108	12777	1
s104	696	Picture	pos_feedback	16651330	5166	1	14999	2	5000	next	other	0
s104	697	Picture	consistent	16679162	5167	1	8000	2	5000	next	hit	1045
s104	697	Response	32	16687085	13090	1
s104	698	Picture	pos_feedback	16692328	5166	1	14999	2	5000	next	other	0
s104	699	Picture	consistent	16720160	5167	1	9833	2	5000	next	hit	1048
s104	699	Response	16	16729820	14827	1
s104	700	Picture	pos_feedback	16735159	5166	1	14999	2	5000	next	other	0
s104	701	Picture	consistent	16760491	5166	1	10666	2	5000	next	hit	1051
s104	701	Response	32	16771119	15794	1
s104	702	Picture	pos_feedback	16776324	5167	1	14999	2	5000	next	other	0
s104	703	Picture	consistent	16804156	5167	1	8999	2	5000	next	hit	1054
s104	703	Response	32	16812975	13986	1
s104	704	Picture	pos_feedback	16818322	5167	1	14999	2	5000	next	other	0
s104	705	Picture	consistent	16848653	5166	2	6833	4	5000	next	hit	1057
s104	705	Response	16	16855397	11910	1
s104	706	Picture	pos_feedback	16860653	5167	1	14999	2	5000	next	other	0
s104	707	Picture	consistent	16885985	5167	1	6333	2	5000	next	hit	1060
s104	707	Response	16	16892242	11424	1
s104	708	Picture	pos_feedback	16897484	5166	1	14999	3	5000	next	other	0
s104	709	Picture	consistent	16925316	5166	1	7833	2	5000	next	hit	1063
s104	709	Response	16	16932992	12842	1
s104	710	Picture	pos_feedback	16938315	5166	2	15000	3	5000	next	other	0
s104	711	Picture	consistent	16968647	5166	1	9000	2	5000	next	hit	1066
s104	711	Response	32	16977466	13985	1
s104	712	Picture	pos_feedback	16982813	5166	1	15000	2	5000	next	other	0
s104	713	Picture	consistent	17008145	5166	1	11500	2	5000	next	hit	1069
s104	713	Response	32	17019584	16605	1
s104	714	Picture	pos_feedback	17024811	5166	1	14999	3	5000	next	other	0
s104	715	Picture	consistent	17052643	5166	1	8333	2	5000	next	hit	1072
s104	715	Response	16	17060834	13357	1
s104	716	Picture	pos_feedback	17066142	5166	2	15000	3	5000	next	other	0
s104	717	Picture	consistent	17096474	5166	1	9166	3	5000	next	hit	1075
s104	717	Response	32	17105459	14151	1
s104	718	Picture	pos_feedback	17110807	5167	1	14999	2	5000	next	other	0
s104	719	Picture	consistent	17136139	5167	1	7833	2	5000	next	hit	1078
s104	719	Response	16	17143826	12854	1
s104	720	Picture	pos_feedback	17149138	5166	1	14999	3	5000	next	other	0
s104	721	Picture	consistent	17176970	5166	1	7666	3	5000	next	hit	1081
s104	721	Response	16	17184599	12795	1
s104	722	Picture	pos_feedback	17189803	5167	1	14999	2	5000	next	other	0
s104	723	Picture	consistent	17220135	5167	1	10666	2	5000	next	hit	1084
s104	723	Response	16	17230756	15788	1
s104	724	Picture	pos_feedback	17235967	5166	1	14999	3	5000	next	other	0
s104	725	Picture	consistent	17261299	5166	1	12166	2	5000	next	hit	1087
s104	725	Response	16	17273426	17293	1
s104	726	Picture	pos_feedback	17278632	5167	1	14999	2	5000	next	other	0
s104	727	Picture	consistent	17306464	5167	1	9666	2	5000	next	hit	1090
s104	727	Response	16	17315984	14687	1
s104	728	Picture	pos_feedback	17321296	5166	1	15000	2	5000	next	other	0
s104	729	Picture	consistent	17351628	5166	1	9666	2	5000	next	hit	1093
s104	729	Response	32	17361229	14767	1
s104	730	Picture	pos_feedback	17366461	5167	1	14999	2	5000	next	other	0
s104	731	Picture	consistent	17391793	5167	1	7833	2	5000	next	hit	1096
s104	731	Response	16	17399441	12815	1
s104	732	Picture	pos_feedback	17404792	5166	1	14999	2	5000	next	other	0
s104	733	Picture	consistent	17432624	5166	1	6833	2	5000	next	hit	1099
s104	733	Response	16	17439332	11874	1
s104	734	Picture	pos_feedback	17444623	5166	2	15000	3	5000	next	other	0
s104	735	Picture	consistent	17474955	5166	1	17833	2	5000	next	hit	1102
s104	735	Response	16	17492713	22924	1
s104	736	Picture	pos_feedback	17497954	5166	1	14999	2	5000	next	other	0
s104	737	Picture	consistent	17523286	5166	1	7166	3	5000	next	hit	1105
s104	737	Response	16	17530327	12207	2
s104	738	Picture	pos_feedback	17535619	5167	1	14999	2	5000	next	other	0
s104	739	Picture	consistent	17563451	5167	1	7999	3	5000	next	hit	1108
s104	739	Response	32	17571306	13022	1
s104	740	Picture	pos_feedback	17576617	5167	1	14999	2	5000	next	other	0
s104	740	Response	16	17588806	17356	2
s104	741	Picture	consistent	17606949	5167	1	6999	2	5000	next	hit	1112
s104	741	Response	16	17613897	12115	1
s104	742	Picture	pos_feedback	17619115	5167	1	14999	2	5000	next	other	0
s104	743	Picture	consistent	17644447	5167	1	7166	2	5000	next	hit	1115
s104	743	Response	32	17651514	12234	2
s104	744	Picture	pos_feedback	17656779	5166	2	15000	3	5000	next	other	0
s104	745	Picture	consistent	17684611	5166	2	7667	3	5000	next	hit	1118
s104	745	Response	16	17692108	12663	1
s104	746	Picture	pos_feedback	17697444	5166	1	14999	2	5000	next	other	0
s104	747	Picture	consistent	17727776	5167	1	19999	2	5000	next	miss	0
s104	748	Response	16	17748017	242	1
s104	748	Picture	pos_feedback	17752941	5166	1	14999	3	5000	next	other	0
s104	749	Picture	consistent	17778273	5166	1	8333	2	5000	next	hit	1124
s104	749	Response	16	17786450	13343	1
s104	750	Picture	pos_feedback	17791773	5167	1	14999	2	5000	next	other	0
s104	751	Picture	consistent	17819605	5167	1	7666	2	5000	next	hit	1127
s104	751	Response	16	17827148	12710	1
s104	752	Picture	pos_feedback	17832437	5166	1	14999	3	5000	next	other	0
s104	753	Picture	consistent	17862769	5166	1	8666	2	5000	next	hit	1130
s104	753	Response	16	17871298	13695	1
s104	754	Picture	pos_feedback	17876602	5167	1	14999	2	5000	next	other	0
s104	755	Picture	consistent	17901934	5167	1	10499	2	5000	next	hit	1133
s104	755	Response	16	17912284	15517	1
s104	756	Picture	pos_feedback	17917600	5167	1	14999	2	5000	next	other	0
s104	757	Picture	consistent	17945432	5167	1	7166	2	5000	next	hit	1136
s104	757	Response	16	17952494	12229	1
s104	758	Picture	pos_feedback	17957764	5166	1	14999	3	5000	next	other	0
s104	759	Picture	consistent	17988096	5166	1	10000	2	5000	next	hit	1139
s104	759	Response	32	17997934	15004	1
s104	760	Picture	pos_feedback	18003262	5166	1	14999	2	5000	next	other	0
s104	761	Picture	consistent	18028594	5166	1	10499	3	5000	next	hit	1142
s104	761	Response	16	18039045	15617	2
s104	762	Picture	pos_feedback	18044260	5167	1	14999	2	5000	next	other	0
s104	763	Picture	consistent	18072092	5167	1	12833	2	5000	next	hit	1145
s104	763	Response	32	18084747	17822	1
s104	764	Picture	pos_feedback	18090091	5166	1	14999	2	5000	next	other	0
s104	765	Picture	consistent	18120423	5167	1	12832	3	5000	next	hit	1148
s104	765	Response	16	18133179	17923	1
s104	766	Picture	pos_feedback	18138422	5167	1	14999	2	5000	next	other	0
s104	767	Picture	consistent	18163754	5166	1	8166	2	5000	next	hit	1151
s104	767	Response	16	18171849	13261	1
s104	768	Picture	pos_feedback	18177087	5167	1	14999	2	5000	next	other	0
s104	769	Picture	consistent	18204919	5167	1	11332	2	5000	next	hit	1154
s104	769	Response	16	18216138	16386	1
s104	770	Picture	pos_feedback	18221418	5167	1	14999	2	5000	next	other	0
s104	771	Picture	consistent	18251750	5167	1	9332	2	5000	next	hit	1157
s104	771	Response	16	18260920	14337	1
s104	772	Picture	pos_feedback	18266249	5167	1	14999	2	5000	next	other	0
s104	773	Picture	consistent	18291581	5167	1	10666	2	5000	next	hit	1160
s104	773	Response	32	18302083	15669	1
s104	774	Picture	pos_feedback	18307413	5166	2	15000	3	5000	next	other	0
s104	775	Picture	consistent	18335245	5166	1	11833	2	5000	next	hit	1163
s104	775	Response	32	18346908	16829	2
s104	776	Picture	pos_feedback	18352244	5166	2	15000	3	5000	next	other	0
s104	777	Picture	consistent	18382576	5166	1	19166	2	5000	next	hit	1166
s104	777	Response	16	18401654	24244	1
s104	778	Picture	pos_feedback	18406908	5166	2	15000	3	5000	next	other	0
s104	779	Picture	consistent	18432240	5166	2	7667	3	5000	next	hit	1169
s104	779	Response	16	18439775	12701	1
s104	780	Picture	pos_feedback	18445073	5166	1	14999	2	5000	next	other	0
s104	781	Picture	consistent	18472905	5166	1	6666	3	5000	next	hit	1172
s104	781	Response	16	18479517	11778	1
s104	782	Picture	pos_feedback	18484738	5167	1	14999	2	5000	next	other	0
s104	783	Picture	consistent	18515070	5167	1	11666	2	5000	next	hit	1175
s104	783	Response	16	18526584	16681	1
s104	784	Picture	pos_feedback	18531902	5166	1	14999	3	5000	next	other	0
s104	785	Picture	consistent	18557234	5166	1	6500	2	5000	next	hit	1178
s104	785	Response	16	18563684	11616	1
s104	786	Picture	pos_feedback	18568900	5166	1	14999	3	5000	next	other	0
s104	787	Picture	consistent	18596732	5166	1	11833	2	5000	next	hit	1181
s104	787	Response	16	18608500	16934	2
s104	788	Picture	pos_feedback	18613731	5166	1	15000	2	5000	next	other	0
s104	789	Picture	consistent	18644063	5166	1	8500	2	5000	next	hit	1184
s104	789	Response	16	18652508	13611	1
s104	790	Picture	pos_feedback	18657729	5166	1	14999	2	5000	next	other	0
s104	791	Picture	consistent	18683061	5166	1	7500	2	5000	next	hit	1187
s104	791	Response	16	18690493	12598	2
s104	792	Picture	pos_feedback	18695727	5166	1	14999	3	5000	next	other	0
s104	793	Picture	consistent	18723559	5166	1	8666	2	5000	next	hit	1190
s104	793	Response	32	18732155	13762	1
s104	794	Picture	pos_feedback	18737392	5167	1	14999	2	5000	next	other	0
s104	795	Picture	consistent	18767724	5167	1	14665	3	5000	next	hit	1193
s104	795	Response	32	18782357	19800	2
s104	796	Picture	pos_feedback	18787556	5167	1	14999	2	5000	next	other	0
s104	797	Picture	consistent	18812888	5166	1	7833	2	5000	next	hit	1196
s104	797	Response	16	18820661	12939	1
s104	798	Picture	pos_feedback	18825887	5166	2	15000	3	5000	next	other	0
s104	799	Picture	consistent	18853719	5166	1	10000	2	5000	next	hit	1199
s104	799	Response	16	18863659	15106	1
s104	800	Picture	pos_feedback	18868885	5166	1	14999	3	5000	next	other	0
s104	801	Picture	consistent	18899217	5166	1	13166	2	5000	next	hit	1202
s104	801	Response	16	18912344	18293	1
s104	802	Picture	pos_feedback	18917549	5166	2	15000	3	5000	next	other	0
s104	803	Picture	consistent	18942881	5166	2	10167	3	5000	next	hit	1205
s104	803	Response	32	18952983	15268	1
s104	804	Picture	pos_feedback	18958214	5166	1	14999	2	5000	next	other	0
s104	805	Picture	consistent	18986046	5166	1	11666	2	5000	next	hit	1208
s104	805	Response	32	18997611	16731	1
s104	806	Picture	pos_feedback	19002878	5166	2	15000	3	5000	next	other	0
s104	807	Picture	consistent	19033210	5166	1	8333	2	5000	next	hit	1211
s104	807	Response	16	19041455	13411	1
s104	808	Picture	pos_feedback	19046710	5167	1	14999	2	5000	next	other	0
s104	809	Picture	consistent	19072042	5167	1	7833	2	5000	next	hit	1214
s104	809	Response	32	19079796	12921	1
s104	810	Picture	pos_feedback	19085041	5166	1	14999	2	5000	next	other	0
s104	811	Picture	consistent	19112873	5167	1	11999	2	5000	next	hit	1217
s104	811	Response	32	19124843	17137	2
s104	812	Picture	pos_feedback	19130039	5167	1	14999	2	5000	next	other	0
s104	813	Picture	consistent	19160371	5167	1	15832	2	5000	next	hit	1220
s104	813	Response	32	19176077	20873	1
s104	814	Picture	pos_feedback	19181370	5167	1	14999	2	5000	next	other	0
s104	815	Picture	consistent	19206702	5167	1	11166	2	5000	next	hit	1223
s104	815	Response	16	19217702	16167	1
s104	816	Picture	pos_feedback	19223034	5166	1	14999	2	5000	next	other	0
s104	817	Picture	consistent	19250866	5166	1	10499	3	5000	next	hit	1226
s104	817	Response	16	19261197	15497	2
s104	818	Picture	pos_feedback	19266532	5167	1	14999	2	5000	next	other	0
s104	819	Picture	consistent	19296864	5167	1	6833	2	5000	next	hit	1229
s104	819	Response	16	19303525	11828	1
s104	820	Picture	pos_feedback	19308863	5166	1	14999	2	5000	next	other	0
s104	821	Picture	consistent	19334195	5166	1	6500	2	5000	next	hit	1232
s104	821	Response	16	19340527	11498	1
s104	822	Picture	pos_feedback	19345861	5166	1	14999	3	5000	next	other	0
s104	823	Picture	consistent	19373693	5166	1	11833	2	5000	next	hit	1235
s104	823	Response	32	19385424	16897	1
s104	824	Picture	pos_feedback	19390692	5166	1	15000	2	5000	next	other	0
s104	825	Picture	consistent	19421024	5166	1	8833	2	5000	next	hit	1238
s104	825	Response	32	19429722	13864	1
s104	826	Picture	pos_feedback	19435023	5166	2	15000	3	5000	next	other	0
s104	827	Picture	consistent	19460355	5166	2	13833	3	5000	next	hit	1241
s104	827	Response	32	19474001	18812	1
s104	828	Picture	pos_feedback	19479354	5166	2	15000	3	5000	next	other	0
s104	829	Picture	consistent	19507186	5166	2	10000	3	5000	next	hit	1244
s104	829	Response	16	19517023	15003	1
s104	830	Picture	pos_feedback	19522352	5166	1	15000	2	5000	next	other	0
s104	831	Picture	consistent	19552684	5166	1	9666	2	5000	next	hit	1247
s104	831	Response	32	19562280	14762	1
s104	832	Picture	pos_feedback	19567517	5167	1	14999	2	5000	next	other	0
s104	833	Picture	consistent	19592849	5167	1	13666	2	5000	next	hit	1250
s104	833	Response	32	19606475	18793	1
s104	834	Picture	pos_feedback	19611681	5166	1	14999	3	5000	next	other	0
s104	835	Picture	consistent	19639513	5166	1	12000	2	5000	next	hit	1253
s104	835	Response	16	19651478	17131	1
s104	836	Picture	pos_feedback	19656679	5166	1	14999	2	5000	next	other	0
s104	837	Picture	consistent	19687011	5167	1	8333	2	5000	next	hit	1256
s104	837	Response	16	19695182	13338	1
s104	838	Picture	pos_feedback	19700510	5166	1	14999	2	5000	next	other	0
s104	839	Picture	consistent	19725842	5166	1	8166	3	5000	next	hit	1259
s104	839	Response	32	19733941	13265	1
s104	840	Picture	pos_feedback	19739175	5167	1	14999	2	5000	next	other	0
s104	841	Picture	consistent	19767007	5167	1	14332	2	5000	next	hit	1262
s104	841	Response	16	19781175	19335	1
s104	842	Picture	pos_feedback	19786506	5167	1	14999	2	5000	next	other	0
s104	843	Picture	consistent	19816838	5167	1	16165	3	5000	next	hit	1265
s104	843	Response	16	19832839	21168	1
s104	844	Picture	pos_feedback	19838170	5167	1	14999	2	5000	next	other	0
s104	845	Picture	consistent	19863502	5167	1	7999	3	5000	next	hit	1268
s104	845	Response	16	19871426	13091	1
s104	846	Picture	pos_feedback	19876668	5167	1	14999	2	5000	next	other	0
s104	847	Picture	consistent	19904500	5167	1	7333	2	5000	next	hit	1271
s104	847	Response	32	19911664	12331	1
s104	848	Picture	pos_feedback	19916999	5166	1	14999	3	5000	next	other	0
s104	849	Picture	consistent	19947331	5166	1	7666	2	5000	next	hit	1274
s104	849	Response	32	19954826	12661	1
s104	850	Picture	pos_feedback	19960164	5167	1	14999	2	5000	next	other	0
s104	851	Picture	consistent	19985496	5167	1	10499	2	5000	next	hit	1277
s104	851	Response	16	19995907	15578	1
s104	852	Picture	pos_feedback	20001162	5167	1	14999	2	5000	next	other	0
s104	853	Picture	consistent	20028994	5167	1	7333	2	5000	next	hit	1280
s104	853	Response	32	20036306	12479	1
s104	854	Picture	pos_feedback	20041493	5166	1	14999	2	5000	next	other	0
s104	855	Picture	consistent	20071825	5167	1	7499	2	5000	next	hit	1283
s104	855	Response	16	20079266	12608	1
s104	856	Picture	pos_feedback	20084491	5167	1	14999	2	5000	next	other	0
s104	857	Picture	consistent	20109823	5167	1	8166	2	5000	next	hit	1286
s104	857	Response	16	20117936	13280	1
s104	858	Picture	pos_feedback	20123155	5166	2	15000	3	5000	next	other	0
s104	859	Picture	consistent	20150987	5166	2	9333	3	5000	next	hit	1289
s104	859	Response	16	20160164	14343	2
s104	860	Picture	pos_feedback	20165487	5167	1	14999	2	5000	next	other	0
s104	861	Picture	consistent	20195818	5166	2	15333	3	5000	next	hit	1292
s104	861	Response	32	20211115	20463	1
s104	862	Picture	pos_feedback	20216318	5167	1	14999	2	5000	next	other	0
s104	863	Picture	consistent	20241650	5167	1	8166	2	5000	next	hit	1295
s104	863	Response	16	20249641	13158	2
s104	864	Picture	pos_feedback	20254982	5166	1	14999	3	5000	next	other	0
s104	865	Quit		21502427	1222279
