Scenario - 
Logfile written - 01/22/2019 09:05:38

Subject	Trial	Event Type	Code	Time	TTime	Uncertainty	Duration	Uncertainty	ReqTime	ReqDur	Stim Type	Pair Index

A.K.-1Kl.-multiling-cant say R +SH	1	Response	3	23618	10784	1
A.K.-1Kl.-multiling-cant say R +SH	1	Response	16	346605	333771	1
A.K.-1Kl.-multiling-cant say R +SH	1	Response	3	741146	728313	1
A.K.-1Kl.-multiling-cant say R +SH	2	Picture	consistent	767000	25172	1	20171	2	25000	20000	hit	5
A.K.-1Kl.-multiling-cant say R +SH	2	Response	32	794636	52809	1
A.K.-1Kl.-multiling-cant say R +SH	3	Picture	pos_feedback	807509	0	1	20171	1	0	20000	miss	0
A.K.-1Kl.-multiling-cant say R +SH	4	Picture	consistent	858187	25172	1	20171	2	25000	20000	hit	8
A.K.-1Kl.-multiling-cant say R +SH	4	Response	16	895614	62600	1
A.K.-1Kl.-multiling-cant say R +SH	5	Picture	pos_feedback	898696	0	1	20171	1	0	20000	miss	0
A.K.-1Kl.-multiling-cant say R +SH	6	Picture	consistent	952374	25172	1	20171	2	25000	20000	hit	11
A.K.-1Kl.-multiling-cant say R +SH	6	Response	16	986152	58950	1
A.K.-1Kl.-multiling-cant say R +SH	7	Picture	pos_feedback	992883	0	1	20171	1	0	20000	miss	0
A.K.-1Kl.-multiling-cant say R +SH	8	Picture	consistent	1049062	25172	1	20171	2	25000	20000	hit	14
A.K.-1Kl.-multiling-cant say R +SH	8	Response	32	1069285	45395	1
A.K.-1Kl.-multiling-cant say R +SH	9	Picture	pos_feedback	1089571	0	1	20171	1	0	20000	miss	0
A.K.-1Kl.-multiling-cant say R +SH	10	Picture	consistent	1140749	25172	1	20171	1	25000	20000	hit	17
A.K.-1Kl.-multiling-cant say R +SH	10	Response	32	1153870	38293	1
A.K.-1Kl.-multiling-cant say R +SH	11	Picture	pos_feedback	1181258	0	1	20171	1	0	20000	miss	0
A.K.-1Kl.-multiling-cant say R +SH	12	Picture	consistent	1234603	25172	1	20171	2	25000	20000	hit	20
A.K.-1Kl.-multiling-cant say R +SH	12	Response	32	1255022	45591	1
A.K.-1Kl.-multiling-cant say R +SH	13	Picture	pos_feedback	1275112	0	1	20171	1	0	20000	miss	0
A.K.-1Kl.-multiling-cant say R +SH	14	Picture	consistent	1331291	25172	1	20171	2	25000	20000	hit	23
A.K.-1Kl.-multiling-cant say R +SH	14	Response	32	1350298	44179	1
A.K.-1Kl.-multiling-cant say R +SH	15	Picture	pos_feedback	1371800	0	1	20171	1	0	20000	miss	0
A.K.-1Kl.-multiling-cant say R +SH	16	Picture	consistent	1422478	25172	1	20171	2	25000	20000	hit	26
A.K.-1Kl.-multiling-cant say R +SH	16	Response	16	1435295	37990	1
A.K.-1Kl.-multiling-cant say R +SH	17	Picture	pos_feedback	1462987	0	1	20171	1	0	20000	miss	0
A.K.-1Kl.-multiling-cant say R +SH	18	Picture	consistent	1516832	25172	1	20171	2	25000	20000	hit	29
A.K.-1Kl.-multiling-cant say R +SH	18	Response	16	1534889	43229	1
A.K.-1Kl.-multiling-cant say R +SH	19	Picture	pos_feedback	1557341	0	1	20171	1	0	20000	miss	0
A.K.-1Kl.-multiling-cant say R +SH	20	Picture	consistent	1613187	25172	1	20171	2	25000	20000	hit	32
A.K.-1Kl.-multiling-cant say R +SH	20	Response	32	1640704	52690	1
A.K.-1Kl.-multiling-cant say R +SH	21	Picture	pos_feedback	1653696	0	1	20171	1	0	20000	miss	0
A.K.-1Kl.-multiling-cant say R +SH	22	Picture	consistent	1704374	25172	1	20171	2	25000	20000	hit	35
A.K.-1Kl.-multiling-cant say R +SH	22	Response	16	1730786	51585	1
A.K.-1Kl.-multiling-cant say R +SH	23	Picture	pos_feedback	1744882	0	1	20171	1	0	20000	miss	0
A.K.-1Kl.-multiling-cant say R +SH	24	Picture	consistent	1801228	25172	1	20171	2	25000	20000	hit	38
A.K.-1Kl.-multiling-cant say R +SH	24	Response	32	1810552	34496	1
A.K.-1Kl.-multiling-cant say R +SH	25	Picture	pos_feedback	1841737	0	1	20171	1	0	20000	miss	0
A.K.-1Kl.-multiling-cant say R +SH	26	Picture	consistent	1897749	25172	1	20171	2	25000	20000	hit	41
A.K.-1Kl.-multiling-cant say R +SH	26	Response	32	1910399	37821	1
A.K.-1Kl.-multiling-cant say R +SH	27	Picture	pos_feedback	1938258	0	1	20171	1	0	20000	miss	0
A.K.-1Kl.-multiling-cant say R +SH	28	Picture	consistent	1989270	25172	1	20171	2	25000	20000	hit	44
A.K.-1Kl.-multiling-cant say R +SH	28	Response	16	1998421	34323	1
A.K.-1Kl.-multiling-cant say R +SH	29	Picture	pos_feedback	2029779	0	1	20171	1	0	20000	miss	0
A.K.-1Kl.-multiling-cant say R +SH	30	Picture	consistent	2083624	25172	1	20171	2	25000	20000	hit	47
A.K.-1Kl.-multiling-cant say R +SH	30	Response	16	2100565	42114	1
A.K.-1Kl.-multiling-cant say R +SH	31	Picture	pos_feedback	2124133	0	1	20171	1	0	20000	miss	0
A.K.-1Kl.-multiling-cant say R +SH	32	Response	3	2291648	137008	1
A.K.-1Kl.-multiling-cant say R +SH	33	Response	3	2301941	9438	1
A.K.-1Kl.-multiling-cant say R +SH	33	Response	3	2306311	13808	1
A.K.-1Kl.-multiling-cant say R +SH	33	Response	3	2308353	15849	1
A.K.-1Kl.-multiling-cant say R +SH	33	Response	3	2309859	17356	1
A.K.-1Kl.-multiling-cant say R +SH	33	Response	3	2311544	19041	1
A.K.-1Kl.-multiling-cant say R +SH	33	Picture	consistent	2317675	25172	1	20171	2	25000	20000	hit	56
A.K.-1Kl.-multiling-cant say R +SH	33	Response	32	2335501	42998	1
A.K.-1Kl.-multiling-cant say R +SH	34	Picture	pos_feedback	2358184	0	1	20171	1	0	20000	miss	0
A.K.-1Kl.-multiling-cant say R +SH	35	Picture	consistent	2409196	25172	1	20171	2	25000	20000	hit	59
A.K.-1Kl.-multiling-cant say R +SH	35	Response	16	2419510	35487	1
A.K.-1Kl.-multiling-cant say R +SH	36	Picture	pos_feedback	2449705	0	1	20171	1	0	20000	miss	0
A.K.-1Kl.-multiling-cant say R +SH	37	Picture	consistent	2502883	25172	1	20171	2	25000	20000	hit	62
A.K.-1Kl.-multiling-cant say R +SH	37	Response	32	2513600	35889	1
A.K.-1Kl.-multiling-cant say R +SH	38	Picture	pos_feedback	2543392	0	1	20171	1	0	20000	miss	0
A.K.-1Kl.-multiling-cant say R +SH	39	Picture	consistent	2599571	25172	1	20171	2	25000	20000	hit	65
A.K.-1Kl.-multiling-cant say R +SH	39	Response	32	2610175	35777	1
A.K.-1Kl.-multiling-cant say R +SH	40	Picture	pos_feedback	2640080	0	1	20171	1	0	20000	miss	0
A.K.-1Kl.-multiling-cant say R +SH	41	Picture	consistent	2691091	25172	1	20171	2	25000	20000	hit	68
A.K.-1Kl.-multiling-cant say R +SH	41	Response	16	2713302	47383	1
A.K.-1Kl.-multiling-cant say R +SH	42	Picture	pos_feedback	2731600	0	1	20171	1	0	20000	miss	0
A.K.-1Kl.-multiling-cant say R +SH	43	Picture	consistent	2785112	25172	1	20171	2	25000	20000	hit	71
A.K.-1Kl.-multiling-cant say R +SH	43	Response	32	2797588	37648	1
A.K.-1Kl.-multiling-cant say R +SH	44	Picture	pos_feedback	2825621	0	1	20171	1	0	20000	miss	0
A.K.-1Kl.-multiling-cant say R +SH	45	Picture	consistent	2881300	25172	1	20171	1	25000	20000	hit	74
A.K.-1Kl.-multiling-cant say R +SH	45	Response	16	2881495	25368	1
A.K.-1Kl.-multiling-cant say R +SH	46	Picture	pos_feedback	2921809	0	1	20171	1	0	20000	miss	0
A.K.-1Kl.-multiling-cant say R +SH	47	Response	32	2962321	14506	1
A.K.-1Kl.-multiling-cant say R +SH	47	Picture	consistent	2972987	25172	1	20171	1	25000	20000	hit	78
A.K.-1Kl.-multiling-cant say R +SH	47	Response	16	3000459	52644	1
A.K.-1Kl.-multiling-cant say R +SH	48	Picture	pos_feedback	3013496	0	1	20171	1	0	20000	miss	0
A.K.-1Kl.-multiling-cant say R +SH	49	Picture	consistent	3067007	25172	1	20171	2	25000	20000	hit	81
A.K.-1Kl.-multiling-cant say R +SH	49	Response	32	3076328	34493	1
A.K.-1Kl.-multiling-cant say R +SH	49	Response	32	3078761	36925	1
A.K.-1Kl.-multiling-cant say R +SH	49	Response	32	3088154	46319	1
A.K.-1Kl.-multiling-cant say R +SH	50	Picture	pos_feedback	3107516	0	1	20171	1	0	20000	miss	0
A.K.-1Kl.-multiling-cant say R +SH	51	Picture	consistent	3163695	25172	1	20171	2	25000	20000	hit	86
A.K.-1Kl.-multiling-cant say R +SH	51	Response	32	3171529	33005	2
A.K.-1Kl.-multiling-cant say R +SH	52	Picture	pos_feedback	3204204	0	1	20171	1	0	20000	miss	0
A.K.-1Kl.-multiling-cant say R +SH	53	Picture	consistent	3255216	25172	1	20171	2	25000	20000	hit	89
A.K.-1Kl.-multiling-cant say R +SH	53	Response	16	3277782	47739	1
A.K.-1Kl.-multiling-cant say R +SH	54	Picture	pos_feedback	3295724	0	1	20171	1	0	20000	miss	0
A.K.-1Kl.-multiling-cant say R +SH	55	Picture	consistent	3349236	25172	1	20171	2	25000	20000	hit	92
A.K.-1Kl.-multiling-cant say R +SH	55	Response	32	3359281	35217	1
A.K.-1Kl.-multiling-cant say R +SH	55	Response	32	3371510	47446	1
A.K.-1Kl.-multiling-cant say R +SH	56	Picture	pos_feedback	3389745	0	1	20171	1	0	20000	miss	0
A.K.-1Kl.-multiling-cant say R +SH	57	Picture	consistent	3445758	25172	1	20171	2	25000	20000	hit	96
A.K.-1Kl.-multiling-cant say R +SH	57	Response	32	3454443	33858	1
A.K.-1Kl.-multiling-cant say R +SH	58	Picture	pos_feedback	3486267	0	1	20171	1	0	20000	miss	0
A.K.-1Kl.-multiling-cant say R +SH	59	Picture	consistent	3537278	25172	1	20171	1	25000	20000	hit	99
A.K.-1Kl.-multiling-cant say R +SH	59	Response	16	3547749	35643	1
A.K.-1Kl.-multiling-cant say R +SH	60	Picture	pos_feedback	3577787	0	1	20171	1	0	20000	miss	0
A.K.-1Kl.-multiling-cant say R +SH	61	Picture	consistent	3630965	25172	1	20171	2	25000	20000	hit	102
A.K.-1Kl.-multiling-cant say R +SH	61	Response	16	3639867	34074	1
A.K.-1Kl.-multiling-cant say R +SH	62	Picture	pos_feedback	3671474	0	1	20171	1	0	20000	miss	0
A.K.-1Kl.-multiling-cant say R +SH	62	Response	32	3699481	28007	1
A.K.-1Kl.-multiling-cant say R +SH	63	Response	32	3705199	2885	1
A.K.-1Kl.-multiling-cant say R +SH	63	Response	32	3707826	5511	1
A.K.-1Kl.-multiling-cant say R +SH	63	Response	32	3710678	8364	1
A.K.-1Kl.-multiling-cant say R +SH	63	Response	32	3713870	11556	1
A.K.-1Kl.-multiling-cant say R +SH	63	Response	32	3717013	14699	1
A.K.-1Kl.-multiling-cant say R +SH	63	Response	32	3723226	20912	1
A.K.-1Kl.-multiling-cant say R +SH	63	Picture	consistent	3727486	25172	1	20171	2	25000	20000	hit	112
A.K.-1Kl.-multiling-cant say R +SH	63	Response	32	3729478	27164	1
A.K.-1Kl.-multiling-cant say R +SH	63	Response	32	3732172	29858	1
A.K.-1Kl.-multiling-cant say R +SH	63	Response	32	3735761	33447	1
A.K.-1Kl.-multiling-cant say R +SH	63	Response	32	3739002	36688	1
A.K.-1Kl.-multiling-cant say R +SH	63	Response	32	3742302	39988	1
A.K.-1Kl.-multiling-cant say R +SH	63	Response	32	3748436	46122	1
A.K.-1Kl.-multiling-cant say R +SH	64	Picture	pos_feedback	3767995	0	1	20171	1	0	20000	miss	0
A.K.-1Kl.-multiling-cant say R +SH	65	Response	16	3807395	13561	1
A.K.-1Kl.-multiling-cant say R +SH	65	Response	16	3810569	16734	1
A.K.-1Kl.-multiling-cant say R +SH	65	Response	16	3813464	19629	1
A.K.-1Kl.-multiling-cant say R +SH	65	Response	16	3816201	22367	1
A.K.-1Kl.-multiling-cant say R +SH	65	Picture	consistent	3819007	25172	1	20171	2	25000	20000	hit	124
A.K.-1Kl.-multiling-cant say R +SH	65	Response	16	3819127	25292	1
A.K.-1Kl.-multiling-cant say R +SH	65	Response	16	3825625	31791	1
A.K.-1Kl.-multiling-cant say R +SH	65	Response	16	3833562	39727	1
A.K.-1Kl.-multiling-cant say R +SH	65	Response	16	3837788	43954	1
A.K.-1Kl.-multiling-cant say R +SH	66	Picture	pos_feedback	3859515	0	1	20171	1	0	20000	miss	0
A.K.-1Kl.-multiling-cant say R +SH	67	Response	32	3900301	12446	1
A.K.-1Kl.-multiling-cant say R +SH	67	Response	32	3903644	15789	1
A.K.-1Kl.-multiling-cant say R +SH	67	Response	32	3906568	18713	1
A.K.-1Kl.-multiling-cant say R +SH	67	Response	32	3909492	21637	1
A.K.-1Kl.-multiling-cant say R +SH	67	Picture	consistent	3913027	25172	1	20171	2	25000	20000	hit	134
A.K.-1Kl.-multiling-cant say R +SH	67	Response	32	3915558	27703	1
A.K.-1Kl.-multiling-cant say R +SH	67	Response	32	3921486	33631	1
A.K.-1Kl.-multiling-cant say R +SH	67	Response	32	3924112	36257	1
A.K.-1Kl.-multiling-cant say R +SH	67	Response	32	3927235	39380	1
A.K.-1Kl.-multiling-cant say R +SH	67	Response	32	3929452	41597	1
A.K.-1Kl.-multiling-cant say R +SH	67	Response	32	3932148	44293	1
A.K.-1Kl.-multiling-cant say R +SH	67	Response	32	3936773	48917	1
A.K.-1Kl.-multiling-cant say R +SH	67	Response	32	3946102	58247	1
A.K.-1Kl.-multiling-cant say R +SH	68	Picture	pos_feedback	3953536	0	1	20171	1	0	20000	hit	143
A.K.-1Kl.-multiling-cant say R +SH	68	Response	32	3954885	1349	1
A.K.-1Kl.-multiling-cant say R +SH	69	Picture	consistent	4009549	25172	1	20171	2	25000	20000	hit	145
A.K.-1Kl.-multiling-cant say R +SH	69	Response	16	4022981	38605	1
A.K.-1Kl.-multiling-cant say R +SH	70	Picture	pos_feedback	4050058	0	1	20171	1	0	20000	miss	0
A.K.-1Kl.-multiling-cant say R +SH	71	Picture	consistent	4101069	25172	1	20171	2	25000	20000	hit	148
A.K.-1Kl.-multiling-cant say R +SH	71	Response	16	4113823	37926	1
A.K.-1Kl.-multiling-cant say R +SH	72	Picture	pos_feedback	4141578	0	1	20171	1	0	20000	miss	0
A.K.-1Kl.-multiling-cant say R +SH	73	Picture	consistent	4195090	25172	1	20171	2	25000	20000	hit	151
A.K.-1Kl.-multiling-cant say R +SH	73	Response	32	4219410	49493	1
A.K.-1Kl.-multiling-cant say R +SH	74	Picture	pos_feedback	4235598	0	1	20171	1	0	20000	miss	0
A.K.-1Kl.-multiling-cant say R +SH	75	Picture	consistent	4291611	25172	1	20171	2	25000	20000	hit	154
A.K.-1Kl.-multiling-cant say R +SH	75	Response	16	4310086	43648	1
A.K.-1Kl.-multiling-cant say R +SH	76	Picture	pos_feedback	4332120	0	1	20171	1	0	20000	miss	0
A.K.-1Kl.-multiling-cant say R +SH	77	Picture	consistent	4383131	25172	1	20171	2	25000	20000	hit	157
A.K.-1Kl.-multiling-cant say R +SH	77	Response	16	4405001	47043	1
A.K.-1Kl.-multiling-cant say R +SH	77	Response	16	4419829	61870	1
A.K.-1Kl.-multiling-cant say R +SH	78	Picture	pos_feedback	4423640	0	1	20171	1	0	20000	hit	160
A.K.-1Kl.-multiling-cant say R +SH	78	Response	16	4425116	1476	1
A.K.-1Kl.-multiling-cant say R +SH	78	Response	16	4436436	12796	1
A.K.-1Kl.-multiling-cant say R +SH	78	Response	16	4440917	17277	1
A.K.-1Kl.-multiling-cant say R +SH	79	Picture	consistent	4476818	25172	1	20171	2	25000	20000	hit	164
A.K.-1Kl.-multiling-cant say R +SH	79	Response	16	4492219	40573	1
A.K.-1Kl.-multiling-cant say R +SH	80	Picture	pos_feedback	4517327	0	1	20171	1	0	20000	miss	0
A.K.-1Kl.-multiling-cant say R +SH	81	Picture	consistent	4573006	25172	1	20171	2	25000	20000	hit	167
A.K.-1Kl.-multiling-cant say R +SH	81	Response	32	4582241	34407	1
A.K.-1Kl.-multiling-cant say R +SH	82	Picture	pos_feedback	4613515	0	1	20171	1	0	20000	miss	0
A.K.-1Kl.-multiling-cant say R +SH	83	Picture	consistent	4664526	25172	1	20171	2	25000	20000	hit	170
A.K.-1Kl.-multiling-cant say R +SH	83	Response	32	4678604	39250	1
A.K.-1Kl.-multiling-cant say R +SH	84	Picture	pos_feedback	4705035	0	1	20171	1	0	20000	miss	0
A.K.-1Kl.-multiling-cant say R +SH	85	Picture	consistent	4758547	25172	1	20171	2	25000	20000	hit	173
A.K.-1Kl.-multiling-cant say R +SH	85	Response	16	4768737	35362	1
A.K.-1Kl.-multiling-cant say R +SH	86	Picture	pos_feedback	4799056	0	1	20171	1	0	20000	miss	0
A.K.-1Kl.-multiling-cant say R +SH	87	Picture	consistent	4855068	25172	1	20171	2	25000	20000	hit	176
A.K.-1Kl.-multiling-cant say R +SH	87	Response	32	4865999	36103	1
A.K.-1Kl.-multiling-cant say R +SH	88	Picture	pos_feedback	4895577	0	1	20171	1	0	20000	miss	0
A.K.-1Kl.-multiling-cant say R +SH	89	Picture	consistent	4946589	25172	1	20171	2	25000	20000	hit	179
A.K.-1Kl.-multiling-cant say R +SH	89	Response	32	4960722	39306	1
A.K.-1Kl.-multiling-cant say R +SH	90	Picture	pos_feedback	4987098	0	1	20171	1	0	20000	miss	0
A.K.-1Kl.-multiling-cant say R +SH	91	Picture	consistent	5040609	25172	1	20171	2	25000	20000	hit	182
A.K.-1Kl.-multiling-cant say R +SH	91	Response	16	5051843	36405	1
A.K.-1Kl.-multiling-cant say R +SH	92	Picture	pos_feedback	5081118	0	1	20171	1	0	20000	miss	0
