Scenario - 
Logfile written - 02/01/2019 10:38:50

Subject	Trial	Event Type	Code	Time	TTime	Uncertainty	Duration	Uncertainty	ReqTime	ReqDur	Stim Type	Pair Index

B.3.Kl.Miss	0	Response	3	15759	15759	1
B.3.Kl.Miss	1	Response	3	1009756	990421	4
B.3.Kl.Miss	2	Picture	consistent	1038564	25172	1	20171	2	25000	20000	miss	0
B.3.Kl.Miss	3	Picture	pos_feedback	1079073	0	1	20171	1	0	20000	miss	0
B.3.Kl.Miss	4	Picture	consistent	1129918	25172	1	20171	2	25000	20000	miss	0
B.3.Kl.Miss	5	Picture	pos_feedback	1170427	0	1	20171	1	0	20000	miss	0
B.3.Kl.Miss	6	Picture	consistent	1226940	25172	1	20171	2	25000	20000	miss	0
B.3.Kl.Miss	7	Picture	pos_feedback	1267449	0	1	20171	2	0	20000	miss	0
B.3.Kl.Miss	7	Response	32	1297591	30142	1
B.3.Kl.Miss	8	Picture	consistent	1323628	25172	1	20171	2	25000	20000	hit	11
B.3.Kl.Miss	8	Response	16	1362046	63590	1
B.3.Kl.Miss	9	Picture	pos_feedback	1364137	0	1	20171	1	0	20000	miss	0
B.3.Kl.Miss	10	Picture	consistent	1415315	25172	1	20171	2	25000	20000	hit	14
B.3.Kl.Miss	10	Response	16	1444184	54041	1
B.3.Kl.Miss	11	Picture	pos_feedback	1455824	0	1	20171	1	0	20000	miss	0
B.3.Kl.Miss	12	Picture	consistent	1509336	25172	1	20171	2	25000	20000	hit	17
B.3.Kl.Miss	12	Response	32	1528172	44008	1
B.3.Kl.Miss	13	Picture	pos_feedback	1549845	0	1	20171	1	0	20000	miss	0
B.3.Kl.Miss	14	Picture	consistent	1605524	25172	1	20171	2	25000	20000	hit	20
B.3.Kl.Miss	14	Response	16	1639760	59408	1
B.3.Kl.Miss	15	Picture	pos_feedback	1646034	0	1	20171	2	0	20000	miss	0
B.3.Kl.Miss	16	Picture	consistent	1697045	25172	1	20171	2	25000	20000	hit	23
B.3.Kl.Miss	16	Response	16	1726024	54152	1
B.3.Kl.Miss	17	Picture	pos_feedback	1737554	0	1	20171	1	0	20000	miss	0
B.3.Kl.Miss	18	Picture	consistent	1791233	25172	1	20171	2	25000	20000	miss	0
B.3.Kl.Miss	19	Picture	pos_feedback	1831742	0	1	20171	2	0	20000	hit	27
B.3.Kl.Miss	19	Response	16	1844436	12695	1
B.3.Kl.Miss	20	Picture	consistent	1890588	25172	1	20171	2	25000	20000	hit	29
B.3.Kl.Miss	20	Response	32	1919808	54392	1
B.3.Kl.Miss	21	Picture	pos_feedback	1931098	0	1	20171	1	0	20000	miss	0
B.3.Kl.Miss	22	Picture	consistent	1981776	25172	1	20171	2	25000	20000	hit	32
B.3.Kl.Miss	22	Response	16	2020738	64135	1
B.3.Kl.Miss	23	Picture	pos_feedback	2022285	0	1	20171	2	0	20000	miss	0
B.3.Kl.Miss	24	Picture	consistent	2075797	25172	1	20171	2	25000	20000	hit	35
B.3.Kl.Miss	24	Response	32	2097500	46876	1
B.3.Kl.Miss	25	Picture	pos_feedback	2116306	0	2	20171	2	0	20000	miss	0
B.3.Kl.Miss	26	Picture	consistent	2175986	25172	1	20171	2	25000	20000	hit	38
B.3.Kl.Miss	26	Response	32	2198715	47901	1
B.3.Kl.Miss	27	Picture	pos_feedback	2216495	0	1	20171	1	0	20000	miss	0
B.3.Kl.Miss	28	Picture	consistent	2267506	25172	1	20171	2	25000	20000	hit	41
B.3.Kl.Miss	28	Response	16	2297714	55380	1
B.3.Kl.Miss	29	Picture	pos_feedback	2308015	0	1	20171	2	0	20000	miss	0
B.3.Kl.Miss	30	Picture	consistent	2361694	25172	1	20171	2	25000	20000	miss	0
B.3.Kl.Miss	31	Picture	pos_feedback	2402203	0	1	20171	1	0	20000	hit	45
B.3.Kl.Miss	31	Response	32	2409683	7480	1
B.3.Kl.Miss	32	Response	3	3404018	971308	5
B.3.Kl.Miss	33	Picture	consistent	3429767	25172	1	20171	2	25000	20000	hit	48
B.3.Kl.Miss	33	Response	16	3462043	57448	1
B.3.Kl.Miss	34	Picture	pos_feedback	3470276	0	1	20171	1	0	20000	miss	0
B.3.Kl.Miss	35	Picture	consistent	3521288	25172	1	20171	2	25000	20000	hit	51
B.3.Kl.Miss	35	Response	16	3548232	52116	1
B.3.Kl.Miss	36	Picture	pos_feedback	3561797	0	1	20171	1	0	20000	miss	0
B.3.Kl.Miss	37	Picture	consistent	3615475	25172	1	20171	2	25000	20000	hit	54
B.3.Kl.Miss	37	Response	32	3631948	41645	1
B.3.Kl.Miss	38	Picture	pos_feedback	3655984	0	1	20171	1	0	20000	miss	0
B.3.Kl.Miss	39	Picture	consistent	3711664	25172	1	20171	2	25000	20000	hit	57
B.3.Kl.Miss	39	Response	32	3742034	55542	1
B.3.Kl.Miss	40	Picture	pos_feedback	3752173	0	1	20171	1	0	20000	miss	0
B.3.Kl.Miss	41	Picture	consistent	3803184	25172	1	20171	2	25000	20000	hit	60
B.3.Kl.Miss	41	Response	16	3831058	53046	1
B.3.Kl.Miss	42	Picture	pos_feedback	3843693	0	1	20171	1	0	20000	miss	0
B.3.Kl.Miss	43	Picture	consistent	3897205	25172	1	20171	2	25000	20000	hit	63
B.3.Kl.Miss	43	Response	16	3915732	43699	1
B.3.Kl.Miss	44	Picture	pos_feedback	3937714	0	1	20171	1	0	20000	miss	0
B.3.Kl.Miss	45	Picture	consistent	3993727	25172	1	20171	2	25000	20000	hit	66
B.3.Kl.Miss	45	Response	16	4015167	46612	1
B.3.Kl.Miss	46	Picture	pos_feedback	4034236	0	1	20171	2	0	20000	miss	0
B.3.Kl.Miss	47	Picture	consistent	4085247	25172	1	20171	2	25000	20000	hit	69
B.3.Kl.Miss	47	Response	16	4101182	41107	1
B.3.Kl.Miss	48	Picture	pos_feedback	4125757	0	1	20171	1	0	20000	miss	0
B.3.Kl.Miss	49	Picture	consistent	4179435	25172	1	20171	1	25000	20000	hit	72
B.3.Kl.Miss	49	Response	16	4195334	41071	1
B.3.Kl.Miss	50	Picture	pos_feedback	4219944	0	1	20171	1	0	20000	miss	0
B.3.Kl.Miss	51	Picture	consistent	4278791	25172	1	20171	2	25000	20000	hit	75
B.3.Kl.Miss	51	Response	32	4306539	52920	1
B.3.Kl.Miss	52	Picture	pos_feedback	4319300	0	1	20171	1	0	20000	miss	0
B.3.Kl.Miss	53	Picture	consistent	4370311	25172	1	20171	2	25000	20000	hit	78
B.3.Kl.Miss	53	Response	32	4387148	42009	1
B.3.Kl.Miss	54	Picture	pos_feedback	4410820	0	1	20171	1	0	20000	miss	0
B.3.Kl.Miss	55	Picture	consistent	4463999	25172	1	20171	2	25000	20000	hit	81
B.3.Kl.Miss	55	Response	16	4484398	45571	1
B.3.Kl.Miss	56	Picture	pos_feedback	4504508	0	1	20171	2	0	20000	miss	0
B.3.Kl.Miss	57	Picture	consistent	4560521	25172	1	20171	2	25000	20000	hit	84
B.3.Kl.Miss	57	Response	16	4584245	48897	1
B.3.Kl.Miss	58	Picture	pos_feedback	4601030	0	1	20171	1	0	20000	miss	0
B.3.Kl.Miss	59	Picture	consistent	4651708	25172	1	20171	2	25000	20000	hit	87
B.3.Kl.Miss	59	Response	32	4664173	37637	1
B.3.Kl.Miss	59	Response	32	4665498	38963	1
B.3.Kl.Miss	60	Picture	pos_feedback	4692217	0	1	20171	1	0	20000	miss	0
B.3.Kl.Miss	61	Picture	consistent	4745896	25172	1	20171	2	25000	20000	hit	91
B.3.Kl.Miss	61	Response	16	4765271	44547	1
B.3.Kl.Miss	62	Picture	pos_feedback	4786405	0	1	20171	1	0	20000	miss	0
B.3.Kl.Miss	63	Picture	consistent	4845418	25172	1	20171	2	25000	20000	hit	94
B.3.Kl.Miss	63	Response	32	4862175	41929	1
B.3.Kl.Miss	64	Picture	pos_feedback	4885927	0	1	20171	1	0	20000	miss	0
B.3.Kl.Miss	65	Picture	consistent	4939772	25172	1	20171	2	25000	20000	hit	97
B.3.Kl.Miss	65	Response	32	4959160	44560	1
B.3.Kl.Miss	66	Picture	pos_feedback	4980282	0	1	20171	1	0	20000	miss	0
B.3.Kl.Miss	67	Picture	consistent	5033794	25172	1	20171	2	25000	20000	hit	100
B.3.Kl.Miss	67	Response	32	5059395	50774	1
B.3.Kl.Miss	68	Picture	pos_feedback	5074301	0	3	20173	3	0	20000	miss	0
B.3.Kl.Miss	69	Picture	consistent	5129982	25172	1	20171	2	25000	20000	hit	103
B.3.Kl.Miss	69	Response	32	5154225	49416	1
B.3.Kl.Miss	70	Picture	pos_feedback	5170491	0	1	20171	1	0	20000	miss	0
B.3.Kl.Miss	71	Picture	consistent	5221169	25172	1	20171	2	25000	20000	hit	106
B.3.Kl.Miss	71	Response	32	5240406	44410	1
B.3.Kl.Miss	72	Picture	pos_feedback	5261678	0	1	20171	2	0	20000	miss	0
B.3.Kl.Miss	73	Picture	consistent	5315190	25172	1	20171	2	25000	20000	hit	109
B.3.Kl.Miss	73	Response	32	5335083	45066	1
B.3.Kl.Miss	74	Picture	pos_feedback	5355699	0	1	20171	1	0	20000	miss	0
B.3.Kl.Miss	75	Picture	consistent	5411378	25172	1	20171	2	25000	20000	hit	112
B.3.Kl.Miss	75	Response	32	5426867	40661	1
B.3.Kl.Miss	76	Picture	pos_feedback	5451887	0	1	20171	1	0	20000	miss	0
B.3.Kl.Miss	77	Picture	consistent	5502565	25172	1	20171	2	25000	20000	hit	115
B.3.Kl.Miss	77	Response	16	5517261	39868	1
B.3.Kl.Miss	78	Picture	pos_feedback	5543074	0	1	20171	1	0	20000	miss	0
B.3.Kl.Miss	79	Picture	consistent	5596587	25172	1	20171	2	25000	20000	hit	118
B.3.Kl.Miss	79	Response	16	5615636	44222	1
B.3.Kl.Miss	80	Picture	pos_feedback	5637096	0	1	20171	1	0	20000	miss	0
B.3.Kl.Miss	81	Picture	consistent	5693108	25172	1	20171	2	25000	20000	hit	121
B.3.Kl.Miss	81	Response	32	5711888	43953	1
B.3.Kl.Miss	82	Picture	pos_feedback	5733617	0	1	20171	2	0	20000	miss	0
B.3.Kl.Miss	83	Picture	consistent	5784629	25172	1	20171	2	25000	20000	hit	124
B.3.Kl.Miss	83	Response	32	5806164	46708	1
B.3.Kl.Miss	84	Picture	pos_feedback	5825138	0	1	20171	2	0	20000	miss	0
B.3.Kl.Miss	85	Picture	consistent	5878650	25172	1	20171	2	25000	20000	hit	127
B.3.Kl.Miss	85	Response	16	5906315	52837	1
B.3.Kl.Miss	86	Picture	pos_feedback	5919159	0	1	20171	1	0	20000	miss	0
B.3.Kl.Miss	87	Picture	consistent	5975338	25172	1	20171	2	25000	20000	hit	130
B.3.Kl.Miss	87	Response	32	6003972	53806	1
B.3.Kl.Miss	88	Picture	pos_feedback	6015847	0	1	20171	1	0	20000	miss	0
B.3.Kl.Miss	89	Picture	consistent	6066859	25172	1	20171	2	25000	20000	hit	133
B.3.Kl.Miss	89	Response	32	6079408	37722	1
B.3.Kl.Miss	90	Picture	pos_feedback	6107368	0	1	20171	1	0	20000	miss	0
B.3.Kl.Miss	91	Picture	consistent	6160880	25172	1	20171	2	25000	20000	hit	136
B.3.Kl.Miss	91	Response	16	6174980	39273	1
B.3.Kl.Miss	92	Picture	pos_feedback	6201389	0	1	20171	1	0	20000	miss	0
