Scenario - 
Logfile written - 01/22/2019 11:06:42

Subject	Trial	Event Type	Code	Time	TTime	Uncertainty	Duration	Uncertainty	ReqTime	ReqDur	Stim Type	Pair Index

C.B.-2Kl.-engl	1	Response	3	33033	12364	2
C.B.-2Kl.-engl	1	Response	3	1350282	1329613	1
C.B.-2Kl.-engl	2	Picture	consistent	1375968	25172	1	20171	2	25000	20000	miss	0
C.B.-2Kl.-engl	3	Picture	pos_feedback	1416477	0	1	20171	1	0	20000	miss	0
C.B.-2Kl.-engl	4	Picture	consistent	1467655	25172	1	20171	2	25000	20000	hit	6
C.B.-2Kl.-engl	4	Response	16	1499424	56941	1
C.B.-2Kl.-engl	5	Picture	pos_feedback	1508164	0	1	20171	1	0	20000	miss	0
C.B.-2Kl.-engl	6	Picture	consistent	1561675	25172	1	20171	2	25000	20000	miss	0
C.B.-2Kl.-engl	7	Picture	pos_feedback	1602184	0	1	20171	1	0	20000	hit	10
C.B.-2Kl.-engl	7	Response	32	1606113	3929	1
C.B.-2Kl.-engl	8	Picture	consistent	1657863	25172	1	20171	2	25000	20000	hit	12
C.B.-2Kl.-engl	8	Response	32	1675194	42503	1
C.B.-2Kl.-engl	9	Picture	pos_feedback	1698372	0	1	20171	1	0	20000	miss	0
C.B.-2Kl.-engl	10	Picture	consistent	1752217	25172	1	20171	2	25000	20000	hit	15
C.B.-2Kl.-engl	10	Response	32	1764949	37904	1
C.B.-2Kl.-engl	11	Picture	pos_feedback	1792726	0	1	20171	1	0	20000	miss	0
C.B.-2Kl.-engl	12	Picture	consistent	1846238	25172	1	20171	2	25000	20000	hit	18
C.B.-2Kl.-engl	12	Response	16	1861592	40526	1
C.B.-2Kl.-engl	13	Picture	pos_feedback	1886747	0	1	20171	1	0	20000	miss	0
C.B.-2Kl.-engl	14	Picture	consistent	1942426	25172	1	20171	2	25000	20000	hit	21
C.B.-2Kl.-engl	14	Response	32	1957994	40741	1
C.B.-2Kl.-engl	15	Picture	pos_feedback	1982935	0	1	20171	1	0	20000	miss	0
C.B.-2Kl.-engl	16	Picture	consistent	2033779	25172	1	20171	2	25000	20000	hit	24
C.B.-2Kl.-engl	16	Response	16	2043755	35148	1
C.B.-2Kl.-engl	17	Picture	pos_feedback	2074288	0	1	20171	1	0	20000	miss	0
C.B.-2Kl.-engl	18	Picture	consistent	2127800	25172	1	20171	2	25000	20000	hit	27
C.B.-2Kl.-engl	18	Response	32	2140134	37506	1
C.B.-2Kl.-engl	19	Picture	pos_feedback	2168309	0	1	20171	1	0	20000	miss	0
C.B.-2Kl.-engl	20	Picture	consistent	2224321	25172	1	20171	2	25000	20000	hit	30
C.B.-2Kl.-engl	20	Response	16	2234992	35843	1
C.B.-2Kl.-engl	21	Picture	pos_feedback	2264830	0	1	20171	1	0	20000	miss	0
C.B.-2Kl.-engl	22	Response	16	2315498	24662	1
C.B.-2Kl.-engl	22	Picture	consistent	2316008	25172	1	20171	2	25000	20000	hit	34
C.B.-2Kl.-engl	22	Response	32	2323997	33161	1
C.B.-2Kl.-engl	22	Response	16	2334517	43681	1
C.B.-2Kl.-engl	23	Picture	pos_feedback	2356517	0	1	20171	1	0	20000	miss	0
C.B.-2Kl.-engl	24	Picture	consistent	2410029	25172	1	20171	2	25000	20000	hit	38
C.B.-2Kl.-engl	24	Response	16	2426486	41630	1
C.B.-2Kl.-engl	25	Picture	pos_feedback	2450538	0	1	20171	1	0	20000	miss	0
C.B.-2Kl.-engl	26	Picture	consistent	2506550	25172	1	20171	2	25000	20000	hit	41
C.B.-2Kl.-engl	26	Response	32	2517597	36219	1
C.B.-2Kl.-engl	27	Picture	pos_feedback	2547059	0	1	20171	1	0	20000	miss	0
C.B.-2Kl.-engl	28	Picture	consistent	2598071	25172	1	20171	1	25000	20000	hit	44
C.B.-2Kl.-engl	28	Response	16	2605421	32523	1
C.B.-2Kl.-engl	29	Picture	pos_feedback	2638579	0	1	20171	1	0	20000	miss	0
C.B.-2Kl.-engl	30	Picture	consistent	2692091	25172	1	20171	2	25000	20000	hit	47
C.B.-2Kl.-engl	30	Response	32	2711318	44399	1
C.B.-2Kl.-engl	31	Picture	pos_feedback	2732600	0	1	20171	1	0	20000	miss	0
C.B.-2Kl.-engl	32	Response	3	3894041	1130934	1
C.B.-2Kl.-engl	33	Picture	consistent	3920195	25172	1	20171	2	25000	20000	hit	51
C.B.-2Kl.-engl	33	Response	16	3946813	51790	1
C.B.-2Kl.-engl	34	Picture	pos_feedback	3960704	0	1	20171	1	0	20000	miss	0
C.B.-2Kl.-engl	35	Picture	consistent	4011882	25172	1	20171	2	25000	20000	hit	54
C.B.-2Kl.-engl	35	Response	32	4020490	33779	1
C.B.-2Kl.-engl	36	Picture	pos_feedback	4052391	0	1	20171	1	0	20000	miss	0
C.B.-2Kl.-engl	37	Picture	consistent	4106237	25172	1	20171	2	25000	20000	hit	57
C.B.-2Kl.-engl	37	Response	16	4114534	33469	1
C.B.-2Kl.-engl	38	Picture	pos_feedback	4146745	0	1	20171	1	0	20000	miss	0
C.B.-2Kl.-engl	39	Picture	consistent	4202591	25172	1	20171	2	25000	20000	hit	60
C.B.-2Kl.-engl	39	Response	32	4210856	33437	1
C.B.-2Kl.-engl	40	Picture	pos_feedback	4243100	0	1	20171	1	0	20000	miss	0
C.B.-2Kl.-engl	41	Picture	consistent	4294111	25172	1	20171	2	25000	20000	hit	63
C.B.-2Kl.-engl	41	Response	16	4299279	30340	1
C.B.-2Kl.-engl	41	Response	32	4299304	30365	1
C.B.-2Kl.-engl	42	Picture	pos_feedback	4334620	0	1	20171	1	0	20000	miss	0
C.B.-2Kl.-engl	43	Picture	consistent	4388132	25172	1	20171	2	25000	20000	hit	67
C.B.-2Kl.-engl	43	Response	16	4396928	33968	1
C.B.-2Kl.-engl	44	Picture	pos_feedback	4428641	0	1	20171	1	0	20000	miss	0
C.B.-2Kl.-engl	45	Response	32	4468951	9803	1
C.B.-2Kl.-engl	45	Picture	consistent	4484320	25172	1	20171	2	25000	20000	hit	71
C.B.-2Kl.-engl	45	Response	32	4499552	40404	1
C.B.-2Kl.-engl	46	Picture	pos_feedback	4524829	0	1	20171	1	0	20000	miss	0
C.B.-2Kl.-engl	47	Picture	consistent	4575840	25172	1	20171	2	25000	20000	hit	74
C.B.-2Kl.-engl	47	Response	16	4594740	44072	1
C.B.-2Kl.-engl	48	Picture	pos_feedback	4616349	0	1	20171	1	0	20000	miss	0
C.B.-2Kl.-engl	49	Picture	consistent	4670027	25172	1	20171	2	25000	20000	hit	77
C.B.-2Kl.-engl	49	Response	32	4683276	38421	1
C.B.-2Kl.-engl	50	Picture	pos_feedback	4710536	0	1	20171	1	0	20000	miss	0
C.B.-2Kl.-engl	51	Picture	consistent	4766549	25172	1	20171	2	25000	20000	hit	80
C.B.-2Kl.-engl	51	Response	16	4784896	43519	1
C.B.-2Kl.-engl	51	Response	32	4785434	44057	1
C.B.-2Kl.-engl	51	Response	16	4790049	48672	1
C.B.-2Kl.-engl	52	Picture	pos_feedback	4807058	0	1	20171	1	0	20000	hit	84
C.B.-2Kl.-engl	52	Response	16	4814882	7824	1
C.B.-2Kl.-engl	53	Picture	consistent	4857736	25172	1	20171	1	25000	20000	hit	86
C.B.-2Kl.-engl	53	Response	16	4876340	43777	1
C.B.-2Kl.-engl	54	Picture	pos_feedback	4898245	0	1	20171	1	0	20000	miss	0
C.B.-2Kl.-engl	55	Picture	consistent	4951423	25172	1	20171	2	25000	20000	hit	89
C.B.-2Kl.-engl	55	Response	32	4966975	40724	1
C.B.-2Kl.-engl	56	Picture	pos_feedback	4991932	0	1	20171	1	0	20000	miss	0
C.B.-2Kl.-engl	57	Picture	consistent	5047944	25172	1	20171	2	25000	20000	hit	92
C.B.-2Kl.-engl	57	Response	16	5068726	45954	1
C.B.-2Kl.-engl	58	Picture	pos_feedback	5088453	0	1	20171	1	0	20000	miss	0
C.B.-2Kl.-engl	59	Picture	consistent	5139298	25172	1	20171	2	25000	20000	hit	95
C.B.-2Kl.-engl	59	Response	32	5159576	45451	1
C.B.-2Kl.-engl	60	Picture	pos_feedback	5179807	0	1	20171	1	0	20000	miss	0
C.B.-2Kl.-engl	61	Picture	consistent	5233485	25172	1	20171	2	25000	20000	hit	98
C.B.-2Kl.-engl	61	Response	16	5250051	41738	1
C.B.-2Kl.-engl	62	Picture	pos_feedback	5273994	0	1	20171	1	0	20000	miss	0
C.B.-2Kl.-engl	62	Response	32	5299409	25415	1
C.B.-2Kl.-engl	63	Response	16	5309460	4625	1
C.B.-2Kl.-engl	63	Picture	consistent	5330006	25172	1	20171	2	25000	20000	hit	103
C.B.-2Kl.-engl	63	Response	16	5344483	39648	1
C.B.-2Kl.-engl	64	Picture	pos_feedback	5370515	0	1	20171	1	0	20000	miss	0
C.B.-2Kl.-engl	65	Picture	consistent	5421693	25172	1	20171	2	25000	20000	hit	106
C.B.-2Kl.-engl	65	Response	32	5435510	38988	1
C.B.-2Kl.-engl	66	Picture	pos_feedback	5462202	0	1	20171	1	0	20000	miss	0
C.B.-2Kl.-engl	67	Picture	consistent	5521715	25172	1	20171	2	25000	20000	hit	109
C.B.-2Kl.-engl	67	Response	16	5535366	38823	1
C.B.-2Kl.-engl	67	Response	32	5541223	44680	1
C.B.-2Kl.-engl	67	Response	32	5546902	50359	1
C.B.-2Kl.-engl	68	Picture	pos_feedback	5562224	0	1	20171	1	0	20000	miss	0
C.B.-2Kl.-engl	69	Picture	consistent	5618237	25172	1	20171	2	25000	20000	hit	114
C.B.-2Kl.-engl	69	Response	16	5629040	35976	1
C.B.-2Kl.-engl	69	Response	32	5636938	43874	1
C.B.-2Kl.-engl	70	Picture	pos_feedback	5658746	0	1	20171	1	0	20000	miss	0
C.B.-2Kl.-engl	71	Picture	consistent	5709757	25172	1	20171	2	25000	20000	miss	0
C.B.-2Kl.-engl	72	Picture	pos_feedback	5750266	0	1	20171	1	0	20000	miss	0
C.B.-2Kl.-engl	73	Picture	consistent	5803611	25172	1	20171	1	25000	20000	hit	120
C.B.-2Kl.-engl	73	Response	32	5817792	39354	1
C.B.-2Kl.-engl	74	Picture	pos_feedback	5844120	0	1	20171	1	0	20000	miss	0
C.B.-2Kl.-engl	75	Picture	consistent	5900132	25172	1	20171	2	25000	20000	hit	123
C.B.-2Kl.-engl	75	Response	16	5917682	42722	1
C.B.-2Kl.-engl	76	Picture	pos_feedback	5940641	0	1	20171	1	0	20000	miss	0
C.B.-2Kl.-engl	77	Picture	consistent	5991319	25172	1	20171	2	25000	20000	hit	126
C.B.-2Kl.-engl	77	Response	32	6009296	43149	1
C.B.-2Kl.-engl	78	Picture	pos_feedback	6031828	0	1	20171	1	0	20000	miss	0
C.B.-2Kl.-engl	79	Picture	consistent	6085340	25172	1	20171	2	25000	20000	hit	129
C.B.-2Kl.-engl	79	Response	32	6101363	41196	1
C.B.-2Kl.-engl	80	Picture	pos_feedback	6125849	0	1	20171	1	0	20000	miss	0
C.B.-2Kl.-engl	81	Picture	consistent	6181528	25172	1	20171	2	25000	20000	hit	132
C.B.-2Kl.-engl	81	Response	16	6197120	40765	1
C.B.-2Kl.-engl	82	Picture	pos_feedback	6222036	0	1	20171	1	0	20000	miss	0
C.B.-2Kl.-engl	83	Picture	consistent	6272714	25172	1	20171	2	25000	20000	hit	135
C.B.-2Kl.-engl	83	Response	32	6287749	40207	1
C.B.-2Kl.-engl	84	Picture	pos_feedback	6313223	0	1	20171	1	0	20000	miss	0
C.B.-2Kl.-engl	85	Picture	consistent	6366402	25172	1	20171	2	25000	20000	hit	138
C.B.-2Kl.-engl	85	Response	16	6381806	40576	1
C.B.-2Kl.-engl	86	Picture	pos_feedback	6406911	0	1	20171	1	0	20000	miss	0
C.B.-2Kl.-engl	87	Picture	consistent	6465757	25172	1	20171	2	25000	20000	hit	141
C.B.-2Kl.-engl	87	Response	16	6482162	41577	1
C.B.-2Kl.-engl	87	Response	32	6505575	64990	1
C.B.-2Kl.-engl	88	Picture	pos_feedback	6506266	0	1	20171	1	0	20000	miss	0
C.B.-2Kl.-engl	89	Picture	consistent	6556944	25172	1	20171	2	25000	20000	hit	145
C.B.-2Kl.-engl	89	Response	32	6578033	46261	1
C.B.-2Kl.-engl	89	Response	16	6585072	53301	1
C.B.-2Kl.-engl	90	Picture	pos_feedback	6597453	0	1	20171	1	0	20000	miss	0
C.B.-2Kl.-engl	91	Picture	consistent	6650631	25172	1	20171	2	25000	20000	hit	149
C.B.-2Kl.-engl	91	Response	32	6666624	41166	1
C.B.-2Kl.-engl	92	Picture	pos_feedback	6691140	0	1	20171	1	0	20000	miss	0
