Scenario - 
Logfile written - 02/12/2019 10:21:20

Subject	Trial	Event Type	Code	Time	TTime	Uncertainty	Duration	Uncertainty	ReqTime	ReqDur	Stim Type	Pair Index

D.C.2Kl.	0	Response	3	19107	19107	1
D.C.2Kl.	1	Response	3	121172	95335	1
D.C.2Kl.	2	Picture	consistent	147031	25172	1	20171	2	25000	20000	hit	4
D.C.2Kl.	2	Response	32	165001	43142	1
D.C.2Kl.	3	Picture	pos_feedback	187540	0	1	20171	1	0	20000	miss	0
D.C.2Kl.	4	Picture	consistent	238384	25172	1	20171	2	25000	20000	hit	7
D.C.2Kl.	4	Response	16	255488	42276	1
D.C.2Kl.	5	Picture	pos_feedback	278893	0	1	20171	2	0	20000	miss	0
D.C.2Kl.	6	Picture	consistent	332405	25172	1	20171	2	25000	20000	hit	10
D.C.2Kl.	6	Response	16	349876	42643	1
D.C.2Kl.	7	Picture	pos_feedback	372915	0	1	20171	1	0	20000	miss	0
D.C.2Kl.	8	Picture	consistent	429094	25172	1	20171	2	25000	20000	hit	13
D.C.2Kl.	8	Response	16	443420	39498	1
D.C.2Kl.	9	Picture	pos_feedback	469603	0	1	20171	1	0	20000	miss	0
D.C.2Kl.	10	Picture	consistent	520614	25172	1	20171	2	25000	20000	hit	16
D.C.2Kl.	10	Response	16	540913	45471	1
D.C.2Kl.	11	Picture	pos_feedback	561123	0	1	20171	2	0	20000	miss	0
D.C.2Kl.	12	Picture	consistent	614635	25172	1	20171	2	25000	20000	hit	19
D.C.2Kl.	12	Response	16	630309	40846	1
D.C.2Kl.	13	Picture	pos_feedback	655145	0	1	20171	1	0	20000	miss	0
D.C.2Kl.	14	Picture	consistent	711324	25172	1	20171	2	25000	20000	hit	22
D.C.2Kl.	14	Response	16	725546	39395	1
D.C.2Kl.	15	Picture	pos_feedback	751833	0	1	20171	1	0	20000	miss	0
D.C.2Kl.	16	Picture	consistent	802844	25172	1	20171	2	25000	20000	hit	25
D.C.2Kl.	16	Response	32	815485	37813	1
D.C.2Kl.	17	Picture	pos_feedback	843353	0	1	20171	1	0	20000	miss	0
D.C.2Kl.	18	Picture	consistent	897032	25172	1	20171	2	25000	20000	hit	28
D.C.2Kl.	18	Response	16	915573	43713	1
D.C.2Kl.	19	Picture	pos_feedback	937541	0	1	20171	2	0	20000	miss	0
D.C.2Kl.	20	Picture	consistent	993554	25172	1	20171	2	25000	20000	hit	31
D.C.2Kl.	20	Response	32	1009965	41583	1
D.C.2Kl.	21	Picture	pos_feedback	1034063	0	1	20171	2	0	20000	miss	0
D.C.2Kl.	22	Picture	consistent	1084908	25172	1	20171	2	25000	20000	hit	34
D.C.2Kl.	22	Response	32	1098970	39234	1
D.C.2Kl.	23	Picture	pos_feedback	1125417	0	1	20171	2	0	20000	miss	0
D.C.2Kl.	24	Picture	consistent	1179095	25172	1	20171	2	25000	20000	hit	37
D.C.2Kl.	24	Response	16	1192080	38157	1
D.C.2Kl.	25	Picture	pos_feedback	1219604	0	1	20171	2	0	20000	miss	0
D.C.2Kl.	26	Picture	consistent	1276117	25172	1	20171	2	25000	20000	hit	40
D.C.2Kl.	26	Response	16	1290959	40014	1
D.C.2Kl.	27	Picture	pos_feedback	1316626	0	1	20171	2	0	20000	miss	0
D.C.2Kl.	28	Picture	consistent	1367638	25172	1	20171	2	25000	20000	hit	43
D.C.2Kl.	28	Response	32	1383528	41063	1
D.C.2Kl.	29	Picture	pos_feedback	1408147	0	1	20171	1	0	20000	miss	0
D.C.2Kl.	30	Picture	consistent	1461992	25172	1	20171	2	25000	20000	hit	46
D.C.2Kl.	30	Response	16	1477259	40439	2
D.C.2Kl.	31	Picture	pos_feedback	1502501	0	1	20171	2	0	20000	miss	0
D.C.2Kl.	32	Response	3	1707931	174923	1
D.C.2Kl.	33	Picture	consistent	1733720	25172	1	20171	2	25000	20000	hit	50
D.C.2Kl.	33	Response	16	1749370	40822	1
D.C.2Kl.	34	Picture	pos_feedback	1774229	0	1	20171	1	0	20000	miss	0
D.C.2Kl.	35	Picture	consistent	1825240	25172	1	20171	2	25000	20000	hit	53
D.C.2Kl.	35	Response	16	1839143	39075	1
D.C.2Kl.	36	Picture	pos_feedback	1865749	0	1	20171	1	0	20000	miss	0
D.C.2Kl.	37	Picture	consistent	1919095	25172	1	20171	2	25000	20000	hit	56
D.C.2Kl.	37	Response	16	1937254	43332	1
D.C.2Kl.	38	Picture	pos_feedback	1959604	0	1	20171	1	0	20000	miss	0
D.C.2Kl.	39	Picture	consistent	2015950	25172	1	20171	2	25000	20000	hit	59
D.C.2Kl.	39	Response	32	2028019	37242	1
D.C.2Kl.	40	Picture	pos_feedback	2056459	0	1	20171	2	0	20000	miss	0
D.C.2Kl.	41	Picture	consistent	2107470	25172	1	20171	2	25000	20000	hit	62
D.C.2Kl.	41	Response	16	2117274	34976	1
D.C.2Kl.	42	Picture	pos_feedback	2147979	0	1	20171	1	0	20000	miss	0
D.C.2Kl.	43	Picture	consistent	2201325	25172	1	20171	2	25000	20000	hit	65
D.C.2Kl.	43	Response	32	2218167	42015	2
D.C.2Kl.	44	Picture	pos_feedback	2241834	0	1	20171	2	0	20000	miss	0
D.C.2Kl.	45	Picture	consistent	2297846	25172	1	20171	2	25000	20000	hit	68
D.C.2Kl.	45	Response	16	2309246	36572	2
D.C.2Kl.	46	Picture	pos_feedback	2338355	0	1	20171	2	0	20000	miss	0
D.C.2Kl.	47	Picture	consistent	2389367	25172	1	20171	2	25000	20000	hit	71
D.C.2Kl.	47	Response	32	2404097	39902	2
D.C.2Kl.	48	Picture	pos_feedback	2429876	0	2	20171	2	0	20000	miss	0
D.C.2Kl.	49	Picture	consistent	2483555	25172	1	20171	2	25000	20000	hit	74
D.C.2Kl.	49	Response	32	2498332	39950	1
D.C.2Kl.	50	Picture	pos_feedback	2524064	0	2	20171	2	0	20000	miss	0
D.C.2Kl.	51	Picture	consistent	2580243	25172	1	20171	2	25000	20000	hit	77
D.C.2Kl.	51	Response	32	2601928	46857	1
D.C.2Kl.	52	Picture	pos_feedback	2620752	0	1	20171	2	0	20000	miss	0
D.C.2Kl.	53	Picture	consistent	2671930	25172	1	20171	2	25000	20000	hit	80
D.C.2Kl.	53	Response	32	2691013	44255	1
D.C.2Kl.	54	Picture	pos_feedback	2712439	0	1	20171	2	0	20000	miss	0
D.C.2Kl.	55	Picture	consistent	2765951	25172	1	20171	2	25000	20000	hit	83
D.C.2Kl.	55	Response	32	2778101	37322	1
D.C.2Kl.	56	Picture	pos_feedback	2806461	0	1	20171	2	0	20000	miss	0
D.C.2Kl.	57	Picture	consistent	2862640	25172	1	20171	2	25000	20000	hit	86
D.C.2Kl.	57	Response	16	2880617	43150	1
D.C.2Kl.	58	Picture	pos_feedback	2903149	0	1	20171	1	0	20000	miss	0
D.C.2Kl.	59	Picture	consistent	2954160	25172	1	20171	2	25000	20000	hit	89
D.C.2Kl.	59	Response	32	2967404	38416	1
D.C.2Kl.	60	Picture	pos_feedback	2994669	0	1	20171	1	0	20000	miss	0
D.C.2Kl.	61	Picture	consistent	3048181	25172	2	20171	2	25000	20000	hit	92
D.C.2Kl.	61	Response	16	3059902	36893	1
D.C.2Kl.	62	Picture	pos_feedback	3088690	0	1	20171	2	0	20000	miss	0
D.C.2Kl.	63	Picture	consistent	3144703	25172	1	20171	2	25000	20000	hit	95
D.C.2Kl.	63	Response	32	3157029	37499	1
D.C.2Kl.	64	Picture	pos_feedback	3185212	0	1	20171	1	0	20000	miss	0
D.C.2Kl.	65	Picture	consistent	3236390	25172	1	20171	2	25000	20000	hit	98
D.C.2Kl.	65	Response	16	3248427	37209	1
D.C.2Kl.	66	Picture	pos_feedback	3276899	0	1	20171	2	0	20000	miss	0
D.C.2Kl.	67	Picture	consistent	3330411	25172	1	20171	2	25000	20000	hit	101
D.C.2Kl.	67	Response	32	3350392	45153	1
D.C.2Kl.	68	Picture	pos_feedback	3370920	0	1	20171	2	0	20000	miss	0
D.C.2Kl.	69	Picture	consistent	3426766	25172	1	20171	2	25000	20000	hit	104
D.C.2Kl.	69	Response	16	3446906	45312	2
D.C.2Kl.	70	Picture	pos_feedback	3467275	0	1	20171	2	0	20000	miss	0
D.C.2Kl.	71	Picture	consistent	3518454	25172	1	20171	3	25000	20000	hit	107
D.C.2Kl.	71	Response	32	3537122	43840	1
D.C.2Kl.	72	Picture	pos_feedback	3558963	0	1	20171	1	0	20000	miss	0
D.C.2Kl.	73	Picture	consistent	3612808	25172	1	20171	2	25000	20000	hit	110
D.C.2Kl.	73	Response	32	3626952	39316	2
D.C.2Kl.	74	Picture	pos_feedback	3653317	0	1	20171	1	0	20000	miss	0
D.C.2Kl.	75	Picture	consistent	3709330	25172	1	20171	3	25000	20000	hit	113
D.C.2Kl.	75	Response	32	3726566	42408	1
D.C.2Kl.	76	Picture	pos_feedback	3749839	0	1	20171	2	0	20000	miss	0
D.C.2Kl.	77	Picture	consistent	3800850	25172	1	20171	2	25000	20000	hit	116
D.C.2Kl.	77	Response	32	3815450	39772	2
D.C.2Kl.	78	Picture	pos_feedback	3841359	0	1	20171	2	0	20000	miss	0
D.C.2Kl.	79	Picture	consistent	3894705	25172	1	20171	2	25000	20000	hit	119
D.C.2Kl.	79	Response	16	3916886	47354	1
D.C.2Kl.	79	Response	32	3918542	49009	1
D.C.2Kl.	80	Picture	pos_feedback	3935214	0	1	20171	2	0	20000	miss	0
D.C.2Kl.	81	Picture	consistent	3991393	25172	1	20171	2	25000	20000	hit	123
D.C.2Kl.	81	Response	32	4013091	46870	1
D.C.2Kl.	82	Picture	pos_feedback	4031902	0	1	20171	2	0	20000	miss	0
D.C.2Kl.	83	Picture	consistent	4082914	25172	1	20171	2	25000	20000	hit	126
D.C.2Kl.	83	Response	32	4097246	39504	1
D.C.2Kl.	84	Picture	pos_feedback	4123423	0	2	20171	2	0	20000	miss	0
D.C.2Kl.	85	Picture	consistent	4177101	25172	1	20171	2	25000	20000	hit	129
D.C.2Kl.	85	Response	32	4187445	35516	1
D.C.2Kl.	86	Picture	pos_feedback	4217610	0	1	20171	2	0	20000	miss	0
D.C.2Kl.	87	Picture	consistent	4273623	25172	1	20171	2	25000	20000	hit	132
D.C.2Kl.	87	Response	32	4285844	37394	1
D.C.2Kl.	88	Picture	pos_feedback	4314132	0	1	20171	2	0	20000	miss	0
D.C.2Kl.	89	Picture	consistent	4365310	25172	1	20171	2	25000	20000	hit	135
D.C.2Kl.	89	Response	16	4376529	36391	1
D.C.2Kl.	90	Picture	pos_feedback	4405819	0	1	20171	2	0	20000	miss	0
D.C.2Kl.	91	Picture	consistent	4459331	25172	1	20171	2	25000	20000	hit	138
D.C.2Kl.	91	Response	32	4474072	39913	1
D.C.2Kl.	92	Picture	pos_feedback	4499840	0	1	20171	2	0	20000	miss	0
