Scenario - 
Logfile written - 01/22/2019 10:00:23

Subject	Trial	Event Type	Code	Time	TTime	Uncertainty	Duration	Uncertainty	ReqTime	ReqDur	Stim Type	Pair Index

D.S.-2.Kl-alban.	1	Response	3	69343	19168	1
D.S.-2.Kl-alban.	1	Response	3	1491352	1441177	1
D.S.-2.Kl-alban.	2	Picture	consistent	1517166	25172	1	20171	2	25000	20000	miss	0
D.S.-2.Kl-alban.	3	Picture	pos_feedback	1557674	0	1	20171	1	0	20000	miss	0
D.S.-2.Kl-alban.	4	Picture	consistent	1608686	25172	1	20171	2	25000	20000	hit	6
D.S.-2.Kl-alban.	4	Response	32	1633936	50423	1
D.S.-2.Kl-alban.	5	Picture	pos_feedback	1649195	0	1	20171	1	0	20000	miss	0
D.S.-2.Kl-alban.	6	Picture	consistent	1705707	25172	1	20171	2	25000	20000	hit	9
D.S.-2.Kl-alban.	6	Response	16	1724506	43972	1
D.S.-2.Kl-alban.	7	Picture	pos_feedback	1746216	0	1	20171	1	0	20000	miss	0
D.S.-2.Kl-alban.	8	Picture	consistent	1802228	25172	1	20171	2	25000	20000	hit	12
D.S.-2.Kl-alban.	8	Response	16	1819958	42902	1
D.S.-2.Kl-alban.	9	Picture	pos_feedback	1842737	0	1	20171	1	0	20000	miss	0
D.S.-2.Kl-alban.	10	Picture	consistent	1893749	25172	1	20171	2	25000	20000	hit	15
D.S.-2.Kl-alban.	10	Response	32	1920452	51876	1
D.S.-2.Kl-alban.	11	Picture	pos_feedback	1934258	0	1	20171	1	0	20000	miss	0
D.S.-2.Kl-alban.	12	Picture	consistent	1987769	25172	1	20171	2	25000	20000	hit	18
D.S.-2.Kl-alban.	12	Response	16	2011102	48505	1
D.S.-2.Kl-alban.	13	Picture	pos_feedback	2028278	0	1	20171	1	0	20000	miss	0
D.S.-2.Kl-alban.	14	Picture	consistent	2084124	25172	1	20171	2	25000	20000	hit	21
D.S.-2.Kl-alban.	14	Response	32	2102653	43701	1
D.S.-2.Kl-alban.	15	Picture	pos_feedback	2124633	0	1	20171	1	0	20000	miss	0
D.S.-2.Kl-alban.	16	Picture	consistent	2175644	25172	1	20171	1	25000	20000	hit	24
D.S.-2.Kl-alban.	16	Response	16	2198650	48178	1
D.S.-2.Kl-alban.	17	Picture	pos_feedback	2216153	0	1	20171	1	0	20000	miss	0
D.S.-2.Kl-alban.	18	Picture	consistent	2269665	25172	1	20171	2	25000	20000	hit	27
D.S.-2.Kl-alban.	18	Response	32	2291442	46950	1
D.S.-2.Kl-alban.	19	Picture	pos_feedback	2310174	0	1	20171	1	0	20000	miss	0
D.S.-2.Kl-alban.	20	Picture	consistent	2366019	25172	1	20171	2	25000	20000	hit	30
D.S.-2.Kl-alban.	20	Response	16	2385028	44181	1
D.S.-2.Kl-alban.	21	Picture	pos_feedback	2406528	0	1	20171	1	0	20000	miss	0
D.S.-2.Kl-alban.	22	Picture	consistent	2457540	25172	1	20171	2	25000	20000	hit	33
D.S.-2.Kl-alban.	22	Response	32	2476886	44518	1
D.S.-2.Kl-alban.	23	Picture	pos_feedback	2498049	0	1	20171	1	0	20000	miss	0
D.S.-2.Kl-alban.	24	Picture	consistent	2551227	25172	1	20171	2	25000	20000	hit	36
D.S.-2.Kl-alban.	24	Response	32	2574133	48078	1
D.S.-2.Kl-alban.	25	Picture	pos_feedback	2591736	0	1	20171	1	0	20000	miss	0
D.S.-2.Kl-alban.	26	Picture	consistent	2650582	25172	1	20171	2	25000	20000	hit	39
D.S.-2.Kl-alban.	26	Response	32	2667772	42362	1
D.S.-2.Kl-alban.	27	Picture	pos_feedback	2691091	0	1	20171	1	0	20000	miss	0
D.S.-2.Kl-alban.	28	Picture	consistent	2742102	25172	1	20171	2	25000	20000	hit	42
D.S.-2.Kl-alban.	28	Response	32	2765457	48527	1
D.S.-2.Kl-alban.	29	Picture	pos_feedback	2782611	0	1	20171	1	0	20000	miss	0
D.S.-2.Kl-alban.	30	Picture	consistent	2836123	25172	1	20171	2	25000	20000	hit	45
D.S.-2.Kl-alban.	30	Response	16	2852235	41284	1
D.S.-2.Kl-alban.	31	Picture	pos_feedback	2876632	0	1	20171	1	0	20000	miss	0
D.S.-2.Kl-alban.	32	Response	3	3542151	635012	1
D.S.-2.Kl-alban.	33	Picture	consistent	3567784	25172	1	20171	2	25000	20000	hit	49
D.S.-2.Kl-alban.	33	Response	16	3590673	48060	1
D.S.-2.Kl-alban.	34	Picture	pos_feedback	3608293	0	1	20171	1	0	20000	miss	0
D.S.-2.Kl-alban.	35	Picture	consistent	3658971	25172	1	20171	2	25000	20000	hit	52
D.S.-2.Kl-alban.	35	Response	16	3682464	48665	1
D.S.-2.Kl-alban.	36	Picture	pos_feedback	3699480	0	1	20171	1	0	20000	miss	0
D.S.-2.Kl-alban.	37	Picture	consistent	3752992	25172	1	20171	2	25000	20000	hit	55
D.S.-2.Kl-alban.	37	Response	32	3777033	49213	1
D.S.-2.Kl-alban.	38	Picture	pos_feedback	3793501	0	1	20171	1	0	20000	miss	0
D.S.-2.Kl-alban.	39	Picture	consistent	3849513	25172	1	20171	3	25000	20000	hit	58
D.S.-2.Kl-alban.	39	Response	16	3866305	41964	1
D.S.-2.Kl-alban.	40	Picture	pos_feedback	3890022	0	1	20171	1	0	20000	miss	0
D.S.-2.Kl-alban.	41	Picture	consistent	3940700	25172	1	20171	2	25000	20000	hit	61
D.S.-2.Kl-alban.	41	Response	32	3972937	57409	1
D.S.-2.Kl-alban.	42	Picture	pos_feedback	3981209	0	1	20171	1	0	20000	miss	0
D.S.-2.Kl-alban.	43	Picture	consistent	4034721	25172	1	20171	2	25000	20000	hit	64
D.S.-2.Kl-alban.	43	Response	16	4072159	62610	1
D.S.-2.Kl-alban.	44	Picture	pos_feedback	4075230	0	1	20171	1	0	20000	miss	0
D.S.-2.Kl-alban.	45	Picture	consistent	4131242	25172	1	20171	2	25000	20000	hit	67
D.S.-2.Kl-alban.	45	Response	16	4164168	58098	1
D.S.-2.Kl-alban.	46	Picture	pos_feedback	4171751	0	1	20171	1	0	20000	miss	0
D.S.-2.Kl-alban.	47	Picture	consistent	4222929	25172	1	20171	2	25000	20000	hit	70
D.S.-2.Kl-alban.	47	Response	16	4245546	47789	1
D.S.-2.Kl-alban.	48	Picture	pos_feedback	4263438	0	1	20171	1	0	20000	miss	0
D.S.-2.Kl-alban.	49	Picture	consistent	4316950	25172	1	20171	2	25000	20000	hit	73
D.S.-2.Kl-alban.	49	Response	32	4337241	45463	1
D.S.-2.Kl-alban.	50	Picture	pos_feedback	4357459	0	1	20171	1	0	20000	miss	0
D.S.-2.Kl-alban.	51	Picture	consistent	4413138	25172	1	20171	2	25000	20000	hit	76
D.S.-2.Kl-alban.	51	Response	16	4432599	44633	1
D.S.-2.Kl-alban.	52	Picture	pos_feedback	4453647	0	1	20171	1	0	20000	miss	0
D.S.-2.Kl-alban.	53	Picture	consistent	4504324	25172	1	20171	2	25000	20000	hit	79
D.S.-2.Kl-alban.	53	Response	32	4524385	45233	1
D.S.-2.Kl-alban.	53	Response	16	4537313	58160	1
D.S.-2.Kl-alban.	54	Picture	pos_feedback	4544833	0	1	20171	1	0	20000	miss	0
D.S.-2.Kl-alban.	55	Picture	consistent	4598012	25172	1	20171	2	25000	20000	hit	83
D.S.-2.Kl-alban.	55	Response	32	4623256	50416	1
D.S.-2.Kl-alban.	56	Picture	pos_feedback	4638521	0	1	20171	1	0	20000	miss	0
D.S.-2.Kl-alban.	57	Picture	consistent	4694200	25172	1	20171	2	25000	20000	hit	86
D.S.-2.Kl-alban.	57	Response	16	4711034	42007	1
D.S.-2.Kl-alban.	58	Picture	pos_feedback	4734709	0	1	20171	1	0	20000	miss	0
D.S.-2.Kl-alban.	59	Picture	consistent	4785553	25172	1	20171	2	25000	20000	hit	89
D.S.-2.Kl-alban.	59	Response	16	4804139	43759	1
D.S.-2.Kl-alban.	60	Picture	pos_feedback	4826062	0	1	20171	1	0	20000	miss	0
D.S.-2.Kl-alban.	61	Picture	consistent	4879574	25172	1	20171	2	25000	20000	hit	92
D.S.-2.Kl-alban.	61	Response	16	4910533	56131	1
D.S.-2.Kl-alban.	62	Picture	pos_feedback	4920083	0	1	20171	1	0	20000	miss	0
D.S.-2.Kl-alban.	63	Picture	consistent	4976095	25172	1	20171	2	25000	20000	hit	95
D.S.-2.Kl-alban.	63	Response	16	5003642	52719	1
D.S.-2.Kl-alban.	64	Picture	pos_feedback	5016604	0	1	20171	1	0	20000	miss	0
D.S.-2.Kl-alban.	65	Picture	consistent	5067282	25172	1	20171	2	25000	20000	hit	98
D.S.-2.Kl-alban.	65	Response	32	5094569	52459	1
D.S.-2.Kl-alban.	66	Picture	pos_feedback	5107791	0	1	20171	1	0	20000	hit	100
D.S.-2.Kl-alban.	66	Response	16	5113148	5357	1
D.S.-2.Kl-alban.	67	Picture	consistent	5160969	25172	1	20171	2	25000	20000	hit	102
D.S.-2.Kl-alban.	67	Response	32	5190227	54430	1
D.S.-2.Kl-alban.	68	Picture	pos_feedback	5201478	0	1	20171	1	0	20000	miss	0
D.S.-2.Kl-alban.	69	Picture	consistent	5257157	25172	1	20171	2	25000	20000	hit	105
D.S.-2.Kl-alban.	69	Response	32	5284424	52439	1
D.S.-2.Kl-alban.	70	Picture	pos_feedback	5297666	0	1	20171	1	0	20000	miss	0
D.S.-2.Kl-alban.	71	Picture	consistent	5351845	25172	1	20171	2	25000	20000	hit	108
D.S.-2.Kl-alban.	71	Response	16	5385956	59283	1
D.S.-2.Kl-alban.	72	Picture	pos_feedback	5392354	0	1	20171	1	0	20000	miss	0
D.S.-2.Kl-alban.	73	Picture	consistent	5448699	25172	1	20171	2	25000	20000	hit	111
D.S.-2.Kl-alban.	73	Response	32	5471713	48186	1
D.S.-2.Kl-alban.	74	Picture	pos_feedback	5489208	0	1	20171	1	0	20000	miss	0
D.S.-2.Kl-alban.	75	Picture	consistent	5544887	25172	1	20171	2	25000	20000	hit	114
D.S.-2.Kl-alban.	75	Response	32	5569228	49513	1
D.S.-2.Kl-alban.	76	Picture	pos_feedback	5585396	0	1	20171	1	0	20000	miss	0
D.S.-2.Kl-alban.	77	Picture	consistent	5636241	25172	1	20171	2	25000	20000	hit	117
D.S.-2.Kl-alban.	77	Response	32	5671120	60051	1
D.S.-2.Kl-alban.	78	Picture	pos_feedback	5676750	0	1	20171	1	0	20000	miss	0
D.S.-2.Kl-alban.	79	Picture	consistent	5730595	25172	1	20171	2	25000	20000	hit	120
D.S.-2.Kl-alban.	79	Response	16	5761535	56112	1
D.S.-2.Kl-alban.	80	Picture	pos_feedback	5771104	0	1	20171	1	0	20000	miss	0
D.S.-2.Kl-alban.	81	Picture	consistent	5826783	25172	1	20171	2	25000	20000	hit	123
D.S.-2.Kl-alban.	81	Response	32	5858017	56407	1
D.S.-2.Kl-alban.	82	Picture	pos_feedback	5867292	0	1	20171	1	0	20000	miss	0
D.S.-2.Kl-alban.	83	Picture	consistent	5918470	25172	1	20171	2	25000	20000	hit	126
D.S.-2.Kl-alban.	83	Response	16	5955340	62043	1
D.S.-2.Kl-alban.	84	Picture	pos_feedback	5958979	0	1	20171	1	0	20000	miss	0
D.S.-2.Kl-alban.	85	Picture	consistent	6012324	25172	1	20171	2	25000	20000	hit	129
D.S.-2.Kl-alban.	85	Response	32	6039987	52836	1
D.S.-2.Kl-alban.	86	Picture	pos_feedback	6052833	0	1	20171	1	0	20000	miss	0
D.S.-2.Kl-alban.	87	Picture	consistent	6108512	25172	1	20171	1	25000	20000	hit	132
D.S.-2.Kl-alban.	87	Response	16	6139103	55764	1
D.S.-2.Kl-alban.	88	Picture	pos_feedback	6149020	0	1	20171	1	0	20000	miss	0
D.S.-2.Kl-alban.	89	Picture	consistent	6200032	25172	1	20171	2	25000	20000	hit	135
D.S.-2.Kl-alban.	89	Response	16	6228387	53527	1
D.S.-2.Kl-alban.	90	Picture	pos_feedback	6240541	0	1	20171	1	0	20000	miss	0
D.S.-2.Kl-alban.	91	Picture	consistent	6293719	25172	1	20171	2	25000	20000	hit	138
D.S.-2.Kl-alban.	91	Response	16	6329872	61325	1
D.S.-2.Kl-alban.	92	Picture	pos_feedback	6334228	0	1	20171	1	0	20000	miss	0
