Scenario - 
Logfile written - 01/18/2019 08:41:35

Subject	Trial	Event Type	Code	Time	TTime	Uncertainty	Duration	Uncertainty	ReqTime	ReqDur	Stim Type	Pair Index

FI-13years-1.Sek-multilingual	1	Response	3	37411	25744	3
FI-13years-1.Sek-multilingual	1	Response	3	1671509	1659842	2
FI-13years-1.Sek-multilingual	2	Picture	consistent	1699372	25172	1	20171	2	25000	20000	hit	4
FI-13years-1.Sek-multilingual	2	Response	32	1702715	28514	1
FI-13years-1.Sek-multilingual	3	Picture	pos_feedback	1739881	0	1	20171	1	0	20000	miss	0
FI-13years-1.Sek-multilingual	4	Picture	consistent	1791059	25172	1	20171	2	25000	20000	hit	7
FI-13years-1.Sek-multilingual	4	Response	16	1799690	33803	1
FI-13years-1.Sek-multilingual	5	Picture	pos_feedback	1831568	0	1	20171	1	0	20000	hit	9
FI-13years-1.Sek-multilingual	5	Response	32	1848181	16613	1
FI-13years-1.Sek-multilingual	6	Picture	consistent	1885080	25172	1	20171	2	25000	20000	hit	11
FI-13years-1.Sek-multilingual	6	Response	16	1892779	32871	1
FI-13years-1.Sek-multilingual	7	Picture	pos_feedback	1925589	0	1	20171	1	0	20000	hit	13
FI-13years-1.Sek-multilingual	7	Response	32	1933082	7493	1
FI-13years-1.Sek-multilingual	8	Picture	consistent	1981601	25172	1	20171	2	25000	20000	hit	15
FI-13years-1.Sek-multilingual	8	Response	16	1993173	36744	1
FI-13years-1.Sek-multilingual	9	Picture	pos_feedback	2022110	0	1	20171	1	0	20000	miss	0
FI-13years-1.Sek-multilingual	10	Picture	consistent	2073121	25172	1	20171	2	25000	20000	hit	18
FI-13years-1.Sek-multilingual	10	Response	16	2080494	32544	1
FI-13years-1.Sek-multilingual	11	Picture	pos_feedback	2113630	0	1	20171	1	0	20000	miss	0
FI-13years-1.Sek-multilingual	12	Picture	consistent	2166809	25172	1	20171	2	25000	20000	hit	21
FI-13years-1.Sek-multilingual	12	Response	16	2176264	34628	1
FI-13years-1.Sek-multilingual	13	Picture	pos_feedback	2207318	0	1	20171	2	0	20000	miss	0
FI-13years-1.Sek-multilingual	14	Picture	consistent	2262997	25172	1	20171	2	25000	20000	hit	24
FI-13years-1.Sek-multilingual	14	Response	16	2272226	34402	1
FI-13years-1.Sek-multilingual	15	Picture	pos_feedback	2303506	0	1	20171	1	0	20000	miss	0
FI-13years-1.Sek-multilingual	16	Picture	consistent	2354183	25172	1	20171	2	25000	20000	hit	27
FI-13years-1.Sek-multilingual	16	Response	32	2364998	35987	1
FI-13years-1.Sek-multilingual	17	Picture	pos_feedback	2394692	0	1	20171	1	0	20000	miss	0
FI-13years-1.Sek-multilingual	18	Picture	consistent	2447871	25172	1	20171	2	25000	20000	hit	30
FI-13years-1.Sek-multilingual	18	Response	32	2452659	29961	1
FI-13years-1.Sek-multilingual	19	Picture	pos_feedback	2488380	0	1	20171	1	0	20000	miss	0
FI-13years-1.Sek-multilingual	20	Picture	consistent	2544059	25172	1	20171	1	25000	20000	hit	33
FI-13years-1.Sek-multilingual	20	Response	16	2550559	31672	1
FI-13years-1.Sek-multilingual	21	Picture	pos_feedback	2584568	0	1	20171	1	0	20000	miss	0
FI-13years-1.Sek-multilingual	22	Picture	consistent	2635245	25172	1	20171	2	25000	20000	hit	36
FI-13years-1.Sek-multilingual	22	Response	16	2642211	32138	1
FI-13years-1.Sek-multilingual	23	Picture	pos_feedback	2675754	0	1	20171	1	0	20000	miss	0
FI-13years-1.Sek-multilingual	24	Picture	consistent	2728933	25172	1	20171	2	25000	20000	hit	39
FI-13years-1.Sek-multilingual	24	Response	16	2736892	33132	1
FI-13years-1.Sek-multilingual	25	Picture	pos_feedback	2769442	0	1	20171	1	0	20000	miss	0
FI-13years-1.Sek-multilingual	26	Picture	consistent	2825121	25172	1	20171	2	25000	20000	hit	42
FI-13years-1.Sek-multilingual	26	Response	16	2833654	33706	1
FI-13years-1.Sek-multilingual	27	Picture	pos_feedback	2865630	0	1	20171	2	0	20000	miss	0
FI-13years-1.Sek-multilingual	28	Picture	consistent	2916641	25172	1	20171	2	25000	20000	hit	45
FI-13years-1.Sek-multilingual	28	Response	16	2924389	32921	1
FI-13years-1.Sek-multilingual	29	Picture	pos_feedback	2957150	0	1	20171	1	0	20000	miss	0
FI-13years-1.Sek-multilingual	30	Picture	consistent	3010661	25172	1	20171	2	25000	20000	hit	48
FI-13years-1.Sek-multilingual	30	Response	16	3018778	33289	1
FI-13years-1.Sek-multilingual	31	Picture	pos_feedback	3051170	0	1	20171	1	0	20000	miss	0
FI-13years-1.Sek-multilingual	32	Response	3	4239759	1158082	2
FI-13years-1.Sek-multilingual	33	Picture	consistent	4265938	25172	1	20171	2	25000	20000	hit	52
FI-13years-1.Sek-multilingual	33	Response	16	4271183	30416	1
FI-13years-1.Sek-multilingual	34	Picture	pos_feedback	4306447	0	1	20171	1	0	20000	hit	54
FI-13years-1.Sek-multilingual	34	Response	16	4310603	4156	1
FI-13years-1.Sek-multilingual	35	Picture	consistent	4357792	25173	1	20171	2	25000	20000	hit	56
FI-13years-1.Sek-multilingual	35	Response	16	4363272	30653	1
FI-13years-1.Sek-multilingual	36	Picture	pos_feedback	4398301	0	1	20171	1	0	20000	miss	0
FI-13years-1.Sek-multilingual	37	Picture	consistent	4451813	25172	1	20171	2	25000	20000	hit	59
FI-13years-1.Sek-multilingual	37	Response	16	4454899	28258	1
FI-13years-1.Sek-multilingual	38	Picture	pos_feedback	4492322	0	1	20171	1	0	20000	miss	0
FI-13years-1.Sek-multilingual	39	Picture	consistent	4548334	25172	1	20171	1	25000	20000	hit	62
FI-13years-1.Sek-multilingual	39	Response	16	4551179	28017	1
FI-13years-1.Sek-multilingual	40	Picture	pos_feedback	4588843	0	1	20171	2	0	20000	miss	0
FI-13years-1.Sek-multilingual	41	Picture	consistent	4639521	25172	1	20171	1	25000	20000	hit	65
FI-13years-1.Sek-multilingual	41	Response	16	4643088	28740	1
FI-13years-1.Sek-multilingual	42	Picture	pos_feedback	4680030	0	1	20171	2	0	20000	miss	0
FI-13years-1.Sek-multilingual	43	Picture	consistent	4733208	25172	1	20171	2	25000	20000	hit	68
FI-13years-1.Sek-multilingual	43	Response	16	4736599	28563	1
FI-13years-1.Sek-multilingual	44	Picture	pos_feedback	4773717	0	1	20171	1	0	20000	miss	0
FI-13years-1.Sek-multilingual	45	Picture	consistent	4833063	25172	1	20171	2	25000	20000	hit	71
FI-13years-1.Sek-multilingual	45	Response	32	4837267	29376	1
FI-13years-1.Sek-multilingual	46	Picture	pos_feedback	4873572	0	1	20171	1	0	20000	miss	0
FI-13years-1.Sek-multilingual	47	Response	16	4918312	19234	1
FI-13years-1.Sek-multilingual	47	Picture	consistent	4924250	25172	1	20171	2	25000	20000	hit	75
FI-13years-1.Sek-multilingual	47	Response	16	4929249	30171	1
FI-13years-1.Sek-multilingual	48	Picture	pos_feedback	4964759	0	1	20171	1	0	20000	miss	0
FI-13years-1.Sek-multilingual	49	Picture	consistent	5018438	25172	1	20171	2	25000	20000	hit	78
FI-13years-1.Sek-multilingual	49	Response	16	5024776	31511	1
FI-13years-1.Sek-multilingual	50	Picture	pos_feedback	5058947	0	1	20171	1	0	20000	miss	0
FI-13years-1.Sek-multilingual	51	Picture	consistent	5114959	25172	1	20171	2	25000	20000	hit	81
FI-13years-1.Sek-multilingual	51	Response	16	5119528	29741	1
FI-13years-1.Sek-multilingual	52	Picture	pos_feedback	5155468	0	1	20171	1	0	20000	miss	0
FI-13years-1.Sek-multilingual	53	Response	16	5193774	12467	1
FI-13years-1.Sek-multilingual	53	Response	16	5196979	15672	1
FI-13years-1.Sek-multilingual	53	Response	16	5200465	19158	1
FI-13years-1.Sek-multilingual	53	Response	16	5203529	22222	1
FI-13years-1.Sek-multilingual	53	Picture	consistent	5206479	25172	1	20171	2	25000	20000	hit	88
FI-13years-1.Sek-multilingual	53	Response	16	5208592	27285	1
FI-13years-1.Sek-multilingual	53	Response	16	5211184	29877	1
FI-13years-1.Sek-multilingual	53	Response	16	5214570	33263	1
FI-13years-1.Sek-multilingual	54	Picture	pos_feedback	5246988	0	1	20171	1	0	20000	miss	0
FI-13years-1.Sek-multilingual	54	Response	16	5270584	23596	1
FI-13years-1.Sek-multilingual	55	Response	16	5277888	2561	1
FI-13years-1.Sek-multilingual	55	Response	16	5291159	15832	1
FI-13years-1.Sek-multilingual	55	Response	16	5295248	19921	1
FI-13years-1.Sek-multilingual	55	Response	16	5298141	22813	1
FI-13years-1.Sek-multilingual	55	Response	16	5300322	24994	1
FI-13years-1.Sek-multilingual	55	Picture	consistent	5300500	25172	1	20171	2	25000	20000	hit	99
FI-13years-1.Sek-multilingual	55	Response	16	5303376	28048	1
FI-13years-1.Sek-multilingual	55	Response	16	5306079	30751	1
FI-13years-1.Sek-multilingual	55	Response	16	5316325	40998	1
FI-13years-1.Sek-multilingual	56	Picture	pos_feedback	5341009	0	1	20171	1	0	20000	hit	103
FI-13years-1.Sek-multilingual	56	Response	16	5350413	9404	1
FI-13years-1.Sek-multilingual	57	Response	16	5387231	15048	1
FI-13years-1.Sek-multilingual	57	Response	16	5390907	18725	1
FI-13years-1.Sek-multilingual	57	Response	16	5394635	22453	1
FI-13years-1.Sek-multilingual	57	Picture	consistent	5397355	25172	1	20171	2	25000	20000	hit	108
FI-13years-1.Sek-multilingual	57	Response	16	5397700	25517	1
FI-13years-1.Sek-multilingual	57	Response	16	5400824	28642	1
FI-13years-1.Sek-multilingual	57	Response	16	5403526	31344	1
FI-13years-1.Sek-multilingual	57	Response	16	5412126	39944	1
FI-13years-1.Sek-multilingual	58	Picture	pos_feedback	5437864	0	1	20171	1	0	20000	miss	0
FI-13years-1.Sek-multilingual	59	Picture	consistent	5488875	25172	1	20171	2	25000	20000	hit	114
FI-13years-1.Sek-multilingual	59	Response	32	5491650	27947	1
FI-13years-1.Sek-multilingual	59	Response	32	5493578	29876	1
FI-13years-1.Sek-multilingual	59	Response	32	5495326	31623	1
FI-13years-1.Sek-multilingual	59	Response	32	5496903	33201	1
FI-13years-1.Sek-multilingual	60	Picture	pos_feedback	5529384	0	1	20171	2	0	20000	miss	0
FI-13years-1.Sek-multilingual	61	Response	32	5580125	22735	1
FI-13years-1.Sek-multilingual	61	Picture	consistent	5582562	25172	1	20171	2	25000	20000	hit	121
FI-13years-1.Sek-multilingual	61	Response	32	5585340	27950	1
FI-13years-1.Sek-multilingual	61	Response	32	5587118	29728	1
FI-13years-1.Sek-multilingual	61	Response	16	5608720	51330	1
FI-13years-1.Sek-multilingual	62	Picture	pos_feedback	5623071	0	1	20171	1	0	20000	miss	0
FI-13years-1.Sek-multilingual	63	Picture	consistent	5681917	25172	1	20171	2	25000	20000	hit	126
FI-13years-1.Sek-multilingual	63	Response	32	5682794	26049	1
FI-13years-1.Sek-multilingual	63	Response	32	5685165	28420	1
FI-13years-1.Sek-multilingual	63	Response	32	5687165	30420	1
FI-13years-1.Sek-multilingual	63	Response	32	5699291	42546	1
FI-13years-1.Sek-multilingual	64	Picture	pos_feedback	5722426	0	1	20171	1	0	20000	miss	0
FI-13years-1.Sek-multilingual	65	Response	16	5751008	2743	1
FI-13years-1.Sek-multilingual	65	Response	16	5754293	6028	1
FI-13years-1.Sek-multilingual	65	Response	16	5757147	8882	1
FI-13years-1.Sek-multilingual	65	Response	16	5760251	11986	1
FI-13years-1.Sek-multilingual	65	Response	16	5762954	14689	1
FI-13years-1.Sek-multilingual	65	Response	16	5765495	17230	1
FI-13years-1.Sek-multilingual	65	Response	16	5767997	19732	1
FI-13years-1.Sek-multilingual	65	Response	16	5771524	23258	1
FI-13years-1.Sek-multilingual	65	Picture	consistent	5773437	25172	1	20171	2	25000	20000	hit	140
FI-13years-1.Sek-multilingual	65	Response	16	5774508	26243	1
FI-13years-1.Sek-multilingual	65	Response	16	5776608	28343	1
FI-13years-1.Sek-multilingual	65	Response	16	5778376	30111	1
FI-13years-1.Sek-multilingual	65	Response	16	5780456	32191	1
FI-13years-1.Sek-multilingual	65	Response	16	5783139	34874	1
FI-13years-1.Sek-multilingual	65	Response	16	5785289	37024	1
FI-13years-1.Sek-multilingual	65	Response	16	5797437	49172	1
FI-13years-1.Sek-multilingual	66	Picture	pos_feedback	5813946	0	1	20171	2	0	20000	miss	0
FI-13years-1.Sek-multilingual	67	Response	16	5844021	2068	1
FI-13years-1.Sek-multilingual	67	Response	16	5854833	12880	1
FI-13years-1.Sek-multilingual	67	Response	16	5863694	21742	1
FI-13years-1.Sek-multilingual	67	Picture	consistent	5867125	25172	1	20171	2	25000	20000	hit	152
FI-13years-1.Sek-multilingual	67	Response	16	5871611	29659	1
FI-13years-1.Sek-multilingual	67	Response	16	5874022	32069	1
FI-13years-1.Sek-multilingual	68	Picture	pos_feedback	5907634	0	1	20171	2	0	20000	miss	0
FI-13years-1.Sek-multilingual	69	Picture	consistent	5966480	25172	1	20171	2	25000	20000	hit	156
FI-13years-1.Sek-multilingual	69	Response	16	5969473	28165	1
FI-13years-1.Sek-multilingual	69	Response	32	5969795	28487	1
FI-13years-1.Sek-multilingual	70	Picture	pos_feedback	6006989	0	1	20171	1	0	20000	hit	159
FI-13years-1.Sek-multilingual	70	Response	32	6012862	5873	1
FI-13years-1.Sek-multilingual	71	Picture	consistent	6058000	25172	1	20171	2	25000	20000	hit	161
FI-13years-1.Sek-multilingual	71	Response	16	6060334	27505	1
FI-13years-1.Sek-multilingual	71	Response	32	6060357	27529	1
FI-13years-1.Sek-multilingual	72	Picture	pos_feedback	6098509	0	1	20171	1	0	20000	miss	0
FI-13years-1.Sek-multilingual	73	Picture	consistent	6154855	25172	1	20171	2	25000	20000	hit	165
FI-13years-1.Sek-multilingual	73	Response	32	6157218	27536	1
FI-13years-1.Sek-multilingual	74	Picture	pos_feedback	6195364	0	1	20171	2	0	20000	miss	0
FI-13years-1.Sek-multilingual	75	Picture	consistent	6254210	25172	1	20171	2	25000	20000	hit	168
FI-13years-1.Sek-multilingual	75	Response	16	6256622	27584	1
FI-13years-1.Sek-multilingual	76	Picture	pos_feedback	6294719	0	1	20171	1	0	20000	hit	170
FI-13years-1.Sek-multilingual	76	Response	32	6298667	3948	1
FI-13years-1.Sek-multilingual	77	Picture	consistent	6348564	25172	2	20171	3	25000	20000	hit	172
FI-13years-1.Sek-multilingual	77	Response	32	6350928	27536	1
FI-13years-1.Sek-multilingual	78	Picture	pos_feedback	6389073	0	1	20171	1	0	20000	miss	0
FI-13years-1.Sek-multilingual	79	Picture	consistent	6445419	25172	1	20171	2	25000	20000	hit	175
FI-13years-1.Sek-multilingual	79	Response	16	6448003	27756	1
FI-13years-1.Sek-multilingual	80	Picture	pos_feedback	6485928	0	1	20171	1	0	20000	miss	0
FI-13years-1.Sek-multilingual	81	Response	16	6530649	11047	1
FI-13years-1.Sek-multilingual	81	Response	16	6533361	13759	1
FI-13years-1.Sek-multilingual	81	Response	16	6536828	17226	1
FI-13years-1.Sek-multilingual	81	Response	16	6539159	19557	1
FI-13years-1.Sek-multilingual	81	Response	16	6542476	22874	1
FI-13years-1.Sek-multilingual	81	Response	16	6544586	24984	1
FI-13years-1.Sek-multilingual	81	Picture	consistent	6544774	25172	1	20171	2	25000	20000	hit	184
FI-13years-1.Sek-multilingual	81	Response	16	6547118	27516	1
FI-13years-1.Sek-multilingual	81	Response	16	6549449	29847	1
FI-13years-1.Sek-multilingual	81	Response	16	6552001	32399	1
FI-13years-1.Sek-multilingual	81	Response	16	6553819	34217	1
FI-13years-1.Sek-multilingual	81	Response	16	6556472	36870	1
FI-13years-1.Sek-multilingual	81	Response	16	6574508	54906	1
FI-13years-1.Sek-multilingual	81	Response	32	6582616	63014	1
FI-13years-1.Sek-multilingual	82	Picture	pos_feedback	6585283	0	1	20171	1	0	20000	miss	0
FI-13years-1.Sek-multilingual	83	Response	16	6617832	3876	1
FI-13years-1.Sek-multilingual	83	Response	32	6633258	19301	1
FI-13years-1.Sek-multilingual	83	Picture	consistent	6639128	25172	1	20171	2	25000	20000	hit	195
FI-13years-1.Sek-multilingual	83	Response	32	6641620	27663	1
FI-13years-1.Sek-multilingual	83	Response	32	6643398	29442	1
FI-13years-1.Sek-multilingual	84	Picture	pos_feedback	6679637	0	1	20171	1	0	20000	miss	0
FI-13years-1.Sek-multilingual	85	Response	32	6725768	14957	1
FI-13years-1.Sek-multilingual	85	Picture	consistent	6735983	25172	1	20171	2	25000	20000	hit	200
FI-13years-1.Sek-multilingual	85	Response	32	6737517	26707	1
FI-13years-1.Sek-multilingual	85	Response	32	6738854	28043	1
FI-13years-1.Sek-multilingual	85	Response	32	6741316	30505	1
FI-13years-1.Sek-multilingual	85	Response	32	6760140	49329	4
FI-13years-1.Sek-multilingual	86	Picture	pos_feedback	6776492	0	1	20171	1	0	20000	miss	0
FI-13years-1.Sek-multilingual	86	Response	16	6800196	23704	1
FI-13years-1.Sek-multilingual	86	Response	16	6804368	27876	1
FI-13years-1.Sek-multilingual	87	Picture	consistent	6832504	25172	1	20171	2	25000	20000	miss	0
FI-13years-1.Sek-multilingual	88	Picture	pos_feedback	6873013	0	1	20171	1	0	20000	miss	0
FI-13years-1.Sek-multilingual	89	Response	16	6905834	7315	1
FI-13years-1.Sek-multilingual	89	Response	16	6913957	15438	1
FI-13years-1.Sek-multilingual	89	Response	16	6922200	23681	1
FI-13years-1.Sek-multilingual	89	Picture	consistent	6923691	25172	1	20171	2	25000	20000	hit	213
FI-13years-1.Sek-multilingual	89	Response	16	6926270	27751	1
FI-13years-1.Sek-multilingual	89	Response	16	6929386	30867	3
FI-13years-1.Sek-multilingual	89	Response	16	6932664	34145	1
FI-13years-1.Sek-multilingual	89	Response	16	6936936	38417	1
FI-13years-1.Sek-multilingual	89	Response	16	6939892	41373	1
FI-13years-1.Sek-multilingual	89	Response	16	6942526	44007	1
FI-13years-1.Sek-multilingual	89	Response	16	6951845	53326	1
FI-13years-1.Sek-multilingual	89	Response	16	6956128	57609	1
FI-13years-1.Sek-multilingual	89	Response	16	6960410	61891	1
FI-13years-1.Sek-multilingual	90	Picture	pos_feedback	6964200	0	1	20171	1	0	20000	miss	0
FI-13years-1.Sek-multilingual	90	Response	16	6986967	22767	1
FI-13years-1.Sek-multilingual	91	Picture	consistent	7017879	25172	1	20171	2	25000	20000	hit	225
FI-13years-1.Sek-multilingual	91	Response	32	7021599	28893	1
FI-13years-1.Sek-multilingual	91	Response	32	7023439	30732	1
FI-13years-1.Sek-multilingual	91	Response	32	7025087	32381	1
FI-13years-1.Sek-multilingual	91	Response	32	7026334	33627	1
FI-13years-1.Sek-multilingual	92	Picture	pos_feedback	7058388	0	1	20171	1	0	20000	miss	0
