Scenario - 
Logfile written - 01/22/2019 08:18:32

Subject	Trial	Event Type	Code	Time	TTime	Uncertainty	Duration	Uncertainty	ReqTime	ReqDur	Stim Type	Pair Index

SM.-4-Klasse	1	Response	3	30241	9739	2
SM.-4-Klasse	1	Response	3	1864340	1843838	2
SM.-4-Klasse	2	Picture	consistent	1890248	25172	1	20171	2	25000	20000	hit	4
SM.-4-Klasse	2	Response	32	1911507	46431	1
SM.-4-Klasse	3	Picture	pos_feedback	1930757	0	1	20171	2	0	20000	miss	0
SM.-4-Klasse	4	Picture	consistent	1981768	25172	1	20171	2	25000	20000	hit	7
SM.-4-Klasse	4	Response	32	1995861	39265	1
SM.-4-Klasse	5	Picture	pos_feedback	2022277	0	1	20171	1	0	20000	miss	0
SM.-4-Klasse	6	Picture	consistent	2075455	25172	1	20171	2	25000	20000	hit	10
SM.-4-Klasse	6	Response	32	2096991	46708	1
SM.-4-Klasse	7	Picture	pos_feedback	2115964	0	1	20171	1	0	20000	miss	0
SM.-4-Klasse	8	Picture	consistent	2172143	25172	1	20171	2	25000	20000	hit	13
SM.-4-Klasse	8	Response	32	2196976	50005	1
SM.-4-Klasse	9	Picture	pos_feedback	2212652	0	1	20171	2	0	20000	miss	0
SM.-4-Klasse	10	Picture	consistent	2263330	25172	1	20171	2	25000	20000	hit	16
SM.-4-Klasse	10	Response	16	2278786	40628	1
SM.-4-Klasse	11	Picture	pos_feedback	2303839	0	1	20171	1	0	20000	miss	0
SM.-4-Klasse	12	Picture	consistent	2357351	25172	1	20171	2	25000	20000	hit	19
SM.-4-Klasse	12	Response	32	2374834	42656	1
SM.-4-Klasse	13	Picture	pos_feedback	2397860	0	1	20171	1	0	20000	miss	0
SM.-4-Klasse	14	Picture	consistent	2453872	25172	1	20171	2	25000	20000	hit	22
SM.-4-Klasse	14	Response	32	2470935	42235	1
SM.-4-Klasse	15	Picture	pos_feedback	2494381	0	1	20171	1	0	20000	miss	0
SM.-4-Klasse	16	Picture	consistent	2545392	25172	1	20171	2	25000	20000	hit	25
SM.-4-Klasse	16	Response	32	2566003	45783	1
SM.-4-Klasse	17	Picture	pos_feedback	2585901	0	1	20171	2	0	20000	miss	0
SM.-4-Klasse	18	Picture	consistent	2639413	25172	1	20171	2	25000	20000	hit	28
SM.-4-Klasse	18	Response	16	2654822	40581	1
SM.-4-Klasse	19	Picture	pos_feedback	2679922	0	1	20171	1	0	20000	miss	0
SM.-4-Klasse	20	Picture	consistent	2735934	25172	1	20171	2	25000	20000	hit	31
SM.-4-Klasse	20	Response	16	2752056	41294	2
SM.-4-Klasse	21	Picture	pos_feedback	2776443	0	1	20171	2	0	20000	miss	0
SM.-4-Klasse	22	Picture	consistent	2827454	25172	1	20171	2	25000	20000	hit	34
SM.-4-Klasse	22	Response	32	2846311	44029	2
SM.-4-Klasse	23	Picture	pos_feedback	2867963	0	1	20171	2	0	20000	miss	0
SM.-4-Klasse	24	Picture	consistent	2921642	25172	1	20171	2	25000	20000	hit	37
SM.-4-Klasse	24	Response	32	2939311	42841	2
SM.-4-Klasse	25	Picture	pos_feedback	2962151	0	1	20171	2	0	20000	miss	0
SM.-4-Klasse	26	Picture	consistent	3017996	25172	1	20171	2	25000	20000	hit	40
SM.-4-Klasse	26	Response	32	3031442	38618	2
SM.-4-Klasse	27	Picture	pos_feedback	3058505	0	1	20171	2	0	20000	miss	0
SM.-4-Klasse	28	Picture	consistent	3109683	25172	1	20171	2	25000	20000	hit	43
SM.-4-Klasse	28	Response	32	3125410	40899	1
SM.-4-Klasse	29	Picture	pos_feedback	3150192	0	1	20000	174	0	20000	miss	0
SM.-4-Klasse	30	Picture	consistent	3204273	25653	3349334273	3349334300	3349334273	25000	20000	miss	0
SM.-4-Klasse	31	Picture	pos_feedback	3352558957	0	1	20171	1	0	20000	miss	0
SM.-4-Klasse	32	Quit		3359738493	7149030	NA
